#
# A fatal error has been detected by the Java Runtime Environment:
#
#  SIGBUS (0xa) at pc=0x00000001300014f0, pid=35786, tid=28171
#
# JRE version: OpenJDK Runtime Environment (17.0.2+8) (build 17.0.2+8-86)
# Java VM: OpenJDK 64-Bit Server VM (17.0.2+8-86, mixed mode, sharing, tiered, compressed oops, compressed class ptrs, g1 gc, bsd-aarch64)
# Problematic frame:
# v  ~StubRoutines::SafeFetchN
#
# No core dump will be written. Core dumps have been disabled. To enable core dumping, try "ulimit -c unlimited" before starting Java again
#
# If you would like to submit a bug report, please visit:
#   https://bugreport.java.com/bugreport/crash.jsp
# The crash happened outside the Java Virtual Machine in native code.
# See problematic frame for where to report the bug.
#

---------------  S U M M A R Y ------------

Command Line: -javaagent:/Applications/IntelliJ IDEA CE.app/Contents/lib/idea_rt.jar=59128:/Applications/IntelliJ IDEA CE.app/Contents/bin -Dfile.encoding=UTF-8 --module-path=/Users/shonn/SynologyDrive/Project/Clinic 4/target/classes:/Users/shonn/.m2/repository/org/openjfx/javafx-fxml/17.0.1/javafx-fxml-17.0.1-mac-aarch64.jar:/Users/shonn/.m2/repository/org/openjfx/javafx-base/17.0.1/javafx-base-17.0.1-mac-aarch64.jar:/Users/shonn/.m2/repository/org/openjfx/javafx-controls/17.0.1/javafx-controls-17.0.1-mac-aarch64.jar:/Users/shonn/.m2/repository/org/openjfx/javafx-graphics/17.0.1/javafx-graphics-17.0.1-mac-aarch64.jar -Djdk.module.main=com.java.clinic com.java.clinic/com.java.clinic.ClinicApplication

Host: "MacBookPro17,1" arm64 1 MHz, 8 cores, 8G, Darwin 21.2.0, macOS 12.1 (21C52)
Time: Mon Jul 18 18:28:43 2022 PDT elapsed time: 8.443351 seconds (0d 0h 0m 8s)

---------------  T H R E A D  ---------------

Current thread (0x00000001240b2c00):  JavaThread "InvokeLaterDispatcher" daemon [_thread_in_native, id=28171, stack(0x0000000171940000,0x0000000171b43000)]

Stack: [0x0000000171940000,0x0000000171b43000],  sp=0x0000000171b42780,  free space=2057k
Native frames: (J=compiled Java code, j=interpreted, Vv=VM code, C=native code)
v  ~StubRoutines::SafeFetchN
V  [libjvm.dylib+0x7a6bcc]  _ZN10OopStorage7releaseEPKP7oopDesc+0x20
V  [libjvm.dylib+0x4ba824]  jni_DeleteGlobalRef+0xd8
C  [libglass.dylib+0xab08]  -[GlassRunnable dealloc]+0x34
C  [Foundation+0x84c7c]  -[_NSThreadPerformInfo dealloc]+0x30
C  [Foundation+0x51578]  -[NSObject(NSThreadPerformAdditions) performSelectorOnMainThread:withObject:waitUntilDone:]+0x88
C  0x151d8001300098ac
j  com.sun.glass.ui.mac.MacApplication.submitForLaterInvocation(Ljava/lang/Runnable;)V+2 javafx.graphics
j  com.sun.glass.ui.InvokeLaterDispatcher.run()V+82 javafx.graphics
v  ~StubRoutines::call_stub
V  [libjvm.dylib+0x461d08]  _ZN9JavaCalls11call_helperEP9JavaValueRK12methodHandleP17JavaCallArgumentsP10JavaThread+0x38c
V  [libjvm.dylib+0x460d24]  _ZN9JavaCalls12call_virtualEP9JavaValueP5KlassP6SymbolS5_P17JavaCallArgumentsP10JavaThread+0x11c
V  [libjvm.dylib+0x460df0]  _ZN9JavaCalls12call_virtualEP9JavaValue6HandleP5KlassP6SymbolS6_P10JavaThread+0x64
V  [libjvm.dylib+0x515f04]  _ZL12thread_entryP10JavaThreadS0_+0xc4
V  [libjvm.dylib+0x9071ac]  _ZN10JavaThread17thread_main_innerEv+0x13c
V  [libjvm.dylib+0x9058c0]  _ZN6Thread8call_runEv+0x128
V  [libjvm.dylib+0x7ad7c8]  _ZL19thread_native_entryP6Thread+0x158
C  [libsystem_pthread.dylib+0x7240]  _pthread_start+0x94

Java frames: (J=compiled Java code, j=interpreted, Vv=VM code)
j  com.sun.glass.ui.mac.MacApplication._submitForLaterInvocation(Ljava/lang/Runnable;)V+0 javafx.graphics
j  com.sun.glass.ui.mac.MacApplication.submitForLaterInvocation(Ljava/lang/Runnable;)V+2 javafx.graphics
j  com.sun.glass.ui.InvokeLaterDispatcher.run()V+82 javafx.graphics
v  ~StubRoutines::call_stub

siginfo: si_signo: 10 (SIGBUS), si_code: 1 (BUS_ADRALN), si_addr: 0x00000001300014f0

Register to memory mapping:

 x0=0x0000000123906a88 is a global jni handle
 x1=0x0 is NULL
 x2=0x00000007871dfa80 is an oop: com.sun.glass.ui.InvokeLaterDispatcher$Future 
{0x00000007871dfa80} - klass: 'com/sun/glass/ui/InvokeLaterDispatcher$Future'
 - ---- fields (total size 3 words):
 - private 'done' 'Z' @12  true
 - private final 'runnable' 'Ljava/lang/Runnable;' @16  a 'com/sun/javafx/tk/quantum/QuantumToolkit$$Lambda$90+0x0000000800c3a0d8'{0x0000000786857a20} (f0d0af44)
 - final synthetic 'this$0' 'Lcom/sun/glass/ui/InvokeLaterDispatcher;' @20  a 'com/sun/glass/ui/InvokeLaterDispatcher'{0x0000000786835548} (f0d06aa9)
 x3=0x0 is NULL
 x4=0x00000000000130a8 is an unknown value
 x5=0x0 is NULL
 x6=0x0 is NULL
 x7=0x0 is NULL
 x8=0x00000001300014ec is at begin+0 in a stub
StubRoutines::SafeFetchN [0x00000001300014ec, 0x00000001300014f8] (12 bytes)
 x9=0x0 is NULL
x10=0x2010000030300000 is an unknown value
x11=0x0000000000000007 is an unknown value
x12=0x0 is NULL
x13=0x0000600003da0170 points into unknown readable memory: 0x0000000000000000 | 00 00 00 00 00 00 00 00
x14=0x0000000000000001 is an unknown value
x15=0x000000010ee19f98: OBJC_CLASS_$_GlassRunnable+0 in /Users/shonn/.openjfx/cache/17.0.1/libglass.dylib at 0x000000010edd4000
x16=0x0000000193dd0094: pthread_getspecific+0 in /usr/lib/system/libsystem_pthread.dylib at 0x0000000193dce000
x17=0x00006000037b6f40 points into unknown readable memory: 0xfffffffffffffffe | fe ff ff ff ff ff ff ff
x18=0x0 is NULL
x19=0x00006000038b83f0 points into unknown readable memory: 0x00006000011b4460 | 60 44 1b 01 00 60 00 00
x20=0x0000000123906880 points into unknown readable memory: 0x00000001edba8588 | 88 85 ba ed 01 00 00 00
x21=0x0000000123906a88 is a global jni handle
x22=0x00000001240b2c00 is a thread
x23=0x0000000000000001 is an unknown value
x24=0x0000000123906a40 is a global jni handle
x25=0x0000000102da55e8: _ZN12StubRoutines17_safefetchN_entryE+0 in /Users/shonn/Library/Java/JavaVirtualMachines/openjdk-17.0.2/Contents/Home/lib/server/libjvm.dylib at 0x00000001021f4000
x26=0x0000000120518168 is pointing into metadata
x27=0x0 is NULL
x28=0x00000001240b2c00 is a thread


Registers:
 x0=0x0000000123906a88  x1=0x0000000000000000  x2=0x00000007871dfa80  x3=0x0000000000000000
 x4=0x00000000000130a8  x5=0x0000000000000000  x6=0x0000000000000000  x7=0x0000000000000000
 x8=0x00000001300014ec  x9=0x0000000000000000 x10=0x2010000030300000 x11=0x0000000000000007
x12=0x0000000000000000 x13=0x0000600003da0170 x14=0x0000000000000001 x15=0x000000010ee19f98
x16=0x0000000193dd0094 x17=0x00006000037b6f40 x18=0x0000000000000000 x19=0x00006000038b83f0
x20=0x0000000123906880 x21=0x0000000123906a88 x22=0x00000001240b2c00 x23=0x0000000000000001
x24=0x0000000123906a40 x25=0x0000000102da55e8 x26=0x0000000120518168 x27=0x0000000000000000
x28=0x00000001240b2c00  fp=0x0000000171b427c0  lr=0x000000010299999c  sp=0x0000000171b42780
pc=0x00000001300014f0 cpsr=0x0000000060001000
Top of Stack: (sp=0x0000000171b42780)
0x0000000171b42780:   0000000120518168 0000000000000001
0x0000000171b42790:   0000000171b42988 0000000000000000
0x0000000171b427a0:   0000000122021ea8 0000000123906a70
0x0000000171b427b0:   0000000123906a70 00006000038b83f0
0x0000000171b427c0:   0000000171b42800 000000010299abcc
0x0000000171b427d0:   0000000000000001 0000000123906a70
0x0000000171b427e0:   0000000122021ea8 0000000123906a70
0x0000000171b427f0:   0000000000000001 0000000122021c00
0x0000000171b42800:   0000000171b42840 00000001026ae824
0x0000000171b42810:   0000000171b42988 00006000011a82c0
0x0000000171b42820:   00006000011a82b0 00000001de300474
0x0000000171b42830:   0000000000000000 00006000011a82b0
0x0000000171b42840:   0000000171b42870 000000010eddeb08
0x0000000171b42850:   e377169cbc9c00ae 0000000000000000
0x0000000171b42860:   0000000000000000 00006000006a5500
0x0000000171b42870:   0000000171b428b0 0000000194d94c7c
0x0000000171b42880:   0000000171b42988 00006000011a82c0
0x0000000171b42890:   00006000011a82b0 e377169cbc9c00ae
0x0000000171b428a0:   0000000000000000 0000000000000000
0x0000000171b428b0:   0000000171b428f0 f736800194d61578
0x0000000171b428c0:   0000000171b42988 00000001300087c0
0x0000000171b428d0:   0000000000000000 0000000102dacfa8
0x0000000171b428e0:   0000000171b42900 0000000130007730
0x0000000171b428f0:   0000000171b42960 151d8001300098ac
0x0000000171b42900:   0000000171b42900 000000080098b325
0x0000000171b42910:   0000000171b42910 0000000000000000
0x0000000171b42920:   0000000171b42988 0000000120518168
0x0000000171b42930:   00000007868322e8 0000000000000000
0x0000000171b42940:   0000000000000000 00000001204f7610
0x0000000171b42950:   0000000000000000 0000000171b42960
0x0000000171b42960:   0000000171b429e0 0000000130005fc8
0x0000000171b42970:   0000000000000000 0000000000000000 

Instructions: (pc=0x00000001300014f0)
0x00000001300013f0:   f2a05ae9 f2c00029 6d425935 1e640886
0x0000000130001400:   0c402d31 1e6408c7 1f5654d0 1e6c1017
0x0000000130001410:   1f5050d0 1f504cd0 1f5048d0 1e650af6
0x0000000130001420:   1f50d8f6 1f5694d6 1f5158f6 1e762880
0x0000000130001430:   36000501 1e614000 14000026 2e251ca5
0x0000000130001440:   d2843009 f2a05ae9 f2c00029 6d425d36
0x0000000130001450:   1e600806 0c402d32 1f5758c7 1e6c101a
0x0000000130001460:   1f4754c7 1e650805 1f4750c7 d2866668
0x0000000130001470:   f2a7fa68 1f474cc7 1e6608c0 1f4748c7
0x0000000130001480:   1e6e1019 eb08007f 540000ac 1f479400
0x0000000130001490:   1f460340 1e603b20 1400000e d2a7fd29
0x00000001300014a0:   eb09007f 540000ac 51480069 d3607d29
0x00000001300014b0:   9e670121 14000002 1e6a5001 1f679417
0x00000001300014c0:   1f668742 1e613b23 1e773857 1e773860
0x00000001300014d0:   a8c17ff3 910003bf a8c17bfd d65f03c0
0x00000001300014e0:   b9400001 aa0103e0 d65f03c0 f9400001
0x00000001300014f0:   aa0103e0 d65f03c0 00000000 00000000
0x0000000130001500:   00000000 00000000 00000000 00000000
0x0000000130001510:   00000000 00000000 00000000 00000000
0x0000000130001520:   00000000 00000000 00000000 00000000
0x0000000130001530:   00000000 00000000 00000000 00000000
0x0000000130001540:   00000000 00000000 00000000 00000000
0x0000000130001550:   00000000 00000000 00000000 00000000
0x0000000130001560:   00000000 00000000 00000000 00000000
0x0000000130001570:   00000000 00000000 00000000 00000000
0x0000000130001580:   00000000 00000000 00000000 00000000
0x0000000130001590:   00000000 00000000 00000000 00000000
0x00000001300015a0:   00000000 00000000 00000000 00000000
0x00000001300015b0:   00000000 00000000 00000000 00000000
0x00000001300015c0:   00000000 00000000 00000000 00000000
0x00000001300015d0:   00000000 00000000 00000000 00000000
0x00000001300015e0:   00000000 00000000 00000000 00000000 


Stack slot to memory mapping:
stack at sp + 0 slots: 0x0000000120518168 is pointing into metadata
stack at sp + 1 slots: 0x0000000000000001 is an unknown value
stack at sp + 2 slots: 0x0000000171b42988 is pointing into the stack for thread: 0x00000001240b2c00
stack at sp + 3 slots: 0x0 is NULL
stack at sp + 4 slots: 0x0000000122021ea8 points into unknown readable memory: 0x0000000102d62738 | 38 27 d6 02 01 00 00 00
stack at sp + 5 slots: 0x0000000123906a70 is a global jni handle
stack at sp + 6 slots: 0x0000000123906a70 is a global jni handle
stack at sp + 7 slots: 0x00006000038b83f0 points into unknown readable memory: 0x00006000011b4460 | 60 44 1b 01 00 60 00 00

StubRoutines::SafeFetchN [0x00000001300014ec, 0x00000001300014f8] (12 bytes)
[MachCode]
  0x00000001300014ec: 0100 40f9 | e003 01aa | c003 5fd6 
[/MachCode]

---------------  P R O C E S S  ---------------

Threads class SMR info:
_java_thread_list=0x00006000013687a0, length=20, elements={
0x0000000123008200, 0x000000012404ca00, 0x0000000122008c00, 0x000000012282c200,
0x000000012400ba00, 0x000000012404fc00, 0x0000000124050200, 0x0000000124050800,
0x0000000124050e00, 0x000000012282c800, 0x000000012303f400, 0x000000012303fa00,
0x000000012308da00, 0x00000001240b2c00, 0x0000000122021c00, 0x0000000122184400,
0x00000001232f3000, 0x00000001221cd000, 0x0000000122033600, 0x00000001233b9e00
}

Java Threads: ( => current thread )
  0x0000000123008200 JavaThread "main" [_thread_blocked, id=9731, stack(0x000000016ef38000,0x000000016f13b000)]
  0x000000012404ca00 JavaThread "Reference Handler" daemon [_thread_blocked, id=15875, stack(0x000000016fd8c000,0x000000016ff8f000)]
  0x0000000122008c00 JavaThread "Finalizer" daemon [_thread_blocked, id=15619, stack(0x000000016ff98000,0x000000017019b000)]
  0x000000012282c200 JavaThread "Signal Dispatcher" daemon [_thread_blocked, id=42243, stack(0x00000001702bc000,0x00000001704bf000)]
  0x000000012400ba00 JavaThread "Service Thread" daemon [_thread_blocked, id=22787, stack(0x00000001704c8000,0x00000001706cb000)]
  0x000000012404fc00 JavaThread "Monitor Deflation Thread" daemon [_thread_blocked, id=41731, stack(0x00000001706d4000,0x00000001708d7000)]
  0x0000000124050200 JavaThread "C2 CompilerThread0" daemon [_thread_blocked, id=41219, stack(0x00000001708e0000,0x0000000170ae3000)]
  0x0000000124050800 JavaThread "C1 CompilerThread0" daemon [_thread_blocked, id=40707, stack(0x0000000170aec000,0x0000000170cef000)]
  0x0000000124050e00 JavaThread "Sweeper thread" daemon [_thread_blocked, id=40195, stack(0x0000000170cf8000,0x0000000170efb000)]
  0x000000012282c800 JavaThread "Common-Cleaner" daemon [_thread_blocked, id=23299, stack(0x0000000170f04000,0x0000000171107000)]
  0x000000012303f400 JavaThread "Monitor Ctrl-Break" daemon [_thread_in_native, id=23811, stack(0x0000000171110000,0x0000000171313000)]
  0x000000012303fa00 JavaThread "Notification Thread" daemon [_thread_blocked, id=24323, stack(0x000000017131c000,0x000000017151f000)]
  0x000000012308da00 JavaThread "QuantumRenderer-0" daemon [_thread_blocked, id=25091, stack(0x0000000171734000,0x0000000171937000)]
=>0x00000001240b2c00 JavaThread "InvokeLaterDispatcher" daemon [_thread_in_native, id=28171, stack(0x0000000171940000,0x0000000171b43000)]
  0x0000000122021c00 JavaThread "JavaFX Application Thread" [_thread_in_vm, id=259, stack(0x000000016e6b0000,0x000000016eeac000)]
  0x0000000122184400 JavaThread "Attach Listener" daemon [_thread_blocked, id=49951, stack(0x0000000171efc000,0x00000001720ff000)]
  0x00000001232f3000 JavaThread "JavaFX-Launcher" [_thread_blocked, id=56331, stack(0x0000000172108000,0x000000017230b000)]
  0x00000001221cd000 JavaThread "Prism Font Disposer" daemon [_thread_blocked, id=66679, stack(0x0000000172314000,0x0000000172517000)]
  0x0000000122033600 JavaThread "PulseTimer-CVDisplayLink thread" daemon [_thread_in_native, id=60687, stack(0x0000000171c64000,0x0000000171ce7000)]
  0x00000001233b9e00 JavaThread "Cleaner-0" daemon [_thread_blocked, id=62555, stack(0x0000000173e54000,0x0000000174057000)]

Other Threads:
  0x0000000121e04e10 VMThread "VM Thread" [stack: 0x000000016fb80000,0x000000016fd83000] [id=14083]
  0x0000000121f094a0 WatcherThread [stack: 0x0000000171528000,0x000000017172b000] [id=39683]
  0x0000000123a06f40 GCTaskThread "GC Thread#0" [stack: 0x000000016f144000,0x000000016f347000] [id=19203]
  0x0000000121e38730 GCTaskThread "GC Thread#1" [stack: 0x0000000172520000,0x0000000172723000] [id=60935]
  0x0000000121e389e0 GCTaskThread "GC Thread#2" [stack: 0x000000017272c000,0x000000017292f000] [id=65283]
  0x0000000121e38e60 GCTaskThread "GC Thread#3" [stack: 0x0000000172938000,0x0000000172b3b000] [id=64771]
  0x0000000121e392e0 GCTaskThread "GC Thread#4" [stack: 0x0000000172b44000,0x0000000172d47000] [id=61699]
  0x0000000121e39760 GCTaskThread "GC Thread#5" [stack: 0x0000000172d50000,0x0000000172f53000] [id=61955]
  0x00000001239048f0 ConcurrentGCThread "G1 Main Marker" [stack: 0x000000016f350000,0x000000016f553000] [id=18691]
  0x0000000123a073c0 ConcurrentGCThread "G1 Conc#0" [stack: 0x000000016f55c000,0x000000016f75f000] [id=17923]
  0x000000010e904080 ConcurrentGCThread "G1 Refine#0" [stack: 0x000000016f768000,0x000000016f96b000] [id=12291]
  0x00000001238041f0 ConcurrentGCThread "G1 Service" [stack: 0x000000016f974000,0x000000016fb77000] [id=12803]

Threads with active compile tasks:

VM state: not at safepoint (normal execution)

VM Mutex/Monitor currently owned by a thread: None

Heap address: 0x0000000780000000, size: 2048 MB, Compressed Oops mode: Zero based, Oop shift amount: 3

CDS archive(s) mapped at: [0x0000000800000000-0x0000000800bd4000-0x0000000800bd4000), size 12402688, SharedBaseAddress: 0x0000000800000000, ArchiveRelocationMode: 0.
Compressed class space mapped at: 0x0000000800c00000-0x0000000840c00000, reserved size: 1073741824
Narrow klass base: 0x0000000800000000, Narrow klass shift: 0, Narrow klass range: 0x100000000

GC Precious Log:
 CPUs: 8 total, 8 available
 Memory: 8192M
 Large Page Support: Disabled
 NUMA Support: Disabled
 Compressed Oops: Enabled (Zero based)
 Heap Region Size: 1M
 Heap Min Capacity: 8M
 Heap Initial Capacity: 128M
 Heap Max Capacity: 2G
 Pre-touch: Disabled
 Parallel Workers: 8
 Concurrent Workers: 2
 Concurrent Refinement Workers: 8
 Periodic GC: Disabled

Heap:
 garbage-first heap   total 133120K, used 34019K [0x0000000780000000, 0x0000000800000000)
  region size 1024K, 31 young (31744K), 3 survivors (3072K)
 Metaspace       used 14577K, committed 14784K, reserved 1064960K
  class space    used 2178K, committed 2304K, reserved 1048576K

Heap Regions: E=young(eden), S=young(survivor), O=old, HS=humongous(starts), HC=humongous(continues), CS=collection set, F=free, OA=open archive, CA=closed archive, TAMS=top-at-mark-start (previous, next)
|   0|0x0000000780000000, 0x0000000780040c00, 0x0000000780100000| 25%| O|  |TAMS 0x0000000780000000, 0x0000000780000000| Untracked 
|   1|0x0000000780100000, 0x0000000780200000, 0x0000000780200000|100%|HS|  |TAMS 0x0000000780100000, 0x0000000780100000| Complete 
|   2|0x0000000780200000, 0x0000000780300000, 0x0000000780300000|100%|HC|  |TAMS 0x0000000780200000, 0x0000000780200000| Complete 
|   3|0x0000000780300000, 0x0000000780300000, 0x0000000780400000|  0%| F|  |TAMS 0x0000000780300000, 0x0000000780300000| Untracked 
|   4|0x0000000780400000, 0x0000000780400000, 0x0000000780500000|  0%| F|  |TAMS 0x0000000780400000, 0x0000000780400000| Untracked 
|   5|0x0000000780500000, 0x0000000780500000, 0x0000000780600000|  0%| F|  |TAMS 0x0000000780500000, 0x0000000780500000| Untracked 
|   6|0x0000000780600000, 0x0000000780600000, 0x0000000780700000|  0%| F|  |TAMS 0x0000000780600000, 0x0000000780600000| Untracked 
|   7|0x0000000780700000, 0x0000000780700000, 0x0000000780800000|  0%| F|  |TAMS 0x0000000780700000, 0x0000000780700000| Untracked 
|   8|0x0000000780800000, 0x0000000780800000, 0x0000000780900000|  0%| F|  |TAMS 0x0000000780800000, 0x0000000780800000| Untracked 
|   9|0x0000000780900000, 0x0000000780900000, 0x0000000780a00000|  0%| F|  |TAMS 0x0000000780900000, 0x0000000780900000| Untracked 
|  10|0x0000000780a00000, 0x0000000780a00000, 0x0000000780b00000|  0%| F|  |TAMS 0x0000000780a00000, 0x0000000780a00000| Untracked 
|  11|0x0000000780b00000, 0x0000000780b00000, 0x0000000780c00000|  0%| F|  |TAMS 0x0000000780b00000, 0x0000000780b00000| Untracked 
|  12|0x0000000780c00000, 0x0000000780c00000, 0x0000000780d00000|  0%| F|  |TAMS 0x0000000780c00000, 0x0000000780c00000| Untracked 
|  13|0x0000000780d00000, 0x0000000780d00000, 0x0000000780e00000|  0%| F|  |TAMS 0x0000000780d00000, 0x0000000780d00000| Untracked 
|  14|0x0000000780e00000, 0x0000000780e00000, 0x0000000780f00000|  0%| F|  |TAMS 0x0000000780e00000, 0x0000000780e00000| Untracked 
|  15|0x0000000780f00000, 0x0000000780f00000, 0x0000000781000000|  0%| F|  |TAMS 0x0000000780f00000, 0x0000000780f00000| Untracked 
|  16|0x0000000781000000, 0x0000000781000000, 0x0000000781100000|  0%| F|  |TAMS 0x0000000781000000, 0x0000000781000000| Untracked 
|  17|0x0000000781100000, 0x0000000781100000, 0x0000000781200000|  0%| F|  |TAMS 0x0000000781100000, 0x0000000781100000| Untracked 
|  18|0x0000000781200000, 0x0000000781200000, 0x0000000781300000|  0%| F|  |TAMS 0x0000000781200000, 0x0000000781200000| Untracked 
|  19|0x0000000781300000, 0x0000000781300000, 0x0000000781400000|  0%| F|  |TAMS 0x0000000781300000, 0x0000000781300000| Untracked 
|  20|0x0000000781400000, 0x0000000781400000, 0x0000000781500000|  0%| F|  |TAMS 0x0000000781400000, 0x0000000781400000| Untracked 
|  21|0x0000000781500000, 0x0000000781500000, 0x0000000781600000|  0%| F|  |TAMS 0x0000000781500000, 0x0000000781500000| Untracked 
|  22|0x0000000781600000, 0x0000000781600000, 0x0000000781700000|  0%| F|  |TAMS 0x0000000781600000, 0x0000000781600000| Untracked 
|  23|0x0000000781700000, 0x0000000781700000, 0x0000000781800000|  0%| F|  |TAMS 0x0000000781700000, 0x0000000781700000| Untracked 
|  24|0x0000000781800000, 0x0000000781800000, 0x0000000781900000|  0%| F|  |TAMS 0x0000000781800000, 0x0000000781800000| Untracked 
|  25|0x0000000781900000, 0x0000000781900000, 0x0000000781a00000|  0%| F|  |TAMS 0x0000000781900000, 0x0000000781900000| Untracked 
|  26|0x0000000781a00000, 0x0000000781a00000, 0x0000000781b00000|  0%| F|  |TAMS 0x0000000781a00000, 0x0000000781a00000| Untracked 
|  27|0x0000000781b00000, 0x0000000781b00000, 0x0000000781c00000|  0%| F|  |TAMS 0x0000000781b00000, 0x0000000781b00000| Untracked 
|  28|0x0000000781c00000, 0x0000000781c00000, 0x0000000781d00000|  0%| F|  |TAMS 0x0000000781c00000, 0x0000000781c00000| Untracked 
|  29|0x0000000781d00000, 0x0000000781d00000, 0x0000000781e00000|  0%| F|  |TAMS 0x0000000781d00000, 0x0000000781d00000| Untracked 
|  30|0x0000000781e00000, 0x0000000781e00000, 0x0000000781f00000|  0%| F|  |TAMS 0x0000000781e00000, 0x0000000781e00000| Untracked 
|  31|0x0000000781f00000, 0x0000000781f00000, 0x0000000782000000|  0%| F|  |TAMS 0x0000000781f00000, 0x0000000781f00000| Untracked 
|  32|0x0000000782000000, 0x0000000782000000, 0x0000000782100000|  0%| F|  |TAMS 0x0000000782000000, 0x0000000782000000| Untracked 
|  33|0x0000000782100000, 0x0000000782100000, 0x0000000782200000|  0%| F|  |TAMS 0x0000000782100000, 0x0000000782100000| Untracked 
|  34|0x0000000782200000, 0x0000000782200000, 0x0000000782300000|  0%| F|  |TAMS 0x0000000782200000, 0x0000000782200000| Untracked 
|  35|0x0000000782300000, 0x0000000782300000, 0x0000000782400000|  0%| F|  |TAMS 0x0000000782300000, 0x0000000782300000| Untracked 
|  36|0x0000000782400000, 0x0000000782400000, 0x0000000782500000|  0%| F|  |TAMS 0x0000000782400000, 0x0000000782400000| Untracked 
|  37|0x0000000782500000, 0x0000000782500000, 0x0000000782600000|  0%| F|  |TAMS 0x0000000782500000, 0x0000000782500000| Untracked 
|  38|0x0000000782600000, 0x0000000782600000, 0x0000000782700000|  0%| F|  |TAMS 0x0000000782600000, 0x0000000782600000| Untracked 
|  39|0x0000000782700000, 0x0000000782700000, 0x0000000782800000|  0%| F|  |TAMS 0x0000000782700000, 0x0000000782700000| Untracked 
|  40|0x0000000782800000, 0x0000000782800000, 0x0000000782900000|  0%| F|  |TAMS 0x0000000782800000, 0x0000000782800000| Untracked 
|  41|0x0000000782900000, 0x0000000782900000, 0x0000000782a00000|  0%| F|  |TAMS 0x0000000782900000, 0x0000000782900000| Untracked 
|  42|0x0000000782a00000, 0x0000000782a00000, 0x0000000782b00000|  0%| F|  |TAMS 0x0000000782a00000, 0x0000000782a00000| Untracked 
|  43|0x0000000782b00000, 0x0000000782b00000, 0x0000000782c00000|  0%| F|  |TAMS 0x0000000782b00000, 0x0000000782b00000| Untracked 
|  44|0x0000000782c00000, 0x0000000782c00000, 0x0000000782d00000|  0%| F|  |TAMS 0x0000000782c00000, 0x0000000782c00000| Untracked 
|  45|0x0000000782d00000, 0x0000000782d00000, 0x0000000782e00000|  0%| F|  |TAMS 0x0000000782d00000, 0x0000000782d00000| Untracked 
|  46|0x0000000782e00000, 0x0000000782e00000, 0x0000000782f00000|  0%| F|  |TAMS 0x0000000782e00000, 0x0000000782e00000| Untracked 
|  47|0x0000000782f00000, 0x0000000782f00000, 0x0000000783000000|  0%| F|  |TAMS 0x0000000782f00000, 0x0000000782f00000| Untracked 
|  48|0x0000000783000000, 0x0000000783000000, 0x0000000783100000|  0%| F|  |TAMS 0x0000000783000000, 0x0000000783000000| Untracked 
|  49|0x0000000783100000, 0x0000000783100000, 0x0000000783200000|  0%| F|  |TAMS 0x0000000783100000, 0x0000000783100000| Untracked 
|  50|0x0000000783200000, 0x0000000783200000, 0x0000000783300000|  0%| F|  |TAMS 0x0000000783200000, 0x0000000783200000| Untracked 
|  51|0x0000000783300000, 0x0000000783300000, 0x0000000783400000|  0%| F|  |TAMS 0x0000000783300000, 0x0000000783300000| Untracked 
|  52|0x0000000783400000, 0x0000000783400000, 0x0000000783500000|  0%| F|  |TAMS 0x0000000783400000, 0x0000000783400000| Untracked 
|  53|0x0000000783500000, 0x0000000783500000, 0x0000000783600000|  0%| F|  |TAMS 0x0000000783500000, 0x0000000783500000| Untracked 
|  54|0x0000000783600000, 0x0000000783600000, 0x0000000783700000|  0%| F|  |TAMS 0x0000000783600000, 0x0000000783600000| Untracked 
|  55|0x0000000783700000, 0x0000000783700000, 0x0000000783800000|  0%| F|  |TAMS 0x0000000783700000, 0x0000000783700000| Untracked 
|  56|0x0000000783800000, 0x0000000783800000, 0x0000000783900000|  0%| F|  |TAMS 0x0000000783800000, 0x0000000783800000| Untracked 
|  57|0x0000000783900000, 0x0000000783900000, 0x0000000783a00000|  0%| F|  |TAMS 0x0000000783900000, 0x0000000783900000| Untracked 
|  58|0x0000000783a00000, 0x0000000783a00000, 0x0000000783b00000|  0%| F|  |TAMS 0x0000000783a00000, 0x0000000783a00000| Untracked 
|  59|0x0000000783b00000, 0x0000000783b00000, 0x0000000783c00000|  0%| F|  |TAMS 0x0000000783b00000, 0x0000000783b00000| Untracked 
|  60|0x0000000783c00000, 0x0000000783c00000, 0x0000000783d00000|  0%| F|  |TAMS 0x0000000783c00000, 0x0000000783c00000| Untracked 
|  61|0x0000000783d00000, 0x0000000783d00000, 0x0000000783e00000|  0%| F|  |TAMS 0x0000000783d00000, 0x0000000783d00000| Untracked 
|  62|0x0000000783e00000, 0x0000000783e00000, 0x0000000783f00000|  0%| F|  |TAMS 0x0000000783e00000, 0x0000000783e00000| Untracked 
|  63|0x0000000783f00000, 0x0000000783f00000, 0x0000000784000000|  0%| F|  |TAMS 0x0000000783f00000, 0x0000000783f00000| Untracked 
|  64|0x0000000784000000, 0x0000000784000000, 0x0000000784100000|  0%| F|  |TAMS 0x0000000784000000, 0x0000000784000000| Untracked 
|  65|0x0000000784100000, 0x0000000784100000, 0x0000000784200000|  0%| F|  |TAMS 0x0000000784100000, 0x0000000784100000| Untracked 
|  66|0x0000000784200000, 0x0000000784200000, 0x0000000784300000|  0%| F|  |TAMS 0x0000000784200000, 0x0000000784200000| Untracked 
|  67|0x0000000784300000, 0x0000000784300000, 0x0000000784400000|  0%| F|  |TAMS 0x0000000784300000, 0x0000000784300000| Untracked 
|  68|0x0000000784400000, 0x0000000784400000, 0x0000000784500000|  0%| F|  |TAMS 0x0000000784400000, 0x0000000784400000| Untracked 
|  69|0x0000000784500000, 0x0000000784500000, 0x0000000784600000|  0%| F|  |TAMS 0x0000000784500000, 0x0000000784500000| Untracked 
|  70|0x0000000784600000, 0x0000000784600000, 0x0000000784700000|  0%| F|  |TAMS 0x0000000784600000, 0x0000000784600000| Untracked 
|  71|0x0000000784700000, 0x0000000784700000, 0x0000000784800000|  0%| F|  |TAMS 0x0000000784700000, 0x0000000784700000| Untracked 
|  72|0x0000000784800000, 0x0000000784800000, 0x0000000784900000|  0%| F|  |TAMS 0x0000000784800000, 0x0000000784800000| Untracked 
|  73|0x0000000784900000, 0x0000000784900000, 0x0000000784a00000|  0%| F|  |TAMS 0x0000000784900000, 0x0000000784900000| Untracked 
|  74|0x0000000784a00000, 0x0000000784a00000, 0x0000000784b00000|  0%| F|  |TAMS 0x0000000784a00000, 0x0000000784a00000| Untracked 
|  75|0x0000000784b00000, 0x0000000784b00000, 0x0000000784c00000|  0%| F|  |TAMS 0x0000000784b00000, 0x0000000784b00000| Untracked 
|  76|0x0000000784c00000, 0x0000000784c00000, 0x0000000784d00000|  0%| F|  |TAMS 0x0000000784c00000, 0x0000000784c00000| Untracked 
|  77|0x0000000784d00000, 0x0000000784d00000, 0x0000000784e00000|  0%| F|  |TAMS 0x0000000784d00000, 0x0000000784d00000| Untracked 
|  78|0x0000000784e00000, 0x0000000784e00000, 0x0000000784f00000|  0%| F|  |TAMS 0x0000000784e00000, 0x0000000784e00000| Untracked 
|  79|0x0000000784f00000, 0x0000000784f00000, 0x0000000785000000|  0%| F|  |TAMS 0x0000000784f00000, 0x0000000784f00000| Untracked 
|  80|0x0000000785000000, 0x0000000785000000, 0x0000000785100000|  0%| F|  |TAMS 0x0000000785000000, 0x0000000785000000| Untracked 
|  81|0x0000000785100000, 0x0000000785100000, 0x0000000785200000|  0%| F|  |TAMS 0x0000000785100000, 0x0000000785100000| Untracked 
|  82|0x0000000785200000, 0x0000000785200000, 0x0000000785300000|  0%| F|  |TAMS 0x0000000785200000, 0x0000000785200000| Untracked 
|  83|0x0000000785300000, 0x0000000785300000, 0x0000000785400000|  0%| F|  |TAMS 0x0000000785300000, 0x0000000785300000| Untracked 
|  84|0x0000000785400000, 0x0000000785400000, 0x0000000785500000|  0%| F|  |TAMS 0x0000000785400000, 0x0000000785400000| Untracked 
|  85|0x0000000785500000, 0x0000000785500000, 0x0000000785600000|  0%| F|  |TAMS 0x0000000785500000, 0x0000000785500000| Untracked 
|  86|0x0000000785600000, 0x0000000785600000, 0x0000000785700000|  0%| F|  |TAMS 0x0000000785600000, 0x0000000785600000| Untracked 
|  87|0x0000000785700000, 0x0000000785700000, 0x0000000785800000|  0%| F|  |TAMS 0x0000000785700000, 0x0000000785700000| Untracked 
|  88|0x0000000785800000, 0x0000000785800000, 0x0000000785900000|  0%| F|  |TAMS 0x0000000785800000, 0x0000000785800000| Untracked 
|  89|0x0000000785900000, 0x0000000785900000, 0x0000000785a00000|  0%| F|  |TAMS 0x0000000785900000, 0x0000000785900000| Untracked 
|  90|0x0000000785a00000, 0x0000000785a00000, 0x0000000785b00000|  0%| F|  |TAMS 0x0000000785a00000, 0x0000000785a00000| Untracked 
|  91|0x0000000785b00000, 0x0000000785b00000, 0x0000000785c00000|  0%| F|  |TAMS 0x0000000785b00000, 0x0000000785b00000| Untracked 
|  92|0x0000000785c00000, 0x0000000785c00000, 0x0000000785d00000|  0%| F|  |TAMS 0x0000000785c00000, 0x0000000785c00000| Untracked 
|  93|0x0000000785d00000, 0x0000000785d00000, 0x0000000785e00000|  0%| F|  |TAMS 0x0000000785d00000, 0x0000000785d00000| Untracked 
|  94|0x0000000785e00000, 0x0000000785e00000, 0x0000000785f00000|  0%| F|  |TAMS 0x0000000785e00000, 0x0000000785e00000| Untracked 
|  95|0x0000000785f00000, 0x0000000785f00000, 0x0000000786000000|  0%| F|  |TAMS 0x0000000785f00000, 0x0000000785f00000| Untracked 
|  96|0x0000000786000000, 0x0000000786000000, 0x0000000786100000|  0%| F|  |TAMS 0x0000000786000000, 0x0000000786000000| Untracked 
|  97|0x0000000786100000, 0x00000007861eb210, 0x0000000786200000| 91%| E|  |TAMS 0x0000000786100000, 0x0000000786100000| Complete 
|  98|0x0000000786200000, 0x0000000786300000, 0x0000000786300000|100%| E|CS|TAMS 0x0000000786200000, 0x0000000786200000| Complete 
|  99|0x0000000786300000, 0x0000000786400000, 0x0000000786400000|100%| E|CS|TAMS 0x0000000786300000, 0x0000000786300000| Complete 
| 100|0x0000000786400000, 0x0000000786500000, 0x0000000786500000|100%| E|CS|TAMS 0x0000000786400000, 0x0000000786400000| Complete 
| 101|0x0000000786500000, 0x0000000786600000, 0x0000000786600000|100%| E|CS|TAMS 0x0000000786500000, 0x0000000786500000| Complete 
| 102|0x0000000786600000, 0x0000000786700000, 0x0000000786700000|100%| S|CS|TAMS 0x0000000786600000, 0x0000000786600000| Complete 
| 103|0x0000000786700000, 0x0000000786800000, 0x0000000786800000|100%| S|CS|TAMS 0x0000000786700000, 0x0000000786700000| Complete 
| 104|0x0000000786800000, 0x0000000786900000, 0x0000000786900000|100%| S|CS|TAMS 0x0000000786800000, 0x0000000786800000| Complete 
| 105|0x0000000786900000, 0x0000000786a00000, 0x0000000786a00000|100%| E|CS|TAMS 0x0000000786900000, 0x0000000786900000| Complete 
| 106|0x0000000786a00000, 0x0000000786b00000, 0x0000000786b00000|100%| E|CS|TAMS 0x0000000786a00000, 0x0000000786a00000| Complete 
| 107|0x0000000786b00000, 0x0000000786c00000, 0x0000000786c00000|100%| E|CS|TAMS 0x0000000786b00000, 0x0000000786b00000| Complete 
| 108|0x0000000786c00000, 0x0000000786d00000, 0x0000000786d00000|100%| E|CS|TAMS 0x0000000786c00000, 0x0000000786c00000| Complete 
| 109|0x0000000786d00000, 0x0000000786e00000, 0x0000000786e00000|100%| E|CS|TAMS 0x0000000786d00000, 0x0000000786d00000| Complete 
| 110|0x0000000786e00000, 0x0000000786f00000, 0x0000000786f00000|100%| E|CS|TAMS 0x0000000786e00000, 0x0000000786e00000| Complete 
| 111|0x0000000786f00000, 0x0000000787000000, 0x0000000787000000|100%| E|CS|TAMS 0x0000000786f00000, 0x0000000786f00000| Complete 
| 112|0x0000000787000000, 0x0000000787100000, 0x0000000787100000|100%| E|CS|TAMS 0x0000000787000000, 0x0000000787000000| Complete 
| 113|0x0000000787100000, 0x0000000787200000, 0x0000000787200000|100%| E|CS|TAMS 0x0000000787100000, 0x0000000787100000| Complete 
| 114|0x0000000787200000, 0x0000000787300000, 0x0000000787300000|100%| E|CS|TAMS 0x0000000787200000, 0x0000000787200000| Complete 
| 115|0x0000000787300000, 0x0000000787400000, 0x0000000787400000|100%| E|CS|TAMS 0x0000000787300000, 0x0000000787300000| Complete 
| 116|0x0000000787400000, 0x0000000787500000, 0x0000000787500000|100%| E|CS|TAMS 0x0000000787400000, 0x0000000787400000| Complete 
| 117|0x0000000787500000, 0x0000000787600000, 0x0000000787600000|100%| E|CS|TAMS 0x0000000787500000, 0x0000000787500000| Complete 
| 118|0x0000000787600000, 0x0000000787700000, 0x0000000787700000|100%| E|CS|TAMS 0x0000000787600000, 0x0000000787600000| Complete 
| 119|0x0000000787700000, 0x0000000787800000, 0x0000000787800000|100%| E|CS|TAMS 0x0000000787700000, 0x0000000787700000| Complete 
| 120|0x0000000787800000, 0x0000000787900000, 0x0000000787900000|100%| E|CS|TAMS 0x0000000787800000, 0x0000000787800000| Complete 
| 121|0x0000000787900000, 0x0000000787a00000, 0x0000000787a00000|100%| E|CS|TAMS 0x0000000787900000, 0x0000000787900000| Complete 
| 122|0x0000000787a00000, 0x0000000787b00000, 0x0000000787b00000|100%| E|CS|TAMS 0x0000000787a00000, 0x0000000787a00000| Complete 
| 123|0x0000000787b00000, 0x0000000787c00000, 0x0000000787c00000|100%| E|CS|TAMS 0x0000000787b00000, 0x0000000787b00000| Complete 
| 124|0x0000000787c00000, 0x0000000787d00000, 0x0000000787d00000|100%| E|CS|TAMS 0x0000000787c00000, 0x0000000787c00000| Complete 
| 125|0x0000000787d00000, 0x0000000787e00000, 0x0000000787e00000|100%| E|CS|TAMS 0x0000000787d00000, 0x0000000787d00000| Complete 
| 126|0x0000000787e00000, 0x0000000787f00000, 0x0000000787f00000|100%| E|CS|TAMS 0x0000000787e00000, 0x0000000787e00000| Complete 
| 127|0x0000000787f00000, 0x0000000788000000, 0x0000000788000000|100%| E|CS|TAMS 0x0000000787f00000, 0x0000000787f00000| Complete 
|2046|0x00000007ffe00000, 0x00000007ffe78000, 0x00000007fff00000| 46%|OA|  |TAMS 0x00000007ffe00000, 0x00000007ffe00000| Untracked 
|2047|0x00000007fff00000, 0x00000007fff80000, 0x0000000800000000| 50%|CA|  |TAMS 0x00000007fff00000, 0x00000007fff00000| Untracked 

Card table byte_map: [0x00000001018c0000,0x0000000101cc0000] _byte_map_base: 0x00000000fdcc0000

Marking Bits (Prev, Next): (CMBitMap*) 0x000000012280a410, (CMBitMap*) 0x000000012280a450
 Prev Bits: [0x000000010a8e4000, 0x000000010c8e4000)
 Next Bits: [0x000000010c8e4000, 0x000000010e8e4000)

Polling page: 0x00000001010d8000

Metaspace:

Usage:
  Non-class:     12.11 MB used.
      Class:      2.13 MB used.
       Both:     14.24 MB used.

Virtual space:
  Non-class space:       16.00 MB reserved,      12.19 MB ( 76%) committed,  2 nodes.
      Class space:        1.00 GB reserved,       2.25 MB ( <1%) committed,  1 nodes.
             Both:        1.02 GB reserved,      14.44 MB (  1%) committed. 

Chunk freelists:
   Non-Class:  3.75 MB
       Class:  1.76 MB
        Both:  5.51 MB

MaxMetaspaceSize: unlimited
CompressedClassSpaceSize: 1.00 GB
Initial GC threshold: 21.00 MB
Current GC threshold: 21.00 MB
CDS: on
MetaspaceReclaimPolicy: balanced
 - commit_granule_bytes: 65536.
 - commit_granule_words: 8192.
 - virtual_space_node_default_size: 1048576.
 - enlarge_chunks_in_place: 1.
 - new_chunks_are_fully_committed: 0.
 - uncommit_free_chunks: 1.
 - use_allocation_guard: 0.
 - handle_deallocations: 1.


Internal statistics:

num_allocs_failed_limit: 0.
num_arena_births: 186.
num_arena_deaths: 0.
num_vsnodes_births: 3.
num_vsnodes_deaths: 0.
num_space_committed: 231.
num_space_uncommitted: 0.
num_chunks_returned_to_freelist: 0.
num_chunks_taken_from_freelist: 635.
num_chunk_merges: 0.
num_chunk_splits: 439.
num_chunks_enlarged: 346.
num_purges: 0.
num_inconsistent_stats: 0.

CodeHeap 'non-profiled nmethods': size=120032Kb used=546Kb max_used=546Kb free=119485Kb
 bounds [0x0000000137ac8000, 0x0000000137d38000, 0x000000013f000000]
CodeHeap 'profiled nmethods': size=120016Kb used=3084Kb max_used=3084Kb free=116931Kb
 bounds [0x0000000130594000, 0x00000001308a4000, 0x0000000137ac8000]
CodeHeap 'non-nmethods': size=5712Kb used=1375Kb max_used=1407Kb free=4336Kb
 bounds [0x0000000130000000, 0x0000000130270000, 0x0000000130594000]
 total_blobs=2328 nmethods=1566 adapters=678
 compilation: enabled
              stopped_count=0, restarted_count=0
 full_count=0

Compilation events (20 events):
Event: 7.508 Thread 0x0000000124050800 nmethod 1617 0x0000000137b4e310 code [0x0000000137b4e480, 0x0000000137b4e568]
Event: 7.514 Thread 0x0000000124050200 nmethod 1611% 0x0000000137b4e990 code [0x0000000137b4ebc0, 0x0000000137b4f710]
Event: 7.806 Thread 0x0000000124050800 1619       3       java.util.WeakHashMap$HashIterator::hasNext (95 bytes)
Event: 7.807 Thread 0x0000000124050800 nmethod 1619 0x0000000130892790 code [0x0000000130892980, 0x0000000130892f68]
Event: 8.006 Thread 0x0000000124050800 1620       1       com.sun.prism.impl.BaseGraphics::isDepthTest (5 bytes)
Event: 8.006 Thread 0x0000000124050800 nmethod 1620 0x0000000137b4ff90 code [0x0000000137b50100, 0x0000000137b501e8]
Event: 8.006 Thread 0x0000000124050800 1621       3       com.sun.prism.impl.ManagedResource::assertLocked (18 bytes)
Event: 8.007 Thread 0x0000000124050800 nmethod 1621 0x0000000130893110 code [0x00000001308932c0, 0x0000000130893518]
Event: 8.007 Thread 0x0000000124050800 1622       3       jdk.internal.misc.Unsafe::getLongUnaligned (173 bytes)
Event: 8.007 Thread 0x0000000124050800 nmethod 1622 0x0000000130893610 code [0x0000000130893800, 0x0000000130893bf8]
Event: 8.007 Thread 0x0000000124050800 1623       1       com.sun.prism.es2.ES2Context::getGLContext (5 bytes)
Event: 8.007 Thread 0x0000000124050800 nmethod 1623 0x0000000137b50290 code [0x0000000137b50400, 0x0000000137b504e8]
Event: 8.140 Thread 0x0000000124050800 1624       3       java.util.WeakHashMap::size (18 bytes)
Event: 8.140 Thread 0x0000000124050800 nmethod 1624 0x0000000130893d10 code [0x0000000130893ec0, 0x00000001308940d8]
Event: 8.306 Thread 0x0000000124050800 1625       3       java.lang.invoke.VarHandleGuards::guard_LI_I (78 bytes)
Event: 8.308 Thread 0x0000000124050800 nmethod 1625 0x0000000130894190 code [0x00000001308945c0, 0x0000000130896598]
Event: 8.372 Thread 0x0000000124050800 1626       3       java.util.RegularEnumSet::isEmpty (15 bytes)
Event: 8.372 Thread 0x0000000124050800 nmethod 1626 0x0000000130896f10 code [0x00000001308970c0, 0x0000000130897268]
Event: 8.406 Thread 0x0000000124050800 1627       1       java.util.WeakHashMap$Entry::getValue (5 bytes)
Event: 8.407 Thread 0x0000000124050800 nmethod 1627 0x0000000137b50590 code [0x0000000137b50700, 0x0000000137b507e8]

GC Heap History (2 events):
Event: 5.618 GC heap before
{Heap before GC invocations=0 (full 0):
 garbage-first heap   total 133120K, used 23520K [0x0000000780000000, 0x0000000800000000)
  region size 1024K, 23 young (23552K), 0 survivors (0K)
 Metaspace       used 6981K, committed 7232K, reserved 1056768K
  class space    used 910K, committed 1024K, reserved 1048576K
}
Event: 5.632 GC heap after
{Heap after GC invocations=1 (full 0):
 garbage-first heap   total 133120K, used 4323K [0x0000000780000000, 0x0000000800000000)
  region size 1024K, 3 young (3072K), 3 survivors (3072K)
 Metaspace       used 6981K, committed 7232K, reserved 1056768K
  class space    used 910K, committed 1024K, reserved 1048576K
}

Deoptimization events (20 events):
Event: 6.282 Thread 0x0000000122021c00 Uncommon trap: trap_request=0xffffff45 fr.pc=0x0000000137b2cde8 relative=0x0000000000000368
Event: 6.282 Thread 0x0000000122021c00 Uncommon trap: reason=unstable_if action=reinterpret pc=0x0000000137b2cde8 method=java.util.HashMap.hash(Ljava/lang/Object;)I @ 1 c2
Event: 6.282 Thread 0x0000000122021c00 DEOPT PACKING pc=0x0000000137b2cde8 sp=0x000000016eea5990
Event: 6.282 Thread 0x0000000122021c00 DEOPT UNPACKING pc=0x000000013003ed1c sp=0x000000016eea5880 mode 2
Event: 6.813 Thread 0x0000000122021c00 Uncommon trap: trap_request=0xffffffde fr.pc=0x0000000137addc98 relative=0x0000000000000158
Event: 6.813 Thread 0x0000000122021c00 Uncommon trap: reason=class_check action=maybe_recompile pc=0x0000000137addc98 method=java.lang.String.equals(Ljava/lang/Object;)Z @ 8 c2
Event: 6.813 Thread 0x0000000122021c00 DEOPT PACKING pc=0x0000000137addc98 sp=0x000000016eea6800
Event: 6.813 Thread 0x0000000122021c00 DEOPT UNPACKING pc=0x000000013003ed1c sp=0x000000016eea67a0 mode 2
Event: 6.813 Thread 0x0000000122021c00 Uncommon trap: trap_request=0xffffffde fr.pc=0x0000000137addc98 relative=0x0000000000000158
Event: 6.813 Thread 0x0000000122021c00 Uncommon trap: reason=class_check action=maybe_recompile pc=0x0000000137addc98 method=java.lang.String.equals(Ljava/lang/Object;)Z @ 8 c2
Event: 6.813 Thread 0x0000000122021c00 DEOPT PACKING pc=0x0000000137addc98 sp=0x000000016eea6700
Event: 6.813 Thread 0x0000000122021c00 DEOPT UNPACKING pc=0x000000013003ed1c sp=0x000000016eea66a0 mode 2
Event: 6.813 Thread 0x0000000122021c00 Uncommon trap: trap_request=0xffffffde fr.pc=0x0000000137addc98 relative=0x0000000000000158
Event: 6.813 Thread 0x0000000122021c00 Uncommon trap: reason=class_check action=maybe_recompile pc=0x0000000137addc98 method=java.lang.String.equals(Ljava/lang/Object;)Z @ 8 c2
Event: 6.813 Thread 0x0000000122021c00 DEOPT PACKING pc=0x0000000137addc98 sp=0x000000016eea6700
Event: 6.813 Thread 0x0000000122021c00 DEOPT UNPACKING pc=0x000000013003ed1c sp=0x000000016eea66a0 mode 2
Event: 6.814 Thread 0x0000000122021c00 Uncommon trap: trap_request=0xffffffde fr.pc=0x0000000137addc98 relative=0x0000000000000158
Event: 6.814 Thread 0x0000000122021c00 Uncommon trap: reason=class_check action=maybe_recompile pc=0x0000000137addc98 method=java.lang.String.equals(Ljava/lang/Object;)Z @ 8 c2
Event: 6.814 Thread 0x0000000122021c00 DEOPT PACKING pc=0x0000000137addc98 sp=0x000000016eea62e0
Event: 6.814 Thread 0x0000000122021c00 DEOPT UNPACKING pc=0x000000013003ed1c sp=0x000000016eea6280 mode 2

Classes unloaded (0 events):
No events

Classes redefined (0 events):
No events

Internal exceptions (20 events):
Event: 6.203 Thread 0x0000000122021c00 Exception <a 'sun/nio/fs/UnixException'{0x000000078776f748}> (0x000000078776f748) 
thrown [open/src/hotspot/share/prims/jni.cpp, line 516]
Event: 6.215 Thread 0x0000000122021c00 Exception <a 'java/lang/NoSuchMethodError'{0x000000078777b8a8}: 'java.lang.Object java.lang.invoke.DirectMethodHandle$Holder.invokeStatic(java.lang.Object, int, java.lang.Object)'> (0x000000078777b8a8) 
thrown [open/src/hotspot/share/interpreter/linkResolver.cpp, line 766]
Event: 6.219 Thread 0x0000000122021c00 Exception <a 'java/lang/ClassNotFoundException'{0x000000078778c7b0}: sun/util/logging/resources/spi/loggingProvider> (0x000000078778c7b0) 
thrown [open/src/hotspot/share/classfile/systemDictionary.cpp, line 256]
Event: 6.238 Thread 0x0000000122021c00 Exception <a 'java/lang/NoSuchMethodError'{0x00000007876938c8}: 'java.lang.Object java.lang.invoke.DirectMethodHandle$Holder.invokeSpecial(java.lang.Object, java.lang.Object, java.lang.Object, int, java.lang.Object)'> (0x00000007876938c8) 
thrown [open/src/hotspot/share/interpreter/linkResolver.cpp, line 766]
Event: 6.282 Thread 0x0000000122021c00 Implicit null exception at 0x0000000137aff7f8 to 0x0000000137aff888
Event: 6.282 Thread 0x0000000122021c00 Implicit null exception at 0x0000000137b2cad4 to 0x0000000137b2cdd8
Event: 6.282 Thread 0x0000000122021c00 Exception <a 'java/lang/NoSuchMethodError'{0x00000007873f8870}: 'void java.lang.invoke.DirectMethodHandle$Holder.invokeStaticInit(java.lang.Object, java.lang.Object)'> (0x00000007873f8870) 
thrown [open/src/hotspot/share/interpreter/linkResolver.cpp, line 766]
Event: 6.302 Thread 0x0000000122021c00 Exception <a 'java/lang/NoSuchMethodError'{0x00000007872cd408}: 'void java.lang.invoke.DirectMethodHandle$Holder.invokeSpecial(java.lang.Object, java.lang.Object, java.lang.Object, java.lang.Object, java.lang.Object)'> (0x00000007872cd408) 
thrown [open/src/hotspot/share/interpreter/linkResolver.cpp, line 766]
Event: 6.848 Thread 0x0000000122021c00 Exception <a 'java/lang/NoSuchMethodError'{0x0000000786f99b58}: 'java.lang.Object java.lang.invoke.DirectMethodHandle$Holder.invokeInterface(java.lang.Object, java.lang.Object, java.lang.Object)'> (0x0000000786f99b58) 
thrown [open/src/hotspot/share/interpreter/linkResolver.cpp, line 766]
Event: 6.848 Thread 0x0000000122021c00 Exception <a 'java/lang/IncompatibleClassChangeError'{0x0000000786f9d4e0}: Found class java.lang.Object, but interface was expected> (0x0000000786f9d4e0) 
thrown [open/src/hotspot/share/interpreter/linkResolver.cpp, line 833]
Event: 6.881 Thread 0x0000000122021c00 Exception <a 'java/lang/ClassNotFoundException'{0x0000000786d280b0}: com/sun/javafx/scene/control/skin/resources/controls> (0x0000000786d280b0) 
thrown [open/src/hotspot/share/prims/jni.cpp, line 535]
Event: 6.881 Thread 0x0000000122021c00 Exception <a 'java/lang/ClassNotFoundException'{0x0000000786d36048}: com/sun/javafx/scene/control/skin/resources/controls_zh> (0x0000000786d36048) 
thrown [open/src/hotspot/share/prims/jni.cpp, line 535]
Event: 6.881 Thread 0x0000000122021c00 Exception <a 'java/lang/ClassNotFoundException'{0x0000000786d36fd8}: com/sun/javafx/scene/control/skin/resources/controls_zh_CA> (0x0000000786d36fd8) 
thrown [open/src/hotspot/share/prims/jni.cpp, line 535]
Event: 6.882 Thread 0x0000000122021c00 Exception <a 'java/lang/ClassNotFoundException'{0x0000000786d37f70}: com/sun/javafx/scene/control/skin/resources/controls_zh_Hans> (0x0000000786d37f70) 
thrown [open/src/hotspot/share/prims/jni.cpp, line 535]
Event: 6.882 Thread 0x0000000122021c00 Exception <a 'java/lang/ClassNotFoundException'{0x0000000786d38f08}: com/sun/javafx/scene/control/skin/resources/controls_zh_Hans_CA> (0x0000000786d38f08) 
thrown [open/src/hotspot/share/prims/jni.cpp, line 535]
Event: 6.902 Thread 0x0000000122021c00 Exception <a 'java/lang/NoSuchMethodError'{0x0000000786b15bd8}: 'void java.lang.invoke.DirectMethodHandle$Holder.invokeSpecial(java.lang.Object, java.lang.Object, java.lang.Object, java.lang.Object, java.lang.Object, java.lang.Object)'> (0x0000000786b15bd8) 
thrown [open/src/hotspot/share/interpreter/linkResolver.cpp, line 766]
Event: 7.040 Thread 0x0000000122021c00 Exception <a 'java/lang/NoSuchMethodError'{0x0000000786461970}: 'long java.lang.invoke.DirectMethodHandle$Holder.invokeStatic(java.lang.Object, java.lang.Object, java.lang.Object)'> (0x0000000786461970) 
thrown [open/src/hotspot/share/interpreter/linkResolver.cpp, line 766]
Event: 7.040 Thread 0x0000000122021c00 Exception <a 'java/lang/NoSuchMethodError'{0x0000000786465118}: 'long java.lang.invoke.DirectMethodHandle$Holder.invokeStaticInit(java.lang.Object, java.lang.Object, java.lang.Object)'> (0x0000000786465118) 
thrown [open/src/hotspot/share/interpreter/linkResolver.cpp, line 766]
Event: 7.041 Thread 0x0000000122021c00 Exception <a 'java/lang/NoSuchMethodError'{0x000000078647cd20}: 'java.lang.Object java.lang.invoke.DirectMethodHandle$Holder.newInvokeSpecial(java.lang.Object, java.lang.Object, long)'> (0x000000078647cd20) 
thrown [open/src/hotspot/share/interpreter/linkResolver.cpp, line 766]
Event: 7.041 Thread 0x0000000122021c00 Exception <a 'java/lang/NoSuchMethodError'{0x00000007864805e8}: 'java.lang.Object java.lang.invoke.Invokers$Holder.linkToTargetMethod(java.lang.Object, long, java.lang.Object)'> (0x00000007864805e8) 
thrown [open/src/hotspot/share/interpreter/linkResolver.cpp, line 766]

VM Operations (20 events):
Event: 1.143 Executing VM operation: Cleanup
Event: 1.150 Executing VM operation: Cleanup done
Event: 2.592 Executing VM operation: Cleanup
Event: 2.600 Executing VM operation: Cleanup done
Event: 3.628 Executing VM operation: Cleanup
Event: 3.724 Executing VM operation: Cleanup done
Event: 3.993 Executing VM operation: HandshakeAllThreads
Event: 3.995 Executing VM operation: HandshakeAllThreads done
Event: 5.000 Executing VM operation: Cleanup
Event: 5.000 Executing VM operation: Cleanup done
Event: 5.607 Executing VM operation: G1CollectForAllocation
Event: 5.634 Executing VM operation: G1CollectForAllocation done
Event: 6.257 Executing VM operation: HandshakeAllThreads
Event: 6.257 Executing VM operation: HandshakeAllThreads done
Event: 6.274 Executing VM operation: ICBufferFull
Event: 6.275 Executing VM operation: ICBufferFull done
Event: 6.934 Executing VM operation: ICBufferFull
Event: 6.934 Executing VM operation: ICBufferFull done
Event: 7.939 Executing VM operation: Cleanup
Event: 7.939 Executing VM operation: Cleanup done

Events (20 events):
Event: 6.928 loading class java/lang/FdLibm
Event: 6.928 loading class java/lang/FdLibm done
Event: 6.982 loading class java/util/concurrent/ConcurrentLinkedQueue
Event: 6.983 loading class java/util/concurrent/ConcurrentLinkedQueue done
Event: 6.983 loading class java/util/concurrent/ConcurrentLinkedQueue$Node
Event: 6.983 loading class java/util/concurrent/ConcurrentLinkedQueue$Node done
Event: 6.984 loading class jdk/internal/ref/CleanerImpl$InnocuousThreadFactory
Event: 6.984 loading class jdk/internal/ref/CleanerImpl$InnocuousThreadFactory done
Event: 6.985 Thread 0x00000001233b9e00 Thread added: 0x00000001233b9e00
Event: 6.985 Protecting memory [0x0000000173e54000,0x0000000173e60000] with protection modes 0
Event: 6.987 loading class sun/misc/Unsafe
Event: 6.988 loading class sun/misc/Unsafe done
Event: 6.989 loading class jdk/internal/reflect/UnsafeFieldAccessorFactory
Event: 6.990 loading class jdk/internal/reflect/UnsafeFieldAccessorFactory done
Event: 6.990 loading class jdk/internal/reflect/UnsafeQualifiedStaticObjectFieldAccessorImpl
Event: 6.991 loading class jdk/internal/reflect/UnsafeQualifiedStaticFieldAccessorImpl
Event: 6.992 loading class jdk/internal/reflect/UnsafeQualifiedStaticFieldAccessorImpl done
Event: 6.992 loading class jdk/internal/reflect/UnsafeQualifiedStaticObjectFieldAccessorImpl done
Event: 6.997 loading class java/nio/DirectFloatBufferU
Event: 6.999 loading class java/nio/DirectFloatBufferU done


Dynamic libraries:
0x0000000101088000 	/Users/shonn/Library/Java/JavaVirtualMachines/openjdk-17.0.2/Contents/Home/lib/libjli.dylib
0x000000019e77b000 	/usr/lib/libz.1.dylib
0x000000019e82b000 	/usr/lib/libSystem.B.dylib
0x000000019e825000 	/usr/lib/system/libcache.dylib
0x000000019e7e3000 	/usr/lib/system/libcommonCrypto.dylib
0x000000019e80c000 	/usr/lib/system/libcompiler_rt.dylib
0x000000019e803000 	/usr/lib/system/libcopyfile.dylib
0x0000000193b6e000 	/usr/lib/system/libcorecrypto.dylib
0x0000000193c13000 	/usr/lib/system/libdispatch.dylib
0x0000000193ddb000 	/usr/lib/system/libdyld.dylib
0x000000019e81b000 	/usr/lib/system/libkeymgr.dylib
0x000000019e7c5000 	/usr/lib/system/libmacho.dylib
0x000000019dec9000 	/usr/lib/system/libquarantine.dylib
0x000000019e818000 	/usr/lib/system/libremovefile.dylib
0x0000000198f6a000 	/usr/lib/system/libsystem_asl.dylib
0x0000000193b18000 	/usr/lib/system/libsystem_blocks.dylib
0x0000000193c99000 	/usr/lib/system/libsystem_c.dylib
0x000000019e810000 	/usr/lib/system/libsystem_collections.dylib
0x000000019d388000 	/usr/lib/system/libsystem_configuration.dylib
0x000000019c60c000 	/usr/lib/system/libsystem_containermanager.dylib
0x000000019e52c000 	/usr/lib/system/libsystem_coreservices.dylib
0x00000001964ff000 	/usr/lib/system/libsystem_darwin.dylib
0x000000019e81c000 	/usr/lib/system/libsystem_dnssd.dylib
0x0000000193c96000 	/usr/lib/system/libsystem_featureflags.dylib
0x0000000193df0000 	/usr/lib/system/libsystem_info.dylib
0x000000019e78d000 	/usr/lib/system/libsystem_m.dylib
0x0000000193be8000 	/usr/lib/system/libsystem_malloc.dylib
0x0000000198efb000 	/usr/lib/system/libsystem_networkextension.dylib
0x0000000196953000 	/usr/lib/system/libsystem_notify.dylib
0x00000001a4a31000 	/usr/lib/system/libsystem_product_info_filter.dylib
0x000000019d38d000 	/usr/lib/system/libsystem_sandbox.dylib
0x000000019e815000 	/usr/lib/system/libsystem_secinit.dylib
0x0000000193d98000 	/usr/lib/system/libsystem_kernel.dylib
0x0000000193de8000 	/usr/lib/system/libsystem_platform.dylib
0x0000000193dce000 	/usr/lib/system/libsystem_pthread.dylib
0x000000019a6a4000 	/usr/lib/system/libsystem_symptoms.dylib
0x0000000193b54000 	/usr/lib/system/libsystem_trace.dylib
0x000000019e7f0000 	/usr/lib/system/libunwind.dylib
0x0000000193b1a000 	/usr/lib/system/libxpc.dylib
0x0000000193d7e000 	/usr/lib/libc++abi.dylib
0x0000000193c5a000 	/usr/lib/libobjc.A.dylib
0x000000019e7fb000 	/usr/lib/liboah.dylib
0x0000000193d1a000 	/usr/lib/libc++.1.dylib
0x00000001aa42c000 	/System/Library/Frameworks/Cocoa.framework/Versions/A/Cocoa
0x00000001969b3000 	/System/Library/Frameworks/AppKit.framework/Versions/C/AppKit
0x0000000199ee3000 	/System/Library/Frameworks/CoreData.framework/Versions/A/CoreData
0x0000000194d10000 	/System/Library/Frameworks/Foundation.framework/Versions/C/Foundation
0x0000000197867000 	/System/Library/PrivateFrameworks/UIFoundation.framework/Versions/A/UIFoundation
0x00000001a472b000 	/System/Library/PrivateFrameworks/RemoteViewServices.framework/Versions/A/RemoteViewServices
0x000000019cd46000 	/System/Library/PrivateFrameworks/XCTTargetBootstrap.framework/Versions/A/XCTTargetBootstrap
0x00000001a052c000 	/System/Library/PrivateFrameworks/InternationalSupport.framework/Versions/A/InternationalSupport
0x00000001a05b5000 	/System/Library/PrivateFrameworks/UserActivity.framework/Versions/A/UserActivity
0x000000019fa5a000 	/usr/lib/libspindump.dylib
0x0000000197ad7000 	/System/Library/Frameworks/UniformTypeIdentifiers.framework/Versions/A/UniformTypeIdentifiers
0x000000019b2d3000 	/usr/lib/libapp_launch_measurement.dylib
0x000000019a84b000 	/System/Library/PrivateFrameworks/CoreAnalytics.framework/Versions/A/CoreAnalytics
0x000000019b2d6000 	/System/Library/PrivateFrameworks/CoreAutoLayout.framework/Versions/A/CoreAutoLayout
0x000000019c649000 	/System/Library/Frameworks/Metal.framework/Versions/A/Metal
0x000000019d398000 	/usr/lib/liblangid.dylib
0x000000019cd4a000 	/System/Library/PrivateFrameworks/CoreSVG.framework/Versions/A/CoreSVG
0x0000000198f9e000 	/System/Library/PrivateFrameworks/SkyLight.framework/Versions/A/SkyLight
0x0000000199368000 	/System/Library/Frameworks/CoreGraphics.framework/Versions/A/CoreGraphics
0x00000001a4da8000 	/System/Library/Frameworks/Accelerate.framework/Versions/A/Accelerate
0x000000019f4ce000 	/System/Library/PrivateFrameworks/IconServices.framework/Versions/A/IconServices
0x000000019c62b000 	/System/Library/Frameworks/IOSurface.framework/Versions/A/IOSurface
0x000000019a87b000 	/usr/lib/libDiagnosticMessagesClient.dylib
0x00000001a81ef000 	/System/Library/Frameworks/ApplicationServices.framework/Versions/A/ApplicationServices
0x000000019cd2e000 	/System/Library/PrivateFrameworks/DFRFoundation.framework/Versions/A/DFRFoundation
0x0000000196254000 	/usr/lib/libicucore.A.dylib
0x00000001a132d000 	/System/Library/Frameworks/AudioToolbox.framework/Versions/A/AudioToolbox
0x00000001a0538000 	/System/Library/PrivateFrameworks/DataDetectorsCore.framework/Versions/A/DataDetectorsCore
0x00000001b666a000 	/System/Library/PrivateFrameworks/TextInput.framework/Versions/A/TextInput
0x0000000198f15000 	/usr/lib/libMobileGestalt.dylib
0x000000019c9fe000 	/System/Library/Frameworks/Carbon.framework/Versions/A/Frameworks/HIToolbox.framework/Versions/A/HIToolbox
0x000000019acdc000 	/System/Library/Frameworks/QuartzCore.framework/Versions/A/QuartzCore
0x0000000195ed1000 	/System/Library/Frameworks/Security.framework/Versions/A/Security
0x00000001a476b000 	/System/Library/Frameworks/Carbon.framework/Versions/A/Frameworks/SpeechRecognition.framework/Versions/A/SpeechRecognition
0x000000019b02a000 	/System/Library/PrivateFrameworks/CoreUI.framework/Versions/A/CoreUI
0x00000001957a2000 	/System/Library/Frameworks/CoreAudio.framework/Versions/A/CoreAudio
0x000000019a96f000 	/System/Library/Frameworks/DiskArbitration.framework/Versions/A/DiskArbitration
0x000000019fe3f000 	/System/Library/PrivateFrameworks/MultitouchSupport.framework/Versions/A/MultitouchSupport
0x0000000198f13000 	/usr/lib/libenergytrace.dylib
0x000000019687d000 	/System/Library/Frameworks/IOKit.framework/Versions/A/IOKit
0x00000001a4b54000 	/System/Library/Frameworks/CoreServices.framework/Versions/A/CoreServices
0x000000019b263000 	/System/Library/PrivateFrameworks/PerformanceAnalysis.framework/Versions/A/PerformanceAnalysis
0x00000001f51dd000 	/System/Library/Frameworks/OpenGL.framework/Versions/A/OpenGL
0x000000019dde9000 	/System/Library/PrivateFrameworks/MobileKeyBag.framework/Versions/A/MobileKeyBag
0x0000000199978000 	/System/Library/Frameworks/ColorSync.framework/Versions/A/ColorSync
0x0000000193e1c000 	/System/Library/Frameworks/CoreFoundation.framework/Versions/A/CoreFoundation
0x000000019cfcb000 	/System/Library/Frameworks/CoreImage.framework/Versions/A/CoreImage
0x00000001955c5000 	/System/Library/Frameworks/CoreText.framework/Versions/A/CoreText
0x000000019cd7a000 	/System/Library/Frameworks/ImageIO.framework/Versions/A/ImageIO
0x000000019e831000 	/System/Library/PrivateFrameworks/SoftLinking.framework/Versions/A/SoftLinking
0x000000019b320000 	/usr/lib/libxml2.2.dylib
0x000000019eaca000 	/usr/lib/libcompression.dylib
0x00000001a0485000 	/System/Library/PrivateFrameworks/TextureIO.framework/Versions/A/TextureIO
0x000000019f1e8000 	/usr/lib/libate.dylib
0x000000019f0b0000 	/usr/lib/liblzma.5.dylib
0x0000000194a04000 	/System/Library/Frameworks/SystemConfiguration.framework/Versions/A/SystemConfiguration
0x000000019e82d000 	/usr/lib/libfakelink.dylib
0x0000000198a42000 	/System/Library/Frameworks/CFNetwork.framework/Versions/A/CFNetwork
0x000000019e974000 	/usr/lib/libarchive.2.dylib
0x000000019d394000 	/System/Library/PrivateFrameworks/AppleSystemInfo.framework/Versions/A/AppleSystemInfo
0x000000019def4000 	/usr/lib/libbsm.0.dylib
0x0000000197f7a000 	/usr/lib/libnetwork.dylib
0x000000019e7cb000 	/usr/lib/system/libkxld.dylib
0x000000019db0b000 	/System/Library/PrivateFrameworks/IOMobileFramebuffer.framework/Versions/A/IOMobileFramebuffer
0x0000000210f42000 	/usr/lib/libCoreEntitlements.dylib
0x000000019e50e000 	/System/Library/PrivateFrameworks/AppleFSCompression.framework/Versions/A/AppleFSCompression
0x000000019dedc000 	/usr/lib/libcoretls.dylib
0x000000019f0c9000 	/usr/lib/libcoretls_cfhelpers.dylib
0x000000019eac5000 	/usr/lib/libpam.2.dylib
0x000000019a2cc000 	/usr/lib/libsqlite3.dylib
0x000000019f131000 	/usr/lib/libxar.1.dylib
0x000000019e51f000 	/usr/lib/libbz2.1.0.dylib
0x000000019e832000 	/usr/lib/libpcap.A.dylib
0x000000019a69b000 	/usr/lib/libdns_services.dylib
0x000000019ea98000 	/usr/lib/libapple_nghttp2.dylib
0x000000019e86f000 	/usr/lib/libiconv.2.dylib
0x000000019e7c4000 	/usr/lib/libcharset.1.dylib
0x000000019b29f000 	/System/Library/Frameworks/CoreServices.framework/Versions/A/Frameworks/FSEvents.framework/Versions/A/FSEvents
0x000000019650a000 	/System/Library/Frameworks/CoreServices.framework/Versions/A/Frameworks/CarbonCore.framework/Versions/A/CarbonCore
0x000000019a8d2000 	/System/Library/Frameworks/CoreServices.framework/Versions/A/Frameworks/Metadata.framework/Versions/A/Metadata
0x000000019e532000 	/System/Library/Frameworks/CoreServices.framework/Versions/A/Frameworks/OSServices.framework/Versions/A/OSServices
0x000000019e9fa000 	/System/Library/Frameworks/CoreServices.framework/Versions/A/Frameworks/SearchKit.framework/Versions/A/SearchKit
0x000000019a629000 	/System/Library/Frameworks/CoreServices.framework/Versions/A/Frameworks/AE.framework/Versions/A/AE
0x0000000194360000 	/System/Library/Frameworks/CoreServices.framework/Versions/A/Frameworks/LaunchServices.framework/Versions/A/LaunchServices
0x000000019f059000 	/System/Library/Frameworks/CoreServices.framework/Versions/A/Frameworks/DictionaryServices.framework/Versions/A/DictionaryServices
0x000000019b2ac000 	/System/Library/Frameworks/CoreServices.framework/Versions/A/Frameworks/SharedFileList.framework/Versions/A/SharedFileList
0x000000019decc000 	/usr/lib/libCheckFix.dylib
0x0000000198f82000 	/System/Library/PrivateFrameworks/TCC.framework/Versions/A/TCC
0x000000019d39a000 	/System/Library/PrivateFrameworks/CoreNLP.framework/Versions/A/CoreNLP
0x000000019a87e000 	/System/Library/PrivateFrameworks/MetadataUtilities.framework/Versions/A/MetadataUtilities
0x0000000194abd000 	/usr/lib/libmecabra.dylib
0x000000019df05000 	/usr/lib/libmecab.dylib
0x0000000194a89000 	/usr/lib/libCRFSuite.dylib
0x000000019df63000 	/usr/lib/libgermantok.dylib
0x000000019ea71000 	/usr/lib/libThaiTokenizer.dylib
0x000000019a977000 	/System/Library/Frameworks/Accelerate.framework/Versions/A/Frameworks/vImage.framework/Versions/A/vImage
0x00000001a4b2b000 	/System/Library/Frameworks/Accelerate.framework/Versions/A/Frameworks/vecLib.framework/Versions/A/vecLib
0x000000019f175000 	/System/Library/Frameworks/Accelerate.framework/Versions/A/Frameworks/vecLib.framework/Versions/A/libvMisc.dylib
0x000000019da15000 	/System/Library/Frameworks/Accelerate.framework/Versions/A/Frameworks/vecLib.framework/Versions/A/libvDSP.dylib
0x00000001946e3000 	/System/Library/Frameworks/Accelerate.framework/Versions/A/Frameworks/vecLib.framework/Versions/A/libBLAS.dylib
0x000000019eb99000 	/System/Library/Frameworks/Accelerate.framework/Versions/A/Frameworks/vecLib.framework/Versions/A/libLAPACK.dylib
0x000000019df66000 	/System/Library/Frameworks/Accelerate.framework/Versions/A/Frameworks/vecLib.framework/Versions/A/libLinearAlgebra.dylib
0x000000019eab0000 	/System/Library/Frameworks/Accelerate.framework/Versions/A/Frameworks/vecLib.framework/Versions/A/libSparseBLAS.dylib
0x000000019eb94000 	/System/Library/Frameworks/Accelerate.framework/Versions/A/Frameworks/vecLib.framework/Versions/A/libQuadrature.dylib
0x000000019d491000 	/System/Library/Frameworks/Accelerate.framework/Versions/A/Frameworks/vecLib.framework/Versions/A/libBNNS.dylib
0x00000001949a1000 	/System/Library/Frameworks/Accelerate.framework/Versions/A/Frameworks/vecLib.framework/Versions/A/libSparse.dylib
0x000000019d489000 	/System/Library/PrivateFrameworks/LinguisticData.framework/Versions/A/LinguisticData
0x0000000194957000 	/System/Library/PrivateFrameworks/Lexicon.framework/Versions/A/Lexicon
0x000000019f16d000 	/usr/lib/libChineseTokenizer.dylib
0x00000001950fe000 	/System/Library/PrivateFrameworks/LanguageModeling.framework/Versions/A/LanguageModeling
0x000000019ea73000 	/System/Library/PrivateFrameworks/AppleSauce.framework/Versions/A/AppleSauce
0x000000019daf8000 	/System/Library/PrivateFrameworks/CoreEmoji.framework/Versions/A/CoreEmoji
0x000000019e962000 	/usr/lib/libcmph.dylib
0x000000019b27f000 	/System/Library/Frameworks/OpenDirectory.framework/Versions/A/Frameworks/CFOpenDirectory.framework/Versions/A/CFOpenDirectory
0x000000019b26f000 	/System/Library/Frameworks/OpenDirectory.framework/Versions/A/OpenDirectory
0x000000019f0cb000 	/System/Library/PrivateFrameworks/APFS.framework/Versions/A/APFS
0x000000019de24000 	/System/Library/Frameworks/SecurityFoundation.framework/Versions/A/SecurityFoundation
0x000000019f13f000 	/usr/lib/libutil.dylib
0x000000019683f000 	/System/Library/PrivateFrameworks/CoreServicesStore.framework/Versions/A/CoreServicesStore
0x000000019f143000 	/usr/lib/libxslt.1.dylib
0x000000019deb8000 	/System/Library/PrivateFrameworks/BackgroundTaskManagement.framework/Versions/A/BackgroundTaskManagement
0x00000001a03a6000 	/System/Library/Frameworks/ImageIO.framework/Versions/A/Resources/libRadiance.dylib
0x00000001a03af000 	/System/Library/Frameworks/ImageIO.framework/Versions/A/Resources/libJPEG.dylib
0x00000001a0301000 	/System/Library/Frameworks/ImageIO.framework/Versions/A/Resources/libPng.dylib
0x00000001a0323000 	/System/Library/Frameworks/ImageIO.framework/Versions/A/Resources/libTIFF.dylib
0x00000001a040a000 	/System/Library/Frameworks/ImageIO.framework/Versions/A/Resources/libGIF.dylib
0x000000019fd4f000 	/System/Library/Frameworks/ImageIO.framework/Versions/A/Resources/libJP2.dylib
0x000000019f494000 	/usr/lib/libexpat.1.dylib
0x000000019fd0a000 	/System/Library/PrivateFrameworks/AppleJPEG.framework/Versions/A/AppleJPEG
0x000000019c8bd000 	/System/Library/PrivateFrameworks/FontServices.framework/libFontParser.dylib
0x000000019a5ce000 	/System/Library/PrivateFrameworks/RunningBoardServices.framework/Versions/A/RunningBoardServices
0x00000001aaa9f000 	/System/Library/PrivateFrameworks/IOSurfaceAccelerator.framework/Versions/A/IOSurfaceAccelerator
0x000000019fe3b000 	/System/Library/PrivateFrameworks/WatchdogClient.framework/Versions/A/WatchdogClient
0x0000000195202000 	/System/Library/Frameworks/CoreDisplay.framework/Versions/A/CoreDisplay
0x000000019c7ab000 	/System/Library/Frameworks/CoreMedia.framework/Versions/A/CoreMedia
0x000000019c63f000 	/System/Library/PrivateFrameworks/IOAccelerator.framework/Versions/A/IOAccelerator
0x000000019b40d000 	/System/Library/Frameworks/CoreVideo.framework/Versions/A/CoreVideo
0x000000019eac3000 	/System/Library/Frameworks/MetalPerformanceShaders.framework/Versions/A/MetalPerformanceShaders
0x000000019fe78000 	/System/Library/Frameworks/VideoToolbox.framework/Versions/A/VideoToolbox
0x000000019a512000 	/System/Library/PrivateFrameworks/BaseBoard.framework/Versions/A/BaseBoard
0x000000019a2b1000 	/System/Library/PrivateFrameworks/ProtocolBuffer.framework/Versions/A/ProtocolBuffer
0x00000001a03a1000 	/System/Library/PrivateFrameworks/GPUWrangler.framework/Versions/A/GPUWrangler
0x00000001a0380000 	/System/Library/PrivateFrameworks/IOPresentment.framework/Versions/A/IOPresentment
0x00000001a03a9000 	/System/Library/PrivateFrameworks/DSExternalDisplay.framework/Versions/A/DSExternalDisplay
0x00000001f51d0000 	/System/Library/Frameworks/OpenGL.framework/Versions/A/Libraries/libCoreFSCache.dylib
0x00000001fe991000 	/System/Library/PrivateFrameworks/GPUCompiler.framework/Versions/31001/Libraries/libGPUCompilerUtils.dylib
0x00000001a040f000 	/System/Library/PrivateFrameworks/CMCaptureCore.framework/Versions/A/CMCaptureCore
0x000000019fa48000 	/System/Library/PrivateFrameworks/AppServerSupport.framework/Versions/A/AppServerSupport
0x00000001a1be8000 	/System/Library/PrivateFrameworks/perfdata.framework/Versions/A/perfdata
0x0000000195322000 	/System/Library/PrivateFrameworks/AudioToolboxCore.framework/Versions/A/AudioToolboxCore
0x000000019c783000 	/System/Library/PrivateFrameworks/caulk.framework/Versions/A/caulk
0x00000001a14dd000 	/usr/lib/libAudioStatistics.dylib
0x00000001b2de3000 	/System/Library/PrivateFrameworks/SystemPolicy.framework/Versions/A/SystemPolicy
0x00000001a173d000 	/usr/lib/libSMC.dylib
0x00000001aa30e000 	/System/Library/Frameworks/CoreMIDI.framework/Versions/A/CoreMIDI
0x00000001a02cf000 	/usr/lib/libAudioToolboxUtility.dylib
0x00000001af21c000 	/System/Library/PrivateFrameworks/OSAServicesClient.framework/Versions/A/OSAServicesClient
0x00000001a1bf5000 	/usr/lib/libperfcheck.dylib
0x00000001b38e6000 	/usr/lib/libmis.dylib
0x00000001f5231000 	/System/Library/Frameworks/OpenGL.framework/Versions/A/Libraries/libGLU.dylib
0x00000001f51f0000 	/System/Library/Frameworks/OpenGL.framework/Versions/A/Libraries/libGFXShared.dylib
0x00000001f53da000 	/System/Library/Frameworks/OpenGL.framework/Versions/A/Libraries/libGL.dylib
0x00000001f51f9000 	/System/Library/Frameworks/OpenGL.framework/Versions/A/Libraries/libGLImage.dylib
0x00000001f51ed000 	/System/Library/Frameworks/OpenGL.framework/Versions/A/Libraries/libCVMSPluginSupport.dylib
0x00000001f51d7000 	/System/Library/Frameworks/OpenGL.framework/Versions/A/Libraries/libCoreVMClient.dylib
0x000000019d315000 	/System/Library/Frameworks/MetalPerformanceShaders.framework/Versions/A/Frameworks/MPSCore.framework/Versions/A/MPSCore
0x000000019e481000 	/System/Library/Frameworks/MetalPerformanceShaders.framework/Versions/A/Frameworks/MPSImage.framework/Versions/A/MPSImage
0x000000019df7b000 	/System/Library/Frameworks/MetalPerformanceShaders.framework/Versions/A/Frameworks/MPSNeuralNetwork.framework/Versions/A/MPSNeuralNetwork
0x000000019e3b8000 	/System/Library/Frameworks/MetalPerformanceShaders.framework/Versions/A/Frameworks/MPSMatrix.framework/Versions/A/MPSMatrix
0x000000019e193000 	/System/Library/Frameworks/MetalPerformanceShaders.framework/Versions/A/Frameworks/MPSRayIntersector.framework/Versions/A/MPSRayIntersector
0x000000019e3e9000 	/System/Library/Frameworks/MetalPerformanceShaders.framework/Versions/A/Frameworks/MPSNDArray.framework/Versions/A/MPSNDArray
0x00000001f6f07000 	/System/Library/Frameworks/MetalPerformanceShaders.framework/Versions/A/Frameworks/MPSFunctions.framework/Versions/A/MPSFunctions
0x00000001945c1000 	/System/Library/PrivateFrameworks/MetalTools.framework/Versions/A/MetalTools
0x000000019d392000 	/System/Library/PrivateFrameworks/AggregateDictionary.framework/Versions/A/AggregateDictionary
0x000000019f27a000 	/usr/lib/libIOReport.dylib
0x00000001a92f5000 	/System/Library/PrivateFrameworks/ASEProcessing.framework/Versions/A/ASEProcessing
0x000000019f5ed000 	/System/Library/PrivateFrameworks/FaceCore.framework/Versions/A/FaceCore
0x000000019f5df000 	/System/Library/PrivateFrameworks/GraphVisualizer.framework/Versions/A/GraphVisualizer
0x00000001fe8a8000 	/System/Library/PrivateFrameworks/FontServices.framework/Versions/A/FontServices
0x000000019fa02000 	/System/Library/PrivateFrameworks/OTSVG.framework/Versions/A/OTSVG
0x000000019afdb000 	/System/Library/Frameworks/ApplicationServices.framework/Versions/A/Frameworks/ATS.framework/Versions/A/Resources/libFontRegistry.dylib
0x000000019fa51000 	/System/Library/PrivateFrameworks/FontServices.framework/libhvf.dylib
0x00000001fe8a9000 	/System/Library/PrivateFrameworks/FontServices.framework/libXTFontStaticRegistryData.dylib
0x00000001f557c000 	/System/Library/Frameworks/OpenCL.framework/Versions/A/OpenCL
0x000000019f448000 	/System/Library/PrivateFrameworks/AppleVA.framework/Versions/A/AppleVA
0x00000001a1505000 	/System/Library/Frameworks/ApplicationServices.framework/Versions/A/Frameworks/ATS.framework/Versions/A/ATS
0x0000000199a75000 	/System/Library/Frameworks/ApplicationServices.framework/Versions/A/Frameworks/HIServices.framework/Versions/A/HIServices
0x00000001a0419000 	/System/Library/Frameworks/ApplicationServices.framework/Versions/A/Frameworks/PrintCore.framework/Versions/A/PrintCore
0x00000001a1890000 	/System/Library/Frameworks/ApplicationServices.framework/Versions/A/Frameworks/QD.framework/Versions/A/QD
0x00000001a1888000 	/System/Library/Frameworks/ApplicationServices.framework/Versions/A/Frameworks/ColorSyncLegacy.framework/Versions/A/ColorSyncLegacy
0x00000001a14f1000 	/System/Library/Frameworks/ApplicationServices.framework/Versions/A/Frameworks/SpeechSynthesis.framework/Versions/A/SpeechSynthesis
0x00000001a03da000 	/System/Library/Frameworks/ApplicationServices.framework/Versions/A/Frameworks/ATSUI.framework/Versions/A/ATSUI
0x00000001a181d000 	/usr/lib/libcups.2.dylib
0x00000001a1c03000 	/System/Library/Frameworks/Kerberos.framework/Versions/A/Kerberos
0x00000001a1c14000 	/System/Library/Frameworks/GSS.framework/Versions/A/GSS
0x00000001a1574000 	/usr/lib/libresolv.9.dylib
0x000000019fa5f000 	/System/Library/PrivateFrameworks/Heimdal.framework/Versions/A/Heimdal
0x00000001a8565000 	/System/Library/Frameworks/Kerberos.framework/Versions/A/Libraries/libHeimdalProxy.dylib
0x000000019a6ad000 	/System/Library/Frameworks/Network.framework/Versions/A/Network
0x000000019f4af000 	/usr/lib/libheimdal-asn1.dylib
0x00000001a1c5a000 	/System/Library/PrivateFrameworks/CommonAuth.framework/Versions/A/CommonAuth
0x00000001a146b000 	/System/Library/PrivateFrameworks/AudioSession.framework/Versions/A/AudioSession
0x000000019f540000 	/System/Library/PrivateFrameworks/MediaExperience.framework/Versions/A/MediaExperience
0x00000001a12f3000 	/System/Library/PrivateFrameworks/AudioSession.framework/libSessionUtility.dylib
0x00000001a189c000 	/System/Library/PrivateFrameworks/AudioResourceArbitration.framework/Versions/A/AudioResourceArbitration
0x00000001a59a7000 	/System/Library/PrivateFrameworks/PowerLog.framework/Versions/A/PowerLog
0x000000019f4b8000 	/System/Library/PrivateFrameworks/IconFoundation.framework/Versions/A/IconFoundation
0x00000001a4757000 	/System/Library/PrivateFrameworks/SpeechRecognitionCore.framework/Versions/A/SpeechRecognitionCore
0x00000001d81ff000 	/System/Library/CoreServices/Encodings/libSimplifiedChineseConverter.dylib
0x00000001021f4000 	/Users/shonn/Library/Java/JavaVirtualMachines/openjdk-17.0.2/Contents/Home/lib/server/libjvm.dylib
0x00000001010ec000 	/Users/shonn/Library/Java/JavaVirtualMachines/openjdk-17.0.2/Contents/Home/lib/libjimage.dylib
0x0000000101118000 	/Users/shonn/Library/Java/JavaVirtualMachines/openjdk-17.0.2/Contents/Home/lib/libinstrument.dylib
0x0000000101164000 	/Users/shonn/Library/Java/JavaVirtualMachines/openjdk-17.0.2/Contents/Home/lib/libjava.dylib
0x00000001011d8000 	/Users/shonn/Library/Java/JavaVirtualMachines/openjdk-17.0.2/Contents/Home/lib/libnio.dylib
0x00000001011f8000 	/Users/shonn/Library/Java/JavaVirtualMachines/openjdk-17.0.2/Contents/Home/lib/libnet.dylib
0x000000010114c000 	/Users/shonn/Library/Java/JavaVirtualMachines/openjdk-17.0.2/Contents/Home/lib/libzip.dylib
0x000000010121c000 	/Users/shonn/.openjfx/cache/17.0.1/libprism_es2.dylib
0x0000000196802000 	/System/Library/PrivateFrameworks/CoreServicesInternal.framework/Versions/A/CoreServicesInternal
0x00000001f53e4000 	/System/Library/Frameworks/OpenGL.framework/Versions/A/Resources/GLEngine.bundle/GLEngine
0x00000001f526b000 	/System/Library/Frameworks/OpenGL.framework/Versions/A/Libraries/libGLProgrammability.dylib
0x000000010ed3c000 	/System/Library/Extensions/AppleMetalOpenGLRenderer.bundle/Contents/MacOS/AppleMetalOpenGLRenderer
0x00000001f5553000 	/System/Library/Frameworks/OpenGL.framework/Versions/A/Resources/GLRendererFloat.bundle/GLRendererFloat
0x00000001f55f4000 	/System/Library/Extensions/AGXMetal13_3.bundle/Contents/MacOS/AGXMetal13_3
0x00000001b3902000 	/System/Library/PrivateFrameworks/GPURawCounter.framework/Versions/A/GPURawCounter
0x00000001ae3a3000 	/System/Library/PrivateFrameworks/IOGPU.framework/Versions/A/IOGPU
0x000000010edd4000 	/Users/shonn/.openjfx/cache/17.0.1/libglass.dylib
0x00000001a5bfb000 	/System/Library/Frameworks/FileProvider.framework/Versions/A/FileProvider
0x000000019a47a000 	/System/Library/Frameworks/Accounts.framework/Versions/A/Accounts
0x00000001a5d7b000 	/System/Library/PrivateFrameworks/GenerationalStorage.framework/Versions/A/GenerationalStorage
0x00000001a6931000 	/System/Library/PrivateFrameworks/CoreSymbolication.framework/Versions/A/CoreSymbolication
0x00000001a599b000 	/System/Library/PrivateFrameworks/SymptomDiagnosticReporter.framework/Versions/A/SymptomDiagnosticReporter
0x0000000197aeb000 	/System/Library/PrivateFrameworks/DesktopServicesPriv.framework/Versions/A/DesktopServicesPriv
0x0000000196962000 	/usr/lib/libsandbox.1.dylib
0x000000019b49a000 	/System/Library/PrivateFrameworks/UserManagement.framework/Versions/A/UserManagement
0x00000001a68f2000 	/System/Library/PrivateFrameworks/DebugSymbols.framework/Versions/A/DebugSymbols
0x00000001a187b000 	/System/Library/PrivateFrameworks/NetAuth.framework/Versions/A/NetAuth
0x00000001a2780000 	/System/Library/PrivateFrameworks/Sharing.framework/Versions/A/Sharing
0x000000019b46a000 	/System/Library/PrivateFrameworks/login.framework/Versions/A/Frameworks/loginsupport.framework/Versions/A/loginsupport
0x00000001a7aa9000 	/System/Library/PrivateFrameworks/Apple80211.framework/Versions/A/Apple80211
0x000000019e565000 	/System/Library/PrivateFrameworks/AuthKit.framework/Versions/A/AuthKit
0x000000019dbf7000 	/System/Library/PrivateFrameworks/CoreUtils.framework/Versions/A/CoreUtils
0x000000019db17000 	/System/Library/Frameworks/CoreWLAN.framework/Versions/A/CoreWLAN
0x00000001a28ea000 	/System/Library/Frameworks/IOBluetooth.framework/Versions/A/IOBluetooth
0x00000001a7b09000 	/System/Library/PrivateFrameworks/CoreWiFi.framework/Versions/A/CoreWiFi
0x00000001a64d9000 	/System/Library/PrivateFrameworks/FrontBoardServices.framework/Versions/A/FrontBoardServices
0x00000001a6571000 	/System/Library/PrivateFrameworks/BoardServices.framework/Versions/A/BoardServices
0x000000019de12000 	/System/Library/PrivateFrameworks/AssertionServices.framework/Versions/A/AssertionServices
0x00000001a7c77000 	/System/Library/PrivateFrameworks/BackBoardServices.framework/Versions/A/BackBoardServices
0x00000001a1ced000 	/System/Library/PrivateFrameworks/CorePhoneNumbers.framework/Versions/A/CorePhoneNumbers
0x00000001a5acb000 	/System/Library/PrivateFrameworks/DiskManagement.framework/Versions/A/DiskManagement
0x00000001a59ce000 	/System/Library/PrivateFrameworks/AppleIDAuthSupport.framework/Versions/A/AppleIDAuthSupport
0x00000001f91d0000 	/System/Library/PrivateFrameworks/AAAFoundation.framework/Versions/A/AAAFoundation
0x00000001a1ccc000 	/System/Library/PrivateFrameworks/KeychainCircle.framework/Versions/A/KeychainCircle
0x00000001a5a97000 	/System/Library/PrivateFrameworks/MediaKit.framework/Versions/A/MediaKit
0x00000001a59db000 	/System/Library/Frameworks/DiscRecording.framework/Versions/A/DiscRecording
0x000000019f3c4000 	/usr/lib/libCoreStorage.dylib
0x00000001a7f73000 	/usr/lib/libcsfde.dylib
0x00000001a29bf000 	/System/Library/PrivateFrameworks/ProtectedCloudStorage.framework/Versions/A/ProtectedCloudStorage
0x00000001a7f6b000 	/System/Library/PrivateFrameworks/EFILogin.framework/Versions/A/EFILogin
0x00000001a5da2000 	/System/Library/PrivateFrameworks/OctagonTrust.framework/Versions/A/OctagonTrust
0x00000001fdaf4000 	/System/Library/PrivateFrameworks/CoreUtilsExtras.framework/Versions/A/CoreUtilsExtras
0x00000001a5911000 	/System/Library/Frameworks/CoreBluetooth.framework/Versions/A/CoreBluetooth
0x00000001a85ea000 	/System/Library/Frameworks/AudioUnit.framework/Versions/A/AudioUnit
0x000000019f3bc000 	/usr/lib/libMatch.1.dylib
0x00000001b7be5000 	/System/Library/Frameworks/Accelerate.framework/Versions/A/Frameworks/vImage.framework/Versions/A/Libraries/libCGInterfaces.dylib
0x0000000121ac4000 	/usr/lib/libobjc-trampolines.dylib
0x000000019b167000 	/System/Library/PrivateFrameworks/ViewBridge.framework/Versions/A/ViewBridge
0x000000019fb0d000 	/System/Library/PrivateFrameworks/login.framework/Versions/A/login
0x000000014a87c000 	/Users/shonn/.openjfx/cache/17.0.1/libjavafx_font.dylib


VM Arguments:
jvm_args: -javaagent:/Applications/IntelliJ IDEA CE.app/Contents/lib/idea_rt.jar=59128:/Applications/IntelliJ IDEA CE.app/Contents/bin -Dfile.encoding=UTF-8 --module-path=/Users/shonn/SynologyDrive/Project/Clinic 4/target/classes:/Users/shonn/.m2/repository/org/openjfx/javafx-fxml/17.0.1/javafx-fxml-17.0.1-mac-aarch64.jar:/Users/shonn/.m2/repository/org/openjfx/javafx-base/17.0.1/javafx-base-17.0.1-mac-aarch64.jar:/Users/shonn/.m2/repository/org/openjfx/javafx-controls/17.0.1/javafx-controls-17.0.1-mac-aarch64.jar:/Users/shonn/.m2/repository/org/openjfx/javafx-graphics/17.0.1/javafx-graphics-17.0.1-mac-aarch64.jar -Djdk.module.main=com.java.clinic 
java_command: com.java.clinic/com.java.clinic.ClinicApplication
java_class_path (initial): /Users/shonn/.m2/repository/org/openjfx/javafx-controls/17.0.1/javafx-controls-17.0.1.jar:/Users/shonn/.m2/repository/org/openjfx/javafx-graphics/17.0.1/javafx-graphics-17.0.1.jar:/Users/shonn/.m2/repository/org/openjfx/javafx-base/17.0.1/javafx-base-17.0.1.jar:/Users/shonn/.m2/repository/org/openjfx/javafx-fxml/17.0.1/javafx-fxml-17.0.1.jar
Launcher Type: SUN_STANDARD

[Global flags]
     intx CICompilerCount                          = 4                                         {product} {ergonomic}
     uint ConcGCThreads                            = 2                                         {product} {ergonomic}
     uint G1ConcRefinementThreads                  = 8                                         {product} {ergonomic}
   size_t G1HeapRegionSize                         = 1048576                                   {product} {ergonomic}
    uintx GCDrainStackTargetSize                   = 64                                        {product} {ergonomic}
   size_t InitialHeapSize                          = 134217728                                 {product} {ergonomic}
   size_t MarkStackSize                            = 4194304                                   {product} {ergonomic}
   size_t MaxHeapSize                              = 2147483648                                {product} {ergonomic}
   size_t MaxNewSize                               = 1287651328                                {product} {ergonomic}
   size_t MinHeapDeltaBytes                        = 1048576                                   {product} {ergonomic}
   size_t MinHeapSize                              = 8388608                                   {product} {ergonomic}
    uintx NonNMethodCodeHeapSize                   = 5839564                                {pd product} {ergonomic}
    uintx NonProfiledCodeHeapSize                  = 122909338                              {pd product} {ergonomic}
    uintx ProfiledCodeHeapSize                     = 122909338                              {pd product} {ergonomic}
    uintx ReservedCodeCacheSize                    = 251658240                              {pd product} {ergonomic}
     bool SegmentedCodeCache                       = true                                      {product} {ergonomic}
   size_t SoftMaxHeapSize                          = 2147483648                             {manageable} {ergonomic}
     bool UseCompressedClassPointers               = true                           {product lp64_product} {ergonomic}
     bool UseCompressedOops                        = true                           {product lp64_product} {ergonomic}
     bool UseG1GC                                  = true                                      {product} {ergonomic}
     bool UseNUMA                                  = false                                     {product} {ergonomic}
     bool UseNUMAInterleaving                      = false                                     {product} {ergonomic}

Logging:
Log output configuration:
 #0: stdout all=warning uptime,level,tags
 #1: stderr all=off uptime,level,tags

Environment Variables:
PATH=/Library/Frameworks/Python.framework/Versions/3.10/bin:/opt/local/bin:/opt/local/sbin:/usr/local/bin:/usr/bin:/bin:/usr/sbin:/sbin:/opt/X11/bin
SHELL=/bin/zsh
DISPLAY=/private/tmp/com.apple.launchd.GAgu15EGAo/org.xquartz:0
LC_CTYPE=en_US.UTF-8

Signal Handlers:
   SIGSEGV: _ZL13crash_handleriP9__siginfoPv in libjvm.dylib, mask=11100110000111110111111111111111, flags=SA_RESTART|SA_SIGINFO
    SIGBUS: _ZL13crash_handleriP9__siginfoPv in libjvm.dylib, mask=11100110000111110111111111111111, flags=SA_RESTART|SA_SIGINFO
    SIGFPE: _ZL13crash_handleriP9__siginfoPv in libjvm.dylib, mask=11100110000111110111111111111111, flags=SA_RESTART|SA_SIGINFO
   SIGPIPE: _ZL17javaSignalHandleriP9__siginfoPv in libjvm.dylib, mask=11100110000111110111111111111111, flags=SA_RESTART|SA_SIGINFO
   SIGXFSZ: _ZL17javaSignalHandleriP9__siginfoPv in libjvm.dylib, mask=11100110000111110111111111111111, flags=SA_RESTART|SA_SIGINFO
    SIGILL: _ZL13crash_handleriP9__siginfoPv in libjvm.dylib, mask=11100110000111110111111111111111, flags=SA_RESTART|SA_SIGINFO
   SIGUSR2: _ZL10SR_handleriP9__siginfoP17__darwin_ucontext in libjvm.dylib, mask=00100000000000000000000000000000, flags=SA_RESTART|SA_SIGINFO
    SIGHUP: _ZL11UserHandleriPvS_ in libjvm.dylib, mask=11100110000111110111111111111111, flags=SA_RESTART|SA_SIGINFO
    SIGINT: _ZL11UserHandleriPvS_ in libjvm.dylib, mask=11100110000111110111111111111111, flags=SA_RESTART|SA_SIGINFO
   SIGTERM: _ZL11UserHandleriPvS_ in libjvm.dylib, mask=11100110000111110111111111111111, flags=SA_RESTART|SA_SIGINFO
   SIGQUIT: _ZL11UserHandleriPvS_ in libjvm.dylib, mask=11100110000111110111111111111111, flags=SA_RESTART|SA_SIGINFO
   SIGTRAP: _ZL13crash_handleriP9__siginfoPv in libjvm.dylib, mask=11100110000111110111111111111111, flags=SA_RESTART|SA_SIGINFO


---------------  S Y S T E M  ---------------

OS:
uname: Darwin 21.2.0 Darwin Kernel Version 21.2.0: Sun Nov 28 20:29:10 PST 2021; root:xnu-8019.61.5~1/RELEASE_ARM64_T8101 arm64
OS uptime: 3 days 10:44 hours
rlimit (soft/hard): STACK 8176k/65520k , CORE 0k/infinity , NPROC 1333/2000 , NOFILE 10240/infinity , AS infinity/infinity , CPU infinity/infinity , DATA infinity/infinity , FSIZE infinity/infinity , MEMLOCK infinity/infinity , RSS infinity/infinity
load average: 2.50 2.13 1.76

CPU: total 8 (initial active 8) 0x61:0x0:0x1b588bb3:0, fp, simd, crc, lse

Memory: 16k page, physical 8388608k(149904k free), swap 4194304k(722688k free)

vm_info: OpenJDK 64-Bit Server VM (17.0.2+8-86) for bsd-aarch64 JRE (17.0.2+8-86), built on Dec  7 2021 21:45:06 by "mach5one" with clang Apple LLVM 12.0.0 (clang-1200.0.32.29)

END.
