#
# A fatal error has been detected by the Java Runtime Environment:
#
#  SIGBUS (0xa) at pc=0x00000001300014f0, pid=29712, tid=34831
#
# JRE version: OpenJDK Runtime Environment (17.0.2+8) (build 17.0.2+8-86)
# Java VM: OpenJDK 64-Bit Server VM (17.0.2+8-86, mixed mode, sharing, tiered, compressed oops, compressed class ptrs, g1 gc, bsd-aarch64)
# Problematic frame:
# v  ~StubRoutines::SafeFetchN
#
# No core dump will be written. Core dumps have been disabled. To enable core dumping, try "ulimit -c unlimited" before starting Java again
#
# If you would like to submit a bug report, please visit:
#   https://bugreport.java.com/bugreport/crash.jsp
# The crash happened outside the Java Virtual Machine in native code.
# See problematic frame for where to report the bug.
#

---------------  S U M M A R Y ------------

Command Line: -javaagent:/Applications/IntelliJ IDEA CE.app/Contents/lib/idea_rt.jar=60307:/Applications/IntelliJ IDEA CE.app/Contents/bin -Dfile.encoding=UTF-8 --module-path=/Users/shonn/.m2/repository/org/openjfx/javafx-graphics/17.0.1/javafx-graphics-17.0.1-mac-aarch64.jar:/Users/shonn/.m2/repository/org/openjfx/javafx-base/17.0.1/javafx-base-17.0.1-mac-aarch64.jar:/Users/shonn/.m2/repository/org/openjfx/javafx-fxml/17.0.1/javafx-fxml-17.0.1-mac-aarch64.jar:/Users/shonn/SynologyDrive/Project/Clinic 4/target/classes:/Users/shonn/.m2/repository/org/openjfx/javafx-controls/17.0.1/javafx-controls-17.0.1-mac-aarch64.jar -Djdk.module.main=com.java.clinic com.java.clinic/com.java.clinic.ClinicApplication

Host: "MacBookPro17,1" arm64 1 MHz, 8 cores, 8G, Darwin 21.2.0, macOS 12.1 (21C52)
Time: Wed Jul 13 19:54:23 2022 PDT elapsed time: 58978.618648 seconds (0d 16h 22m 58s)

---------------  T H R E A D  ---------------

Current thread (0x0000000125897c00):  JavaThread "InvokeLaterDispatcher" daemon [_thread_in_native, id=34831, stack(0x000000016fb40000,0x000000016fd43000)]

Stack: [0x000000016fb40000,0x000000016fd43000],  sp=0x000000016fd42780,  free space=2057k
Native frames: (J=compiled Java code, j=interpreted, Vv=VM code, C=native code)
v  ~StubRoutines::SafeFetchN
V  [libjvm.dylib+0x7a6bcc]  _ZN10OopStorage7releaseEPKP7oopDesc+0x20
V  [libjvm.dylib+0x4ba824]  jni_DeleteGlobalRef+0xd8
C  [libglass.dylib+0xab08]  -[GlassRunnable dealloc]+0x34
C  [Foundation+0x84c7c]  -[_NSThreadPerformInfo dealloc]+0x30
C  [Foundation+0x51578]  -[NSObject(NSThreadPerformAdditions) performSelectorOnMainThread:withObject:waitUntilDone:]+0x88
C  0x3c6c8001300098ac
j  com.sun.glass.ui.mac.MacApplication.submitForLaterInvocation(Ljava/lang/Runnable;)V+2 javafx.graphics
j  com.sun.glass.ui.InvokeLaterDispatcher.run()V+82 javafx.graphics
v  ~StubRoutines::call_stub
V  [libjvm.dylib+0x461d08]  _ZN9JavaCalls11call_helperEP9JavaValueRK12methodHandleP17JavaCallArgumentsP10JavaThread+0x38c
V  [libjvm.dylib+0x460d24]  _ZN9JavaCalls12call_virtualEP9JavaValueP5KlassP6SymbolS5_P17JavaCallArgumentsP10JavaThread+0x11c
V  [libjvm.dylib+0x460df0]  _ZN9JavaCalls12call_virtualEP9JavaValue6HandleP5KlassP6SymbolS6_P10JavaThread+0x64
V  [libjvm.dylib+0x515f04]  _ZL12thread_entryP10JavaThreadS0_+0xc4
V  [libjvm.dylib+0x9071ac]  _ZN10JavaThread17thread_main_innerEv+0x13c
V  [libjvm.dylib+0x9058c0]  _ZN6Thread8call_runEv+0x128
V  [libjvm.dylib+0x7ad7c8]  _ZL19thread_native_entryP6Thread+0x158
C  [libsystem_pthread.dylib+0x7240]  _pthread_start+0x94

Java frames: (J=compiled Java code, j=interpreted, Vv=VM code)
j  com.sun.glass.ui.mac.MacApplication._submitForLaterInvocation(Ljava/lang/Runnable;)V+0 javafx.graphics
j  com.sun.glass.ui.mac.MacApplication.submitForLaterInvocation(Ljava/lang/Runnable;)V+2 javafx.graphics
j  com.sun.glass.ui.InvokeLaterDispatcher.run()V+82 javafx.graphics
v  ~StubRoutines::call_stub

siginfo: si_signo: 10 (SIGBUS), si_code: 1 (BUS_ADRALN), si_addr: 0x00000001300014f0

Register to memory mapping:

 x0=0x00000001270064c8 points into unknown readable memory: 0x0000000000000000 | 00 00 00 00 00 00 00 00
 x1=0x0 is NULL
 x2=0x0000000787380788 is an oop: com.sun.glass.ui.InvokeLaterDispatcher$Future 
{0x0000000787380788} - klass: 'com/sun/glass/ui/InvokeLaterDispatcher$Future'
 - ---- fields (total size 3 words):
 - private 'done' 'Z' @12  true
 - private final 'runnable' 'Ljava/lang/Runnable;' @16  a 'com/sun/javafx/tk/quantum/QuantumToolkit$$Lambda$85+0x0000000800c397a0'{0x000000078678c820} (f0cf1904)
 - final synthetic 'this$0' 'Lcom/sun/glass/ui/InvokeLaterDispatcher;' @20  a 'com/sun/glass/ui/InvokeLaterDispatcher'{0x0000000786815868} (f0d02b0d)
 x3=0x0 is NULL
 x4=0x00000000000130a8 is an unknown value
 x5=0x0 is NULL
 x6=0x0 is NULL
 x7=0x0 is NULL
 x8=0x00000001300014ec is at begin+0 in a stub
StubRoutines::SafeFetchN [0x00000001300014ec, 0x00000001300014f8] (12 bytes)
 x9=0x0 is NULL
x10=0x2010000030300000 is an unknown value
x11=0x0000000000000007 is an unknown value
x12=0x0 is NULL
x13=0x000060000006fff0 points into unknown readable memory: 0x0000000000000000 | 00 00 00 00 00 00 00 00
x14=0x0000000000000001 is an unknown value
x15=0x0000000115029f98: OBJC_CLASS_$_GlassRunnable+0 in /Users/shonn/.openjfx/cache/17.0.1/libglass.dylib at 0x0000000114fe4000
x16=0x000000019d30c094: pthread_getspecific+0 in /usr/lib/system/libsystem_pthread.dylib at 0x000000019d30a000
x17=0x0000600000a62a00 points into unknown readable memory: 0xfffffffffffffffe | fe ff ff ff ff ff ff ff
x18=0x0 is NULL
x19=0x000060000057c000 points into unknown readable memory: 0x0000600002c640a0 | a0 40 c6 02 00 60 00 00
x20=0x00000001270062c0 points into unknown readable memory: 0xa5800730a805ac25 | 25 ac 05 a8 30 07 80 a5
x21=0x00000001270064c8 points into unknown readable memory: 0x0000000000000000 | 00 00 00 00 00 00 00 00
x22=0x0000000125897c00 is a thread
x23=0x0000000000000001 is an unknown value
x24=0x0000000127006480 is a global jni handle
x25=0x0000000104a4d5e8: _ZN12StubRoutines17_safefetchN_entryE+0 in /Users/shonn/Library/Java/JavaVirtualMachines/openjdk-17.0.2/Contents/Home/lib/server/libjvm.dylib at 0x0000000103e9c000
x26=0x0000000112d18170 is pointing into metadata
x27=0x0 is NULL
x28=0x0000000125897c00 is a thread


Registers:
 x0=0x00000001270064c8  x1=0x0000000000000000  x2=0x0000000787380788  x3=0x0000000000000000
 x4=0x00000000000130a8  x5=0x0000000000000000  x6=0x0000000000000000  x7=0x0000000000000000
 x8=0x00000001300014ec  x9=0x0000000000000000 x10=0x2010000030300000 x11=0x0000000000000007
x12=0x0000000000000000 x13=0x000060000006fff0 x14=0x0000000000000001 x15=0x0000000115029f98
x16=0x000000019d30c094 x17=0x0000600000a62a00 x18=0x0000000000000000 x19=0x000060000057c000
x20=0x00000001270062c0 x21=0x00000001270064c8 x22=0x0000000125897c00 x23=0x0000000000000001
x24=0x0000000127006480 x25=0x0000000104a4d5e8 x26=0x0000000112d18170 x27=0x0000000000000000
x28=0x0000000125897c00  fp=0x000000016fd427c0  lr=0x000000010464199c  sp=0x000000016fd42780
pc=0x00000001300014f0 cpsr=0x0000000060001000
Top of Stack: (sp=0x000000016fd42780)
0x000000016fd42780:   0000000112d18170 0000000000000001
0x000000016fd42790:   000000016fd42988 0000000000000000
0x000000016fd427a0:   00000001279f28a8 00000001270064b0
0x000000016fd427b0:   00000001270064b0 000060000057c000
0x000000016fd427c0:   000000016fd42800 0000000104642bcc
0x000000016fd427d0:   0000000000000001 00000001270064b0
0x000000016fd427e0:   00000001279f28a8 00000001270064b0
0x000000016fd427f0:   0000000000000001 00000001279f2600
0x000000016fd42800:   000000016fd42840 0000000104356824
0x000000016fd42810:   000000016fd42988 0000600002cd2d30
0x000000016fd42820:   0000600002cd2e10 00000001e783c474
0x000000016fd42830:   0000000000000000 0000600002cd2e10
0x000000016fd42840:   000000016fd42870 0000000114feeb08
0x000000016fd42850:   f7c9ce47802500f7 0000000000000000
0x000000016fd42860:   0000000000000000 0000600003b0a200
0x000000016fd42870:   000000016fd428b0 000000019e2d0c7c
0x000000016fd42880:   000000016fd42988 0000600002cd2d30
0x000000016fd42890:   0000600002cd2e10 f7c9ce47802500f7
0x000000016fd428a0:   0000000000000000 0000000000000000
0x000000016fd428b0:   000000016fd428f0 c27100019e29d578
0x000000016fd428c0:   000000016fd42988 00000001300087c0
0x000000016fd428d0:   0000000000000000 0000000104a54fa8
0x000000016fd428e0:   000000016fd42900 0000000130007730
0x000000016fd428f0:   000000016fd42960 3c6c8001300098ac
0x000000016fd42900:   000000016fd42900 000000080098b325
0x000000016fd42910:   000000016fd42910 0000000000000000
0x000000016fd42920:   000000016fd42988 0000000112d18170
0x000000016fd42930:   0000000786827660 0000000000000000
0x000000016fd42940:   0000000000000000 0000000112cf7138
0x000000016fd42950:   0000000000000000 000000016fd42960
0x000000016fd42960:   000000016fd429e0 0000000130005fc8
0x000000016fd42970:   0000000000000000 0000000000000000 

Instructions: (pc=0x00000001300014f0)
0x00000001300013f0:   f2a09429 f2c00029 6d425935 1e640886
0x0000000130001400:   0c402d31 1e6408c7 1f5654d0 1e6c1017
0x0000000130001410:   1f5050d0 1f504cd0 1f5048d0 1e650af6
0x0000000130001420:   1f50d8f6 1f5694d6 1f5158f6 1e762880
0x0000000130001430:   36000501 1e614000 14000026 2e251ca5
0x0000000130001440:   d2943009 f2a09429 f2c00029 6d425d36
0x0000000130001450:   1e600806 0c402d32 1f5758c7 1e6c101a
0x0000000130001460:   1f4754c7 1e650805 1f4750c7 d2866668
0x0000000130001470:   f2a7fa68 1f474cc7 1e6608c0 1f4748c7
0x0000000130001480:   1e6e1019 eb08007f 540000ac 1f479400
0x0000000130001490:   1f460340 1e603b20 1400000e d2a7fd29
0x00000001300014a0:   eb09007f 540000ac 51480069 d3607d29
0x00000001300014b0:   9e670121 14000002 1e6a5001 1f679417
0x00000001300014c0:   1f668742 1e613b23 1e773857 1e773860
0x00000001300014d0:   a8c17ff3 910003bf a8c17bfd d65f03c0
0x00000001300014e0:   b9400001 aa0103e0 d65f03c0 f9400001
0x00000001300014f0:   aa0103e0 d65f03c0 00000000 00000000
0x0000000130001500:   00000000 00000000 00000000 00000000
0x0000000130001510:   00000000 00000000 00000000 00000000
0x0000000130001520:   00000000 00000000 00000000 00000000
0x0000000130001530:   00000000 00000000 00000000 00000000
0x0000000130001540:   00000000 00000000 00000000 00000000
0x0000000130001550:   00000000 00000000 00000000 00000000
0x0000000130001560:   00000000 00000000 00000000 00000000
0x0000000130001570:   00000000 00000000 00000000 00000000
0x0000000130001580:   00000000 00000000 00000000 00000000
0x0000000130001590:   00000000 00000000 00000000 00000000
0x00000001300015a0:   00000000 00000000 00000000 00000000
0x00000001300015b0:   00000000 00000000 00000000 00000000
0x00000001300015c0:   00000000 00000000 00000000 00000000
0x00000001300015d0:   00000000 00000000 00000000 00000000
0x00000001300015e0:   00000000 00000000 00000000 00000000 


Stack slot to memory mapping:
stack at sp + 0 slots: 0x0000000112d18170 is pointing into metadata
stack at sp + 1 slots: 0x0000000000000001 is an unknown value
stack at sp + 2 slots: 0x000000016fd42988 is pointing into the stack for thread: 0x0000000125897c00
stack at sp + 3 slots: 0x0 is NULL
stack at sp + 4 slots: 0x00000001279f28a8 points into unknown readable memory: 0x0000000104a0a738 | 38 a7 a0 04 01 00 00 00
stack at sp + 5 slots: 0x00000001270064b0 is a global jni handle
stack at sp + 6 slots: 0x00000001270064b0 is a global jni handle
stack at sp + 7 slots: 0x000060000057c000 points into unknown readable memory: 0x0000600002c640a0 | a0 40 c6 02 00 60 00 00

StubRoutines::SafeFetchN [0x00000001300014ec, 0x00000001300014f8] (12 bytes)
[MachCode]
  0x00000001300014ec: 0100 40f9 | e003 01aa | c003 5fd6 
[/MachCode]

---------------  P R O C E S S  ---------------

Threads class SMR info:
_java_thread_list=0x0000600002e559c0, length=19, elements={
0x0000000125808200, 0x0000000126094400, 0x0000000126096c00, 0x0000000126099400,
0x0000000126098200, 0x000000012683f200, 0x000000012683f800, 0x0000000125808c00,
0x0000000125809a00, 0x0000000126094a00, 0x00000001260b5400, 0x000000011680a400,
0x0000000126840600, 0x0000000125897c00, 0x00000001279f2600, 0x0000000125918600,
0x00000001269fcc00, 0x00000001259a1600, 0x0000000117009800
}

Java Threads: ( => current thread )
  0x0000000125808200 JavaThread "main" [_thread_blocked, id=6147, stack(0x000000016d138000,0x000000016d33b000)]
  0x0000000126094400 JavaThread "Reference Handler" daemon [_thread_blocked, id=18179, stack(0x000000016df8c000,0x000000016e18f000)]
  0x0000000126096c00 JavaThread "Finalizer" daemon [_thread_blocked, id=17923, stack(0x000000016e198000,0x000000016e39b000)]
  0x0000000126099400 JavaThread "Signal Dispatcher" daemon [_thread_blocked, id=41987, stack(0x000000016e4bc000,0x000000016e6bf000)]
  0x0000000126098200 JavaThread "Service Thread" daemon [_thread_blocked, id=22787, stack(0x000000016e6c8000,0x000000016e8cb000)]
  0x000000012683f200 JavaThread "Monitor Deflation Thread" daemon [_thread_blocked, id=23043, stack(0x000000016e8d4000,0x000000016ead7000)]
  0x000000012683f800 JavaThread "C2 CompilerThread0" daemon [_thread_blocked, id=41219, stack(0x000000016eae0000,0x000000016ece3000)]
  0x0000000125808c00 JavaThread "C1 CompilerThread0" daemon [_thread_blocked, id=23299, stack(0x000000016ecec000,0x000000016eeef000)]
  0x0000000125809a00 JavaThread "Sweeper thread" daemon [_thread_blocked, id=23555, stack(0x000000016eef8000,0x000000016f0fb000)]
  0x0000000126094a00 JavaThread "Common-Cleaner" daemon [_thread_blocked, id=23811, stack(0x000000016f104000,0x000000016f307000)]
  0x00000001260b5400 JavaThread "Monitor Ctrl-Break" daemon [_thread_in_native, id=24067, stack(0x000000016f310000,0x000000016f513000)]
  0x000000011680a400 JavaThread "Notification Thread" daemon [_thread_blocked, id=39683, stack(0x000000016f51c000,0x000000016f71f000)]
  0x0000000126840600 JavaThread "QuantumRenderer-0" daemon [_thread_blocked, id=38915, stack(0x000000016f934000,0x000000016fb37000)]
=>0x0000000125897c00 JavaThread "InvokeLaterDispatcher" daemon [_thread_in_native, id=34831, stack(0x000000016fb40000,0x000000016fd43000)]
  0x00000001279f2600 JavaThread "JavaFX Application Thread" [_thread_in_native, id=259, stack(0x000000016c8b0000,0x000000016d0ac000)]
  0x0000000125918600 JavaThread "JavaFX-Launcher" [_thread_blocked, id=53779, stack(0x0000000170070000,0x0000000170273000)]
  0x00000001269fcc00 JavaThread "Prism Font Disposer" daemon [_thread_blocked, id=58755, stack(0x0000000170cb8000,0x0000000170ebb000)]
  0x00000001259a1600 JavaThread "Attach Listener" daemon [_thread_blocked, id=59975, stack(0x0000000175700000,0x0000000175903000)]
  0x0000000117009800 JavaThread "PulseTimer-CVDisplayLink thread" daemon [_thread_in_native, id=77459, stack(0x000000016e430000,0x000000016e4b3000)]

Other Threads:
  0x0000000127105a00 VMThread "VM Thread" [stack: 0x000000016dd80000,0x000000016df83000] [id=16131]
  0x0000000114e04440 WatcherThread [stack: 0x000000016f728000,0x000000016f92b000] [id=39171]
  0x0000000125706b80 GCTaskThread "GC Thread#0" [stack: 0x000000016d344000,0x000000016d547000] [id=12803]
  0x00000001257275a0 GCTaskThread "GC Thread#1" [stack: 0x000000017027c000,0x000000017047f000] [id=57091]
  0x0000000125727a20 GCTaskThread "GC Thread#2" [stack: 0x0000000170488000,0x000000017068b000] [id=57603]
  0x0000000125727ea0 GCTaskThread "GC Thread#3" [stack: 0x0000000170694000,0x0000000170897000] [id=72195]
  0x0000000125728710 GCTaskThread "GC Thread#4" [stack: 0x00000001708a0000,0x0000000170aa3000] [id=71683]
  0x0000000125728f80 GCTaskThread "GC Thread#5" [stack: 0x0000000170aac000,0x0000000170caf000] [id=58115]
  0x0000000125707230 ConcurrentGCThread "G1 Main Marker" [stack: 0x000000016d550000,0x000000016d753000] [id=13315]
  0x00000001256051c0 ConcurrentGCThread "G1 Conc#0" [stack: 0x000000016d75c000,0x000000016d95f000] [id=13827]
  0x0000000125606ef0 ConcurrentGCThread "G1 Refine#0" [stack: 0x000000016d968000,0x000000016db6b000] [id=14339]
  0x0000000127105010 ConcurrentGCThread "G1 Service" [stack: 0x000000016db74000,0x000000016dd77000] [id=14851]

Threads with active compile tasks:

VM state: not at safepoint (normal execution)

VM Mutex/Monitor currently owned by a thread: None

Heap address: 0x0000000780000000, size: 2048 MB, Compressed Oops mode: Zero based, Oop shift amount: 3

CDS archive(s) mapped at: [0x0000000800000000-0x0000000800bd4000-0x0000000800bd4000), size 12402688, SharedBaseAddress: 0x0000000800000000, ArchiveRelocationMode: 0.
Compressed class space mapped at: 0x0000000800c00000-0x0000000840c00000, reserved size: 1073741824
Narrow klass base: 0x0000000800000000, Narrow klass shift: 0, Narrow klass range: 0x100000000

GC Precious Log:
 CPUs: 8 total, 8 available
 Memory: 8192M
 Large Page Support: Disabled
 NUMA Support: Disabled
 Compressed Oops: Enabled (Zero based)
 Heap Region Size: 1M
 Heap Min Capacity: 8M
 Heap Initial Capacity: 128M
 Heap Max Capacity: 2G
 Pre-touch: Disabled
 Parallel Workers: 8
 Concurrent Workers: 2
 Concurrent Refinement Workers: 8
 Periodic GC: Disabled

Heap:
 garbage-first heap   total 133120K, used 24253K [0x0000000780000000, 0x0000000800000000)
  region size 1024K, 23 young (23552K), 3 survivors (3072K)
 Metaspace       used 11172K, committed 11328K, reserved 1064960K
  class space    used 1586K, committed 1664K, reserved 1048576K

Heap Regions: E=young(eden), S=young(survivor), O=old, HS=humongous(starts), HC=humongous(continues), CS=collection set, F=free, OA=open archive, CA=closed archive, TAMS=top-at-mark-start (previous, next)
|   0|0x0000000780000000, 0x00000007800b7600, 0x0000000780100000| 71%| O|  |TAMS 0x0000000780000000, 0x0000000780000000| Untracked 
|   1|0x0000000780100000, 0x0000000780100000, 0x0000000780200000|  0%| F|  |TAMS 0x0000000780100000, 0x0000000780100000| Untracked 
|   2|0x0000000780200000, 0x0000000780200000, 0x0000000780300000|  0%| F|  |TAMS 0x0000000780200000, 0x0000000780200000| Untracked 
|   3|0x0000000780300000, 0x0000000780300000, 0x0000000780400000|  0%| F|  |TAMS 0x0000000780300000, 0x0000000780300000| Untracked 
|   4|0x0000000780400000, 0x0000000780400000, 0x0000000780500000|  0%| F|  |TAMS 0x0000000780400000, 0x0000000780400000| Untracked 
|   5|0x0000000780500000, 0x0000000780500000, 0x0000000780600000|  0%| F|  |TAMS 0x0000000780500000, 0x0000000780500000| Untracked 
|   6|0x0000000780600000, 0x0000000780600000, 0x0000000780700000|  0%| F|  |TAMS 0x0000000780600000, 0x0000000780600000| Untracked 
|   7|0x0000000780700000, 0x0000000780700000, 0x0000000780800000|  0%| F|  |TAMS 0x0000000780700000, 0x0000000780700000| Untracked 
|   8|0x0000000780800000, 0x0000000780800000, 0x0000000780900000|  0%| F|  |TAMS 0x0000000780800000, 0x0000000780800000| Untracked 
|   9|0x0000000780900000, 0x0000000780900000, 0x0000000780a00000|  0%| F|  |TAMS 0x0000000780900000, 0x0000000780900000| Untracked 
|  10|0x0000000780a00000, 0x0000000780a00000, 0x0000000780b00000|  0%| F|  |TAMS 0x0000000780a00000, 0x0000000780a00000| Untracked 
|  11|0x0000000780b00000, 0x0000000780b00000, 0x0000000780c00000|  0%| F|  |TAMS 0x0000000780b00000, 0x0000000780b00000| Untracked 
|  12|0x0000000780c00000, 0x0000000780c00000, 0x0000000780d00000|  0%| F|  |TAMS 0x0000000780c00000, 0x0000000780c00000| Untracked 
|  13|0x0000000780d00000, 0x0000000780d00000, 0x0000000780e00000|  0%| F|  |TAMS 0x0000000780d00000, 0x0000000780d00000| Untracked 
|  14|0x0000000780e00000, 0x0000000780e00000, 0x0000000780f00000|  0%| F|  |TAMS 0x0000000780e00000, 0x0000000780e00000| Untracked 
|  15|0x0000000780f00000, 0x0000000780f00000, 0x0000000781000000|  0%| F|  |TAMS 0x0000000780f00000, 0x0000000780f00000| Untracked 
|  16|0x0000000781000000, 0x0000000781000000, 0x0000000781100000|  0%| F|  |TAMS 0x0000000781000000, 0x0000000781000000| Untracked 
|  17|0x0000000781100000, 0x0000000781100000, 0x0000000781200000|  0%| F|  |TAMS 0x0000000781100000, 0x0000000781100000| Untracked 
|  18|0x0000000781200000, 0x0000000781200000, 0x0000000781300000|  0%| F|  |TAMS 0x0000000781200000, 0x0000000781200000| Untracked 
|  19|0x0000000781300000, 0x0000000781300000, 0x0000000781400000|  0%| F|  |TAMS 0x0000000781300000, 0x0000000781300000| Untracked 
|  20|0x0000000781400000, 0x0000000781400000, 0x0000000781500000|  0%| F|  |TAMS 0x0000000781400000, 0x0000000781400000| Untracked 
|  21|0x0000000781500000, 0x0000000781500000, 0x0000000781600000|  0%| F|  |TAMS 0x0000000781500000, 0x0000000781500000| Untracked 
|  22|0x0000000781600000, 0x0000000781600000, 0x0000000781700000|  0%| F|  |TAMS 0x0000000781600000, 0x0000000781600000| Untracked 
|  23|0x0000000781700000, 0x0000000781700000, 0x0000000781800000|  0%| F|  |TAMS 0x0000000781700000, 0x0000000781700000| Untracked 
|  24|0x0000000781800000, 0x0000000781800000, 0x0000000781900000|  0%| F|  |TAMS 0x0000000781800000, 0x0000000781800000| Untracked 
|  25|0x0000000781900000, 0x0000000781900000, 0x0000000781a00000|  0%| F|  |TAMS 0x0000000781900000, 0x0000000781900000| Untracked 
|  26|0x0000000781a00000, 0x0000000781a00000, 0x0000000781b00000|  0%| F|  |TAMS 0x0000000781a00000, 0x0000000781a00000| Untracked 
|  27|0x0000000781b00000, 0x0000000781b00000, 0x0000000781c00000|  0%| F|  |TAMS 0x0000000781b00000, 0x0000000781b00000| Untracked 
|  28|0x0000000781c00000, 0x0000000781c00000, 0x0000000781d00000|  0%| F|  |TAMS 0x0000000781c00000, 0x0000000781c00000| Untracked 
|  29|0x0000000781d00000, 0x0000000781d00000, 0x0000000781e00000|  0%| F|  |TAMS 0x0000000781d00000, 0x0000000781d00000| Untracked 
|  30|0x0000000781e00000, 0x0000000781e00000, 0x0000000781f00000|  0%| F|  |TAMS 0x0000000781e00000, 0x0000000781e00000| Untracked 
|  31|0x0000000781f00000, 0x0000000781f00000, 0x0000000782000000|  0%| F|  |TAMS 0x0000000781f00000, 0x0000000781f00000| Untracked 
|  32|0x0000000782000000, 0x0000000782000000, 0x0000000782100000|  0%| F|  |TAMS 0x0000000782000000, 0x0000000782000000| Untracked 
|  33|0x0000000782100000, 0x0000000782100000, 0x0000000782200000|  0%| F|  |TAMS 0x0000000782100000, 0x0000000782100000| Untracked 
|  34|0x0000000782200000, 0x0000000782200000, 0x0000000782300000|  0%| F|  |TAMS 0x0000000782200000, 0x0000000782200000| Untracked 
|  35|0x0000000782300000, 0x0000000782300000, 0x0000000782400000|  0%| F|  |TAMS 0x0000000782300000, 0x0000000782300000| Untracked 
|  36|0x0000000782400000, 0x0000000782400000, 0x0000000782500000|  0%| F|  |TAMS 0x0000000782400000, 0x0000000782400000| Untracked 
|  37|0x0000000782500000, 0x0000000782500000, 0x0000000782600000|  0%| F|  |TAMS 0x0000000782500000, 0x0000000782500000| Untracked 
|  38|0x0000000782600000, 0x0000000782600000, 0x0000000782700000|  0%| F|  |TAMS 0x0000000782600000, 0x0000000782600000| Untracked 
|  39|0x0000000782700000, 0x0000000782700000, 0x0000000782800000|  0%| F|  |TAMS 0x0000000782700000, 0x0000000782700000| Untracked 
|  40|0x0000000782800000, 0x0000000782800000, 0x0000000782900000|  0%| F|  |TAMS 0x0000000782800000, 0x0000000782800000| Untracked 
|  41|0x0000000782900000, 0x0000000782900000, 0x0000000782a00000|  0%| F|  |TAMS 0x0000000782900000, 0x0000000782900000| Untracked 
|  42|0x0000000782a00000, 0x0000000782a00000, 0x0000000782b00000|  0%| F|  |TAMS 0x0000000782a00000, 0x0000000782a00000| Untracked 
|  43|0x0000000782b00000, 0x0000000782b00000, 0x0000000782c00000|  0%| F|  |TAMS 0x0000000782b00000, 0x0000000782b00000| Untracked 
|  44|0x0000000782c00000, 0x0000000782c00000, 0x0000000782d00000|  0%| F|  |TAMS 0x0000000782c00000, 0x0000000782c00000| Untracked 
|  45|0x0000000782d00000, 0x0000000782d00000, 0x0000000782e00000|  0%| F|  |TAMS 0x0000000782d00000, 0x0000000782d00000| Untracked 
|  46|0x0000000782e00000, 0x0000000782e00000, 0x0000000782f00000|  0%| F|  |TAMS 0x0000000782e00000, 0x0000000782e00000| Untracked 
|  47|0x0000000782f00000, 0x0000000782f00000, 0x0000000783000000|  0%| F|  |TAMS 0x0000000782f00000, 0x0000000782f00000| Untracked 
|  48|0x0000000783000000, 0x0000000783000000, 0x0000000783100000|  0%| F|  |TAMS 0x0000000783000000, 0x0000000783000000| Untracked 
|  49|0x0000000783100000, 0x0000000783100000, 0x0000000783200000|  0%| F|  |TAMS 0x0000000783100000, 0x0000000783100000| Untracked 
|  50|0x0000000783200000, 0x0000000783200000, 0x0000000783300000|  0%| F|  |TAMS 0x0000000783200000, 0x0000000783200000| Untracked 
|  51|0x0000000783300000, 0x0000000783300000, 0x0000000783400000|  0%| F|  |TAMS 0x0000000783300000, 0x0000000783300000| Untracked 
|  52|0x0000000783400000, 0x0000000783400000, 0x0000000783500000|  0%| F|  |TAMS 0x0000000783400000, 0x0000000783400000| Untracked 
|  53|0x0000000783500000, 0x0000000783500000, 0x0000000783600000|  0%| F|  |TAMS 0x0000000783500000, 0x0000000783500000| Untracked 
|  54|0x0000000783600000, 0x0000000783600000, 0x0000000783700000|  0%| F|  |TAMS 0x0000000783600000, 0x0000000783600000| Untracked 
|  55|0x0000000783700000, 0x0000000783700000, 0x0000000783800000|  0%| F|  |TAMS 0x0000000783700000, 0x0000000783700000| Untracked 
|  56|0x0000000783800000, 0x0000000783800000, 0x0000000783900000|  0%| F|  |TAMS 0x0000000783800000, 0x0000000783800000| Untracked 
|  57|0x0000000783900000, 0x0000000783900000, 0x0000000783a00000|  0%| F|  |TAMS 0x0000000783900000, 0x0000000783900000| Untracked 
|  58|0x0000000783a00000, 0x0000000783a00000, 0x0000000783b00000|  0%| F|  |TAMS 0x0000000783a00000, 0x0000000783a00000| Untracked 
|  59|0x0000000783b00000, 0x0000000783b00000, 0x0000000783c00000|  0%| F|  |TAMS 0x0000000783b00000, 0x0000000783b00000| Untracked 
|  60|0x0000000783c00000, 0x0000000783c00000, 0x0000000783d00000|  0%| F|  |TAMS 0x0000000783c00000, 0x0000000783c00000| Untracked 
|  61|0x0000000783d00000, 0x0000000783d00000, 0x0000000783e00000|  0%| F|  |TAMS 0x0000000783d00000, 0x0000000783d00000| Untracked 
|  62|0x0000000783e00000, 0x0000000783e00000, 0x0000000783f00000|  0%| F|  |TAMS 0x0000000783e00000, 0x0000000783e00000| Untracked 
|  63|0x0000000783f00000, 0x0000000783f00000, 0x0000000784000000|  0%| F|  |TAMS 0x0000000783f00000, 0x0000000783f00000| Untracked 
|  64|0x0000000784000000, 0x0000000784000000, 0x0000000784100000|  0%| F|  |TAMS 0x0000000784000000, 0x0000000784000000| Untracked 
|  65|0x0000000784100000, 0x0000000784100000, 0x0000000784200000|  0%| F|  |TAMS 0x0000000784100000, 0x0000000784100000| Untracked 
|  66|0x0000000784200000, 0x0000000784200000, 0x0000000784300000|  0%| F|  |TAMS 0x0000000784200000, 0x0000000784200000| Untracked 
|  67|0x0000000784300000, 0x0000000784300000, 0x0000000784400000|  0%| F|  |TAMS 0x0000000784300000, 0x0000000784300000| Untracked 
|  68|0x0000000784400000, 0x0000000784400000, 0x0000000784500000|  0%| F|  |TAMS 0x0000000784400000, 0x0000000784400000| Untracked 
|  69|0x0000000784500000, 0x0000000784500000, 0x0000000784600000|  0%| F|  |TAMS 0x0000000784500000, 0x0000000784500000| Untracked 
|  70|0x0000000784600000, 0x0000000784600000, 0x0000000784700000|  0%| F|  |TAMS 0x0000000784600000, 0x0000000784600000| Untracked 
|  71|0x0000000784700000, 0x0000000784700000, 0x0000000784800000|  0%| F|  |TAMS 0x0000000784700000, 0x0000000784700000| Untracked 
|  72|0x0000000784800000, 0x0000000784800000, 0x0000000784900000|  0%| F|  |TAMS 0x0000000784800000, 0x0000000784800000| Untracked 
|  73|0x0000000784900000, 0x0000000784900000, 0x0000000784a00000|  0%| F|  |TAMS 0x0000000784900000, 0x0000000784900000| Untracked 
|  74|0x0000000784a00000, 0x0000000784a00000, 0x0000000784b00000|  0%| F|  |TAMS 0x0000000784a00000, 0x0000000784a00000| Untracked 
|  75|0x0000000784b00000, 0x0000000784b00000, 0x0000000784c00000|  0%| F|  |TAMS 0x0000000784b00000, 0x0000000784b00000| Untracked 
|  76|0x0000000784c00000, 0x0000000784c00000, 0x0000000784d00000|  0%| F|  |TAMS 0x0000000784c00000, 0x0000000784c00000| Untracked 
|  77|0x0000000784d00000, 0x0000000784d00000, 0x0000000784e00000|  0%| F|  |TAMS 0x0000000784d00000, 0x0000000784d00000| Untracked 
|  78|0x0000000784e00000, 0x0000000784e00000, 0x0000000784f00000|  0%| F|  |TAMS 0x0000000784e00000, 0x0000000784e00000| Untracked 
|  79|0x0000000784f00000, 0x0000000784f00000, 0x0000000785000000|  0%| F|  |TAMS 0x0000000784f00000, 0x0000000784f00000| Untracked 
|  80|0x0000000785000000, 0x0000000785000000, 0x0000000785100000|  0%| F|  |TAMS 0x0000000785000000, 0x0000000785000000| Untracked 
|  81|0x0000000785100000, 0x0000000785100000, 0x0000000785200000|  0%| F|  |TAMS 0x0000000785100000, 0x0000000785100000| Untracked 
|  82|0x0000000785200000, 0x0000000785200000, 0x0000000785300000|  0%| F|  |TAMS 0x0000000785200000, 0x0000000785200000| Untracked 
|  83|0x0000000785300000, 0x0000000785300000, 0x0000000785400000|  0%| F|  |TAMS 0x0000000785300000, 0x0000000785300000| Untracked 
|  84|0x0000000785400000, 0x0000000785400000, 0x0000000785500000|  0%| F|  |TAMS 0x0000000785400000, 0x0000000785400000| Untracked 
|  85|0x0000000785500000, 0x0000000785500000, 0x0000000785600000|  0%| F|  |TAMS 0x0000000785500000, 0x0000000785500000| Untracked 
|  86|0x0000000785600000, 0x0000000785600000, 0x0000000785700000|  0%| F|  |TAMS 0x0000000785600000, 0x0000000785600000| Untracked 
|  87|0x0000000785700000, 0x0000000785700000, 0x0000000785800000|  0%| F|  |TAMS 0x0000000785700000, 0x0000000785700000| Untracked 
|  88|0x0000000785800000, 0x0000000785800000, 0x0000000785900000|  0%| F|  |TAMS 0x0000000785800000, 0x0000000785800000| Untracked 
|  89|0x0000000785900000, 0x0000000785900000, 0x0000000785a00000|  0%| F|  |TAMS 0x0000000785900000, 0x0000000785900000| Untracked 
|  90|0x0000000785a00000, 0x0000000785a00000, 0x0000000785b00000|  0%| F|  |TAMS 0x0000000785a00000, 0x0000000785a00000| Untracked 
|  91|0x0000000785b00000, 0x0000000785b00000, 0x0000000785c00000|  0%| F|  |TAMS 0x0000000785b00000, 0x0000000785b00000| Untracked 
|  92|0x0000000785c00000, 0x0000000785c00000, 0x0000000785d00000|  0%| F|  |TAMS 0x0000000785c00000, 0x0000000785c00000| Untracked 
|  93|0x0000000785d00000, 0x0000000785d00000, 0x0000000785e00000|  0%| F|  |TAMS 0x0000000785d00000, 0x0000000785d00000| Untracked 
|  94|0x0000000785e00000, 0x0000000785e00000, 0x0000000785f00000|  0%| F|  |TAMS 0x0000000785e00000, 0x0000000785e00000| Untracked 
|  95|0x0000000785f00000, 0x0000000785f00000, 0x0000000786000000|  0%| F|  |TAMS 0x0000000785f00000, 0x0000000785f00000| Untracked 
|  96|0x0000000786000000, 0x0000000786000000, 0x0000000786100000|  0%| F|  |TAMS 0x0000000786000000, 0x0000000786000000| Untracked 
|  97|0x0000000786100000, 0x0000000786100000, 0x0000000786200000|  0%| F|  |TAMS 0x0000000786100000, 0x0000000786100000| Untracked 
|  98|0x0000000786200000, 0x0000000786200000, 0x0000000786300000|  0%| F|  |TAMS 0x0000000786200000, 0x0000000786200000| Untracked 
|  99|0x0000000786300000, 0x0000000786300000, 0x0000000786400000|  0%| F|  |TAMS 0x0000000786300000, 0x0000000786300000| Untracked 
| 100|0x0000000786400000, 0x0000000786400000, 0x0000000786500000|  0%| F|  |TAMS 0x0000000786400000, 0x0000000786400000| Untracked 
| 101|0x0000000786500000, 0x0000000786500000, 0x0000000786600000|  0%| F|  |TAMS 0x0000000786500000, 0x0000000786500000| Untracked 
| 102|0x0000000786600000, 0x0000000786700000, 0x0000000786700000|100%| S|CS|TAMS 0x0000000786600000, 0x0000000786600000| Complete 
| 103|0x0000000786700000, 0x0000000786800000, 0x0000000786800000|100%| S|CS|TAMS 0x0000000786700000, 0x0000000786700000| Complete 
| 104|0x0000000786800000, 0x0000000786900000, 0x0000000786900000|100%| S|CS|TAMS 0x0000000786800000, 0x0000000786800000| Complete 
| 105|0x0000000786900000, 0x0000000786900000, 0x0000000786a00000|  0%| F|  |TAMS 0x0000000786900000, 0x0000000786900000| Untracked 
| 106|0x0000000786a00000, 0x0000000786a00000, 0x0000000786b00000|  0%| F|  |TAMS 0x0000000786a00000, 0x0000000786a00000| Untracked 
| 107|0x0000000786b00000, 0x0000000786b00000, 0x0000000786c00000|  0%| F|  |TAMS 0x0000000786b00000, 0x0000000786b00000| Untracked 
| 108|0x0000000786c00000, 0x0000000786c508d0, 0x0000000786d00000| 31%| E|  |TAMS 0x0000000786c00000, 0x0000000786c00000| Complete 
| 109|0x0000000786d00000, 0x0000000786e00000, 0x0000000786e00000|100%| E|CS|TAMS 0x0000000786d00000, 0x0000000786d00000| Complete 
| 110|0x0000000786e00000, 0x0000000786f00000, 0x0000000786f00000|100%| E|CS|TAMS 0x0000000786e00000, 0x0000000786e00000| Complete 
| 111|0x0000000786f00000, 0x0000000787000000, 0x0000000787000000|100%| E|CS|TAMS 0x0000000786f00000, 0x0000000786f00000| Complete 
| 112|0x0000000787000000, 0x0000000787100000, 0x0000000787100000|100%| E|CS|TAMS 0x0000000787000000, 0x0000000787000000| Complete 
| 113|0x0000000787100000, 0x0000000787200000, 0x0000000787200000|100%| E|CS|TAMS 0x0000000787100000, 0x0000000787100000| Complete 
| 114|0x0000000787200000, 0x0000000787300000, 0x0000000787300000|100%| E|CS|TAMS 0x0000000787200000, 0x0000000787200000| Complete 
| 115|0x0000000787300000, 0x0000000787400000, 0x0000000787400000|100%| E|CS|TAMS 0x0000000787300000, 0x0000000787300000| Complete 
| 116|0x0000000787400000, 0x0000000787500000, 0x0000000787500000|100%| E|CS|TAMS 0x0000000787400000, 0x0000000787400000| Complete 
| 117|0x0000000787500000, 0x0000000787600000, 0x0000000787600000|100%| E|CS|TAMS 0x0000000787500000, 0x0000000787500000| Complete 
| 118|0x0000000787600000, 0x0000000787700000, 0x0000000787700000|100%| E|CS|TAMS 0x0000000787600000, 0x0000000787600000| Complete 
| 119|0x0000000787700000, 0x0000000787800000, 0x0000000787800000|100%| E|CS|TAMS 0x0000000787700000, 0x0000000787700000| Complete 
| 120|0x0000000787800000, 0x0000000787900000, 0x0000000787900000|100%| E|CS|TAMS 0x0000000787800000, 0x0000000787800000| Complete 
| 121|0x0000000787900000, 0x0000000787a00000, 0x0000000787a00000|100%| E|CS|TAMS 0x0000000787900000, 0x0000000787900000| Complete 
| 122|0x0000000787a00000, 0x0000000787b00000, 0x0000000787b00000|100%| E|CS|TAMS 0x0000000787a00000, 0x0000000787a00000| Complete 
| 123|0x0000000787b00000, 0x0000000787c00000, 0x0000000787c00000|100%| E|CS|TAMS 0x0000000787b00000, 0x0000000787b00000| Complete 
| 124|0x0000000787c00000, 0x0000000787d00000, 0x0000000787d00000|100%| E|CS|TAMS 0x0000000787c00000, 0x0000000787c00000| Complete 
| 125|0x0000000787d00000, 0x0000000787e00000, 0x0000000787e00000|100%| E|CS|TAMS 0x0000000787d00000, 0x0000000787d00000| Complete 
| 126|0x0000000787e00000, 0x0000000787f00000, 0x0000000787f00000|100%| E|CS|TAMS 0x0000000787e00000, 0x0000000787e00000| Complete 
| 127|0x0000000787f00000, 0x0000000788000000, 0x0000000788000000|100%| E|CS|TAMS 0x0000000787f00000, 0x0000000787f00000| Complete 
|2046|0x00000007ffe00000, 0x00000007ffe78000, 0x00000007fff00000| 46%|OA|  |TAMS 0x00000007ffe00000, 0x00000007ffe00000| Untracked 
|2047|0x00000007fff00000, 0x00000007fff80000, 0x0000000800000000| 50%|CA|  |TAMS 0x00000007fff00000, 0x00000007fff00000| Untracked 

Card table byte_map: [0x0000000103668000,0x0000000103a68000] _byte_map_base: 0x00000000ffa68000

Marking Bits (Prev, Next): (CMBitMap*) 0x0000000126829a10, (CMBitMap*) 0x0000000126829a50
 Prev Bits: [0x000000010c58c000, 0x000000010e58c000)
 Next Bits: [0x000000010e58c000, 0x000000011058c000)

Polling page: 0x0000000102f90000

Metaspace:

Usage:
  Non-class:      9.36 MB used.
      Class:      1.55 MB used.
       Both:     10.91 MB used.

Virtual space:
  Non-class space:       16.00 MB reserved,       9.44 MB ( 59%) committed,  2 nodes.
      Class space:        1.00 GB reserved,       1.62 MB ( <1%) committed,  1 nodes.
             Both:        1.02 GB reserved,      11.06 MB (  1%) committed. 

Chunk freelists:
   Non-Class:  1.56 MB
       Class:  2.20 MB
        Both:  3.76 MB

MaxMetaspaceSize: unlimited
CompressedClassSpaceSize: 1.00 GB
Initial GC threshold: 21.00 MB
Current GC threshold: 21.00 MB
CDS: on
MetaspaceReclaimPolicy: balanced
 - commit_granule_bytes: 65536.
 - commit_granule_words: 8192.
 - virtual_space_node_default_size: 1048576.
 - enlarge_chunks_in_place: 1.
 - new_chunks_are_fully_committed: 0.
 - uncommit_free_chunks: 1.
 - use_allocation_guard: 0.
 - handle_deallocations: 1.


Internal statistics:

num_allocs_failed_limit: 0.
num_arena_births: 124.
num_arena_deaths: 0.
num_vsnodes_births: 3.
num_vsnodes_deaths: 0.
num_space_committed: 177.
num_space_uncommitted: 0.
num_chunks_returned_to_freelist: 0.
num_chunks_taken_from_freelist: 468.
num_chunk_merges: 0.
num_chunk_splits: 325.
num_chunks_enlarged: 262.
num_purges: 0.
num_inconsistent_stats: 0.

CodeHeap 'non-profiled nmethods': size=120032Kb used=573Kb max_used=573Kb free=119458Kb
 bounds [0x0000000137ac8000, 0x0000000137d38000, 0x000000013f000000]
CodeHeap 'profiled nmethods': size=120016Kb used=2629Kb max_used=2629Kb free=117386Kb
 bounds [0x0000000130594000, 0x0000000130834000, 0x0000000137ac8000]
CodeHeap 'non-nmethods': size=5712Kb used=1330Kb max_used=1442Kb free=4381Kb
 bounds [0x0000000130000000, 0x0000000130270000, 0x0000000130594000]
 total_blobs=2092 nmethods=1386 adapters=623
 compilation: enabled
              stopped_count=0, restarted_count=0
 full_count=0

Compilation events (20 events):
Event: 58070.802 Thread 0x0000000125808c00 nmethod 1421 0x0000000137b54410 code [0x0000000137b54580, 0x0000000137b54668]
Event: 58070.802 Thread 0x0000000125808c00 1422       1       com.sun.prism.impl.BaseContext::getVertexBuffer (5 bytes)
Event: 58070.803 Thread 0x0000000125808c00 nmethod 1422 0x0000000137b54710 code [0x0000000137b54880, 0x0000000137b54968]
Event: 58070.803 Thread 0x0000000125808c00 1423       3       com.sun.prism.impl.ManagedResource::assertLocked (18 bytes)
Event: 58070.803 Thread 0x0000000125808c00 nmethod 1423 0x0000000130824190 code [0x0000000130824340, 0x0000000130824598]
Event: 58118.298 Thread 0x0000000125808c00 1424       1       com.sun.javafx.geom.transform.AffineBase::getMyt (5 bytes)
Event: 58118.298 Thread 0x0000000125808c00 nmethod 1424 0x0000000137b54a10 code [0x0000000137b54b80, 0x0000000137b54c68]
Event: 58118.298 Thread 0x0000000125808c00 1425       1       com.sun.prism.impl.BaseGraphics::isDepthBuffer (5 bytes)
Event: 58118.299 Thread 0x0000000125808c00 nmethod 1425 0x0000000137b54d10 code [0x0000000137b54e80, 0x0000000137b54f68]
Event: 58118.299 Thread 0x000000012683f800 1426       4       java.nio.DirectFloatBufferU::ix (10 bytes)
Event: 58118.334 Thread 0x000000012683f800 nmethod 1426 0x0000000137b55010 code [0x0000000137b55180, 0x0000000137b55220]
Event: 58119.376 Thread 0x0000000125808c00 1427       3       javafx.collections.ListChangeBuilder::finalizeSubChange (44 bytes)
Event: 58119.459 Thread 0x0000000125808c00 nmethod 1427 0x0000000130824690 code [0x0000000130824880, 0x0000000130824c18]
Event: 58119.667 Thread 0x0000000125808c00 1428       3       java.util.Arrays$ArrayList::size (6 bytes)
Event: 58119.690 Thread 0x0000000125808c00 nmethod 1428 0x0000000130824d10 code [0x0000000130824ec0, 0x0000000130825028]
Event: 58119.808 Thread 0x0000000125808c00 1431       1       com.sun.javafx.UnmodifiableArrayList::size (5 bytes)
Event: 58119.809 Thread 0x0000000125808c00 nmethod 1431 0x0000000137b55310 code [0x0000000137b55480, 0x0000000137b55568]
Event: 58119.809 Thread 0x0000000125808c00 1432       1       com.sun.prism.impl.BaseGraphics::getCameraNoClone (5 bytes)
Event: 58119.813 Thread 0x0000000125808c00 nmethod 1432 0x0000000137b55610 code [0x0000000137b55780, 0x0000000137b55868]
Event: 58978.551 Thread 0x0000000125808c00 1434       1       com.sun.glass.ui.Screen::getVisibleX (5 bytes)

GC Heap History (2 events):
Event: 0.618 GC heap before
{Heap before GC invocations=0 (full 0):
 garbage-first heap   total 133120K, used 23520K [0x0000000780000000, 0x0000000800000000)
  region size 1024K, 23 young (23552K), 0 survivors (0K)
 Metaspace       used 6778K, committed 6912K, reserved 1056768K
  class space    used 860K, committed 896K, reserved 1048576K
}
Event: 0.619 GC heap after
{Heap after GC invocations=1 (full 0):
 garbage-first heap   total 133120K, used 4797K [0x0000000780000000, 0x0000000800000000)
  region size 1024K, 3 young (3072K), 3 survivors (3072K)
 Metaspace       used 6778K, committed 6912K, reserved 1056768K
  class space    used 860K, committed 896K, reserved 1048576K
}

Deoptimization events (20 events):
Event: 0.926 Thread 0x00000001279f2600 Uncommon trap: trap_request=0xffffffde fr.pc=0x0000000137add198 relative=0x0000000000000158
Event: 0.926 Thread 0x00000001279f2600 Uncommon trap: reason=class_check action=maybe_recompile pc=0x0000000137add198 method=java.lang.String.equals(Ljava/lang/Object;)Z @ 8 c2
Event: 0.926 Thread 0x00000001279f2600 DEOPT PACKING pc=0x0000000137add198 sp=0x000000016d0a6300
Event: 0.926 Thread 0x00000001279f2600 DEOPT UNPACKING pc=0x000000013003ed1c sp=0x000000016d0a62a0 mode 2
Event: 0.929 Thread 0x00000001279f2600 Uncommon trap: trap_request=0xffffff45 fr.pc=0x0000000137b09adc relative=0x000000000000019c
Event: 0.929 Thread 0x00000001279f2600 Uncommon trap: reason=unstable_if action=reinterpret pc=0x0000000137b09adc method=java.io.ByteArrayInputStream.read()I @ 8 c2
Event: 0.929 Thread 0x00000001279f2600 DEOPT PACKING pc=0x0000000137b09adc sp=0x000000016d0a5160
Event: 0.929 Thread 0x00000001279f2600 DEOPT UNPACKING pc=0x000000013003ed1c sp=0x000000016d0a50e0 mode 2
Event: 1.088 Thread 0x00000001279f2600 Uncommon trap: trap_request=0xffffffde fr.pc=0x0000000137add198 relative=0x0000000000000158
Event: 1.088 Thread 0x00000001279f2600 Uncommon trap: reason=class_check action=maybe_recompile pc=0x0000000137add198 method=java.lang.String.equals(Ljava/lang/Object;)Z @ 8 c2
Event: 1.088 Thread 0x00000001279f2600 DEOPT PACKING pc=0x0000000137add198 sp=0x000000016d0a6670
Event: 1.088 Thread 0x00000001279f2600 DEOPT UNPACKING pc=0x000000013003ed1c sp=0x000000016d0a6610 mode 2
Event: 1.171 Thread 0x00000001259a1600 Uncommon trap: trap_request=0xffffff45 fr.pc=0x0000000137b3675c relative=0x0000000000000edc
Event: 1.171 Thread 0x00000001259a1600 Uncommon trap: reason=unstable_if action=reinterpret pc=0x0000000137b3675c method=java.util.concurrent.ConcurrentHashMap.putVal(Ljava/lang/Object;Ljava/lang/Object;Z)Ljava/lang/Object; @ 148 c2
Event: 1.171 Thread 0x00000001259a1600 DEOPT PACKING pc=0x0000000137b3675c sp=0x00000001759018c0
Event: 1.171 Thread 0x00000001259a1600 DEOPT UNPACKING pc=0x000000013003ed1c sp=0x00000001759017d0 mode 2
Event: 1.175 Thread 0x00000001259a1600 Uncommon trap: trap_request=0xffffff45 fr.pc=0x0000000137ad9fc4 relative=0x0000000000000104
Event: 1.175 Thread 0x00000001259a1600 Uncommon trap: reason=unstable_if action=reinterpret pc=0x0000000137ad9fc4 method=java.lang.StringLatin1.lastIndexOf([BI[BII)I @ 86 c2
Event: 1.175 Thread 0x00000001259a1600 DEOPT PACKING pc=0x0000000137ad9fc4 sp=0x00000001759018b0
Event: 1.175 Thread 0x00000001259a1600 DEOPT UNPACKING pc=0x000000013003ed1c sp=0x0000000175901810 mode 2

Classes unloaded (0 events):
No events

Classes redefined (0 events):
No events

Internal exceptions (20 events):
Event: 0.538 Thread 0x00000001279f2600 Exception <a 'java/lang/NoSuchMethodError'{0x00000007873aa690}: 'void java.lang.invoke.DirectMethodHandle$Holder.invokeStaticInit(java.lang.Object)'> (0x00000007873aa690) 
thrown [open/src/hotspot/share/interpreter/linkResolver.cpp, line 766]
Event: 0.539 Thread 0x0000000125808200 Exception <a 'java/lang/NoSuchMethodError'{0x00000007876c5d10}: 'java.lang.Object java.lang.invoke.DirectMethodHandle$Holder.newInvokeSpecial(java.lang.Object, java.lang.Object, java.lang.Object, java.lang.Object, java.lang.Object, java.lang.Object)'> (0x00000007876c5d10) 
thrown [open/src/hotspot/share/interpreter/linkResolver.cpp, line 766]
Event: 0.553 Thread 0x0000000125808200 Exception <a 'java/lang/NoSuchMethodError'{0x000000078727e7c0}: 'java.lang.Object java.lang.invoke.DirectMethodHandle$Holder.newInvokeSpecial(java.lang.Object, java.lang.Object, java.lang.Object, java.lang.Object, java.lang.Object)'> (0x000000078727e7c0) 
thrown [open/src/hotspot/share/interpreter/linkResolver.cpp, line 766]
Event: 0.554 Thread 0x0000000125918600 Exception <a 'java/lang/NoSuchMethodError'{0x00000007872f0128}: 'void java.lang.invoke.DirectMethodHandle$Holder.invokeStatic(java.lang.Object, java.lang.Object, java.lang.Object, java.lang.Object)'> (0x00000007872f0128) 
thrown [open/src/hotspot/share/interpreter/linkResolver.cpp, line 766]
Event: 0.579 Thread 0x00000001279f2600 Exception <a 'java/lang/NoSuchMethodError'{0x0000000786ecfbc8}: 'java.lang.Object java.lang.invoke.DirectMethodHandle$Holder.invokeStaticInit(java.lang.Object, java.lang.Object, java.lang.Object, java.lang.Object)'> (0x0000000786ecfbc8) 
thrown [open/src/hotspot/share/interpreter/linkResolver.cpp, line 766]
Event: 0.580 Thread 0x00000001279f2600 Exception <a 'java/lang/NullPointerException'{0x0000000786edb688}> (0x0000000786edb688) 
thrown [open/src/hotspot/share/interpreter/linkResolver.cpp, line 1357]
Event: 0.623 Thread 0x00000001279f2600 Exception <a 'java/lang/NoSuchMethodError'{0x0000000787fdbef8}: 'void java.lang.invoke.DirectMethodHandle$Holder.invokeStaticInit(java.lang.Object, java.lang.Object)'> (0x0000000787fdbef8) 
thrown [open/src/hotspot/share/interpreter/linkResolver.cpp, line 766]
Event: 0.802 Thread 0x00000001279f2600 Exception <a 'java/lang/NoSuchMethodError'{0x0000000787cf4b58}: 'java.lang.Object java.lang.invoke.DirectMethodHandle$Holder.newInvokeSpecial(java.lang.Object, java.lang.Object, int)'> (0x0000000787cf4b58) 
thrown [open/src/hotspot/share/interpreter/linkResolver.cpp, line 766]
Event: 0.901 Thread 0x00000001279f2600 Exception <a 'sun/nio/fs/UnixException'{0x0000000787af6dd8}> (0x0000000787af6dd8) 
thrown [open/src/hotspot/share/prims/jni.cpp, line 516]
Event: 0.923 Thread 0x00000001279f2600 Implicit null exception at 0x0000000137b0bb10 to 0x0000000137b0bf9c
Event: 0.925 Thread 0x00000001279f2600 Implicit null exception at 0x0000000137b0d990 to 0x0000000137b0de3c
Event: 0.941 Thread 0x0000000126840600 Exception <a 'java/lang/NoSuchMethodError'{0x000000078756c5d0}: 'int java.lang.invoke.DirectMethodHandle$Holder.invokeStaticInit(java.lang.Object, java.lang.Object)'> (0x000000078756c5d0) 
thrown [open/src/hotspot/share/interpreter/linkResolver.cpp, line 766]
Event: 1.094 Thread 0x00000001279f2600 Exception <a 'java/lang/NoSuchMethodError'{0x00000007872ad018}: 'void java.lang.invoke.DirectMethodHandle$Holder.invokeSpecial(java.lang.Object, java.lang.Object, java.lang.Object, java.lang.Object, java.lang.Object)'> (0x00000007872ad018) 
thrown [open/src/hotspot/share/interpreter/linkResolver.cpp, line 766]
Event: 1.095 Thread 0x00000001279f2600 Exception <a 'java/lang/NoSuchMethodError'{0x00000007872bd5c8}: 'java.lang.Object java.lang.invoke.DirectMethodHandle$Holder.invokeInterface(java.lang.Object, java.lang.Object, java.lang.Object)'> (0x00000007872bd5c8) 
thrown [open/src/hotspot/share/interpreter/linkResolver.cpp, line 766]
Event: 1.095 Thread 0x00000001279f2600 Exception <a 'java/lang/IncompatibleClassChangeError'{0x00000007872c0f50}: Found class java.lang.Object, but interface was expected> (0x00000007872c0f50) 
thrown [open/src/hotspot/share/interpreter/linkResolver.cpp, line 833]
Event: 1.107 Thread 0x00000001279f2600 Exception <a 'java/lang/ClassNotFoundException'{0x00000007871f1bf8}: com/sun/javafx/scene/control/skin/resources/controls> (0x00000007871f1bf8) 
thrown [open/src/hotspot/share/prims/jni.cpp, line 535]
Event: 1.107 Thread 0x00000001279f2600 Exception <a 'java/lang/ClassNotFoundException'{0x00000007871ffb80}: com/sun/javafx/scene/control/skin/resources/controls_zh> (0x00000007871ffb80) 
thrown [open/src/hotspot/share/prims/jni.cpp, line 535]
Event: 1.107 Thread 0x00000001279f2600 Exception <a 'java/lang/ClassNotFoundException'{0x00000007870013a8}: com/sun/javafx/scene/control/skin/resources/controls_zh_CA> (0x00000007870013a8) 
thrown [open/src/hotspot/share/prims/jni.cpp, line 535]
Event: 1.107 Thread 0x00000001279f2600 Exception <a 'java/lang/ClassNotFoundException'{0x0000000787002330}: com/sun/javafx/scene/control/skin/resources/controls_zh_Hans> (0x0000000787002330) 
thrown [open/src/hotspot/share/prims/jni.cpp, line 535]
Event: 1.107 Thread 0x00000001279f2600 Exception <a 'java/lang/ClassNotFoundException'{0x0000000787003010}: com/sun/javafx/scene/control/skin/resources/controls_zh_Hans_CA> (0x0000000787003010) 
thrown [open/src/hotspot/share/prims/jni.cpp, line 535]

VM Operations (20 events):
Event: 0.069 Executing VM operation: HandshakeAllThreads
Event: 0.069 Executing VM operation: HandshakeAllThreads done
Event: 0.149 Executing VM operation: ICBufferFull
Event: 0.149 Executing VM operation: ICBufferFull done
Event: 0.601 Executing VM operation: HandshakeAllThreads
Event: 0.601 Executing VM operation: HandshakeAllThreads done
Event: 0.606 Executing VM operation: ICBufferFull
Event: 0.606 Executing VM operation: ICBufferFull done
Event: 0.618 Executing VM operation: G1CollectForAllocation
Event: 0.619 Executing VM operation: G1CollectForAllocation done
Event: 0.707 Executing VM operation: HandshakeAllThreads
Event: 0.707 Executing VM operation: HandshakeAllThreads done
Event: 1.111 Executing VM operation: ICBufferFull
Event: 1.111 Executing VM operation: ICBufferFull done
Event: 2.116 Executing VM operation: Cleanup
Event: 2.116 Executing VM operation: Cleanup done
Event: 155.703 Executing VM operation: Cleanup
Event: 155.703 Executing VM operation: Cleanup done
Event: 19290.185 Executing VM operation: Cleanup
Event: 19290.189 Executing VM operation: Cleanup done

Events (20 events):
Event: 55115.612 Protecting memory [0x000000016e430000,0x000000016e43c000] with protection modes 3
Event: 55115.612 Thread 0x000000012423a200 Thread exited: 0x000000012423a200
Event: 58065.485 Protecting memory [0x000000016fd4c000,0x000000016fd58000] with protection modes 0
Event: 58065.486 Thread 0x000000011700a400 Thread added: 0x000000011700a400
Event: 58066.084 Protecting memory [0x000000016fd4c000,0x000000016fd58000] with protection modes 3
Event: 58066.089 Thread 0x000000011700a400 Thread exited: 0x000000011700a400
Event: 58070.783 Protecting memory [0x000000016fd4c000,0x000000016fd58000] with protection modes 0
Event: 58070.783 Thread 0x0000000127cf7600 Thread added: 0x0000000127cf7600
Event: 58071.049 Protecting memory [0x000000016fd4c000,0x000000016fd58000] with protection modes 3
Event: 58071.049 Thread 0x0000000127cf7600 Thread exited: 0x0000000127cf7600
Event: 58118.217 Protecting memory [0x000000016fd4c000,0x000000016fd58000] with protection modes 0
Event: 58118.217 Thread 0x000000012423ca00 Thread added: 0x000000012423ca00
Event: 58118.500 Protecting memory [0x000000016fd4c000,0x000000016fd58000] with protection modes 3
Event: 58118.500 Thread 0x000000012423ca00 Thread exited: 0x000000012423ca00
Event: 58119.334 Protecting memory [0x000000016fd4c000,0x000000016fd58000] with protection modes 0
Event: 58119.334 Thread 0x0000000117008200 Thread added: 0x0000000117008200
Event: 58119.900 Protecting memory [0x000000016fd4c000,0x000000016fd58000] with protection modes 3
Event: 58119.900 Thread 0x0000000117008200 Thread exited: 0x0000000117008200
Event: 58978.518 Protecting memory [0x000000016e430000,0x000000016e43c000] with protection modes 0
Event: 58978.518 Thread 0x0000000117009800 Thread added: 0x0000000117009800


Dynamic libraries:
0x0000000102d88000 	/Users/shonn/Library/Java/JavaVirtualMachines/openjdk-17.0.2/Contents/Home/lib/libjli.dylib
0x00000001a7cb7000 	/usr/lib/libz.1.dylib
0x00000001a7d67000 	/usr/lib/libSystem.B.dylib
0x00000001a7d61000 	/usr/lib/system/libcache.dylib
0x00000001a7d1f000 	/usr/lib/system/libcommonCrypto.dylib
0x00000001a7d48000 	/usr/lib/system/libcompiler_rt.dylib
0x00000001a7d3f000 	/usr/lib/system/libcopyfile.dylib
0x000000019d0aa000 	/usr/lib/system/libcorecrypto.dylib
0x000000019d14f000 	/usr/lib/system/libdispatch.dylib
0x000000019d317000 	/usr/lib/system/libdyld.dylib
0x00000001a7d57000 	/usr/lib/system/libkeymgr.dylib
0x00000001a7d01000 	/usr/lib/system/libmacho.dylib
0x00000001a7405000 	/usr/lib/system/libquarantine.dylib
0x00000001a7d54000 	/usr/lib/system/libremovefile.dylib
0x00000001a24a6000 	/usr/lib/system/libsystem_asl.dylib
0x000000019d054000 	/usr/lib/system/libsystem_blocks.dylib
0x000000019d1d5000 	/usr/lib/system/libsystem_c.dylib
0x00000001a7d4c000 	/usr/lib/system/libsystem_collections.dylib
0x00000001a68c4000 	/usr/lib/system/libsystem_configuration.dylib
0x00000001a5b48000 	/usr/lib/system/libsystem_containermanager.dylib
0x00000001a7a68000 	/usr/lib/system/libsystem_coreservices.dylib
0x000000019fa3b000 	/usr/lib/system/libsystem_darwin.dylib
0x00000001a7d58000 	/usr/lib/system/libsystem_dnssd.dylib
0x000000019d1d2000 	/usr/lib/system/libsystem_featureflags.dylib
0x000000019d32c000 	/usr/lib/system/libsystem_info.dylib
0x00000001a7cc9000 	/usr/lib/system/libsystem_m.dylib
0x000000019d124000 	/usr/lib/system/libsystem_malloc.dylib
0x00000001a2437000 	/usr/lib/system/libsystem_networkextension.dylib
0x000000019fe8f000 	/usr/lib/system/libsystem_notify.dylib
0x00000001adf6d000 	/usr/lib/system/libsystem_product_info_filter.dylib
0x00000001a68c9000 	/usr/lib/system/libsystem_sandbox.dylib
0x00000001a7d51000 	/usr/lib/system/libsystem_secinit.dylib
0x000000019d2d4000 	/usr/lib/system/libsystem_kernel.dylib
0x000000019d324000 	/usr/lib/system/libsystem_platform.dylib
0x000000019d30a000 	/usr/lib/system/libsystem_pthread.dylib
0x00000001a3be0000 	/usr/lib/system/libsystem_symptoms.dylib
0x000000019d090000 	/usr/lib/system/libsystem_trace.dylib
0x00000001a7d2c000 	/usr/lib/system/libunwind.dylib
0x000000019d056000 	/usr/lib/system/libxpc.dylib
0x000000019d2ba000 	/usr/lib/libc++abi.dylib
0x000000019d196000 	/usr/lib/libobjc.A.dylib
0x00000001a7d37000 	/usr/lib/liboah.dylib
0x000000019d256000 	/usr/lib/libc++.1.dylib
0x00000001b3968000 	/System/Library/Frameworks/Cocoa.framework/Versions/A/Cocoa
0x000000019feef000 	/System/Library/Frameworks/AppKit.framework/Versions/C/AppKit
0x00000001a341f000 	/System/Library/Frameworks/CoreData.framework/Versions/A/CoreData
0x000000019e24c000 	/System/Library/Frameworks/Foundation.framework/Versions/C/Foundation
0x00000001a0da3000 	/System/Library/PrivateFrameworks/UIFoundation.framework/Versions/A/UIFoundation
0x00000001adc67000 	/System/Library/PrivateFrameworks/RemoteViewServices.framework/Versions/A/RemoteViewServices
0x00000001a6282000 	/System/Library/PrivateFrameworks/XCTTargetBootstrap.framework/Versions/A/XCTTargetBootstrap
0x00000001a9a68000 	/System/Library/PrivateFrameworks/InternationalSupport.framework/Versions/A/InternationalSupport
0x00000001a9af1000 	/System/Library/PrivateFrameworks/UserActivity.framework/Versions/A/UserActivity
0x00000001a8f96000 	/usr/lib/libspindump.dylib
0x00000001a1013000 	/System/Library/Frameworks/UniformTypeIdentifiers.framework/Versions/A/UniformTypeIdentifiers
0x00000001a480f000 	/usr/lib/libapp_launch_measurement.dylib
0x00000001a3d87000 	/System/Library/PrivateFrameworks/CoreAnalytics.framework/Versions/A/CoreAnalytics
0x00000001a4812000 	/System/Library/PrivateFrameworks/CoreAutoLayout.framework/Versions/A/CoreAutoLayout
0x00000001a5b85000 	/System/Library/Frameworks/Metal.framework/Versions/A/Metal
0x00000001a68d4000 	/usr/lib/liblangid.dylib
0x00000001a6286000 	/System/Library/PrivateFrameworks/CoreSVG.framework/Versions/A/CoreSVG
0x00000001a24da000 	/System/Library/PrivateFrameworks/SkyLight.framework/Versions/A/SkyLight
0x00000001a28a4000 	/System/Library/Frameworks/CoreGraphics.framework/Versions/A/CoreGraphics
0x00000001ae2e4000 	/System/Library/Frameworks/Accelerate.framework/Versions/A/Accelerate
0x00000001a8a0a000 	/System/Library/PrivateFrameworks/IconServices.framework/Versions/A/IconServices
0x00000001a5b67000 	/System/Library/Frameworks/IOSurface.framework/Versions/A/IOSurface
0x00000001a3db7000 	/usr/lib/libDiagnosticMessagesClient.dylib
0x00000001b172b000 	/System/Library/Frameworks/ApplicationServices.framework/Versions/A/ApplicationServices
0x00000001a626a000 	/System/Library/PrivateFrameworks/DFRFoundation.framework/Versions/A/DFRFoundation
0x000000019f790000 	/usr/lib/libicucore.A.dylib
0x00000001aa869000 	/System/Library/Frameworks/AudioToolbox.framework/Versions/A/AudioToolbox
0x00000001a9a74000 	/System/Library/PrivateFrameworks/DataDetectorsCore.framework/Versions/A/DataDetectorsCore
0x00000001bfba6000 	/System/Library/PrivateFrameworks/TextInput.framework/Versions/A/TextInput
0x00000001a2451000 	/usr/lib/libMobileGestalt.dylib
0x00000001a5f3a000 	/System/Library/Frameworks/Carbon.framework/Versions/A/Frameworks/HIToolbox.framework/Versions/A/HIToolbox
0x00000001a4218000 	/System/Library/Frameworks/QuartzCore.framework/Versions/A/QuartzCore
0x000000019f40d000 	/System/Library/Frameworks/Security.framework/Versions/A/Security
0x00000001adca7000 	/System/Library/Frameworks/Carbon.framework/Versions/A/Frameworks/SpeechRecognition.framework/Versions/A/SpeechRecognition
0x00000001a4566000 	/System/Library/PrivateFrameworks/CoreUI.framework/Versions/A/CoreUI
0x000000019ecde000 	/System/Library/Frameworks/CoreAudio.framework/Versions/A/CoreAudio
0x00000001a3eab000 	/System/Library/Frameworks/DiskArbitration.framework/Versions/A/DiskArbitration
0x00000001a937b000 	/System/Library/PrivateFrameworks/MultitouchSupport.framework/Versions/A/MultitouchSupport
0x00000001a244f000 	/usr/lib/libenergytrace.dylib
0x000000019fdb9000 	/System/Library/Frameworks/IOKit.framework/Versions/A/IOKit
0x00000001ae090000 	/System/Library/Frameworks/CoreServices.framework/Versions/A/CoreServices
0x00000001a479f000 	/System/Library/PrivateFrameworks/PerformanceAnalysis.framework/Versions/A/PerformanceAnalysis
0x00000001fe719000 	/System/Library/Frameworks/OpenGL.framework/Versions/A/OpenGL
0x00000001a7325000 	/System/Library/PrivateFrameworks/MobileKeyBag.framework/Versions/A/MobileKeyBag
0x00000001a2eb4000 	/System/Library/Frameworks/ColorSync.framework/Versions/A/ColorSync
0x000000019d358000 	/System/Library/Frameworks/CoreFoundation.framework/Versions/A/CoreFoundation
0x00000001a6507000 	/System/Library/Frameworks/CoreImage.framework/Versions/A/CoreImage
0x000000019eb01000 	/System/Library/Frameworks/CoreText.framework/Versions/A/CoreText
0x00000001a62b6000 	/System/Library/Frameworks/ImageIO.framework/Versions/A/ImageIO
0x00000001a7d6d000 	/System/Library/PrivateFrameworks/SoftLinking.framework/Versions/A/SoftLinking
0x00000001a485c000 	/usr/lib/libxml2.2.dylib
0x00000001a8006000 	/usr/lib/libcompression.dylib
0x00000001a99c1000 	/System/Library/PrivateFrameworks/TextureIO.framework/Versions/A/TextureIO
0x00000001a8724000 	/usr/lib/libate.dylib
0x00000001a85ec000 	/usr/lib/liblzma.5.dylib
0x000000019df40000 	/System/Library/Frameworks/SystemConfiguration.framework/Versions/A/SystemConfiguration
0x00000001a7d69000 	/usr/lib/libfakelink.dylib
0x00000001a1f7e000 	/System/Library/Frameworks/CFNetwork.framework/Versions/A/CFNetwork
0x00000001a7eb0000 	/usr/lib/libarchive.2.dylib
0x00000001a68d0000 	/System/Library/PrivateFrameworks/AppleSystemInfo.framework/Versions/A/AppleSystemInfo
0x00000001a7430000 	/usr/lib/libbsm.0.dylib
0x00000001a14b6000 	/usr/lib/libnetwork.dylib
0x00000001a7d07000 	/usr/lib/system/libkxld.dylib
0x00000001a7047000 	/System/Library/PrivateFrameworks/IOMobileFramebuffer.framework/Versions/A/IOMobileFramebuffer
0x000000021a47e000 	/usr/lib/libCoreEntitlements.dylib
0x00000001a7a4a000 	/System/Library/PrivateFrameworks/AppleFSCompression.framework/Versions/A/AppleFSCompression
0x00000001a7418000 	/usr/lib/libcoretls.dylib
0x00000001a8605000 	/usr/lib/libcoretls_cfhelpers.dylib
0x00000001a8001000 	/usr/lib/libpam.2.dylib
0x00000001a3808000 	/usr/lib/libsqlite3.dylib
0x00000001a866d000 	/usr/lib/libxar.1.dylib
0x00000001a7a5b000 	/usr/lib/libbz2.1.0.dylib
0x00000001a7d6e000 	/usr/lib/libpcap.A.dylib
0x00000001a3bd7000 	/usr/lib/libdns_services.dylib
0x00000001a7fd4000 	/usr/lib/libapple_nghttp2.dylib
0x00000001a7dab000 	/usr/lib/libiconv.2.dylib
0x00000001a7d00000 	/usr/lib/libcharset.1.dylib
0x00000001a47db000 	/System/Library/Frameworks/CoreServices.framework/Versions/A/Frameworks/FSEvents.framework/Versions/A/FSEvents
0x000000019fa46000 	/System/Library/Frameworks/CoreServices.framework/Versions/A/Frameworks/CarbonCore.framework/Versions/A/CarbonCore
0x00000001a3e0e000 	/System/Library/Frameworks/CoreServices.framework/Versions/A/Frameworks/Metadata.framework/Versions/A/Metadata
0x00000001a7a6e000 	/System/Library/Frameworks/CoreServices.framework/Versions/A/Frameworks/OSServices.framework/Versions/A/OSServices
0x00000001a7f36000 	/System/Library/Frameworks/CoreServices.framework/Versions/A/Frameworks/SearchKit.framework/Versions/A/SearchKit
0x00000001a3b65000 	/System/Library/Frameworks/CoreServices.framework/Versions/A/Frameworks/AE.framework/Versions/A/AE
0x000000019d89c000 	/System/Library/Frameworks/CoreServices.framework/Versions/A/Frameworks/LaunchServices.framework/Versions/A/LaunchServices
0x00000001a8595000 	/System/Library/Frameworks/CoreServices.framework/Versions/A/Frameworks/DictionaryServices.framework/Versions/A/DictionaryServices
0x00000001a47e8000 	/System/Library/Frameworks/CoreServices.framework/Versions/A/Frameworks/SharedFileList.framework/Versions/A/SharedFileList
0x00000001a7408000 	/usr/lib/libCheckFix.dylib
0x00000001a24be000 	/System/Library/PrivateFrameworks/TCC.framework/Versions/A/TCC
0x00000001a68d6000 	/System/Library/PrivateFrameworks/CoreNLP.framework/Versions/A/CoreNLP
0x00000001a3dba000 	/System/Library/PrivateFrameworks/MetadataUtilities.framework/Versions/A/MetadataUtilities
0x000000019dff9000 	/usr/lib/libmecabra.dylib
0x00000001a7441000 	/usr/lib/libmecab.dylib
0x000000019dfc5000 	/usr/lib/libCRFSuite.dylib
0x00000001a749f000 	/usr/lib/libgermantok.dylib
0x00000001a7fad000 	/usr/lib/libThaiTokenizer.dylib
0x00000001a3eb3000 	/System/Library/Frameworks/Accelerate.framework/Versions/A/Frameworks/vImage.framework/Versions/A/vImage
0x00000001ae067000 	/System/Library/Frameworks/Accelerate.framework/Versions/A/Frameworks/vecLib.framework/Versions/A/vecLib
0x00000001a86b1000 	/System/Library/Frameworks/Accelerate.framework/Versions/A/Frameworks/vecLib.framework/Versions/A/libvMisc.dylib
0x00000001a6f51000 	/System/Library/Frameworks/Accelerate.framework/Versions/A/Frameworks/vecLib.framework/Versions/A/libvDSP.dylib
0x000000019dc1f000 	/System/Library/Frameworks/Accelerate.framework/Versions/A/Frameworks/vecLib.framework/Versions/A/libBLAS.dylib
0x00000001a80d5000 	/System/Library/Frameworks/Accelerate.framework/Versions/A/Frameworks/vecLib.framework/Versions/A/libLAPACK.dylib
0x00000001a74a2000 	/System/Library/Frameworks/Accelerate.framework/Versions/A/Frameworks/vecLib.framework/Versions/A/libLinearAlgebra.dylib
0x00000001a7fec000 	/System/Library/Frameworks/Accelerate.framework/Versions/A/Frameworks/vecLib.framework/Versions/A/libSparseBLAS.dylib
0x00000001a80d0000 	/System/Library/Frameworks/Accelerate.framework/Versions/A/Frameworks/vecLib.framework/Versions/A/libQuadrature.dylib
0x00000001a69cd000 	/System/Library/Frameworks/Accelerate.framework/Versions/A/Frameworks/vecLib.framework/Versions/A/libBNNS.dylib
0x000000019dedd000 	/System/Library/Frameworks/Accelerate.framework/Versions/A/Frameworks/vecLib.framework/Versions/A/libSparse.dylib
0x00000001a69c5000 	/System/Library/PrivateFrameworks/LinguisticData.framework/Versions/A/LinguisticData
0x000000019de93000 	/System/Library/PrivateFrameworks/Lexicon.framework/Versions/A/Lexicon
0x00000001a86a9000 	/usr/lib/libChineseTokenizer.dylib
0x000000019e63a000 	/System/Library/PrivateFrameworks/LanguageModeling.framework/Versions/A/LanguageModeling
0x00000001a7faf000 	/System/Library/PrivateFrameworks/AppleSauce.framework/Versions/A/AppleSauce
0x00000001a7034000 	/System/Library/PrivateFrameworks/CoreEmoji.framework/Versions/A/CoreEmoji
0x00000001a7e9e000 	/usr/lib/libcmph.dylib
0x00000001a47bb000 	/System/Library/Frameworks/OpenDirectory.framework/Versions/A/Frameworks/CFOpenDirectory.framework/Versions/A/CFOpenDirectory
0x00000001a47ab000 	/System/Library/Frameworks/OpenDirectory.framework/Versions/A/OpenDirectory
0x00000001a8607000 	/System/Library/PrivateFrameworks/APFS.framework/Versions/A/APFS
0x00000001a7360000 	/System/Library/Frameworks/SecurityFoundation.framework/Versions/A/SecurityFoundation
0x00000001a867b000 	/usr/lib/libutil.dylib
0x000000019fd7b000 	/System/Library/PrivateFrameworks/CoreServicesStore.framework/Versions/A/CoreServicesStore
0x00000001a867f000 	/usr/lib/libxslt.1.dylib
0x00000001a73f4000 	/System/Library/PrivateFrameworks/BackgroundTaskManagement.framework/Versions/A/BackgroundTaskManagement
0x00000001a98e2000 	/System/Library/Frameworks/ImageIO.framework/Versions/A/Resources/libRadiance.dylib
0x00000001a98eb000 	/System/Library/Frameworks/ImageIO.framework/Versions/A/Resources/libJPEG.dylib
0x00000001a983d000 	/System/Library/Frameworks/ImageIO.framework/Versions/A/Resources/libPng.dylib
0x00000001a985f000 	/System/Library/Frameworks/ImageIO.framework/Versions/A/Resources/libTIFF.dylib
0x00000001a9946000 	/System/Library/Frameworks/ImageIO.framework/Versions/A/Resources/libGIF.dylib
0x00000001a928b000 	/System/Library/Frameworks/ImageIO.framework/Versions/A/Resources/libJP2.dylib
0x00000001a89d0000 	/usr/lib/libexpat.1.dylib
0x00000001a9246000 	/System/Library/PrivateFrameworks/AppleJPEG.framework/Versions/A/AppleJPEG
0x00000001a5df9000 	/System/Library/PrivateFrameworks/FontServices.framework/libFontParser.dylib
0x00000001a3b0a000 	/System/Library/PrivateFrameworks/RunningBoardServices.framework/Versions/A/RunningBoardServices
0x00000001b3fdb000 	/System/Library/PrivateFrameworks/IOSurfaceAccelerator.framework/Versions/A/IOSurfaceAccelerator
0x00000001a9377000 	/System/Library/PrivateFrameworks/WatchdogClient.framework/Versions/A/WatchdogClient
0x000000019e73e000 	/System/Library/Frameworks/CoreDisplay.framework/Versions/A/CoreDisplay
0x00000001a5ce7000 	/System/Library/Frameworks/CoreMedia.framework/Versions/A/CoreMedia
0x00000001a5b7b000 	/System/Library/PrivateFrameworks/IOAccelerator.framework/Versions/A/IOAccelerator
0x00000001a4949000 	/System/Library/Frameworks/CoreVideo.framework/Versions/A/CoreVideo
0x00000001a7fff000 	/System/Library/Frameworks/MetalPerformanceShaders.framework/Versions/A/MetalPerformanceShaders
0x00000001a93b4000 	/System/Library/Frameworks/VideoToolbox.framework/Versions/A/VideoToolbox
0x00000001a3a4e000 	/System/Library/PrivateFrameworks/BaseBoard.framework/Versions/A/BaseBoard
0x00000001a37ed000 	/System/Library/PrivateFrameworks/ProtocolBuffer.framework/Versions/A/ProtocolBuffer
0x00000001a98dd000 	/System/Library/PrivateFrameworks/GPUWrangler.framework/Versions/A/GPUWrangler
0x00000001a98bc000 	/System/Library/PrivateFrameworks/IOPresentment.framework/Versions/A/IOPresentment
0x00000001a98e5000 	/System/Library/PrivateFrameworks/DSExternalDisplay.framework/Versions/A/DSExternalDisplay
0x00000001fe70c000 	/System/Library/Frameworks/OpenGL.framework/Versions/A/Libraries/libCoreFSCache.dylib
0x0000000207ecd000 	/System/Library/PrivateFrameworks/GPUCompiler.framework/Versions/31001/Libraries/libGPUCompilerUtils.dylib
0x00000001a994b000 	/System/Library/PrivateFrameworks/CMCaptureCore.framework/Versions/A/CMCaptureCore
0x00000001a8f84000 	/System/Library/PrivateFrameworks/AppServerSupport.framework/Versions/A/AppServerSupport
0x00000001ab124000 	/System/Library/PrivateFrameworks/perfdata.framework/Versions/A/perfdata
0x000000019e85e000 	/System/Library/PrivateFrameworks/AudioToolboxCore.framework/Versions/A/AudioToolboxCore
0x00000001a5cbf000 	/System/Library/PrivateFrameworks/caulk.framework/Versions/A/caulk
0x00000001aaa19000 	/usr/lib/libAudioStatistics.dylib
0x00000001bc31f000 	/System/Library/PrivateFrameworks/SystemPolicy.framework/Versions/A/SystemPolicy
0x00000001aac79000 	/usr/lib/libSMC.dylib
0x00000001b384a000 	/System/Library/Frameworks/CoreMIDI.framework/Versions/A/CoreMIDI
0x00000001a980b000 	/usr/lib/libAudioToolboxUtility.dylib
0x00000001b8758000 	/System/Library/PrivateFrameworks/OSAServicesClient.framework/Versions/A/OSAServicesClient
0x00000001ab131000 	/usr/lib/libperfcheck.dylib
0x00000001bce22000 	/usr/lib/libmis.dylib
0x00000001fe76d000 	/System/Library/Frameworks/OpenGL.framework/Versions/A/Libraries/libGLU.dylib
0x00000001fe72c000 	/System/Library/Frameworks/OpenGL.framework/Versions/A/Libraries/libGFXShared.dylib
0x00000001fe916000 	/System/Library/Frameworks/OpenGL.framework/Versions/A/Libraries/libGL.dylib
0x00000001fe735000 	/System/Library/Frameworks/OpenGL.framework/Versions/A/Libraries/libGLImage.dylib
0x00000001fe729000 	/System/Library/Frameworks/OpenGL.framework/Versions/A/Libraries/libCVMSPluginSupport.dylib
0x00000001fe713000 	/System/Library/Frameworks/OpenGL.framework/Versions/A/Libraries/libCoreVMClient.dylib
0x00000001a6851000 	/System/Library/Frameworks/MetalPerformanceShaders.framework/Versions/A/Frameworks/MPSCore.framework/Versions/A/MPSCore
0x00000001a79bd000 	/System/Library/Frameworks/MetalPerformanceShaders.framework/Versions/A/Frameworks/MPSImage.framework/Versions/A/MPSImage
0x00000001a74b7000 	/System/Library/Frameworks/MetalPerformanceShaders.framework/Versions/A/Frameworks/MPSNeuralNetwork.framework/Versions/A/MPSNeuralNetwork
0x00000001a78f4000 	/System/Library/Frameworks/MetalPerformanceShaders.framework/Versions/A/Frameworks/MPSMatrix.framework/Versions/A/MPSMatrix
0x00000001a76cf000 	/System/Library/Frameworks/MetalPerformanceShaders.framework/Versions/A/Frameworks/MPSRayIntersector.framework/Versions/A/MPSRayIntersector
0x00000001a7925000 	/System/Library/Frameworks/MetalPerformanceShaders.framework/Versions/A/Frameworks/MPSNDArray.framework/Versions/A/MPSNDArray
0x0000000200443000 	/System/Library/Frameworks/MetalPerformanceShaders.framework/Versions/A/Frameworks/MPSFunctions.framework/Versions/A/MPSFunctions
0x000000019dafd000 	/System/Library/PrivateFrameworks/MetalTools.framework/Versions/A/MetalTools
0x00000001a68ce000 	/System/Library/PrivateFrameworks/AggregateDictionary.framework/Versions/A/AggregateDictionary
0x00000001a87b6000 	/usr/lib/libIOReport.dylib
0x00000001b2831000 	/System/Library/PrivateFrameworks/ASEProcessing.framework/Versions/A/ASEProcessing
0x00000001a8b29000 	/System/Library/PrivateFrameworks/FaceCore.framework/Versions/A/FaceCore
0x00000001a8b1b000 	/System/Library/PrivateFrameworks/GraphVisualizer.framework/Versions/A/GraphVisualizer
0x0000000207de4000 	/System/Library/PrivateFrameworks/FontServices.framework/Versions/A/FontServices
0x00000001a8f3e000 	/System/Library/PrivateFrameworks/OTSVG.framework/Versions/A/OTSVG
0x00000001a4517000 	/System/Library/Frameworks/ApplicationServices.framework/Versions/A/Frameworks/ATS.framework/Versions/A/Resources/libFontRegistry.dylib
0x00000001a8f8d000 	/System/Library/PrivateFrameworks/FontServices.framework/libhvf.dylib
0x0000000207de5000 	/System/Library/PrivateFrameworks/FontServices.framework/libXTFontStaticRegistryData.dylib
0x00000001feab8000 	/System/Library/Frameworks/OpenCL.framework/Versions/A/OpenCL
0x00000001a8984000 	/System/Library/PrivateFrameworks/AppleVA.framework/Versions/A/AppleVA
0x00000001aaa41000 	/System/Library/Frameworks/ApplicationServices.framework/Versions/A/Frameworks/ATS.framework/Versions/A/ATS
0x00000001a2fb1000 	/System/Library/Frameworks/ApplicationServices.framework/Versions/A/Frameworks/HIServices.framework/Versions/A/HIServices
0x00000001a9955000 	/System/Library/Frameworks/ApplicationServices.framework/Versions/A/Frameworks/PrintCore.framework/Versions/A/PrintCore
0x00000001aadcc000 	/System/Library/Frameworks/ApplicationServices.framework/Versions/A/Frameworks/QD.framework/Versions/A/QD
0x00000001aadc4000 	/System/Library/Frameworks/ApplicationServices.framework/Versions/A/Frameworks/ColorSyncLegacy.framework/Versions/A/ColorSyncLegacy
0x00000001aaa2d000 	/System/Library/Frameworks/ApplicationServices.framework/Versions/A/Frameworks/SpeechSynthesis.framework/Versions/A/SpeechSynthesis
0x00000001a9916000 	/System/Library/Frameworks/ApplicationServices.framework/Versions/A/Frameworks/ATSUI.framework/Versions/A/ATSUI
0x00000001aad59000 	/usr/lib/libcups.2.dylib
0x00000001ab13f000 	/System/Library/Frameworks/Kerberos.framework/Versions/A/Kerberos
0x00000001ab150000 	/System/Library/Frameworks/GSS.framework/Versions/A/GSS
0x00000001aaab0000 	/usr/lib/libresolv.9.dylib
0x00000001a8f9b000 	/System/Library/PrivateFrameworks/Heimdal.framework/Versions/A/Heimdal
0x00000001b1aa1000 	/System/Library/Frameworks/Kerberos.framework/Versions/A/Libraries/libHeimdalProxy.dylib
0x00000001a3be9000 	/System/Library/Frameworks/Network.framework/Versions/A/Network
0x00000001a89eb000 	/usr/lib/libheimdal-asn1.dylib
0x00000001ab196000 	/System/Library/PrivateFrameworks/CommonAuth.framework/Versions/A/CommonAuth
0x00000001aa9a7000 	/System/Library/PrivateFrameworks/AudioSession.framework/Versions/A/AudioSession
0x00000001a8a7c000 	/System/Library/PrivateFrameworks/MediaExperience.framework/Versions/A/MediaExperience
0x00000001aa82f000 	/System/Library/PrivateFrameworks/AudioSession.framework/libSessionUtility.dylib
0x00000001aadd8000 	/System/Library/PrivateFrameworks/AudioResourceArbitration.framework/Versions/A/AudioResourceArbitration
0x00000001aeee3000 	/System/Library/PrivateFrameworks/PowerLog.framework/Versions/A/PowerLog
0x00000001a89f4000 	/System/Library/PrivateFrameworks/IconFoundation.framework/Versions/A/IconFoundation
0x00000001adc93000 	/System/Library/PrivateFrameworks/SpeechRecognitionCore.framework/Versions/A/SpeechRecognitionCore
0x00000001e173b000 	/System/Library/CoreServices/Encodings/libSimplifiedChineseConverter.dylib
0x0000000103e9c000 	/Users/shonn/Library/Java/JavaVirtualMachines/openjdk-17.0.2/Contents/Home/lib/server/libjvm.dylib
0x0000000102fa4000 	/Users/shonn/Library/Java/JavaVirtualMachines/openjdk-17.0.2/Contents/Home/lib/libjimage.dylib
0x0000000102fd0000 	/Users/shonn/Library/Java/JavaVirtualMachines/openjdk-17.0.2/Contents/Home/lib/libinstrument.dylib
0x000000010301c000 	/Users/shonn/Library/Java/JavaVirtualMachines/openjdk-17.0.2/Contents/Home/lib/libjava.dylib
0x0000000103e68000 	/Users/shonn/Library/Java/JavaVirtualMachines/openjdk-17.0.2/Contents/Home/lib/libnio.dylib
0x0000000112700000 	/Users/shonn/Library/Java/JavaVirtualMachines/openjdk-17.0.2/Contents/Home/lib/libnet.dylib
0x0000000103000000 	/Users/shonn/Library/Java/JavaVirtualMachines/openjdk-17.0.2/Contents/Home/lib/libzip.dylib
0x0000000112724000 	/Users/shonn/.openjfx/cache/17.0.1/libprism_es2.dylib
0x000000019fd3e000 	/System/Library/PrivateFrameworks/CoreServicesInternal.framework/Versions/A/CoreServicesInternal
0x00000001fe920000 	/System/Library/Frameworks/OpenGL.framework/Versions/A/Resources/GLEngine.bundle/GLEngine
0x00000001fe7a7000 	/System/Library/Frameworks/OpenGL.framework/Versions/A/Libraries/libGLProgrammability.dylib
0x0000000114c48000 	/System/Library/Extensions/AppleMetalOpenGLRenderer.bundle/Contents/MacOS/AppleMetalOpenGLRenderer
0x00000001fea8f000 	/System/Library/Frameworks/OpenGL.framework/Versions/A/Resources/GLRendererFloat.bundle/GLRendererFloat
0x00000001feb30000 	/System/Library/Extensions/AGXMetal13_3.bundle/Contents/MacOS/AGXMetal13_3
0x00000001bce3e000 	/System/Library/PrivateFrameworks/GPURawCounter.framework/Versions/A/GPURawCounter
0x00000001b78df000 	/System/Library/PrivateFrameworks/IOGPU.framework/Versions/A/IOGPU
0x0000000114fe4000 	/Users/shonn/.openjfx/cache/17.0.1/libglass.dylib
0x00000001af137000 	/System/Library/Frameworks/FileProvider.framework/Versions/A/FileProvider
0x00000001a39b6000 	/System/Library/Frameworks/Accounts.framework/Versions/A/Accounts
0x00000001af2b7000 	/System/Library/PrivateFrameworks/GenerationalStorage.framework/Versions/A/GenerationalStorage
0x00000001afe6d000 	/System/Library/PrivateFrameworks/CoreSymbolication.framework/Versions/A/CoreSymbolication
0x00000001aeed7000 	/System/Library/PrivateFrameworks/SymptomDiagnosticReporter.framework/Versions/A/SymptomDiagnosticReporter
0x00000001a1027000 	/System/Library/PrivateFrameworks/DesktopServicesPriv.framework/Versions/A/DesktopServicesPriv
0x000000019fe9e000 	/usr/lib/libsandbox.1.dylib
0x00000001a49d6000 	/System/Library/PrivateFrameworks/UserManagement.framework/Versions/A/UserManagement
0x00000001afe2e000 	/System/Library/PrivateFrameworks/DebugSymbols.framework/Versions/A/DebugSymbols
0x00000001aadb7000 	/System/Library/PrivateFrameworks/NetAuth.framework/Versions/A/NetAuth
0x00000001abcbc000 	/System/Library/PrivateFrameworks/Sharing.framework/Versions/A/Sharing
0x00000001a49a6000 	/System/Library/PrivateFrameworks/login.framework/Versions/A/Frameworks/loginsupport.framework/Versions/A/loginsupport
0x00000001b0fe5000 	/System/Library/PrivateFrameworks/Apple80211.framework/Versions/A/Apple80211
0x00000001a7aa1000 	/System/Library/PrivateFrameworks/AuthKit.framework/Versions/A/AuthKit
0x00000001a7133000 	/System/Library/PrivateFrameworks/CoreUtils.framework/Versions/A/CoreUtils
0x00000001a7053000 	/System/Library/Frameworks/CoreWLAN.framework/Versions/A/CoreWLAN
0x00000001abe26000 	/System/Library/Frameworks/IOBluetooth.framework/Versions/A/IOBluetooth
0x00000001b1045000 	/System/Library/PrivateFrameworks/CoreWiFi.framework/Versions/A/CoreWiFi
0x00000001afa15000 	/System/Library/PrivateFrameworks/FrontBoardServices.framework/Versions/A/FrontBoardServices
0x00000001afaad000 	/System/Library/PrivateFrameworks/BoardServices.framework/Versions/A/BoardServices
0x00000001a734e000 	/System/Library/PrivateFrameworks/AssertionServices.framework/Versions/A/AssertionServices
0x00000001b11b3000 	/System/Library/PrivateFrameworks/BackBoardServices.framework/Versions/A/BackBoardServices
0x00000001ab229000 	/System/Library/PrivateFrameworks/CorePhoneNumbers.framework/Versions/A/CorePhoneNumbers
0x00000001af007000 	/System/Library/PrivateFrameworks/DiskManagement.framework/Versions/A/DiskManagement
0x00000001aef0a000 	/System/Library/PrivateFrameworks/AppleIDAuthSupport.framework/Versions/A/AppleIDAuthSupport
0x000000020270c000 	/System/Library/PrivateFrameworks/AAAFoundation.framework/Versions/A/AAAFoundation
0x00000001ab208000 	/System/Library/PrivateFrameworks/KeychainCircle.framework/Versions/A/KeychainCircle
0x00000001aefd3000 	/System/Library/PrivateFrameworks/MediaKit.framework/Versions/A/MediaKit
0x00000001aef17000 	/System/Library/Frameworks/DiscRecording.framework/Versions/A/DiscRecording
0x00000001a8900000 	/usr/lib/libCoreStorage.dylib
0x00000001b14af000 	/usr/lib/libcsfde.dylib
0x00000001abefb000 	/System/Library/PrivateFrameworks/ProtectedCloudStorage.framework/Versions/A/ProtectedCloudStorage
0x00000001b14a7000 	/System/Library/PrivateFrameworks/EFILogin.framework/Versions/A/EFILogin
0x00000001af2de000 	/System/Library/PrivateFrameworks/OctagonTrust.framework/Versions/A/OctagonTrust
0x0000000207030000 	/System/Library/PrivateFrameworks/CoreUtilsExtras.framework/Versions/A/CoreUtilsExtras
0x00000001aee4d000 	/System/Library/Frameworks/CoreBluetooth.framework/Versions/A/CoreBluetooth
0x00000001b1b26000 	/System/Library/Frameworks/AudioUnit.framework/Versions/A/AudioUnit
0x00000001a88f8000 	/usr/lib/libMatch.1.dylib
0x00000001c1121000 	/System/Library/Frameworks/Accelerate.framework/Versions/A/Frameworks/vImage.framework/Versions/A/Libraries/libCGInterfaces.dylib
0x00000001155bc000 	/usr/lib/libobjc-trampolines.dylib
0x00000001a46a3000 	/System/Library/PrivateFrameworks/ViewBridge.framework/Versions/A/ViewBridge
0x00000001a9049000 	/System/Library/PrivateFrameworks/login.framework/Versions/A/login
0x0000000122cb4000 	/Users/shonn/.openjfx/cache/17.0.1/libjavafx_font.dylib
0x000000021a5f8000 	/usr/lib/libRosetta.dylib
0x00000001bcdff000 	/System/Library/PrivateFrameworks/MallocStackLogging.framework/Versions/A/MallocStackLogging


VM Arguments:
jvm_args: -javaagent:/Applications/IntelliJ IDEA CE.app/Contents/lib/idea_rt.jar=60307:/Applications/IntelliJ IDEA CE.app/Contents/bin -Dfile.encoding=UTF-8 --module-path=/Users/shonn/.m2/repository/org/openjfx/javafx-graphics/17.0.1/javafx-graphics-17.0.1-mac-aarch64.jar:/Users/shonn/.m2/repository/org/openjfx/javafx-base/17.0.1/javafx-base-17.0.1-mac-aarch64.jar:/Users/shonn/.m2/repository/org/openjfx/javafx-fxml/17.0.1/javafx-fxml-17.0.1-mac-aarch64.jar:/Users/shonn/SynologyDrive/Project/Clinic 4/target/classes:/Users/shonn/.m2/repository/org/openjfx/javafx-controls/17.0.1/javafx-controls-17.0.1-mac-aarch64.jar -Djdk.module.main=com.java.clinic 
java_command: com.java.clinic/com.java.clinic.ClinicApplication
java_class_path (initial): /Users/shonn/.m2/repository/org/openjfx/javafx-controls/17.0.1/javafx-controls-17.0.1.jar:/Users/shonn/.m2/repository/org/openjfx/javafx-graphics/17.0.1/javafx-graphics-17.0.1.jar:/Users/shonn/.m2/repository/org/openjfx/javafx-base/17.0.1/javafx-base-17.0.1.jar:/Users/shonn/.m2/repository/org/openjfx/javafx-fxml/17.0.1/javafx-fxml-17.0.1.jar
Launcher Type: SUN_STANDARD

[Global flags]
     intx CICompilerCount                          = 4                                         {product} {ergonomic}
     uint ConcGCThreads                            = 2                                         {product} {ergonomic}
     uint G1ConcRefinementThreads                  = 8                                         {product} {ergonomic}
   size_t G1HeapRegionSize                         = 1048576                                   {product} {ergonomic}
    uintx GCDrainStackTargetSize                   = 64                                        {product} {ergonomic}
   size_t InitialHeapSize                          = 134217728                                 {product} {ergonomic}
   size_t MarkStackSize                            = 4194304                                   {product} {ergonomic}
   size_t MaxHeapSize                              = 2147483648                                {product} {ergonomic}
   size_t MaxNewSize                               = 1287651328                                {product} {ergonomic}
   size_t MinHeapDeltaBytes                        = 1048576                                   {product} {ergonomic}
   size_t MinHeapSize                              = 8388608                                   {product} {ergonomic}
    uintx NonNMethodCodeHeapSize                   = 5839564                                {pd product} {ergonomic}
    uintx NonProfiledCodeHeapSize                  = 122909338                              {pd product} {ergonomic}
    uintx ProfiledCodeHeapSize                     = 122909338                              {pd product} {ergonomic}
    uintx ReservedCodeCacheSize                    = 251658240                              {pd product} {ergonomic}
     bool SegmentedCodeCache                       = true                                      {product} {ergonomic}
   size_t SoftMaxHeapSize                          = 2147483648                             {manageable} {ergonomic}
     bool UseCompressedClassPointers               = true                           {product lp64_product} {ergonomic}
     bool UseCompressedOops                        = true                           {product lp64_product} {ergonomic}
     bool UseG1GC                                  = true                                      {product} {ergonomic}
     bool UseNUMA                                  = false                                     {product} {ergonomic}
     bool UseNUMAInterleaving                      = false                                     {product} {ergonomic}

Logging:
Log output configuration:
 #0: stdout all=warning uptime,level,tags
 #1: stderr all=off uptime,level,tags

Environment Variables:
PATH=/Library/Frameworks/Python.framework/Versions/3.10/bin:/opt/local/bin:/opt/local/sbin:/usr/local/bin:/usr/bin:/bin:/usr/sbin:/sbin:/opt/X11/bin
SHELL=/bin/zsh
DISPLAY=/private/tmp/com.apple.launchd.BVXYBmKnCb/org.xquartz:0
LC_CTYPE=en_US.UTF-8

Signal Handlers:
   SIGSEGV: _ZL13crash_handleriP9__siginfoPv in libjvm.dylib, mask=11100110000111110111111111111111, flags=SA_RESTART|SA_SIGINFO
    SIGBUS: _ZL13crash_handleriP9__siginfoPv in libjvm.dylib, mask=11100110000111110111111111111111, flags=SA_RESTART|SA_SIGINFO
    SIGFPE: _ZL13crash_handleriP9__siginfoPv in libjvm.dylib, mask=11100110000111110111111111111111, flags=SA_RESTART|SA_SIGINFO
   SIGPIPE: _ZL17javaSignalHandleriP9__siginfoPv in libjvm.dylib, mask=11100110000111110111111111111111, flags=SA_RESTART|SA_SIGINFO
   SIGXFSZ: _ZL17javaSignalHandleriP9__siginfoPv in libjvm.dylib, mask=11100110000111110111111111111111, flags=SA_RESTART|SA_SIGINFO
    SIGILL: _ZL13crash_handleriP9__siginfoPv in libjvm.dylib, mask=11100110000111110111111111111111, flags=SA_RESTART|SA_SIGINFO
   SIGUSR2: _ZL10SR_handleriP9__siginfoP17__darwin_ucontext in libjvm.dylib, mask=00100000000000000000000000000000, flags=SA_RESTART|SA_SIGINFO
    SIGHUP: _ZL11UserHandleriPvS_ in libjvm.dylib, mask=11100110000111110111111111111111, flags=SA_RESTART|SA_SIGINFO
    SIGINT: _ZL11UserHandleriPvS_ in libjvm.dylib, mask=11100110000111110111111111111111, flags=SA_RESTART|SA_SIGINFO
   SIGTERM: _ZL11UserHandleriPvS_ in libjvm.dylib, mask=11100110000111110111111111111111, flags=SA_RESTART|SA_SIGINFO
   SIGQUIT: _ZL11UserHandleriPvS_ in libjvm.dylib, mask=11100110000111110111111111111111, flags=SA_RESTART|SA_SIGINFO
   SIGTRAP: _ZL13crash_handleriP9__siginfoPv in libjvm.dylib, mask=11100110000111110111111111111111, flags=SA_RESTART|SA_SIGINFO


---------------  S Y S T E M  ---------------

OS:
uname: Darwin 21.2.0 Darwin Kernel Version 21.2.0: Sun Nov 28 20:29:10 PST 2021; root:xnu-8019.61.5~1/RELEASE_ARM64_T8101 arm64
OS uptime: 2 days 5:49 hours
rlimit (soft/hard): STACK 8176k/65520k , CORE 0k/infinity , NPROC 1333/2000 , NOFILE 10240/infinity , AS infinity/infinity , CPU infinity/infinity , DATA infinity/infinity , FSIZE infinity/infinity , MEMLOCK infinity/infinity , RSS infinity/infinity
load average: 1.23 1.40 1.74

CPU: total 8 (initial active 8) 0x61:0x0:0x1b588bb3:0, fp, simd, crc, lse

Memory: 16k page, physical 8388608k(95440k free), swap 3145728k(1270784k free)

vm_info: OpenJDK 64-Bit Server VM (17.0.2+8-86) for bsd-aarch64 JRE (17.0.2+8-86), built on Dec  7 2021 21:45:06 by "mach5one" with clang Apple LLVM 12.0.0 (clang-1200.0.32.29)

END.
