#
# A fatal error has been detected by the Java Runtime Environment:
#
#  SIGBUS (0xa) at pc=0x000000010e68d4f0, pid=11514, tid=34831
#
# JRE version: OpenJDK Runtime Environment (17.0.2+8) (build 17.0.2+8-86)
# Java VM: OpenJDK 64-Bit Server VM (17.0.2+8-86, mixed mode, sharing, tiered, compressed oops, compressed class ptrs, g1 gc, bsd-aarch64)
# Problematic frame:
# v  ~StubRoutines::SafeFetchN
#
# No core dump will be written. Core dumps have been disabled. To enable core dumping, try "ulimit -c unlimited" before starting Java again
#
# If you would like to submit a bug report, please visit:
#   https://bugreport.java.com/bugreport/crash.jsp
# The crash happened outside the Java Virtual Machine in native code.
# See problematic frame for where to report the bug.
#

---------------  S U M M A R Y ------------

Command Line: -javaagent:/Applications/IntelliJ IDEA CE.app/Contents/lib/idea_rt.jar=57436:/Applications/IntelliJ IDEA CE.app/Contents/bin -Dfile.encoding=UTF-8 --module-path=/Users/shonn/.m2/repository/org/openjfx/javafx-base/17.0.1/javafx-base-17.0.1-mac-aarch64.jar:/Users/shonn/.m2/repository/org/openjfx/javafx-fxml/17.0.1/javafx-fxml-17.0.1-mac-aarch64.jar:/Users/shonn/.m2/repository/org/openjfx/javafx-graphics/17.0.1/javafx-graphics-17.0.1-mac-aarch64.jar:/Users/shonn/.m2/repository/org/openjfx/javafx-controls/17.0.1/javafx-controls-17.0.1-mac-aarch64.jar:/Users/shonn/SynologyDrive/Project/Clinic/target/classes -Djdk.module.main=com.java.clinic com.java.clinic/com.java.clinic.ClinicApplication

Host: "MacBookPro17,1" arm64 1 MHz, 8 cores, 8G, Darwin 21.2.0, macOS 12.1 (21C52)
Time: Mon Jul  4 15:32:49 2022 PDT elapsed time: 5.396097 seconds (0d 0h 0m 5s)

---------------  T H R E A D  ---------------

Current thread (0x000000011e103000):  JavaThread "InvokeLaterDispatcher" daemon [_thread_in_native, id=34831, stack(0x000000016dc70000,0x000000016de73000)]

Stack: [0x000000016dc70000,0x000000016de73000],  sp=0x000000016de72780,  free space=2057k
Native frames: (J=compiled Java code, j=interpreted, Vv=VM code, C=native code)
v  ~StubRoutines::SafeFetchN
V  [libjvm.dylib+0x7a6bcc]  _ZN10OopStorage7releaseEPKP7oopDesc+0x20
V  [libjvm.dylib+0x4ba824]  jni_DeleteGlobalRef+0xd8
C  [libglass.dylib+0xab08]  -[GlassRunnable dealloc]+0x34
C  [Foundation+0x84c7c]  -[_NSThreadPerformInfo dealloc]+0x30
C  [Foundation+0x51578]  -[NSObject(NSThreadPerformAdditions) performSelectorOnMainThread:withObject:waitUntilDone:]+0x88
C  0xb70780010e6958ac
j  com.sun.glass.ui.mac.MacApplication.submitForLaterInvocation(Ljava/lang/Runnable;)V+2 javafx.graphics
j  com.sun.glass.ui.InvokeLaterDispatcher.run()V+82 javafx.graphics
v  ~StubRoutines::call_stub
V  [libjvm.dylib+0x461d08]  _ZN9JavaCalls11call_helperEP9JavaValueRK12methodHandleP17JavaCallArgumentsP10JavaThread+0x38c
V  [libjvm.dylib+0x460d24]  _ZN9JavaCalls12call_virtualEP9JavaValueP5KlassP6SymbolS5_P17JavaCallArgumentsP10JavaThread+0x11c
V  [libjvm.dylib+0x460df0]  _ZN9JavaCalls12call_virtualEP9JavaValue6HandleP5KlassP6SymbolS6_P10JavaThread+0x64
V  [libjvm.dylib+0x515f04]  _ZL12thread_entryP10JavaThreadS0_+0xc4
V  [libjvm.dylib+0x9071ac]  _ZN10JavaThread17thread_main_innerEv+0x13c
V  [libjvm.dylib+0x9058c0]  _ZN6Thread8call_runEv+0x128
V  [libjvm.dylib+0x7ad7c8]  _ZL19thread_native_entryP6Thread+0x158
C  [libsystem_pthread.dylib+0x7240]  _pthread_start+0x94

Java frames: (J=compiled Java code, j=interpreted, Vv=VM code)
j  com.sun.glass.ui.mac.MacApplication._submitForLaterInvocation(Ljava/lang/Runnable;)V+0 javafx.graphics
j  com.sun.glass.ui.mac.MacApplication.submitForLaterInvocation(Ljava/lang/Runnable;)V+2 javafx.graphics
j  com.sun.glass.ui.InvokeLaterDispatcher.run()V+82 javafx.graphics
v  ~StubRoutines::call_stub

siginfo: si_signo: 10 (SIGBUS), si_code: 1 (BUS_ADRALN), si_addr: 0x000000010e68d4f0

Register to memory mapping:

 x0=0x000000012df06c48 is a global jni handle
 x1=0x0 is NULL
 x2=0x0000000786400a38 is an oop: com.sun.glass.ui.InvokeLaterDispatcher$Future 
{0x0000000786400a38} - klass: 'com/sun/glass/ui/InvokeLaterDispatcher$Future'
 - ---- fields (total size 3 words):
 - private 'done' 'Z' @12  true
 - private final 'runnable' 'Ljava/lang/Runnable;' @16  a 'com/sun/javafx/tk/quantum/QuantumToolkit$$Lambda$85+0x0000000800c397a0'{0x00000007868f9c58} (f0d1f38b)
 - final synthetic 'this$0' 'Lcom/sun/glass/ui/InvokeLaterDispatcher;' @20  a 'com/sun/glass/ui/InvokeLaterDispatcher'{0x0000000786815550} (f0d02aaa)
 x3=0x0 is NULL
 x4=0x00000000000130a8 is an unknown value
 x5=0x0 is NULL
 x6=0x0 is NULL
 x7=0x0 is NULL
 x8=0x000000010e68d4ec is at begin+0 in a stub
StubRoutines::SafeFetchN [0x000000010e68d4ec, 0x000000010e68d4f8] (12 bytes)
 x9=0x0 is NULL
x10=0x2010000030300000 is an unknown value
x11=0x0000000000000007 is an unknown value
x12=0x0 is NULL
x13=0x00006000013c3f70 points into unknown readable memory: 0x3e3b56543b4b543c | 3c 54 4b 3b 54 56 3b 3e
x14=0x0000000000000001 is an unknown value
x15=0x000000011db29f98: OBJC_CLASS_$_GlassRunnable+0 in /Users/shonn/.openjfx/cache/17.0.1/libglass.dylib at 0x000000011dae4000
x16=0x00000001a24fc094: pthread_getspecific+0 in /usr/lib/system/libsystem_pthread.dylib at 0x00000001a24fa000
x17=0x00006000019d65e0 points into unknown readable memory: 0xfffffffffffffffe | fe ff ff ff ff ff ff ff
x18=0x0 is NULL
x19=0x00006000016cc070 points into unknown readable memory: 0x0000600003fd4030 | 30 40 fd 03 00 60 00 00
x20=0x000000012df06a40 points into unknown readable memory: 0x0000000000000000 | 00 00 00 00 00 00 00 00
x21=0x000000012df06c48 is a global jni handle
x22=0x000000011e103000 is a thread
x23=0x0000000000000001 is an unknown value
x24=0x000000012df06c00 is a global jni handle
x25=0x0000000106b4d5e8: _ZN12StubRoutines17_safefetchN_entryE+0 in /Users/shonn/Library/Java/JavaVirtualMachines/openjdk-17.0.2/Contents/Home/lib/server/libjvm.dylib at 0x0000000105f9c000
x26=0x000000011f5183b0 is pointing into metadata
x27=0x0 is NULL
x28=0x000000011e103000 is a thread


Registers:
 x0=0x000000012df06c48  x1=0x0000000000000000  x2=0x0000000786400a38  x3=0x0000000000000000
 x4=0x00000000000130a8  x5=0x0000000000000000  x6=0x0000000000000000  x7=0x0000000000000000
 x8=0x000000010e68d4ec  x9=0x0000000000000000 x10=0x2010000030300000 x11=0x0000000000000007
x12=0x0000000000000000 x13=0x00006000013c3f70 x14=0x0000000000000001 x15=0x000000011db29f98
x16=0x00000001a24fc094 x17=0x00006000019d65e0 x18=0x0000000000000000 x19=0x00006000016cc070
x20=0x000000012df06a40 x21=0x000000012df06c48 x22=0x000000011e103000 x23=0x0000000000000001
x24=0x000000012df06c00 x25=0x0000000106b4d5e8 x26=0x000000011f5183b0 x27=0x0000000000000000
x28=0x000000011e103000  fp=0x000000016de727c0  lr=0x000000010674199c  sp=0x000000016de72780
pc=0x000000010e68d4f0 cpsr=0x0000000060001000
Top of Stack: (sp=0x000000016de72780)
0x000000016de72780:   000000011f5183b0 0000000000000001
0x000000016de72790:   000000016de72988 0000000000000000
0x000000016de727a0:   000000011e1038a8 000000012df06c30
0x000000016de727b0:   000000012df06c30 00006000016cc070
0x000000016de727c0:   000000016de72800 0000000106742bcc
0x000000016de727d0:   0000000000000001 000000012df06c30
0x000000016de727e0:   000000011e1038a8 000000012df06c30
0x000000016de727f0:   0000000000000001 000000011e103600
0x000000016de72800:   000000016de72840 0000000106456824
0x000000016de72810:   000000016de72988 0000600003fe75a0
0x000000016de72820:   0000600003fe7310 00000001eca2c474
0x000000016de72830:   0000000000000000 0000600003fe7310
0x000000016de72840:   000000016de72870 000000011daeeb08
0x000000016de72850:   68e7690ab51400c9 0000000000000000
0x000000016de72860:   0000000000000000 00006000028d69c0
0x000000016de72870:   000000016de728b0 00000001a34c0c7c
0x000000016de72880:   000000016de72988 0000600003fe75a0
0x000000016de72890:   0000600003fe7310 68e7690ab51400c9
0x000000016de728a0:   0000000000000000 0000000000000000
0x000000016de728b0:   000000016de728f0 35538001a348d578
0x000000016de728c0:   000000016de72988 000000010e6947c0
0x000000016de728d0:   0000000000000000 0000000106b54fa8
0x000000016de728e0:   000000016de72900 000000010e693730
0x000000016de728f0:   000000016de72960 b70780010e6958ac
0x000000016de72900:   000000016de72900 000000080098b325
0x000000016de72910:   000000016de72910 0000000000000000
0x000000016de72920:   000000016de72988 000000011f5183b0
0x000000016de72930:   00000007868f95d0 0000000000000000
0x000000016de72940:   0000000000000000 000000011f4f7998
0x000000016de72950:   0000000000000000 000000016de72960
0x000000016de72960:   000000016de729e0 000000010e691fc8
0x000000016de72970:   0000000000000000 0000000000000000 

Instructions: (pc=0x000000010e68d4f0)
0x000000010e68d3f0:   f2a0d629 f2c00029 6d425935 1e640886
0x000000010e68d400:   0c402d31 1e6408c7 1f5654d0 1e6c1017
0x000000010e68d410:   1f5050d0 1f504cd0 1f5048d0 1e650af6
0x000000010e68d420:   1f50d8f6 1f5694d6 1f5158f6 1e762880
0x000000010e68d430:   36000501 1e614000 14000026 2e251ca5
0x000000010e68d440:   d2943009 f2a0d629 f2c00029 6d425d36
0x000000010e68d450:   1e600806 0c402d32 1f5758c7 1e6c101a
0x000000010e68d460:   1f4754c7 1e650805 1f4750c7 d2866668
0x000000010e68d470:   f2a7fa68 1f474cc7 1e6608c0 1f4748c7
0x000000010e68d480:   1e6e1019 eb08007f 540000ac 1f479400
0x000000010e68d490:   1f460340 1e603b20 1400000e d2a7fd29
0x000000010e68d4a0:   eb09007f 540000ac 51480069 d3607d29
0x000000010e68d4b0:   9e670121 14000002 1e6a5001 1f679417
0x000000010e68d4c0:   1f668742 1e613b23 1e773857 1e773860
0x000000010e68d4d0:   a8c17ff3 910003bf a8c17bfd d65f03c0
0x000000010e68d4e0:   b9400001 aa0103e0 d65f03c0 f9400001
0x000000010e68d4f0:   aa0103e0 d65f03c0 00000000 00000000
0x000000010e68d500:   00000000 00000000 00000000 00000000
0x000000010e68d510:   00000000 00000000 00000000 00000000
0x000000010e68d520:   00000000 00000000 00000000 00000000
0x000000010e68d530:   00000000 00000000 00000000 00000000
0x000000010e68d540:   00000000 00000000 00000000 00000000
0x000000010e68d550:   00000000 00000000 00000000 00000000
0x000000010e68d560:   00000000 00000000 00000000 00000000
0x000000010e68d570:   00000000 00000000 00000000 00000000
0x000000010e68d580:   00000000 00000000 00000000 00000000
0x000000010e68d590:   00000000 00000000 00000000 00000000
0x000000010e68d5a0:   00000000 00000000 00000000 00000000
0x000000010e68d5b0:   00000000 00000000 00000000 00000000
0x000000010e68d5c0:   00000000 00000000 00000000 00000000
0x000000010e68d5d0:   00000000 00000000 00000000 00000000
0x000000010e68d5e0:   00000000 00000000 00000000 00000000 


Stack slot to memory mapping:
stack at sp + 0 slots: 0x000000011f5183b0 is pointing into metadata
stack at sp + 1 slots: 0x0000000000000001 is an unknown value
stack at sp + 2 slots: 0x000000016de72988 is pointing into the stack for thread: 0x000000011e103000
stack at sp + 3 slots: 0x0 is NULL
stack at sp + 4 slots: 0x000000011e1038a8 points into unknown readable memory: 0x0000000106b0a738 | 38 a7 b0 06 01 00 00 00
stack at sp + 5 slots: 0x000000012df06c30 is a global jni handle
stack at sp + 6 slots: 0x000000012df06c30 is a global jni handle
stack at sp + 7 slots: 0x00006000016cc070 points into unknown readable memory: 0x0000600003fd4030 | 30 40 fd 03 00 60 00 00

StubRoutines::SafeFetchN [0x000000010e68d4ec, 0x000000010e68d4f8] (12 bytes)
[MachCode]
  0x000000010e68d4ec: 0100 40f9 | e003 01aa | c003 5fd6 
[/MachCode]

---------------  P R O C E S S  ---------------

Threads class SMR info:
_java_thread_list=0x0000600003d16ac0, length=20, elements={
0x000000012f808c00, 0x000000011e06b800, 0x000000011e008a00, 0x000000012e03c200,
0x000000012e03a000, 0x000000012e03a600, 0x000000012e03ac00, 0x000000012e03b200,
0x000000012e011200, 0x000000011e00a400, 0x000000012f8c7a00, 0x000000012f8cde00,
0x000000012e012c00, 0x000000011e103000, 0x000000011e103600, 0x000000012f9b5800,
0x000000011e27dc00, 0x000000012ea16000, 0x000000012ea08600, 0x000000012e9fa800
}

Java Threads: ( => current thread )
  0x000000012f808c00 JavaThread "main" [_thread_blocked, id=5635, stack(0x000000016b268000,0x000000016b46b000)]
  0x000000011e06b800 JavaThread "Reference Handler" daemon [_thread_blocked, id=15107, stack(0x000000016c0bc000,0x000000016c2bf000)]
  0x000000011e008a00 JavaThread "Finalizer" daemon [_thread_blocked, id=15363, stack(0x000000016c2c8000,0x000000016c4cb000)]
  0x000000012e03c200 JavaThread "Signal Dispatcher" daemon [_thread_blocked, id=42755, stack(0x000000016c5ec000,0x000000016c7ef000)]
  0x000000012e03a000 JavaThread "Service Thread" daemon [_thread_blocked, id=42499, stack(0x000000016c7f8000,0x000000016c9fb000)]
  0x000000012e03a600 JavaThread "Monitor Deflation Thread" daemon [_thread_blocked, id=23555, stack(0x000000016ca04000,0x000000016cc07000)]
  0x000000012e03ac00 JavaThread "C2 CompilerThread0" daemon [_thread_blocked, id=41731, stack(0x000000016cc10000,0x000000016ce13000)]
  0x000000012e03b200 JavaThread "C1 CompilerThread0" daemon [_thread_blocked, id=24067, stack(0x000000016ce1c000,0x000000016d01f000)]
  0x000000012e011200 JavaThread "Sweeper thread" daemon [_thread_blocked, id=41219, stack(0x000000016d028000,0x000000016d22b000)]
  0x000000011e00a400 JavaThread "Common-Cleaner" daemon [_thread_blocked, id=24579, stack(0x000000016d234000,0x000000016d437000)]
  0x000000012f8c7a00 JavaThread "Monitor Ctrl-Break" daemon [_thread_in_native, id=24835, stack(0x000000016d440000,0x000000016d643000)]
  0x000000012f8cde00 JavaThread "Notification Thread" daemon [_thread_blocked, id=40451, stack(0x000000016d64c000,0x000000016d84f000)]
  0x000000012e012c00 JavaThread "QuantumRenderer-0" daemon [_thread_blocked, id=25347, stack(0x000000016da64000,0x000000016dc67000)]
=>0x000000011e103000 JavaThread "InvokeLaterDispatcher" daemon [_thread_in_native, id=34831, stack(0x000000016dc70000,0x000000016de73000)]
  0x000000011e103600 JavaThread "JavaFX Application Thread" [_thread_in_vm, id=259, stack(0x000000016a9e0000,0x000000016b1dc000)]
  0x000000012f9b5800 JavaThread "JavaFX-Launcher" [_thread_blocked, id=58119, stack(0x000000016e114000,0x000000016e317000)]
  0x000000011e27dc00 JavaThread "Attach Listener" daemon [_thread_blocked, id=60163, stack(0x000000016ee74000,0x000000016f077000)]
  0x000000012ea16000 JavaThread "Prism Font Disposer" daemon [_thread_blocked, id=71695, stack(0x000000016f080000,0x000000016f283000)]
  0x000000012ea08600 JavaThread "Cleaner-0" daemon [_thread_blocked, id=74523, stack(0x000000016f28c000,0x000000016f48f000)]
  0x000000012e9fa800 JavaThread "PulseTimer-CVDisplayLink thread" daemon [_thread_in_native, id=90139, stack(0x000000016de7c000,0x000000016deff000)]

Other Threads:
  0x000000011de06e10 VMThread "VM Thread" [stack: 0x000000016beb0000,0x000000016c0b3000] [id=14339]
  0x000000012de0afe0 WatcherThread [stack: 0x000000016d858000,0x000000016da5b000] [id=25091]
  0x000000012df050d0 GCTaskThread "GC Thread#0" [stack: 0x000000016b474000,0x000000016b677000] [id=19459]
  0x000000011d706660 GCTaskThread "GC Thread#1" [stack: 0x000000016e438000,0x000000016e63b000] [id=73987]
  0x000000011d706d00 GCTaskThread "GC Thread#2" [stack: 0x000000016e644000,0x000000016e847000] [id=73731]
  0x000000011d707570 GCTaskThread "GC Thread#3" [stack: 0x000000016e850000,0x000000016ea53000] [id=73219]
  0x000000011d707de0 GCTaskThread "GC Thread#4" [stack: 0x000000016ea5c000,0x000000016ec5f000] [id=72963]
  0x000000011d708650 GCTaskThread "GC Thread#5" [stack: 0x000000016ec68000,0x000000016ee6b000] [id=59907]
  0x000000012df05780 ConcurrentGCThread "G1 Main Marker" [stack: 0x000000016b680000,0x000000016b883000] [id=12035]
  0x000000011d704080 ConcurrentGCThread "G1 Conc#0" [stack: 0x000000016b88c000,0x000000016ba8f000] [id=12547]
  0x000000011de05580 ConcurrentGCThread "G1 Refine#0" [stack: 0x000000016ba98000,0x000000016bc9b000] [id=17923]
  0x000000011de05e20 ConcurrentGCThread "G1 Service" [stack: 0x000000016bca4000,0x000000016bea7000] [id=17667]

Threads with active compile tasks:

VM state: not at safepoint (normal execution)

VM Mutex/Monitor currently owned by a thread: None

Heap address: 0x0000000780000000, size: 2048 MB, Compressed Oops mode: Zero based, Oop shift amount: 3

CDS archive(s) mapped at: [0x0000000800000000-0x0000000800bd4000-0x0000000800bd4000), size 12402688, SharedBaseAddress: 0x0000000800000000, ArchiveRelocationMode: 0.
Compressed class space mapped at: 0x0000000800c00000-0x0000000840c00000, reserved size: 1073741824
Narrow klass base: 0x0000000800000000, Narrow klass shift: 0, Narrow klass range: 0x100000000

GC Precious Log:
 CPUs: 8 total, 8 available
 Memory: 8192M
 Large Page Support: Disabled
 NUMA Support: Disabled
 Compressed Oops: Enabled (Zero based)
 Heap Region Size: 1M
 Heap Min Capacity: 8M
 Heap Initial Capacity: 128M
 Heap Max Capacity: 2G
 Pre-touch: Disabled
 Parallel Workers: 8
 Concurrent Workers: 2
 Concurrent Refinement Workers: 8
 Periodic GC: Disabled

Heap:
 garbage-first heap   total 133120K, used 35296K [0x0000000780000000, 0x0000000800000000)
  region size 1024K, 32 young (32768K), 3 survivors (3072K)
 Metaspace       used 14736K, committed 15040K, reserved 1064960K
  class space    used 2199K, committed 2368K, reserved 1048576K

Heap Regions: E=young(eden), S=young(survivor), O=old, HS=humongous(starts), HC=humongous(continues), CS=collection set, F=free, OA=open archive, CA=closed archive, TAMS=top-at-mark-start (previous, next)
|   0|0x0000000780000000, 0x0000000780080200, 0x0000000780100000| 50%| O|  |TAMS 0x0000000780000000, 0x0000000780000000| Untracked 
|   1|0x0000000780100000, 0x0000000780200000, 0x0000000780200000|100%|HS|  |TAMS 0x0000000780100000, 0x0000000780100000| Complete 
|   2|0x0000000780200000, 0x0000000780300000, 0x0000000780300000|100%|HC|  |TAMS 0x0000000780200000, 0x0000000780200000| Complete 
|   3|0x0000000780300000, 0x0000000780300000, 0x0000000780400000|  0%| F|  |TAMS 0x0000000780300000, 0x0000000780300000| Untracked 
|   4|0x0000000780400000, 0x0000000780400000, 0x0000000780500000|  0%| F|  |TAMS 0x0000000780400000, 0x0000000780400000| Untracked 
|   5|0x0000000780500000, 0x0000000780500000, 0x0000000780600000|  0%| F|  |TAMS 0x0000000780500000, 0x0000000780500000| Untracked 
|   6|0x0000000780600000, 0x0000000780600000, 0x0000000780700000|  0%| F|  |TAMS 0x0000000780600000, 0x0000000780600000| Untracked 
|   7|0x0000000780700000, 0x0000000780700000, 0x0000000780800000|  0%| F|  |TAMS 0x0000000780700000, 0x0000000780700000| Untracked 
|   8|0x0000000780800000, 0x0000000780800000, 0x0000000780900000|  0%| F|  |TAMS 0x0000000780800000, 0x0000000780800000| Untracked 
|   9|0x0000000780900000, 0x0000000780900000, 0x0000000780a00000|  0%| F|  |TAMS 0x0000000780900000, 0x0000000780900000| Untracked 
|  10|0x0000000780a00000, 0x0000000780a00000, 0x0000000780b00000|  0%| F|  |TAMS 0x0000000780a00000, 0x0000000780a00000| Untracked 
|  11|0x0000000780b00000, 0x0000000780b00000, 0x0000000780c00000|  0%| F|  |TAMS 0x0000000780b00000, 0x0000000780b00000| Untracked 
|  12|0x0000000780c00000, 0x0000000780c00000, 0x0000000780d00000|  0%| F|  |TAMS 0x0000000780c00000, 0x0000000780c00000| Untracked 
|  13|0x0000000780d00000, 0x0000000780d00000, 0x0000000780e00000|  0%| F|  |TAMS 0x0000000780d00000, 0x0000000780d00000| Untracked 
|  14|0x0000000780e00000, 0x0000000780e00000, 0x0000000780f00000|  0%| F|  |TAMS 0x0000000780e00000, 0x0000000780e00000| Untracked 
|  15|0x0000000780f00000, 0x0000000780f00000, 0x0000000781000000|  0%| F|  |TAMS 0x0000000780f00000, 0x0000000780f00000| Untracked 
|  16|0x0000000781000000, 0x0000000781000000, 0x0000000781100000|  0%| F|  |TAMS 0x0000000781000000, 0x0000000781000000| Untracked 
|  17|0x0000000781100000, 0x0000000781100000, 0x0000000781200000|  0%| F|  |TAMS 0x0000000781100000, 0x0000000781100000| Untracked 
|  18|0x0000000781200000, 0x0000000781200000, 0x0000000781300000|  0%| F|  |TAMS 0x0000000781200000, 0x0000000781200000| Untracked 
|  19|0x0000000781300000, 0x0000000781300000, 0x0000000781400000|  0%| F|  |TAMS 0x0000000781300000, 0x0000000781300000| Untracked 
|  20|0x0000000781400000, 0x0000000781400000, 0x0000000781500000|  0%| F|  |TAMS 0x0000000781400000, 0x0000000781400000| Untracked 
|  21|0x0000000781500000, 0x0000000781500000, 0x0000000781600000|  0%| F|  |TAMS 0x0000000781500000, 0x0000000781500000| Untracked 
|  22|0x0000000781600000, 0x0000000781600000, 0x0000000781700000|  0%| F|  |TAMS 0x0000000781600000, 0x0000000781600000| Untracked 
|  23|0x0000000781700000, 0x0000000781700000, 0x0000000781800000|  0%| F|  |TAMS 0x0000000781700000, 0x0000000781700000| Untracked 
|  24|0x0000000781800000, 0x0000000781800000, 0x0000000781900000|  0%| F|  |TAMS 0x0000000781800000, 0x0000000781800000| Untracked 
|  25|0x0000000781900000, 0x0000000781900000, 0x0000000781a00000|  0%| F|  |TAMS 0x0000000781900000, 0x0000000781900000| Untracked 
|  26|0x0000000781a00000, 0x0000000781a00000, 0x0000000781b00000|  0%| F|  |TAMS 0x0000000781a00000, 0x0000000781a00000| Untracked 
|  27|0x0000000781b00000, 0x0000000781b00000, 0x0000000781c00000|  0%| F|  |TAMS 0x0000000781b00000, 0x0000000781b00000| Untracked 
|  28|0x0000000781c00000, 0x0000000781c00000, 0x0000000781d00000|  0%| F|  |TAMS 0x0000000781c00000, 0x0000000781c00000| Untracked 
|  29|0x0000000781d00000, 0x0000000781d00000, 0x0000000781e00000|  0%| F|  |TAMS 0x0000000781d00000, 0x0000000781d00000| Untracked 
|  30|0x0000000781e00000, 0x0000000781e00000, 0x0000000781f00000|  0%| F|  |TAMS 0x0000000781e00000, 0x0000000781e00000| Untracked 
|  31|0x0000000781f00000, 0x0000000781f00000, 0x0000000782000000|  0%| F|  |TAMS 0x0000000781f00000, 0x0000000781f00000| Untracked 
|  32|0x0000000782000000, 0x0000000782000000, 0x0000000782100000|  0%| F|  |TAMS 0x0000000782000000, 0x0000000782000000| Untracked 
|  33|0x0000000782100000, 0x0000000782100000, 0x0000000782200000|  0%| F|  |TAMS 0x0000000782100000, 0x0000000782100000| Untracked 
|  34|0x0000000782200000, 0x0000000782200000, 0x0000000782300000|  0%| F|  |TAMS 0x0000000782200000, 0x0000000782200000| Untracked 
|  35|0x0000000782300000, 0x0000000782300000, 0x0000000782400000|  0%| F|  |TAMS 0x0000000782300000, 0x0000000782300000| Untracked 
|  36|0x0000000782400000, 0x0000000782400000, 0x0000000782500000|  0%| F|  |TAMS 0x0000000782400000, 0x0000000782400000| Untracked 
|  37|0x0000000782500000, 0x0000000782500000, 0x0000000782600000|  0%| F|  |TAMS 0x0000000782500000, 0x0000000782500000| Untracked 
|  38|0x0000000782600000, 0x0000000782600000, 0x0000000782700000|  0%| F|  |TAMS 0x0000000782600000, 0x0000000782600000| Untracked 
|  39|0x0000000782700000, 0x0000000782700000, 0x0000000782800000|  0%| F|  |TAMS 0x0000000782700000, 0x0000000782700000| Untracked 
|  40|0x0000000782800000, 0x0000000782800000, 0x0000000782900000|  0%| F|  |TAMS 0x0000000782800000, 0x0000000782800000| Untracked 
|  41|0x0000000782900000, 0x0000000782900000, 0x0000000782a00000|  0%| F|  |TAMS 0x0000000782900000, 0x0000000782900000| Untracked 
|  42|0x0000000782a00000, 0x0000000782a00000, 0x0000000782b00000|  0%| F|  |TAMS 0x0000000782a00000, 0x0000000782a00000| Untracked 
|  43|0x0000000782b00000, 0x0000000782b00000, 0x0000000782c00000|  0%| F|  |TAMS 0x0000000782b00000, 0x0000000782b00000| Untracked 
|  44|0x0000000782c00000, 0x0000000782c00000, 0x0000000782d00000|  0%| F|  |TAMS 0x0000000782c00000, 0x0000000782c00000| Untracked 
|  45|0x0000000782d00000, 0x0000000782d00000, 0x0000000782e00000|  0%| F|  |TAMS 0x0000000782d00000, 0x0000000782d00000| Untracked 
|  46|0x0000000782e00000, 0x0000000782e00000, 0x0000000782f00000|  0%| F|  |TAMS 0x0000000782e00000, 0x0000000782e00000| Untracked 
|  47|0x0000000782f00000, 0x0000000782f00000, 0x0000000783000000|  0%| F|  |TAMS 0x0000000782f00000, 0x0000000782f00000| Untracked 
|  48|0x0000000783000000, 0x0000000783000000, 0x0000000783100000|  0%| F|  |TAMS 0x0000000783000000, 0x0000000783000000| Untracked 
|  49|0x0000000783100000, 0x0000000783100000, 0x0000000783200000|  0%| F|  |TAMS 0x0000000783100000, 0x0000000783100000| Untracked 
|  50|0x0000000783200000, 0x0000000783200000, 0x0000000783300000|  0%| F|  |TAMS 0x0000000783200000, 0x0000000783200000| Untracked 
|  51|0x0000000783300000, 0x0000000783300000, 0x0000000783400000|  0%| F|  |TAMS 0x0000000783300000, 0x0000000783300000| Untracked 
|  52|0x0000000783400000, 0x0000000783400000, 0x0000000783500000|  0%| F|  |TAMS 0x0000000783400000, 0x0000000783400000| Untracked 
|  53|0x0000000783500000, 0x0000000783500000, 0x0000000783600000|  0%| F|  |TAMS 0x0000000783500000, 0x0000000783500000| Untracked 
|  54|0x0000000783600000, 0x0000000783600000, 0x0000000783700000|  0%| F|  |TAMS 0x0000000783600000, 0x0000000783600000| Untracked 
|  55|0x0000000783700000, 0x0000000783700000, 0x0000000783800000|  0%| F|  |TAMS 0x0000000783700000, 0x0000000783700000| Untracked 
|  56|0x0000000783800000, 0x0000000783800000, 0x0000000783900000|  0%| F|  |TAMS 0x0000000783800000, 0x0000000783800000| Untracked 
|  57|0x0000000783900000, 0x0000000783900000, 0x0000000783a00000|  0%| F|  |TAMS 0x0000000783900000, 0x0000000783900000| Untracked 
|  58|0x0000000783a00000, 0x0000000783a00000, 0x0000000783b00000|  0%| F|  |TAMS 0x0000000783a00000, 0x0000000783a00000| Untracked 
|  59|0x0000000783b00000, 0x0000000783b00000, 0x0000000783c00000|  0%| F|  |TAMS 0x0000000783b00000, 0x0000000783b00000| Untracked 
|  60|0x0000000783c00000, 0x0000000783c00000, 0x0000000783d00000|  0%| F|  |TAMS 0x0000000783c00000, 0x0000000783c00000| Untracked 
|  61|0x0000000783d00000, 0x0000000783d00000, 0x0000000783e00000|  0%| F|  |TAMS 0x0000000783d00000, 0x0000000783d00000| Untracked 
|  62|0x0000000783e00000, 0x0000000783e00000, 0x0000000783f00000|  0%| F|  |TAMS 0x0000000783e00000, 0x0000000783e00000| Untracked 
|  63|0x0000000783f00000, 0x0000000783f00000, 0x0000000784000000|  0%| F|  |TAMS 0x0000000783f00000, 0x0000000783f00000| Untracked 
|  64|0x0000000784000000, 0x0000000784000000, 0x0000000784100000|  0%| F|  |TAMS 0x0000000784000000, 0x0000000784000000| Untracked 
|  65|0x0000000784100000, 0x0000000784100000, 0x0000000784200000|  0%| F|  |TAMS 0x0000000784100000, 0x0000000784100000| Untracked 
|  66|0x0000000784200000, 0x0000000784200000, 0x0000000784300000|  0%| F|  |TAMS 0x0000000784200000, 0x0000000784200000| Untracked 
|  67|0x0000000784300000, 0x0000000784300000, 0x0000000784400000|  0%| F|  |TAMS 0x0000000784300000, 0x0000000784300000| Untracked 
|  68|0x0000000784400000, 0x0000000784400000, 0x0000000784500000|  0%| F|  |TAMS 0x0000000784400000, 0x0000000784400000| Untracked 
|  69|0x0000000784500000, 0x0000000784500000, 0x0000000784600000|  0%| F|  |TAMS 0x0000000784500000, 0x0000000784500000| Untracked 
|  70|0x0000000784600000, 0x0000000784600000, 0x0000000784700000|  0%| F|  |TAMS 0x0000000784600000, 0x0000000784600000| Untracked 
|  71|0x0000000784700000, 0x0000000784700000, 0x0000000784800000|  0%| F|  |TAMS 0x0000000784700000, 0x0000000784700000| Untracked 
|  72|0x0000000784800000, 0x0000000784800000, 0x0000000784900000|  0%| F|  |TAMS 0x0000000784800000, 0x0000000784800000| Untracked 
|  73|0x0000000784900000, 0x0000000784900000, 0x0000000784a00000|  0%| F|  |TAMS 0x0000000784900000, 0x0000000784900000| Untracked 
|  74|0x0000000784a00000, 0x0000000784a00000, 0x0000000784b00000|  0%| F|  |TAMS 0x0000000784a00000, 0x0000000784a00000| Untracked 
|  75|0x0000000784b00000, 0x0000000784b00000, 0x0000000784c00000|  0%| F|  |TAMS 0x0000000784b00000, 0x0000000784b00000| Untracked 
|  76|0x0000000784c00000, 0x0000000784c00000, 0x0000000784d00000|  0%| F|  |TAMS 0x0000000784c00000, 0x0000000784c00000| Untracked 
|  77|0x0000000784d00000, 0x0000000784d00000, 0x0000000784e00000|  0%| F|  |TAMS 0x0000000784d00000, 0x0000000784d00000| Untracked 
|  78|0x0000000784e00000, 0x0000000784e00000, 0x0000000784f00000|  0%| F|  |TAMS 0x0000000784e00000, 0x0000000784e00000| Untracked 
|  79|0x0000000784f00000, 0x0000000784f00000, 0x0000000785000000|  0%| F|  |TAMS 0x0000000784f00000, 0x0000000784f00000| Untracked 
|  80|0x0000000785000000, 0x0000000785000000, 0x0000000785100000|  0%| F|  |TAMS 0x0000000785000000, 0x0000000785000000| Untracked 
|  81|0x0000000785100000, 0x0000000785100000, 0x0000000785200000|  0%| F|  |TAMS 0x0000000785100000, 0x0000000785100000| Untracked 
|  82|0x0000000785200000, 0x0000000785200000, 0x0000000785300000|  0%| F|  |TAMS 0x0000000785200000, 0x0000000785200000| Untracked 
|  83|0x0000000785300000, 0x0000000785300000, 0x0000000785400000|  0%| F|  |TAMS 0x0000000785300000, 0x0000000785300000| Untracked 
|  84|0x0000000785400000, 0x0000000785400000, 0x0000000785500000|  0%| F|  |TAMS 0x0000000785400000, 0x0000000785400000| Untracked 
|  85|0x0000000785500000, 0x0000000785500000, 0x0000000785600000|  0%| F|  |TAMS 0x0000000785500000, 0x0000000785500000| Untracked 
|  86|0x0000000785600000, 0x0000000785600000, 0x0000000785700000|  0%| F|  |TAMS 0x0000000785600000, 0x0000000785600000| Untracked 
|  87|0x0000000785700000, 0x0000000785700000, 0x0000000785800000|  0%| F|  |TAMS 0x0000000785700000, 0x0000000785700000| Untracked 
|  88|0x0000000785800000, 0x0000000785800000, 0x0000000785900000|  0%| F|  |TAMS 0x0000000785800000, 0x0000000785800000| Untracked 
|  89|0x0000000785900000, 0x0000000785900000, 0x0000000785a00000|  0%| F|  |TAMS 0x0000000785900000, 0x0000000785900000| Untracked 
|  90|0x0000000785a00000, 0x0000000785a00000, 0x0000000785b00000|  0%| F|  |TAMS 0x0000000785a00000, 0x0000000785a00000| Untracked 
|  91|0x0000000785b00000, 0x0000000785b00000, 0x0000000785c00000|  0%| F|  |TAMS 0x0000000785b00000, 0x0000000785b00000| Untracked 
|  92|0x0000000785c00000, 0x0000000785c00000, 0x0000000785d00000|  0%| F|  |TAMS 0x0000000785c00000, 0x0000000785c00000| Untracked 
|  93|0x0000000785d00000, 0x0000000785d00000, 0x0000000785e00000|  0%| F|  |TAMS 0x0000000785d00000, 0x0000000785d00000| Untracked 
|  94|0x0000000785e00000, 0x0000000785e00000, 0x0000000785f00000|  0%| F|  |TAMS 0x0000000785e00000, 0x0000000785e00000| Untracked 
|  95|0x0000000785f00000, 0x0000000785f00000, 0x0000000786000000|  0%| F|  |TAMS 0x0000000785f00000, 0x0000000785f00000| Untracked 
|  96|0x0000000786000000, 0x0000000786100000, 0x0000000786100000|100%| E|  |TAMS 0x0000000786000000, 0x0000000786000000| Complete 
|  97|0x0000000786100000, 0x0000000786200000, 0x0000000786200000|100%| E|CS|TAMS 0x0000000786100000, 0x0000000786100000| Complete 
|  98|0x0000000786200000, 0x0000000786300000, 0x0000000786300000|100%| E|CS|TAMS 0x0000000786200000, 0x0000000786200000| Complete 
|  99|0x0000000786300000, 0x0000000786400000, 0x0000000786400000|100%| E|CS|TAMS 0x0000000786300000, 0x0000000786300000| Complete 
| 100|0x0000000786400000, 0x0000000786500000, 0x0000000786500000|100%| E|CS|TAMS 0x0000000786400000, 0x0000000786400000| Complete 
| 101|0x0000000786500000, 0x0000000786600000, 0x0000000786600000|100%| E|CS|TAMS 0x0000000786500000, 0x0000000786500000| Complete 
| 102|0x0000000786600000, 0x0000000786700000, 0x0000000786700000|100%| S|CS|TAMS 0x0000000786600000, 0x0000000786600000| Complete 
| 103|0x0000000786700000, 0x0000000786800000, 0x0000000786800000|100%| S|CS|TAMS 0x0000000786700000, 0x0000000786700000| Complete 
| 104|0x0000000786800000, 0x0000000786900000, 0x0000000786900000|100%| S|CS|TAMS 0x0000000786800000, 0x0000000786800000| Complete 
| 105|0x0000000786900000, 0x0000000786a00000, 0x0000000786a00000|100%| E|CS|TAMS 0x0000000786900000, 0x0000000786900000| Complete 
| 106|0x0000000786a00000, 0x0000000786b00000, 0x0000000786b00000|100%| E|CS|TAMS 0x0000000786a00000, 0x0000000786a00000| Complete 
| 107|0x0000000786b00000, 0x0000000786c00000, 0x0000000786c00000|100%| E|CS|TAMS 0x0000000786b00000, 0x0000000786b00000| Complete 
| 108|0x0000000786c00000, 0x0000000786d00000, 0x0000000786d00000|100%| E|CS|TAMS 0x0000000786c00000, 0x0000000786c00000| Complete 
| 109|0x0000000786d00000, 0x0000000786e00000, 0x0000000786e00000|100%| E|CS|TAMS 0x0000000786d00000, 0x0000000786d00000| Complete 
| 110|0x0000000786e00000, 0x0000000786f00000, 0x0000000786f00000|100%| E|CS|TAMS 0x0000000786e00000, 0x0000000786e00000| Complete 
| 111|0x0000000786f00000, 0x0000000787000000, 0x0000000787000000|100%| E|CS|TAMS 0x0000000786f00000, 0x0000000786f00000| Complete 
| 112|0x0000000787000000, 0x0000000787100000, 0x0000000787100000|100%| E|CS|TAMS 0x0000000787000000, 0x0000000787000000| Complete 
| 113|0x0000000787100000, 0x0000000787200000, 0x0000000787200000|100%| E|CS|TAMS 0x0000000787100000, 0x0000000787100000| Complete 
| 114|0x0000000787200000, 0x0000000787300000, 0x0000000787300000|100%| E|CS|TAMS 0x0000000787200000, 0x0000000787200000| Complete 
| 115|0x0000000787300000, 0x0000000787400000, 0x0000000787400000|100%| E|CS|TAMS 0x0000000787300000, 0x0000000787300000| Complete 
| 116|0x0000000787400000, 0x0000000787500000, 0x0000000787500000|100%| E|CS|TAMS 0x0000000787400000, 0x0000000787400000| Complete 
| 117|0x0000000787500000, 0x0000000787600000, 0x0000000787600000|100%| E|CS|TAMS 0x0000000787500000, 0x0000000787500000| Complete 
| 118|0x0000000787600000, 0x0000000787700000, 0x0000000787700000|100%| E|CS|TAMS 0x0000000787600000, 0x0000000787600000| Complete 
| 119|0x0000000787700000, 0x0000000787800000, 0x0000000787800000|100%| E|CS|TAMS 0x0000000787700000, 0x0000000787700000| Complete 
| 120|0x0000000787800000, 0x0000000787900000, 0x0000000787900000|100%| E|CS|TAMS 0x0000000787800000, 0x0000000787800000| Complete 
| 121|0x0000000787900000, 0x0000000787a00000, 0x0000000787a00000|100%| E|CS|TAMS 0x0000000787900000, 0x0000000787900000| Complete 
| 122|0x0000000787a00000, 0x0000000787b00000, 0x0000000787b00000|100%| E|CS|TAMS 0x0000000787a00000, 0x0000000787a00000| Complete 
| 123|0x0000000787b00000, 0x0000000787c00000, 0x0000000787c00000|100%| E|CS|TAMS 0x0000000787b00000, 0x0000000787b00000| Complete 
| 124|0x0000000787c00000, 0x0000000787d00000, 0x0000000787d00000|100%| E|CS|TAMS 0x0000000787c00000, 0x0000000787c00000| Complete 
| 125|0x0000000787d00000, 0x0000000787e00000, 0x0000000787e00000|100%| E|CS|TAMS 0x0000000787d00000, 0x0000000787d00000| Complete 
| 126|0x0000000787e00000, 0x0000000787f00000, 0x0000000787f00000|100%| E|CS|TAMS 0x0000000787e00000, 0x0000000787e00000| Complete 
| 127|0x0000000787f00000, 0x0000000788000000, 0x0000000788000000|100%| E|CS|TAMS 0x0000000787f00000, 0x0000000787f00000| Complete 
|2046|0x00000007ffe00000, 0x00000007ffe78000, 0x00000007fff00000| 46%|OA|  |TAMS 0x00000007ffe00000, 0x00000007ffe00000| Untracked 
|2047|0x00000007fff00000, 0x00000007fff80000, 0x0000000800000000| 50%|CA|  |TAMS 0x00000007fff00000, 0x00000007fff00000| Untracked 

Card table byte_map: [0x000000010557c000,0x000000010597c000] _byte_map_base: 0x000000010197c000

Marking Bits (Prev, Next): (CMBitMap*) 0x000000012e009010, (CMBitMap*) 0x000000012e009050
 Prev Bits: [0x0000000128000000, 0x000000012a000000)
 Next Bits: [0x000000012a000000, 0x000000012c000000)

Polling page: 0x0000000104da8000

Metaspace:

Usage:
  Non-class:     12.24 MB used.
      Class:      2.15 MB used.
       Both:     14.39 MB used.

Virtual space:
  Non-class space:       16.00 MB reserved,      12.38 MB ( 77%) committed,  2 nodes.
      Class space:        1.00 GB reserved,       2.31 MB ( <1%) committed,  1 nodes.
             Both:        1.02 GB reserved,      14.69 MB (  1%) committed. 

Chunk freelists:
   Non-Class:  3.64 MB
       Class:  1.61 MB
        Both:  5.25 MB

MaxMetaspaceSize: unlimited
CompressedClassSpaceSize: 1.00 GB
Initial GC threshold: 21.00 MB
Current GC threshold: 21.00 MB
CDS: on
MetaspaceReclaimPolicy: balanced
 - commit_granule_bytes: 65536.
 - commit_granule_words: 8192.
 - virtual_space_node_default_size: 1048576.
 - enlarge_chunks_in_place: 1.
 - new_chunks_are_fully_committed: 0.
 - uncommit_free_chunks: 1.
 - use_allocation_guard: 0.
 - handle_deallocations: 1.


Internal statistics:

num_allocs_failed_limit: 0.
num_arena_births: 208.
num_arena_deaths: 0.
num_vsnodes_births: 3.
num_vsnodes_deaths: 0.
num_space_committed: 235.
num_space_uncommitted: 0.
num_chunks_returned_to_freelist: 0.
num_chunks_taken_from_freelist: 670.
num_chunk_merges: 0.
num_chunk_splits: 466.
num_chunks_enlarged: 360.
num_purges: 0.
num_inconsistent_stats: 0.

CodeHeap 'non-profiled nmethods': size=120032Kb used=597Kb max_used=597Kb free=119434Kb
 bounds [0x0000000116154000, 0x00000001163c4000, 0x000000011d68c000]
CodeHeap 'profiled nmethods': size=120016Kb used=3221Kb max_used=3221Kb free=116794Kb
 bounds [0x000000010ec20000, 0x000000010ef50000, 0x0000000116154000]
CodeHeap 'non-nmethods': size=5712Kb used=1372Kb max_used=1403Kb free=4339Kb
 bounds [0x000000010e68c000, 0x000000010e8fc000, 0x000000010ec20000]
 total_blobs=2474 nmethods=1712 adapters=679
 compilation: enabled
              stopped_count=0, restarted_count=0
 full_count=0

Compilation events (20 events):
Event: 5.363 Thread 0x000000012e03b200 1763       1       com.sun.prism.impl.BaseGraphics::getCameraNoClone (5 bytes)
Event: 5.363 Thread 0x000000012e03b200 nmethod 1763 0x00000001161e8890 code [0x00000001161e8a00, 0x00000001161e8ae8]
Event: 5.363 Thread 0x000000012e03b200 1764       1       com.sun.prism.impl.BaseGraphics::isState3D (5 bytes)
Event: 5.363 Thread 0x000000012e03b200 nmethod 1764 0x00000001161e8b90 code [0x00000001161e8d00, 0x00000001161e8de8]
Event: 5.363 Thread 0x000000012e03b200 1766       3       java.lang.Math::ceil (5 bytes)
Event: 5.363 Thread 0x000000012e03b200 nmethod 1766 0x000000010ef43890 code [0x000000010ef43a40, 0x000000010ef43b98]
Event: 5.363 Thread 0x000000012e03b200 1767       3       java.lang.StrictMath::ceil (10 bytes)
Event: 5.363 Thread 0x000000012e03b200 nmethod 1767 0x000000010ef43c90 code [0x000000010ef43e80, 0x000000010ef43fd8]
Event: 5.363 Thread 0x000000012e03b200 1768       3       com.sun.javafx.geom.transform.GeneralTransform3D::almostZero (22 bytes)
Event: 5.363 Thread 0x000000012e03b200 nmethod 1768 0x000000010ef44090 code [0x000000010ef44280, 0x000000010ef44428]
Event: 5.364 Thread 0x000000012e03b200 1769       1       com.sun.prism.impl.BaseGraphics::isDepthBuffer (5 bytes)
Event: 5.364 Thread 0x000000012e03b200 nmethod 1769 0x00000001161e8e90 code [0x00000001161e9000, 0x00000001161e90e8]
Event: 5.364 Thread 0x000000012e03b200 1770       1       com.sun.javafx.geom.transform.AffineBase::getMxx (5 bytes)
Event: 5.364 Thread 0x000000012e03b200 nmethod 1770 0x00000001161e9190 code [0x00000001161e9300, 0x00000001161e93e8]
Event: 5.364 Thread 0x000000012e03b200 1771       1       com.sun.javafx.geom.transform.AffineBase::getMyx (5 bytes)
Event: 5.364 Thread 0x000000012e03b200 nmethod 1771 0x00000001161e9490 code [0x00000001161e9600, 0x00000001161e96e8]
Event: 5.364 Thread 0x000000012e03b200 1772       3       com.sun.prism.impl.BaseTexture::assertLocked (8 bytes)
Event: 5.364 Thread 0x000000012e03b200 nmethod 1772 0x000000010ef44510 code [0x000000010ef446c0, 0x000000010ef44998]
Event: 5.365 Thread 0x000000012e03b200 1773       3       com.sun.javafx.geom.transform.GeneralTransform3D::updateState (196 bytes)
Event: 5.365 Thread 0x000000012e03b200 nmethod 1773 0x000000010ef44b10 code [0x000000010ef44d00, 0x000000010ef454a8]

GC Heap History (2 events):
Event: 1.100 GC heap before
{Heap before GC invocations=0 (full 0):
 garbage-first heap   total 133120K, used 23520K [0x0000000780000000, 0x0000000800000000)
  region size 1024K, 23 young (23552K), 0 survivors (0K)
 Metaspace       used 7461K, committed 7616K, reserved 1056768K
  class space    used 920K, committed 1024K, reserved 1048576K
}
Event: 1.107 GC heap after
{Heap after GC invocations=1 (full 0):
 garbage-first heap   total 133120K, used 4576K [0x0000000780000000, 0x0000000800000000)
  region size 1024K, 3 young (3072K), 3 survivors (3072K)
 Metaspace       used 7461K, committed 7616K, reserved 1056768K
  class space    used 920K, committed 1024K, reserved 1048576K
}

Deoptimization events (20 events):
Event: 4.902 Thread 0x000000012e012c00 DEOPT PACKING pc=0x000000010eef63b8 sp=0x000000016dc654b0
Event: 4.902 Thread 0x000000012e012c00 DEOPT UNPACKING pc=0x000000010e6cab7c sp=0x000000016dc65110 mode 0
Event: 5.229 Thread 0x000000012e012c00 DEOPT PACKING pc=0x000000010eef62cc sp=0x000000016dc64e90
Event: 5.229 Thread 0x000000012e012c00 DEOPT UNPACKING pc=0x000000010e6cab7c sp=0x000000016dc64af0 mode 0
Event: 5.232 Thread 0x000000012e012c00 DEOPT PACKING pc=0x000000010eef62cc sp=0x000000016dc654b0
Event: 5.232 Thread 0x000000012e012c00 DEOPT UNPACKING pc=0x000000010e6cab7c sp=0x000000016dc65110 mode 0
Event: 5.232 Thread 0x000000012e012c00 DEOPT PACKING pc=0x000000010eef63b8 sp=0x000000016dc654b0
Event: 5.232 Thread 0x000000012e012c00 DEOPT UNPACKING pc=0x000000010e6cab7c sp=0x000000016dc65110 mode 0
Event: 5.233 Thread 0x000000012e012c00 DEOPT PACKING pc=0x000000010eef63b8 sp=0x000000016dc654b0
Event: 5.233 Thread 0x000000012e012c00 DEOPT UNPACKING pc=0x000000010e6cab7c sp=0x000000016dc65110 mode 0
Event: 5.233 Thread 0x000000012e012c00 DEOPT PACKING pc=0x000000010eef63b8 sp=0x000000016dc654b0
Event: 5.233 Thread 0x000000012e012c00 DEOPT UNPACKING pc=0x000000010e6cab7c sp=0x000000016dc65110 mode 0
Event: 5.233 Thread 0x000000012e012c00 DEOPT PACKING pc=0x000000010eef62cc sp=0x000000016dc654b0
Event: 5.233 Thread 0x000000012e012c00 DEOPT UNPACKING pc=0x000000010e6cab7c sp=0x000000016dc65110 mode 0
Event: 5.233 Thread 0x000000012e012c00 DEOPT PACKING pc=0x000000010eef63b8 sp=0x000000016dc654b0
Event: 5.233 Thread 0x000000012e012c00 DEOPT UNPACKING pc=0x000000010e6cab7c sp=0x000000016dc65110 mode 0
Event: 5.233 Thread 0x000000012e012c00 DEOPT PACKING pc=0x000000010eef63b8 sp=0x000000016dc654b0
Event: 5.233 Thread 0x000000012e012c00 DEOPT UNPACKING pc=0x000000010e6cab7c sp=0x000000016dc65110 mode 0
Event: 5.233 Thread 0x000000012e012c00 DEOPT PACKING pc=0x000000010eef62cc sp=0x000000016dc654b0
Event: 5.233 Thread 0x000000012e012c00 DEOPT UNPACKING pc=0x000000010e6cab7c sp=0x000000016dc65110 mode 0

Classes unloaded (0 events):
No events

Classes redefined (0 events):
No events

Internal exceptions (20 events):
Event: 1.306 Thread 0x000000011e103600 Implicit null exception at 0x00000001161acb54 to 0x00000001161ace64
Event: 1.615 Thread 0x000000011e103600 Implicit null exception at 0x00000001161ac154 to 0x00000001161ac458
Event: 1.618 Thread 0x000000011e103600 Implicit null exception at 0x00000001161ada54 to 0x00000001161adac0
Event: 1.647 Thread 0x000000011e103600 Exception <a 'java/lang/ClassNotFoundException'{0x000000078726ac98}: com/sun/javafx/scene/control/skin/resources/controls> (0x000000078726ac98) 
thrown [open/src/hotspot/share/prims/jni.cpp, line 535]
Event: 1.648 Thread 0x000000011e103600 Exception <a 'java/lang/ClassNotFoundException'{0x0000000787278c38}: com/sun/javafx/scene/control/skin/resources/controls_zh> (0x0000000787278c38) 
thrown [open/src/hotspot/share/prims/jni.cpp, line 535]
Event: 1.648 Thread 0x000000011e103600 Exception <a 'java/lang/ClassNotFoundException'{0x0000000787279bd0}: com/sun/javafx/scene/control/skin/resources/controls_zh_CA> (0x0000000787279bd0) 
thrown [open/src/hotspot/share/prims/jni.cpp, line 535]
Event: 1.648 Thread 0x000000011e103600 Exception <a 'java/lang/ClassNotFoundException'{0x000000078727ab70}: com/sun/javafx/scene/control/skin/resources/controls_zh_Hans> (0x000000078727ab70) 
thrown [open/src/hotspot/share/prims/jni.cpp, line 535]
Event: 1.648 Thread 0x000000011e103600 Exception <a 'java/lang/ClassNotFoundException'{0x000000078727bb10}: com/sun/javafx/scene/control/skin/resources/controls_zh_Hans_CA> (0x000000078727bb10) 
thrown [open/src/hotspot/share/prims/jni.cpp, line 535]
Event: 1.674 Thread 0x000000011e103600 Exception <a 'java/lang/NoSuchMethodError'{0x000000078704b1a0}: 'java.lang.Object java.lang.invoke.DirectMethodHandle$Holder.invokeInterface(java.lang.Object, java.lang.Object, java.lang.Object)'> (0x000000078704b1a0) 
thrown [open/src/hotspot/share/interpreter/linkResolver.cpp, line 766]
Event: 1.674 Thread 0x000000011e103600 Exception <a 'java/lang/IncompatibleClassChangeError'{0x000000078704eb28}: Found class java.lang.Object, but interface was expected> (0x000000078704eb28) 
thrown [open/src/hotspot/share/interpreter/linkResolver.cpp, line 833]
Event: 2.156 Thread 0x000000011e103600 Exception <a 'java/lang/NoSuchMethodError'{0x0000000786b9f048}: 'void java.lang.invoke.DirectMethodHandle$Holder.invokeSpecial(java.lang.Object, java.lang.Object, java.lang.Object, java.lang.Object, java.lang.Object, java.lang.Object)'> (0x0000000786b9f048) 
thrown [open/src/hotspot/share/interpreter/linkResolver.cpp, line 766]
Event: 2.266 Thread 0x000000011e103600 Exception <a 'java/lang/NoSuchMethodError'{0x00000007865aa490}: 'java.lang.Object java.lang.invoke.DirectMethodHandle$Holder.newInvokeSpecial(java.lang.Object, java.lang.Object, int)'> (0x00000007865aa490) 
thrown [open/src/hotspot/share/interpreter/linkResolver.cpp, line 766]
Event: 2.574 Thread 0x000000012e012c00 Exception <a 'java/lang/NoSuchMethodError'{0x00000007864cd478}: 'int java.lang.invoke.DirectMethodHandle$Holder.invokeStaticInit(java.lang.Object, java.lang.Object)'> (0x00000007864cd478) 
thrown [open/src/hotspot/share/interpreter/linkResolver.cpp, line 766]
Event: 5.224 Thread 0x000000011e103600 Exception <a 'java/lang/NoSuchMethodError'{0x0000000786053278}: 'java.lang.Object java.lang.invoke.DirectMethodHandle$Holder.newInvokeSpecial(java.lang.Object, java.lang.Object, int, int, int, int, int, java.lang.Object)'> (0x0000000786053278) 
thrown [open/src/hotspot/share/interpreter/linkResolver.cpp, line 766]
Event: 5.225 Thread 0x000000011e103600 Exception <a 'java/lang/NoSuchMethodError'{0x0000000786066258}: 'java.lang.Object java.lang.invoke.DirectMethodHandle$Holder.newInvokeSpecial(java.lang.Object, java.lang.Object, java.lang.Object, int, int, int, int, int)'> (0x0000000786066258) 
thrown [open/src/hotspot/share/interpreter/linkResolver.cpp, line 766]
Event: 5.226 Thread 0x000000011e103600 Exception <a 'java/lang/NoSuchMethodError'{0x000000078606dab8}: 'java.lang.Object java.lang.invoke.Invokers$Holder.linkToTargetMethod(java.lang.Object, java.lang.Object, int, int, int, int, int, java.lang.Object)'> (0x000000078606dab8) 
thrown [open/src/hotspot/share/interpreter/linkResolver.cpp, line 766]
Event: 5.227 Thread 0x000000011e103600 Exception <a 'java/lang/NoSuchMethodError'{0x00000007860af0c0}: 'long java.lang.invoke.DirectMethodHandle$Holder.invokeStatic(java.lang.Object, java.lang.Object, java.lang.Object)'> (0x00000007860af0c0) 
thrown [open/src/hotspot/share/interpreter/linkResolver.cpp, line 766]
Event: 5.227 Thread 0x000000011e103600 Exception <a 'java/lang/NoSuchMethodError'{0x00000007860b2868}: 'long java.lang.invoke.DirectMethodHandle$Holder.invokeStaticInit(java.lang.Object, java.lang.Object, java.lang.Object)'> (0x00000007860b2868) 
thrown [open/src/hotspot/share/interpreter/linkResolver.cpp, line 766]
Event: 5.228 Thread 0x000000011e103600 Exception <a 'java/lang/NoSuchMethodError'{0x00000007860ca470}: 'java.lang.Object java.lang.invoke.DirectMethodHandle$Holder.newInvokeSpecial(java.lang.Object, java.lang.Object, long)'> (0x00000007860ca470) 
thrown [open/src/hotspot/share/interpreter/linkResolver.cpp, line 766]
Event: 5.228 Thread 0x000000011e103600 Exception <a 'java/lang/NoSuchMethodError'{0x00000007860cdd38}: 'java.lang.Object java.lang.invoke.Invokers$Holder.linkToTargetMethod(java.lang.Object, long, java.lang.Object)'> (0x00000007860cdd38) 
thrown [open/src/hotspot/share/interpreter/linkResolver.cpp, line 766]

VM Operations (20 events):
Event: 0.094 Executing VM operation: HandshakeAllThreads
Event: 0.094 Executing VM operation: HandshakeAllThreads done
Event: 0.094 Executing VM operation: HandshakeAllThreads
Event: 0.094 Executing VM operation: HandshakeAllThreads done
Event: 0.111 Executing VM operation: HandshakeAllThreads
Event: 0.111 Executing VM operation: HandshakeAllThreads done
Event: 0.149 Executing VM operation: ICBufferFull
Event: 0.150 Executing VM operation: ICBufferFull done
Event: 1.086 Executing VM operation: HandshakeAllThreads
Event: 1.086 Executing VM operation: HandshakeAllThreads done
Event: 1.099 Executing VM operation: G1CollectForAllocation
Event: 1.113 Executing VM operation: G1CollectForAllocation done
Event: 1.191 Executing VM operation: HandshakeAllThreads
Event: 1.192 Executing VM operation: HandshakeAllThreads done
Event: 1.560 Executing VM operation: ICBufferFull
Event: 1.562 Executing VM operation: ICBufferFull done
Event: 2.567 Executing VM operation: Cleanup
Event: 2.567 Executing VM operation: Cleanup done
Event: 3.568 Executing VM operation: Cleanup
Event: 3.574 Executing VM operation: Cleanup done

Events (20 events):
Event: 2.722 Thread 0x000000012ea08600 Thread added: 0x000000012ea08600
Event: 2.722 Protecting memory [0x000000016f28c000,0x000000016f298000] with protection modes 0
Event: 2.729 loading class sun/misc/Unsafe
Event: 2.730 loading class sun/misc/Unsafe done
Event: 2.730 loading class jdk/internal/reflect/UnsafeFieldAccessorFactory
Event: 2.730 loading class jdk/internal/reflect/UnsafeFieldAccessorFactory done
Event: 2.730 loading class jdk/internal/reflect/UnsafeQualifiedStaticObjectFieldAccessorImpl
Event: 2.731 loading class jdk/internal/reflect/UnsafeQualifiedStaticFieldAccessorImpl
Event: 2.731 loading class jdk/internal/reflect/UnsafeQualifiedStaticFieldAccessorImpl done
Event: 2.731 loading class jdk/internal/reflect/UnsafeQualifiedStaticObjectFieldAccessorImpl done
Event: 2.925 Protecting memory [0x000000016de7c000,0x000000016de88000] with protection modes 3
Event: 2.925 Thread 0x000000012e9fa800 Thread exited: 0x000000012e9fa800
Event: 4.852 loading class java/util/EnumMap$Values
Event: 4.854 loading class java/util/EnumMap$Values done
Event: 4.854 loading class java/util/EnumMap$ValueIterator
Event: 4.854 loading class java/util/EnumMap$EnumMapIterator
Event: 4.855 loading class java/util/EnumMap$EnumMapIterator done
Event: 4.855 loading class java/util/EnumMap$ValueIterator done
Event: 4.892 Protecting memory [0x000000016de7c000,0x000000016de88000] with protection modes 0
Event: 4.892 Thread 0x000000012e9fa800 Thread added: 0x000000012e9fa800


Dynamic libraries:
0x0000000104d58000 	/Users/shonn/Library/Java/JavaVirtualMachines/openjdk-17.0.2/Contents/Home/lib/libjli.dylib
0x00000001acea7000 	/usr/lib/libz.1.dylib
0x00000001acf57000 	/usr/lib/libSystem.B.dylib
0x00000001acf51000 	/usr/lib/system/libcache.dylib
0x00000001acf0f000 	/usr/lib/system/libcommonCrypto.dylib
0x00000001acf38000 	/usr/lib/system/libcompiler_rt.dylib
0x00000001acf2f000 	/usr/lib/system/libcopyfile.dylib
0x00000001a229a000 	/usr/lib/system/libcorecrypto.dylib
0x00000001a233f000 	/usr/lib/system/libdispatch.dylib
0x00000001a2507000 	/usr/lib/system/libdyld.dylib
0x00000001acf47000 	/usr/lib/system/libkeymgr.dylib
0x00000001acef1000 	/usr/lib/system/libmacho.dylib
0x00000001ac5f5000 	/usr/lib/system/libquarantine.dylib
0x00000001acf44000 	/usr/lib/system/libremovefile.dylib
0x00000001a7696000 	/usr/lib/system/libsystem_asl.dylib
0x00000001a2244000 	/usr/lib/system/libsystem_blocks.dylib
0x00000001a23c5000 	/usr/lib/system/libsystem_c.dylib
0x00000001acf3c000 	/usr/lib/system/libsystem_collections.dylib
0x00000001abab4000 	/usr/lib/system/libsystem_configuration.dylib
0x00000001aad38000 	/usr/lib/system/libsystem_containermanager.dylib
0x00000001acc58000 	/usr/lib/system/libsystem_coreservices.dylib
0x00000001a4c2b000 	/usr/lib/system/libsystem_darwin.dylib
0x00000001acf48000 	/usr/lib/system/libsystem_dnssd.dylib
0x00000001a23c2000 	/usr/lib/system/libsystem_featureflags.dylib
0x00000001a251c000 	/usr/lib/system/libsystem_info.dylib
0x00000001aceb9000 	/usr/lib/system/libsystem_m.dylib
0x00000001a2314000 	/usr/lib/system/libsystem_malloc.dylib
0x00000001a7627000 	/usr/lib/system/libsystem_networkextension.dylib
0x00000001a507f000 	/usr/lib/system/libsystem_notify.dylib
0x00000001b315d000 	/usr/lib/system/libsystem_product_info_filter.dylib
0x00000001abab9000 	/usr/lib/system/libsystem_sandbox.dylib
0x00000001acf41000 	/usr/lib/system/libsystem_secinit.dylib
0x00000001a24c4000 	/usr/lib/system/libsystem_kernel.dylib
0x00000001a2514000 	/usr/lib/system/libsystem_platform.dylib
0x00000001a24fa000 	/usr/lib/system/libsystem_pthread.dylib
0x00000001a8dd0000 	/usr/lib/system/libsystem_symptoms.dylib
0x00000001a2280000 	/usr/lib/system/libsystem_trace.dylib
0x00000001acf1c000 	/usr/lib/system/libunwind.dylib
0x00000001a2246000 	/usr/lib/system/libxpc.dylib
0x00000001a24aa000 	/usr/lib/libc++abi.dylib
0x00000001a2386000 	/usr/lib/libobjc.A.dylib
0x00000001acf27000 	/usr/lib/liboah.dylib
0x00000001a2446000 	/usr/lib/libc++.1.dylib
0x00000001b8b58000 	/System/Library/Frameworks/Cocoa.framework/Versions/A/Cocoa
0x00000001a50df000 	/System/Library/Frameworks/AppKit.framework/Versions/C/AppKit
0x00000001a860f000 	/System/Library/Frameworks/CoreData.framework/Versions/A/CoreData
0x00000001a343c000 	/System/Library/Frameworks/Foundation.framework/Versions/C/Foundation
0x00000001a5f93000 	/System/Library/PrivateFrameworks/UIFoundation.framework/Versions/A/UIFoundation
0x00000001b2e57000 	/System/Library/PrivateFrameworks/RemoteViewServices.framework/Versions/A/RemoteViewServices
0x00000001ab472000 	/System/Library/PrivateFrameworks/XCTTargetBootstrap.framework/Versions/A/XCTTargetBootstrap
0x00000001aec58000 	/System/Library/PrivateFrameworks/InternationalSupport.framework/Versions/A/InternationalSupport
0x00000001aece1000 	/System/Library/PrivateFrameworks/UserActivity.framework/Versions/A/UserActivity
0x00000001ae186000 	/usr/lib/libspindump.dylib
0x00000001a6203000 	/System/Library/Frameworks/UniformTypeIdentifiers.framework/Versions/A/UniformTypeIdentifiers
0x00000001a99ff000 	/usr/lib/libapp_launch_measurement.dylib
0x00000001a8f77000 	/System/Library/PrivateFrameworks/CoreAnalytics.framework/Versions/A/CoreAnalytics
0x00000001a9a02000 	/System/Library/PrivateFrameworks/CoreAutoLayout.framework/Versions/A/CoreAutoLayout
0x00000001aad75000 	/System/Library/Frameworks/Metal.framework/Versions/A/Metal
0x00000001abac4000 	/usr/lib/liblangid.dylib
0x00000001ab476000 	/System/Library/PrivateFrameworks/CoreSVG.framework/Versions/A/CoreSVG
0x00000001a76ca000 	/System/Library/PrivateFrameworks/SkyLight.framework/Versions/A/SkyLight
0x00000001a7a94000 	/System/Library/Frameworks/CoreGraphics.framework/Versions/A/CoreGraphics
0x00000001b34d4000 	/System/Library/Frameworks/Accelerate.framework/Versions/A/Accelerate
0x00000001adbfa000 	/System/Library/PrivateFrameworks/IconServices.framework/Versions/A/IconServices
0x00000001aad57000 	/System/Library/Frameworks/IOSurface.framework/Versions/A/IOSurface
0x00000001a8fa7000 	/usr/lib/libDiagnosticMessagesClient.dylib
0x00000001b691b000 	/System/Library/Frameworks/ApplicationServices.framework/Versions/A/ApplicationServices
0x00000001ab45a000 	/System/Library/PrivateFrameworks/DFRFoundation.framework/Versions/A/DFRFoundation
0x00000001a4980000 	/usr/lib/libicucore.A.dylib
0x00000001afa59000 	/System/Library/Frameworks/AudioToolbox.framework/Versions/A/AudioToolbox
0x00000001aec64000 	/System/Library/PrivateFrameworks/DataDetectorsCore.framework/Versions/A/DataDetectorsCore
0x00000001c4d96000 	/System/Library/PrivateFrameworks/TextInput.framework/Versions/A/TextInput
0x00000001a7641000 	/usr/lib/libMobileGestalt.dylib
0x00000001ab12a000 	/System/Library/Frameworks/Carbon.framework/Versions/A/Frameworks/HIToolbox.framework/Versions/A/HIToolbox
0x00000001a9408000 	/System/Library/Frameworks/QuartzCore.framework/Versions/A/QuartzCore
0x00000001a45fd000 	/System/Library/Frameworks/Security.framework/Versions/A/Security
0x00000001b2e97000 	/System/Library/Frameworks/Carbon.framework/Versions/A/Frameworks/SpeechRecognition.framework/Versions/A/SpeechRecognition
0x00000001a9756000 	/System/Library/PrivateFrameworks/CoreUI.framework/Versions/A/CoreUI
0x00000001a3ece000 	/System/Library/Frameworks/CoreAudio.framework/Versions/A/CoreAudio
0x00000001a909b000 	/System/Library/Frameworks/DiskArbitration.framework/Versions/A/DiskArbitration
0x00000001ae56b000 	/System/Library/PrivateFrameworks/MultitouchSupport.framework/Versions/A/MultitouchSupport
0x00000001a763f000 	/usr/lib/libenergytrace.dylib
0x00000001a4fa9000 	/System/Library/Frameworks/IOKit.framework/Versions/A/IOKit
0x00000001b3280000 	/System/Library/Frameworks/CoreServices.framework/Versions/A/CoreServices
0x00000001a998f000 	/System/Library/PrivateFrameworks/PerformanceAnalysis.framework/Versions/A/PerformanceAnalysis
0x0000000203909000 	/System/Library/Frameworks/OpenGL.framework/Versions/A/OpenGL
0x00000001ac515000 	/System/Library/PrivateFrameworks/MobileKeyBag.framework/Versions/A/MobileKeyBag
0x00000001a80a4000 	/System/Library/Frameworks/ColorSync.framework/Versions/A/ColorSync
0x00000001a2548000 	/System/Library/Frameworks/CoreFoundation.framework/Versions/A/CoreFoundation
0x00000001ab6f7000 	/System/Library/Frameworks/CoreImage.framework/Versions/A/CoreImage
0x00000001a3cf1000 	/System/Library/Frameworks/CoreText.framework/Versions/A/CoreText
0x00000001ab4a6000 	/System/Library/Frameworks/ImageIO.framework/Versions/A/ImageIO
0x00000001acf5d000 	/System/Library/PrivateFrameworks/SoftLinking.framework/Versions/A/SoftLinking
0x00000001a9a4c000 	/usr/lib/libxml2.2.dylib
0x00000001ad1f6000 	/usr/lib/libcompression.dylib
0x00000001aebb1000 	/System/Library/PrivateFrameworks/TextureIO.framework/Versions/A/TextureIO
0x00000001ad914000 	/usr/lib/libate.dylib
0x00000001ad7dc000 	/usr/lib/liblzma.5.dylib
0x00000001a3130000 	/System/Library/Frameworks/SystemConfiguration.framework/Versions/A/SystemConfiguration
0x00000001acf59000 	/usr/lib/libfakelink.dylib
0x00000001a716e000 	/System/Library/Frameworks/CFNetwork.framework/Versions/A/CFNetwork
0x00000001ad0a0000 	/usr/lib/libarchive.2.dylib
0x00000001abac0000 	/System/Library/PrivateFrameworks/AppleSystemInfo.framework/Versions/A/AppleSystemInfo
0x00000001ac620000 	/usr/lib/libbsm.0.dylib
0x00000001a66a6000 	/usr/lib/libnetwork.dylib
0x00000001acef7000 	/usr/lib/system/libkxld.dylib
0x00000001ac237000 	/System/Library/PrivateFrameworks/IOMobileFramebuffer.framework/Versions/A/IOMobileFramebuffer
0x000000021f66e000 	/usr/lib/libCoreEntitlements.dylib
0x00000001acc3a000 	/System/Library/PrivateFrameworks/AppleFSCompression.framework/Versions/A/AppleFSCompression
0x00000001ac608000 	/usr/lib/libcoretls.dylib
0x00000001ad7f5000 	/usr/lib/libcoretls_cfhelpers.dylib
0x00000001ad1f1000 	/usr/lib/libpam.2.dylib
0x00000001a89f8000 	/usr/lib/libsqlite3.dylib
0x00000001ad85d000 	/usr/lib/libxar.1.dylib
0x00000001acc4b000 	/usr/lib/libbz2.1.0.dylib
0x00000001acf5e000 	/usr/lib/libpcap.A.dylib
0x00000001a8dc7000 	/usr/lib/libdns_services.dylib
0x00000001ad1c4000 	/usr/lib/libapple_nghttp2.dylib
0x00000001acf9b000 	/usr/lib/libiconv.2.dylib
0x00000001acef0000 	/usr/lib/libcharset.1.dylib
0x00000001a99cb000 	/System/Library/Frameworks/CoreServices.framework/Versions/A/Frameworks/FSEvents.framework/Versions/A/FSEvents
0x00000001a4c36000 	/System/Library/Frameworks/CoreServices.framework/Versions/A/Frameworks/CarbonCore.framework/Versions/A/CarbonCore
0x00000001a8ffe000 	/System/Library/Frameworks/CoreServices.framework/Versions/A/Frameworks/Metadata.framework/Versions/A/Metadata
0x00000001acc5e000 	/System/Library/Frameworks/CoreServices.framework/Versions/A/Frameworks/OSServices.framework/Versions/A/OSServices
0x00000001ad126000 	/System/Library/Frameworks/CoreServices.framework/Versions/A/Frameworks/SearchKit.framework/Versions/A/SearchKit
0x00000001a8d55000 	/System/Library/Frameworks/CoreServices.framework/Versions/A/Frameworks/AE.framework/Versions/A/AE
0x00000001a2a8c000 	/System/Library/Frameworks/CoreServices.framework/Versions/A/Frameworks/LaunchServices.framework/Versions/A/LaunchServices
0x00000001ad785000 	/System/Library/Frameworks/CoreServices.framework/Versions/A/Frameworks/DictionaryServices.framework/Versions/A/DictionaryServices
0x00000001a99d8000 	/System/Library/Frameworks/CoreServices.framework/Versions/A/Frameworks/SharedFileList.framework/Versions/A/SharedFileList
0x00000001ac5f8000 	/usr/lib/libCheckFix.dylib
0x00000001a76ae000 	/System/Library/PrivateFrameworks/TCC.framework/Versions/A/TCC
0x00000001abac6000 	/System/Library/PrivateFrameworks/CoreNLP.framework/Versions/A/CoreNLP
0x00000001a8faa000 	/System/Library/PrivateFrameworks/MetadataUtilities.framework/Versions/A/MetadataUtilities
0x00000001a31e9000 	/usr/lib/libmecabra.dylib
0x00000001ac631000 	/usr/lib/libmecab.dylib
0x00000001a31b5000 	/usr/lib/libCRFSuite.dylib
0x00000001ac68f000 	/usr/lib/libgermantok.dylib
0x00000001ad19d000 	/usr/lib/libThaiTokenizer.dylib
0x00000001a90a3000 	/System/Library/Frameworks/Accelerate.framework/Versions/A/Frameworks/vImage.framework/Versions/A/vImage
0x00000001b3257000 	/System/Library/Frameworks/Accelerate.framework/Versions/A/Frameworks/vecLib.framework/Versions/A/vecLib
0x00000001ad8a1000 	/System/Library/Frameworks/Accelerate.framework/Versions/A/Frameworks/vecLib.framework/Versions/A/libvMisc.dylib
0x00000001ac141000 	/System/Library/Frameworks/Accelerate.framework/Versions/A/Frameworks/vecLib.framework/Versions/A/libvDSP.dylib
0x00000001a2e0f000 	/System/Library/Frameworks/Accelerate.framework/Versions/A/Frameworks/vecLib.framework/Versions/A/libBLAS.dylib
0x00000001ad2c5000 	/System/Library/Frameworks/Accelerate.framework/Versions/A/Frameworks/vecLib.framework/Versions/A/libLAPACK.dylib
0x00000001ac692000 	/System/Library/Frameworks/Accelerate.framework/Versions/A/Frameworks/vecLib.framework/Versions/A/libLinearAlgebra.dylib
0x00000001ad1dc000 	/System/Library/Frameworks/Accelerate.framework/Versions/A/Frameworks/vecLib.framework/Versions/A/libSparseBLAS.dylib
0x00000001ad2c0000 	/System/Library/Frameworks/Accelerate.framework/Versions/A/Frameworks/vecLib.framework/Versions/A/libQuadrature.dylib
0x00000001abbbd000 	/System/Library/Frameworks/Accelerate.framework/Versions/A/Frameworks/vecLib.framework/Versions/A/libBNNS.dylib
0x00000001a30cd000 	/System/Library/Frameworks/Accelerate.framework/Versions/A/Frameworks/vecLib.framework/Versions/A/libSparse.dylib
0x00000001abbb5000 	/System/Library/PrivateFrameworks/LinguisticData.framework/Versions/A/LinguisticData
0x00000001a3083000 	/System/Library/PrivateFrameworks/Lexicon.framework/Versions/A/Lexicon
0x00000001ad899000 	/usr/lib/libChineseTokenizer.dylib
0x00000001a382a000 	/System/Library/PrivateFrameworks/LanguageModeling.framework/Versions/A/LanguageModeling
0x00000001ad19f000 	/System/Library/PrivateFrameworks/AppleSauce.framework/Versions/A/AppleSauce
0x00000001ac224000 	/System/Library/PrivateFrameworks/CoreEmoji.framework/Versions/A/CoreEmoji
0x00000001ad08e000 	/usr/lib/libcmph.dylib
0x00000001a99ab000 	/System/Library/Frameworks/OpenDirectory.framework/Versions/A/Frameworks/CFOpenDirectory.framework/Versions/A/CFOpenDirectory
0x00000001a999b000 	/System/Library/Frameworks/OpenDirectory.framework/Versions/A/OpenDirectory
0x00000001ad7f7000 	/System/Library/PrivateFrameworks/APFS.framework/Versions/A/APFS
0x00000001ac550000 	/System/Library/Frameworks/SecurityFoundation.framework/Versions/A/SecurityFoundation
0x00000001ad86b000 	/usr/lib/libutil.dylib
0x00000001a4f6b000 	/System/Library/PrivateFrameworks/CoreServicesStore.framework/Versions/A/CoreServicesStore
0x00000001ad86f000 	/usr/lib/libxslt.1.dylib
0x00000001ac5e4000 	/System/Library/PrivateFrameworks/BackgroundTaskManagement.framework/Versions/A/BackgroundTaskManagement
0x00000001aead2000 	/System/Library/Frameworks/ImageIO.framework/Versions/A/Resources/libRadiance.dylib
0x00000001aeadb000 	/System/Library/Frameworks/ImageIO.framework/Versions/A/Resources/libJPEG.dylib
0x00000001aea2d000 	/System/Library/Frameworks/ImageIO.framework/Versions/A/Resources/libPng.dylib
0x00000001aea4f000 	/System/Library/Frameworks/ImageIO.framework/Versions/A/Resources/libTIFF.dylib
0x00000001aeb36000 	/System/Library/Frameworks/ImageIO.framework/Versions/A/Resources/libGIF.dylib
0x00000001ae47b000 	/System/Library/Frameworks/ImageIO.framework/Versions/A/Resources/libJP2.dylib
0x00000001adbc0000 	/usr/lib/libexpat.1.dylib
0x00000001ae436000 	/System/Library/PrivateFrameworks/AppleJPEG.framework/Versions/A/AppleJPEG
0x00000001aafe9000 	/System/Library/PrivateFrameworks/FontServices.framework/libFontParser.dylib
0x00000001a8cfa000 	/System/Library/PrivateFrameworks/RunningBoardServices.framework/Versions/A/RunningBoardServices
0x00000001b91cb000 	/System/Library/PrivateFrameworks/IOSurfaceAccelerator.framework/Versions/A/IOSurfaceAccelerator
0x00000001ae567000 	/System/Library/PrivateFrameworks/WatchdogClient.framework/Versions/A/WatchdogClient
0x00000001a392e000 	/System/Library/Frameworks/CoreDisplay.framework/Versions/A/CoreDisplay
0x00000001aaed7000 	/System/Library/Frameworks/CoreMedia.framework/Versions/A/CoreMedia
0x00000001aad6b000 	/System/Library/PrivateFrameworks/IOAccelerator.framework/Versions/A/IOAccelerator
0x00000001a9b39000 	/System/Library/Frameworks/CoreVideo.framework/Versions/A/CoreVideo
0x00000001ad1ef000 	/System/Library/Frameworks/MetalPerformanceShaders.framework/Versions/A/MetalPerformanceShaders
0x00000001ae5a4000 	/System/Library/Frameworks/VideoToolbox.framework/Versions/A/VideoToolbox
0x00000001a8c3e000 	/System/Library/PrivateFrameworks/BaseBoard.framework/Versions/A/BaseBoard
0x00000001a89dd000 	/System/Library/PrivateFrameworks/ProtocolBuffer.framework/Versions/A/ProtocolBuffer
0x00000001aeacd000 	/System/Library/PrivateFrameworks/GPUWrangler.framework/Versions/A/GPUWrangler
0x00000001aeaac000 	/System/Library/PrivateFrameworks/IOPresentment.framework/Versions/A/IOPresentment
0x00000001aead5000 	/System/Library/PrivateFrameworks/DSExternalDisplay.framework/Versions/A/DSExternalDisplay
0x00000002038fc000 	/System/Library/Frameworks/OpenGL.framework/Versions/A/Libraries/libCoreFSCache.dylib
0x000000020d0bd000 	/System/Library/PrivateFrameworks/GPUCompiler.framework/Versions/31001/Libraries/libGPUCompilerUtils.dylib
0x00000001aeb3b000 	/System/Library/PrivateFrameworks/CMCaptureCore.framework/Versions/A/CMCaptureCore
0x00000001ae174000 	/System/Library/PrivateFrameworks/AppServerSupport.framework/Versions/A/AppServerSupport
0x00000001b0314000 	/System/Library/PrivateFrameworks/perfdata.framework/Versions/A/perfdata
0x00000001a3a4e000 	/System/Library/PrivateFrameworks/AudioToolboxCore.framework/Versions/A/AudioToolboxCore
0x00000001aaeaf000 	/System/Library/PrivateFrameworks/caulk.framework/Versions/A/caulk
0x00000001afc09000 	/usr/lib/libAudioStatistics.dylib
0x00000001c150f000 	/System/Library/PrivateFrameworks/SystemPolicy.framework/Versions/A/SystemPolicy
0x00000001afe69000 	/usr/lib/libSMC.dylib
0x00000001b8a3a000 	/System/Library/Frameworks/CoreMIDI.framework/Versions/A/CoreMIDI
0x00000001ae9fb000 	/usr/lib/libAudioToolboxUtility.dylib
0x00000001bd948000 	/System/Library/PrivateFrameworks/OSAServicesClient.framework/Versions/A/OSAServicesClient
0x00000001b0321000 	/usr/lib/libperfcheck.dylib
0x00000001c2012000 	/usr/lib/libmis.dylib
0x000000020395d000 	/System/Library/Frameworks/OpenGL.framework/Versions/A/Libraries/libGLU.dylib
0x000000020391c000 	/System/Library/Frameworks/OpenGL.framework/Versions/A/Libraries/libGFXShared.dylib
0x0000000203b06000 	/System/Library/Frameworks/OpenGL.framework/Versions/A/Libraries/libGL.dylib
0x0000000203925000 	/System/Library/Frameworks/OpenGL.framework/Versions/A/Libraries/libGLImage.dylib
0x0000000203919000 	/System/Library/Frameworks/OpenGL.framework/Versions/A/Libraries/libCVMSPluginSupport.dylib
0x0000000203903000 	/System/Library/Frameworks/OpenGL.framework/Versions/A/Libraries/libCoreVMClient.dylib
0x00000001aba41000 	/System/Library/Frameworks/MetalPerformanceShaders.framework/Versions/A/Frameworks/MPSCore.framework/Versions/A/MPSCore
0x00000001acbad000 	/System/Library/Frameworks/MetalPerformanceShaders.framework/Versions/A/Frameworks/MPSImage.framework/Versions/A/MPSImage
0x00000001ac6a7000 	/System/Library/Frameworks/MetalPerformanceShaders.framework/Versions/A/Frameworks/MPSNeuralNetwork.framework/Versions/A/MPSNeuralNetwork
0x00000001acae4000 	/System/Library/Frameworks/MetalPerformanceShaders.framework/Versions/A/Frameworks/MPSMatrix.framework/Versions/A/MPSMatrix
0x00000001ac8bf000 	/System/Library/Frameworks/MetalPerformanceShaders.framework/Versions/A/Frameworks/MPSRayIntersector.framework/Versions/A/MPSRayIntersector
0x00000001acb15000 	/System/Library/Frameworks/MetalPerformanceShaders.framework/Versions/A/Frameworks/MPSNDArray.framework/Versions/A/MPSNDArray
0x0000000205633000 	/System/Library/Frameworks/MetalPerformanceShaders.framework/Versions/A/Frameworks/MPSFunctions.framework/Versions/A/MPSFunctions
0x00000001a2ced000 	/System/Library/PrivateFrameworks/MetalTools.framework/Versions/A/MetalTools
0x00000001ababe000 	/System/Library/PrivateFrameworks/AggregateDictionary.framework/Versions/A/AggregateDictionary
0x00000001ad9a6000 	/usr/lib/libIOReport.dylib
0x00000001b7a21000 	/System/Library/PrivateFrameworks/ASEProcessing.framework/Versions/A/ASEProcessing
0x00000001add19000 	/System/Library/PrivateFrameworks/FaceCore.framework/Versions/A/FaceCore
0x00000001add0b000 	/System/Library/PrivateFrameworks/GraphVisualizer.framework/Versions/A/GraphVisualizer
0x000000020cfd4000 	/System/Library/PrivateFrameworks/FontServices.framework/Versions/A/FontServices
0x00000001ae12e000 	/System/Library/PrivateFrameworks/OTSVG.framework/Versions/A/OTSVG
0x00000001a9707000 	/System/Library/Frameworks/ApplicationServices.framework/Versions/A/Frameworks/ATS.framework/Versions/A/Resources/libFontRegistry.dylib
0x00000001ae17d000 	/System/Library/PrivateFrameworks/FontServices.framework/libhvf.dylib
0x000000020cfd5000 	/System/Library/PrivateFrameworks/FontServices.framework/libXTFontStaticRegistryData.dylib
0x0000000203ca8000 	/System/Library/Frameworks/OpenCL.framework/Versions/A/OpenCL
0x00000001adb74000 	/System/Library/PrivateFrameworks/AppleVA.framework/Versions/A/AppleVA
0x00000001afc31000 	/System/Library/Frameworks/ApplicationServices.framework/Versions/A/Frameworks/ATS.framework/Versions/A/ATS
0x00000001a81a1000 	/System/Library/Frameworks/ApplicationServices.framework/Versions/A/Frameworks/HIServices.framework/Versions/A/HIServices
0x00000001aeb45000 	/System/Library/Frameworks/ApplicationServices.framework/Versions/A/Frameworks/PrintCore.framework/Versions/A/PrintCore
0x00000001affbc000 	/System/Library/Frameworks/ApplicationServices.framework/Versions/A/Frameworks/QD.framework/Versions/A/QD
0x00000001affb4000 	/System/Library/Frameworks/ApplicationServices.framework/Versions/A/Frameworks/ColorSyncLegacy.framework/Versions/A/ColorSyncLegacy
0x00000001afc1d000 	/System/Library/Frameworks/ApplicationServices.framework/Versions/A/Frameworks/SpeechSynthesis.framework/Versions/A/SpeechSynthesis
0x00000001aeb06000 	/System/Library/Frameworks/ApplicationServices.framework/Versions/A/Frameworks/ATSUI.framework/Versions/A/ATSUI
0x00000001aff49000 	/usr/lib/libcups.2.dylib
0x00000001b032f000 	/System/Library/Frameworks/Kerberos.framework/Versions/A/Kerberos
0x00000001b0340000 	/System/Library/Frameworks/GSS.framework/Versions/A/GSS
0x00000001afca0000 	/usr/lib/libresolv.9.dylib
0x00000001ae18b000 	/System/Library/PrivateFrameworks/Heimdal.framework/Versions/A/Heimdal
0x00000001b6c91000 	/System/Library/Frameworks/Kerberos.framework/Versions/A/Libraries/libHeimdalProxy.dylib
0x00000001a8dd9000 	/System/Library/Frameworks/Network.framework/Versions/A/Network
0x00000001adbdb000 	/usr/lib/libheimdal-asn1.dylib
0x00000001b0386000 	/System/Library/PrivateFrameworks/CommonAuth.framework/Versions/A/CommonAuth
0x00000001afb97000 	/System/Library/PrivateFrameworks/AudioSession.framework/Versions/A/AudioSession
0x00000001adc6c000 	/System/Library/PrivateFrameworks/MediaExperience.framework/Versions/A/MediaExperience
0x00000001afa1f000 	/System/Library/PrivateFrameworks/AudioSession.framework/libSessionUtility.dylib
0x00000001affc8000 	/System/Library/PrivateFrameworks/AudioResourceArbitration.framework/Versions/A/AudioResourceArbitration
0x00000001b40d3000 	/System/Library/PrivateFrameworks/PowerLog.framework/Versions/A/PowerLog
0x00000001adbe4000 	/System/Library/PrivateFrameworks/IconFoundation.framework/Versions/A/IconFoundation
0x00000001b2e83000 	/System/Library/PrivateFrameworks/SpeechRecognitionCore.framework/Versions/A/SpeechRecognitionCore
0x00000001e692b000 	/System/Library/CoreServices/Encodings/libSimplifiedChineseConverter.dylib
0x0000000105f9c000 	/Users/shonn/Library/Java/JavaVirtualMachines/openjdk-17.0.2/Contents/Home/lib/server/libjvm.dylib
0x0000000104dbc000 	/Users/shonn/Library/Java/JavaVirtualMachines/openjdk-17.0.2/Contents/Home/lib/libjimage.dylib
0x0000000104de8000 	/Users/shonn/Library/Java/JavaVirtualMachines/openjdk-17.0.2/Contents/Home/lib/libinstrument.dylib
0x0000000104e34000 	/Users/shonn/Library/Java/JavaVirtualMachines/openjdk-17.0.2/Contents/Home/lib/libjava.dylib
0x0000000104f94000 	/Users/shonn/Library/Java/JavaVirtualMachines/openjdk-17.0.2/Contents/Home/lib/libnio.dylib
0x0000000104fb4000 	/Users/shonn/Library/Java/JavaVirtualMachines/openjdk-17.0.2/Contents/Home/lib/libnet.dylib
0x0000000104e1c000 	/Users/shonn/Library/Java/JavaVirtualMachines/openjdk-17.0.2/Contents/Home/lib/libzip.dylib
0x0000000105de4000 	/Users/shonn/.openjfx/cache/17.0.1/libprism_es2.dylib
0x00000001a4f2e000 	/System/Library/PrivateFrameworks/CoreServicesInternal.framework/Versions/A/CoreServicesInternal
0x0000000203b10000 	/System/Library/Frameworks/OpenGL.framework/Versions/A/Resources/GLEngine.bundle/GLEngine
0x0000000203997000 	/System/Library/Frameworks/OpenGL.framework/Versions/A/Libraries/libGLProgrammability.dylib
0x000000011dbbc000 	/System/Library/Extensions/AppleMetalOpenGLRenderer.bundle/Contents/MacOS/AppleMetalOpenGLRenderer
0x0000000203c7f000 	/System/Library/Frameworks/OpenGL.framework/Versions/A/Resources/GLRendererFloat.bundle/GLRendererFloat
0x0000000203d20000 	/System/Library/Extensions/AGXMetal13_3.bundle/Contents/MacOS/AGXMetal13_3
0x00000001c202e000 	/System/Library/PrivateFrameworks/GPURawCounter.framework/Versions/A/GPURawCounter
0x00000001bcacf000 	/System/Library/PrivateFrameworks/IOGPU.framework/Versions/A/IOGPU
0x000000011dae4000 	/Users/shonn/.openjfx/cache/17.0.1/libglass.dylib
0x00000001b4327000 	/System/Library/Frameworks/FileProvider.framework/Versions/A/FileProvider
0x00000001a8ba6000 	/System/Library/Frameworks/Accounts.framework/Versions/A/Accounts
0x00000001b44a7000 	/System/Library/PrivateFrameworks/GenerationalStorage.framework/Versions/A/GenerationalStorage
0x00000001b505d000 	/System/Library/PrivateFrameworks/CoreSymbolication.framework/Versions/A/CoreSymbolication
0x00000001b40c7000 	/System/Library/PrivateFrameworks/SymptomDiagnosticReporter.framework/Versions/A/SymptomDiagnosticReporter
0x00000001a6217000 	/System/Library/PrivateFrameworks/DesktopServicesPriv.framework/Versions/A/DesktopServicesPriv
0x00000001a508e000 	/usr/lib/libsandbox.1.dylib
0x00000001a9bc6000 	/System/Library/PrivateFrameworks/UserManagement.framework/Versions/A/UserManagement
0x00000001b501e000 	/System/Library/PrivateFrameworks/DebugSymbols.framework/Versions/A/DebugSymbols
0x00000001affa7000 	/System/Library/PrivateFrameworks/NetAuth.framework/Versions/A/NetAuth
0x00000001b0eac000 	/System/Library/PrivateFrameworks/Sharing.framework/Versions/A/Sharing
0x00000001a9b96000 	/System/Library/PrivateFrameworks/login.framework/Versions/A/Frameworks/loginsupport.framework/Versions/A/loginsupport
0x00000001b61d5000 	/System/Library/PrivateFrameworks/Apple80211.framework/Versions/A/Apple80211
0x00000001acc91000 	/System/Library/PrivateFrameworks/AuthKit.framework/Versions/A/AuthKit
0x00000001ac323000 	/System/Library/PrivateFrameworks/CoreUtils.framework/Versions/A/CoreUtils
0x00000001ac243000 	/System/Library/Frameworks/CoreWLAN.framework/Versions/A/CoreWLAN
0x00000001b1016000 	/System/Library/Frameworks/IOBluetooth.framework/Versions/A/IOBluetooth
0x00000001b6235000 	/System/Library/PrivateFrameworks/CoreWiFi.framework/Versions/A/CoreWiFi
0x00000001b4c05000 	/System/Library/PrivateFrameworks/FrontBoardServices.framework/Versions/A/FrontBoardServices
0x00000001b4c9d000 	/System/Library/PrivateFrameworks/BoardServices.framework/Versions/A/BoardServices
0x00000001ac53e000 	/System/Library/PrivateFrameworks/AssertionServices.framework/Versions/A/AssertionServices
0x00000001b63a3000 	/System/Library/PrivateFrameworks/BackBoardServices.framework/Versions/A/BackBoardServices
0x00000001b0419000 	/System/Library/PrivateFrameworks/CorePhoneNumbers.framework/Versions/A/CorePhoneNumbers
0x00000001b41f7000 	/System/Library/PrivateFrameworks/DiskManagement.framework/Versions/A/DiskManagement
0x00000001b40fa000 	/System/Library/PrivateFrameworks/AppleIDAuthSupport.framework/Versions/A/AppleIDAuthSupport
0x00000002078fc000 	/System/Library/PrivateFrameworks/AAAFoundation.framework/Versions/A/AAAFoundation
0x00000001b03f8000 	/System/Library/PrivateFrameworks/KeychainCircle.framework/Versions/A/KeychainCircle
0x00000001b41c3000 	/System/Library/PrivateFrameworks/MediaKit.framework/Versions/A/MediaKit
0x00000001b4107000 	/System/Library/Frameworks/DiscRecording.framework/Versions/A/DiscRecording
0x00000001adaf0000 	/usr/lib/libCoreStorage.dylib
0x00000001b669f000 	/usr/lib/libcsfde.dylib
0x00000001b10eb000 	/System/Library/PrivateFrameworks/ProtectedCloudStorage.framework/Versions/A/ProtectedCloudStorage
0x00000001b6697000 	/System/Library/PrivateFrameworks/EFILogin.framework/Versions/A/EFILogin
0x00000001b44ce000 	/System/Library/PrivateFrameworks/OctagonTrust.framework/Versions/A/OctagonTrust
0x000000020c220000 	/System/Library/PrivateFrameworks/CoreUtilsExtras.framework/Versions/A/CoreUtilsExtras
0x00000001b403d000 	/System/Library/Frameworks/CoreBluetooth.framework/Versions/A/CoreBluetooth
0x00000001b6d16000 	/System/Library/Frameworks/AudioUnit.framework/Versions/A/AudioUnit
0x00000001adae8000 	/usr/lib/libMatch.1.dylib
0x00000001c6311000 	/System/Library/Frameworks/Accelerate.framework/Versions/A/Frameworks/vImage.framework/Versions/A/Libraries/libCGInterfaces.dylib
0x000000011dde8000 	/usr/lib/libobjc-trampolines.dylib
0x000000021f7e8000 	/usr/lib/libRosetta.dylib
0x00000001a9893000 	/System/Library/PrivateFrameworks/ViewBridge.framework/Versions/A/ViewBridge
0x00000001ae239000 	/System/Library/PrivateFrameworks/login.framework/Versions/A/login
0x00000001ad9af000 	/System/Library/PrivateFrameworks/CrashReporterSupport.framework/Versions/A/CrashReporterSupport
0x00000001cdcd1000 	/System/Library/PrivateFrameworks/OSAnalytics.framework/Versions/A/OSAnalytics
0x00000001d8d15000 	/System/Library/PrivateFrameworks/Symbolication.framework/Versions/A/Symbolication
0x00000001c1fef000 	/System/Library/PrivateFrameworks/MallocStackLogging.framework/Versions/A/MallocStackLogging
0x0000000146594000 	/Users/shonn/.openjfx/cache/17.0.1/libjavafx_font.dylib


VM Arguments:
jvm_args: -javaagent:/Applications/IntelliJ IDEA CE.app/Contents/lib/idea_rt.jar=57436:/Applications/IntelliJ IDEA CE.app/Contents/bin -Dfile.encoding=UTF-8 --module-path=/Users/shonn/.m2/repository/org/openjfx/javafx-base/17.0.1/javafx-base-17.0.1-mac-aarch64.jar:/Users/shonn/.m2/repository/org/openjfx/javafx-fxml/17.0.1/javafx-fxml-17.0.1-mac-aarch64.jar:/Users/shonn/.m2/repository/org/openjfx/javafx-graphics/17.0.1/javafx-graphics-17.0.1-mac-aarch64.jar:/Users/shonn/.m2/repository/org/openjfx/javafx-controls/17.0.1/javafx-controls-17.0.1-mac-aarch64.jar:/Users/shonn/SynologyDrive/Project/Clinic/target/classes -Djdk.module.main=com.java.clinic 
java_command: com.java.clinic/com.java.clinic.ClinicApplication
java_class_path (initial): /Users/shonn/.m2/repository/org/openjfx/javafx-controls/17.0.1/javafx-controls-17.0.1.jar:/Users/shonn/.m2/repository/org/openjfx/javafx-graphics/17.0.1/javafx-graphics-17.0.1.jar:/Users/shonn/.m2/repository/org/openjfx/javafx-base/17.0.1/javafx-base-17.0.1.jar:/Users/shonn/.m2/repository/org/openjfx/javafx-fxml/17.0.1/javafx-fxml-17.0.1.jar
Launcher Type: SUN_STANDARD

[Global flags]
     intx CICompilerCount                          = 4                                         {product} {ergonomic}
     uint ConcGCThreads                            = 2                                         {product} {ergonomic}
     uint G1ConcRefinementThreads                  = 8                                         {product} {ergonomic}
   size_t G1HeapRegionSize                         = 1048576                                   {product} {ergonomic}
    uintx GCDrainStackTargetSize                   = 64                                        {product} {ergonomic}
   size_t InitialHeapSize                          = 134217728                                 {product} {ergonomic}
   size_t MarkStackSize                            = 4194304                                   {product} {ergonomic}
   size_t MaxHeapSize                              = 2147483648                                {product} {ergonomic}
   size_t MaxNewSize                               = 1287651328                                {product} {ergonomic}
   size_t MinHeapDeltaBytes                        = 1048576                                   {product} {ergonomic}
   size_t MinHeapSize                              = 8388608                                   {product} {ergonomic}
    uintx NonNMethodCodeHeapSize                   = 5839564                                {pd product} {ergonomic}
    uintx NonProfiledCodeHeapSize                  = 122909338                              {pd product} {ergonomic}
    uintx ProfiledCodeHeapSize                     = 122909338                              {pd product} {ergonomic}
    uintx ReservedCodeCacheSize                    = 251658240                              {pd product} {ergonomic}
     bool SegmentedCodeCache                       = true                                      {product} {ergonomic}
   size_t SoftMaxHeapSize                          = 2147483648                             {manageable} {ergonomic}
     bool UseCompressedClassPointers               = true                           {product lp64_product} {ergonomic}
     bool UseCompressedOops                        = true                           {product lp64_product} {ergonomic}
     bool UseG1GC                                  = true                                      {product} {ergonomic}
     bool UseNUMA                                  = false                                     {product} {ergonomic}
     bool UseNUMAInterleaving                      = false                                     {product} {ergonomic}

Logging:
Log output configuration:
 #0: stdout all=warning uptime,level,tags
 #1: stderr all=off uptime,level,tags

Environment Variables:
PATH=/Library/Frameworks/Python.framework/Versions/3.10/bin:/opt/local/bin:/opt/local/sbin:/usr/local/bin:/usr/bin:/bin:/usr/sbin:/sbin:/opt/X11/bin
SHELL=/bin/zsh
DISPLAY=/private/tmp/com.apple.launchd.q1K5hMfeeV/org.xquartz:0
LC_CTYPE=en_US.UTF-8

Signal Handlers:
   SIGSEGV: _ZL13crash_handleriP9__siginfoPv in libjvm.dylib, mask=11100110000111110111111111111111, flags=SA_RESTART|SA_SIGINFO
    SIGBUS: _ZL13crash_handleriP9__siginfoPv in libjvm.dylib, mask=11100110000111110111111111111111, flags=SA_RESTART|SA_SIGINFO
    SIGFPE: _ZL13crash_handleriP9__siginfoPv in libjvm.dylib, mask=11100110000111110111111111111111, flags=SA_RESTART|SA_SIGINFO
   SIGPIPE: _ZL17javaSignalHandleriP9__siginfoPv in libjvm.dylib, mask=11100110000111110111111111111111, flags=SA_RESTART|SA_SIGINFO
   SIGXFSZ: _ZL17javaSignalHandleriP9__siginfoPv in libjvm.dylib, mask=11100110000111110111111111111111, flags=SA_RESTART|SA_SIGINFO
    SIGILL: _ZL13crash_handleriP9__siginfoPv in libjvm.dylib, mask=11100110000111110111111111111111, flags=SA_RESTART|SA_SIGINFO
   SIGUSR2: _ZL10SR_handleriP9__siginfoP17__darwin_ucontext in libjvm.dylib, mask=00100000000000000000000000000000, flags=SA_RESTART|SA_SIGINFO
    SIGHUP: _ZL11UserHandleriPvS_ in libjvm.dylib, mask=11100110000111110111111111111111, flags=SA_RESTART|SA_SIGINFO
    SIGINT: _ZL11UserHandleriPvS_ in libjvm.dylib, mask=11100110000111110111111111111111, flags=SA_RESTART|SA_SIGINFO
   SIGTERM: _ZL11UserHandleriPvS_ in libjvm.dylib, mask=11100110000111110111111111111111, flags=SA_RESTART|SA_SIGINFO
   SIGQUIT: _ZL11UserHandleriPvS_ in libjvm.dylib, mask=11100110000111110111111111111111, flags=SA_RESTART|SA_SIGINFO
   SIGTRAP: _ZL13crash_handleriP9__siginfoPv in libjvm.dylib, mask=11100110000111110111111111111111, flags=SA_RESTART|SA_SIGINFO


---------------  S Y S T E M  ---------------

OS:
uname: Darwin 21.2.0 Darwin Kernel Version 21.2.0: Sun Nov 28 20:29:10 PST 2021; root:xnu-8019.61.5~1/RELEASE_ARM64_T8101 arm64
OS uptime: 2 days 5:53 hours
rlimit (soft/hard): STACK 8176k/65520k , CORE 0k/infinity , NPROC 1333/2000 , NOFILE 10240/infinity , AS infinity/infinity , CPU infinity/infinity , DATA infinity/infinity , FSIZE infinity/infinity , MEMLOCK infinity/infinity , RSS infinity/infinity
load average: 3.95 2.79 2.24

CPU: total 8 (initial active 8) 0x61:0x0:0x1b588bb3:0, fp, simd, crc, lse

Memory: 16k page, physical 8388608k(112144k free), swap 4194304k(1432064k free)

vm_info: OpenJDK 64-Bit Server VM (17.0.2+8-86) for bsd-aarch64 JRE (17.0.2+8-86), built on Dec  7 2021 21:45:06 by "mach5one" with clang Apple LLVM 12.0.0 (clang-1200.0.32.29)

END.
