#
# A fatal error has been detected by the Java Runtime Environment:
#
#  SIGBUS (0xa) at pc=0x000000010dd5d4f0, pid=26604, tid=35339
#
# JRE version: OpenJDK Runtime Environment (17.0.2+8) (build 17.0.2+8-86)
# Java VM: OpenJDK 64-Bit Server VM (17.0.2+8-86, mixed mode, sharing, tiered, compressed oops, compressed class ptrs, g1 gc, bsd-aarch64)
# Problematic frame:
# v  ~StubRoutines::SafeFetchN
#
# No core dump will be written. Core dumps have been disabled. To enable core dumping, try "ulimit -c unlimited" before starting Java again
#
# If you would like to submit a bug report, please visit:
#   https://bugreport.java.com/bugreport/crash.jsp
# The crash happened outside the Java Virtual Machine in native code.
# See problematic frame for where to report the bug.
#

---------------  S U M M A R Y ------------

Command Line: -javaagent:/Applications/IntelliJ IDEA CE.app/Contents/lib/idea_rt.jar=58851:/Applications/IntelliJ IDEA CE.app/Contents/bin -Dfile.encoding=UTF-8 --module-path=/Users/shonn/.m2/repository/org/openjfx/javafx-graphics/17.0.1/javafx-graphics-17.0.1-mac-aarch64.jar:/Users/shonn/SynologyDrive/Project/Clinic/target/classes:/Users/shonn/.m2/repository/org/openjfx/javafx-controls/17.0.1/javafx-controls-17.0.1-mac-aarch64.jar:/Users/shonn/.m2/repository/org/openjfx/javafx-base/17.0.1/javafx-base-17.0.1-mac-aarch64.jar:/Users/shonn/.m2/repository/org/openjfx/javafx-fxml/17.0.1/javafx-fxml-17.0.1-mac-aarch64.jar -Djdk.module.main=com.java.clinic com.java.clinic/com.java.clinic.ClinicApplication

Host: "MacBookPro17,1" arm64 1 MHz, 8 cores, 8G, Darwin 21.2.0, macOS 12.1 (21C52)
Time: Sun Jun 26 19:57:12 2022 PDT elapsed time: 2.116379 seconds (0d 0h 0m 2s)

---------------  T H R E A D  ---------------

Current thread (0x00000001540b9600):  JavaThread "InvokeLaterDispatcher" daemon [_thread_in_native, id=35339, stack(0x000000016e4c4000,0x000000016e6c7000)]

Stack: [0x000000016e4c4000,0x000000016e6c7000],  sp=0x000000016e6c6790,  free space=2057k
Native frames: (J=compiled Java code, j=interpreted, Vv=VM code, C=native code)
v  ~StubRoutines::SafeFetchN
V  [libjvm.dylib+0x7a6bcc]  _ZN10OopStorage7releaseEPKP7oopDesc+0x20
V  [libjvm.dylib+0x4ba824]  jni_DeleteGlobalRef+0xd8
C  [libglass.dylib+0xab08]  -[GlassRunnable dealloc]+0x34
C  [Foundation+0x84c7c]  -[_NSThreadPerformInfo dealloc]+0x30
C  [Foundation+0x51578]  -[NSObject(NSThreadPerformAdditions) performSelectorOnMainThread:withObject:waitUntilDone:]+0x88
C  0x241800010dd658ac
j  com.sun.glass.ui.mac.MacApplication.submitForLaterInvocation(Ljava/lang/Runnable;)V+2 javafx.graphics
j  com.sun.glass.ui.InvokeLaterDispatcher.run()V+82 javafx.graphics
v  ~StubRoutines::call_stub
V  [libjvm.dylib+0x461d08]  _ZN9JavaCalls11call_helperEP9JavaValueRK12methodHandleP17JavaCallArgumentsP10JavaThread+0x38c
V  [libjvm.dylib+0x460d24]  _ZN9JavaCalls12call_virtualEP9JavaValueP5KlassP6SymbolS5_P17JavaCallArgumentsP10JavaThread+0x11c
V  [libjvm.dylib+0x460df0]  _ZN9JavaCalls12call_virtualEP9JavaValue6HandleP5KlassP6SymbolS6_P10JavaThread+0x64
V  [libjvm.dylib+0x515f04]  _ZL12thread_entryP10JavaThreadS0_+0xc4
V  [libjvm.dylib+0x9071ac]  _ZN10JavaThread17thread_main_innerEv+0x13c
V  [libjvm.dylib+0x9058c0]  _ZN6Thread8call_runEv+0x128
V  [libjvm.dylib+0x7ad7c8]  _ZL19thread_native_entryP6Thread+0x158
C  [libsystem_pthread.dylib+0x7240]  _pthread_start+0x94

Java frames: (J=compiled Java code, j=interpreted, Vv=VM code)
j  com.sun.glass.ui.mac.MacApplication._submitForLaterInvocation(Ljava/lang/Runnable;)V+0 javafx.graphics
j  com.sun.glass.ui.mac.MacApplication.submitForLaterInvocation(Ljava/lang/Runnable;)V+2 javafx.graphics
j  com.sun.glass.ui.InvokeLaterDispatcher.run()V+82 javafx.graphics
v  ~StubRoutines::call_stub

siginfo: si_signo: 10 (SIGBUS), si_code: 1 (BUS_ADRALN), si_addr: 0x000000010dd5d4f0

Register to memory mapping:

 x0=0x0000000155010208 points into unknown readable memory: 0x0000000000000000 | 00 00 00 00 00 00 00 00
 x1=0x0 is NULL
 x2=0x00000007873035b0 is an oop: com.sun.glass.ui.InvokeLaterDispatcher$Future 
{0x00000007873035b0} - klass: 'com/sun/glass/ui/InvokeLaterDispatcher$Future'
 - ---- fields (total size 3 words):
 - private 'done' 'Z' @12  true
 - private final 'runnable' 'Ljava/lang/Runnable;' @16  a 'com/sun/glass/ui/mac/MacApplication$$Lambda$86+0x0000000800c34878'{0x00000007874ee758} (f0e9dceb)
 - final synthetic 'this$0' 'Lcom/sun/glass/ui/InvokeLaterDispatcher;' @20  a 'com/sun/glass/ui/InvokeLaterDispatcher'{0x00000007876faa30} (f0edf546)
 x3=0x0 is NULL
 x4=0x00000000000130a8 is an unknown value
 x5=0x0 is NULL
 x6=0x0 is NULL
 x7=0x00000001540b9600 is a thread
 x8=0x000000010dd5d4ec is at begin+0 in a stub
StubRoutines::SafeFetchN [0x000000010dd5d4ec, 0x000000010dd5d4f8] (12 bytes)
 x9=0x0 is NULL
x10=0x2010000030300000 is an unknown value
x11=0x000000032776dbe0 is an unknown value
x12=0x0000000000000002 is an unknown value
x13=0x0 is NULL
x14=0x0000000100000000 is an unknown value
x15=0x0000000125694be1: _OBJC_$_INSTANCE_METHODS_GlassRunnable+0x9 in /Users/shonn/.openjfx/cache/17.0.1/libglass.dylib at 0x0000000125664000
x16=0x00000001b7c94094: pthread_getspecific+0 in /usr/lib/system/libsystem_pthread.dylib at 0x00000001b7c92000
x17=0x0000600001709d40 points into unknown readable memory: 0xfffffffffffffffe | fe ff ff ff ff ff ff ff
x18=0x0 is NULL
x19=0x00006000018005b0 points into unknown readable memory: 0x00006000031015b0 | b0 15 10 03 00 60 00 00
x20=0x0000000155010000 points into unknown readable memory: 0xb2c021d3afb4ec36 | 36 ec b4 af d3 21 c0 b2
x21=0x0000000155010208 points into unknown readable memory: 0x0000000000000000 | 00 00 00 00 00 00 00 00
x22=0x00000001540b9600 is a thread
x23=0x0000000000000001 is an unknown value
x24=0x00000001550101c0 is a global jni handle
x25=0x000000010621d5e8: _ZN12StubRoutines17_safefetchN_entryE+0 in /Users/shonn/Library/Java/JavaVirtualMachines/openjdk-17.0.2/Contents/Home/lib/server/libjvm.dylib at 0x000000010566c000
x26=0x0000000123518110 is pointing into metadata
x27=0x0 is NULL
x28=0x00000001540b9600 is a thread


Registers:
 x0=0x0000000155010208  x1=0x0000000000000000  x2=0x00000007873035b0  x3=0x0000000000000000
 x4=0x00000000000130a8  x5=0x0000000000000000  x6=0x0000000000000000  x7=0x00000001540b9600
 x8=0x000000010dd5d4ec  x9=0x0000000000000000 x10=0x2010000030300000 x11=0x000000032776dbe0
x12=0x0000000000000002 x13=0x0000000000000000 x14=0x0000000100000000 x15=0x0000000125694be1
x16=0x00000001b7c94094 x17=0x0000600001709d40 x18=0x0000000000000000 x19=0x00006000018005b0
x20=0x0000000155010000 x21=0x0000000155010208 x22=0x00000001540b9600 x23=0x0000000000000001
x24=0x00000001550101c0 x25=0x000000010621d5e8 x26=0x0000000123518110 x27=0x0000000000000000
x28=0x00000001540b9600  fp=0x000000016e6c67d0  lr=0x0000000105e1199c  sp=0x000000016e6c6790
pc=0x000000010dd5d4f0 cpsr=0x0000000060001000
Top of Stack: (sp=0x000000016e6c6790)
0x000000016e6c6790:   0000000123518110 0000000000000001
0x000000016e6c67a0:   000000016e6c6998 0000000000000000
0x000000016e6c67b0:   00000001561e30a8 00000001550101e8
0x000000016e6c67c0:   00000001550101e8 00006000018005b0
0x000000016e6c67d0:   000000016e6c6810 0000000105e12bcc
0x000000016e6c67e0:   0000000000000001 00000001550101e8
0x000000016e6c67f0:   00000001561e30a8 00000001550101e8
0x000000016e6c6800:   0000000000000001 00000001561e2e00
0x000000016e6c6810:   000000016e6c6850 0000000105b26824
0x000000016e6c6820:   000000016e6c6998 0000600003141e70
0x000000016e6c6830:   0000600003141e60 00000002021c4474
0x000000016e6c6840:   0000000000000000 0000600003141e60
0x000000016e6c6850:   000000016e6c6880 000000012566eb08
0x000000016e6c6860:   0000000000000000 00000001540b9600
0x000000016e6c6870:   0000000000000000 0000600002643140
0x000000016e6c6880:   000000016e6c68c0 00000001b8c58c7c
0x000000016e6c6890:   00000000000130a8 0000000000000000
0x000000016e6c68a0:   0000000000000000 aef120c3d5000056
0x000000016e6c68b0:   0000000000000000 0000000000000000
0x000000016e6c68c0:   000000016e6c6900 66298001b8c25578
0x000000016e6c68d0:   000000016e6c6998 000000010dd647c0
0x000000016e6c68e0:   0000000000000000 0000000106224fa8
0x000000016e6c68f0:   000000016e6c6910 000000010dd63730
0x000000016e6c6900:   000000016e6c6970 241800010dd658ac
0x000000016e6c6910:   000000010dd656cc 00000001234f7138
0x000000016e6c6920:   000000016e6c6920 0000000000000000
0x000000016e6c6930:   000000016e6c6998 0000000123518110
0x000000016e6c6940:   000000078767c3f0 0000000000000000
0x000000016e6c6950:   0000000000000000 00000001234f7138
0x000000016e6c6960:   0000000000000000 000000016e6c6970
0x000000016e6c6970:   000000016e6c69f0 000000010dd61fc8
0x000000016e6c6980:   0000000000000000 0000000000000000 

Instructions: (pc=0x000000010dd5d4f0)
0x000000010dd5d3f0:   f2a0c3c9 f2c00029 6d425935 1e640886
0x000000010dd5d400:   0c402d31 1e6408c7 1f5654d0 1e6c1017
0x000000010dd5d410:   1f5050d0 1f504cd0 1f5048d0 1e650af6
0x000000010dd5d420:   1f50d8f6 1f5694d6 1f5158f6 1e762880
0x000000010dd5d430:   36000501 1e614000 14000026 2e251ca5
0x000000010dd5d440:   d2943009 f2a0c3c9 f2c00029 6d425d36
0x000000010dd5d450:   1e600806 0c402d32 1f5758c7 1e6c101a
0x000000010dd5d460:   1f4754c7 1e650805 1f4750c7 d2866668
0x000000010dd5d470:   f2a7fa68 1f474cc7 1e6608c0 1f4748c7
0x000000010dd5d480:   1e6e1019 eb08007f 540000ac 1f479400
0x000000010dd5d490:   1f460340 1e603b20 1400000e d2a7fd29
0x000000010dd5d4a0:   eb09007f 540000ac 51480069 d3607d29
0x000000010dd5d4b0:   9e670121 14000002 1e6a5001 1f679417
0x000000010dd5d4c0:   1f668742 1e613b23 1e773857 1e773860
0x000000010dd5d4d0:   a8c17ff3 910003bf a8c17bfd d65f03c0
0x000000010dd5d4e0:   b9400001 aa0103e0 d65f03c0 f9400001
0x000000010dd5d4f0:   aa0103e0 d65f03c0 00000000 00000000
0x000000010dd5d500:   00000000 00000000 00000000 00000000
0x000000010dd5d510:   00000000 00000000 00000000 00000000
0x000000010dd5d520:   00000000 00000000 00000000 00000000
0x000000010dd5d530:   00000000 00000000 00000000 00000000
0x000000010dd5d540:   00000000 00000000 00000000 00000000
0x000000010dd5d550:   00000000 00000000 00000000 00000000
0x000000010dd5d560:   00000000 00000000 00000000 00000000
0x000000010dd5d570:   00000000 00000000 00000000 00000000
0x000000010dd5d580:   00000000 00000000 00000000 00000000
0x000000010dd5d590:   00000000 00000000 00000000 00000000
0x000000010dd5d5a0:   00000000 00000000 00000000 00000000
0x000000010dd5d5b0:   00000000 00000000 00000000 00000000
0x000000010dd5d5c0:   00000000 00000000 00000000 00000000
0x000000010dd5d5d0:   00000000 00000000 00000000 00000000
0x000000010dd5d5e0:   00000000 00000000 00000000 00000000 


Stack slot to memory mapping:
stack at sp + 0 slots: 0x0000000123518110 is pointing into metadata
stack at sp + 1 slots: 0x0000000000000001 is an unknown value
stack at sp + 2 slots: 0x000000016e6c6998 is pointing into the stack for thread: 0x00000001540b9600
stack at sp + 3 slots: 0x0 is NULL
stack at sp + 4 slots: 0x00000001561e30a8 points into unknown readable memory: 0x00000001061da738 | 38 a7 1d 06 01 00 00 00
stack at sp + 5 slots: 0x00000001550101e8 is a global jni handle
stack at sp + 6 slots: 0x00000001550101e8 is a global jni handle
stack at sp + 7 slots: 0x00006000018005b0 points into unknown readable memory: 0x00006000031015b0 | b0 15 10 03 00 60 00 00

StubRoutines::SafeFetchN [0x000000010dd5d4ec, 0x000000010dd5d4f8] (12 bytes)
[MachCode]
  0x000000010dd5d4ec: 0100 40f9 | e003 01aa | c003 5fd6 
[/MachCode]

---------------  P R O C E S S  ---------------

Threads class SMR info:
_java_thread_list=0x0000600003368200, length=16, elements={
0x0000000155809400, 0x00000001558ac600, 0x00000001558aee00, 0x00000001558b6000,
0x00000001558b6600, 0x00000001558ad400, 0x00000001558ada00, 0x00000001558ae000,
0x00000001558ae600, 0x000000015480d200, 0x000000015480bc00, 0x000000012580a400,
0x0000000154841c00, 0x00000001540b9600, 0x00000001561e2e00, 0x0000000154963400
}

Java Threads: ( => current thread )
  0x0000000155809400 JavaThread "main" [_thread_blocked, id=6403, stack(0x000000016babc000,0x000000016bcbf000)]
  0x00000001558ac600 JavaThread "Reference Handler" daemon [_thread_blocked, id=16131, stack(0x000000016c910000,0x000000016cb13000)]
  0x00000001558aee00 JavaThread "Finalizer" daemon [_thread_blocked, id=16387, stack(0x000000016cb1c000,0x000000016cd1f000)]
  0x00000001558b6000 JavaThread "Signal Dispatcher" daemon [_thread_blocked, id=22787, stack(0x000000016ce40000,0x000000016d043000)]
  0x00000001558b6600 JavaThread "Service Thread" daemon [_thread_blocked, id=23043, stack(0x000000016d04c000,0x000000016d24f000)]
  0x00000001558ad400 JavaThread "Monitor Deflation Thread" daemon [_thread_blocked, id=41987, stack(0x000000016d258000,0x000000016d45b000)]
  0x00000001558ada00 JavaThread "C2 CompilerThread0" daemon [_thread_blocked, id=41475, stack(0x000000016d464000,0x000000016d667000)]
  0x00000001558ae000 JavaThread "C1 CompilerThread0" daemon [_thread_blocked, id=40963, stack(0x000000016d670000,0x000000016d873000)]
  0x00000001558ae600 JavaThread "Sweeper thread" daemon [_thread_blocked, id=40451, stack(0x000000016d87c000,0x000000016da7f000)]
  0x000000015480d200 JavaThread "Common-Cleaner" daemon [_thread_blocked, id=40195, stack(0x000000016da88000,0x000000016dc8b000)]
  0x000000015480bc00 JavaThread "Monitor Ctrl-Break" daemon [_thread_in_native, id=39939, stack(0x000000016dc94000,0x000000016de97000)]
  0x000000012580a400 JavaThread "Notification Thread" daemon [_thread_blocked, id=24067, stack(0x000000016dea0000,0x000000016e0a3000)]
  0x0000000154841c00 JavaThread "QuantumRenderer-0" daemon [_thread_blocked, id=24835, stack(0x000000016e2b8000,0x000000016e4bb000)]
=>0x00000001540b9600 JavaThread "InvokeLaterDispatcher" daemon [_thread_in_native, id=35339, stack(0x000000016e4c4000,0x000000016e6c7000)]
  0x00000001561e2e00 JavaThread "JavaFX Application Thread" [_thread_in_native, id=259, stack(0x000000016b234000,0x000000016ba30000)]
  0x0000000154963400 JavaThread "Attach Listener" daemon [_thread_blocked, id=86283, stack(0x000000016e6d0000,0x000000016e8d3000)]

Other Threads:
  0x000000015500d200 VMThread "VM Thread" [stack: 0x000000016c704000,0x000000016c907000] [id=15619]
  0x0000000153f08b60 WatcherThread [stack: 0x000000016e0ac000,0x000000016e2af000] [id=24579]
  0x0000000155006f80 GCTaskThread "GC Thread#0" [stack: 0x000000016bcc8000,0x000000016becb000] [id=19971]
  0x0000000155007630 ConcurrentGCThread "G1 Main Marker" [stack: 0x000000016bed4000,0x000000016c0d7000] [id=19715]
  0x0000000155007eb0 ConcurrentGCThread "G1 Conc#0" [stack: 0x000000016c0e0000,0x000000016c2e3000] [id=18691]
  0x0000000153e04e60 ConcurrentGCThread "G1 Refine#0" [stack: 0x000000016c2ec000,0x000000016c4ef000] [id=18179]
  0x0000000153e05700 ConcurrentGCThread "G1 Service" [stack: 0x000000016c4f8000,0x000000016c6fb000] [id=13315]

Threads with active compile tasks:

VM state: not at safepoint (normal execution)

VM Mutex/Monitor currently owned by a thread: None

Heap address: 0x0000000780000000, size: 2048 MB, Compressed Oops mode: Zero based, Oop shift amount: 3

CDS archive(s) mapped at: [0x0000000800000000-0x0000000800bd4000-0x0000000800bd4000), size 12402688, SharedBaseAddress: 0x0000000800000000, ArchiveRelocationMode: 0.
Compressed class space mapped at: 0x0000000800c00000-0x0000000840c00000, reserved size: 1073741824
Narrow klass base: 0x0000000800000000, Narrow klass shift: 0, Narrow klass range: 0x100000000

GC Precious Log:
 CPUs: 8 total, 8 available
 Memory: 8192M
 Large Page Support: Disabled
 NUMA Support: Disabled
 Compressed Oops: Enabled (Zero based)
 Heap Region Size: 1M
 Heap Min Capacity: 8M
 Heap Initial Capacity: 128M
 Heap Max Capacity: 2G
 Pre-touch: Disabled
 Parallel Workers: 8
 Concurrent Workers: 2
 Concurrent Refinement Workers: 8
 Periodic GC: Disabled

Heap:
 garbage-first heap   total 133120K, used 14304K [0x0000000780000000, 0x0000000800000000)
  region size 1024K, 14 young (14336K), 0 survivors (0K)
 Metaspace       used 3881K, committed 4096K, reserved 1056768K
  class space    used 415K, committed 512K, reserved 1048576K

Heap Regions: E=young(eden), S=young(survivor), O=old, HS=humongous(starts), HC=humongous(continues), CS=collection set, F=free, OA=open archive, CA=closed archive, TAMS=top-at-mark-start (previous, next)
|   0|0x0000000780000000, 0x0000000780000000, 0x0000000780100000|  0%| F|  |TAMS 0x0000000780000000, 0x0000000780000000| Untracked 
|   1|0x0000000780100000, 0x0000000780100000, 0x0000000780200000|  0%| F|  |TAMS 0x0000000780100000, 0x0000000780100000| Untracked 
|   2|0x0000000780200000, 0x0000000780200000, 0x0000000780300000|  0%| F|  |TAMS 0x0000000780200000, 0x0000000780200000| Untracked 
|   3|0x0000000780300000, 0x0000000780300000, 0x0000000780400000|  0%| F|  |TAMS 0x0000000780300000, 0x0000000780300000| Untracked 
|   4|0x0000000780400000, 0x0000000780400000, 0x0000000780500000|  0%| F|  |TAMS 0x0000000780400000, 0x0000000780400000| Untracked 
|   5|0x0000000780500000, 0x0000000780500000, 0x0000000780600000|  0%| F|  |TAMS 0x0000000780500000, 0x0000000780500000| Untracked 
|   6|0x0000000780600000, 0x0000000780600000, 0x0000000780700000|  0%| F|  |TAMS 0x0000000780600000, 0x0000000780600000| Untracked 
|   7|0x0000000780700000, 0x0000000780700000, 0x0000000780800000|  0%| F|  |TAMS 0x0000000780700000, 0x0000000780700000| Untracked 
|   8|0x0000000780800000, 0x0000000780800000, 0x0000000780900000|  0%| F|  |TAMS 0x0000000780800000, 0x0000000780800000| Untracked 
|   9|0x0000000780900000, 0x0000000780900000, 0x0000000780a00000|  0%| F|  |TAMS 0x0000000780900000, 0x0000000780900000| Untracked 
|  10|0x0000000780a00000, 0x0000000780a00000, 0x0000000780b00000|  0%| F|  |TAMS 0x0000000780a00000, 0x0000000780a00000| Untracked 
|  11|0x0000000780b00000, 0x0000000780b00000, 0x0000000780c00000|  0%| F|  |TAMS 0x0000000780b00000, 0x0000000780b00000| Untracked 
|  12|0x0000000780c00000, 0x0000000780c00000, 0x0000000780d00000|  0%| F|  |TAMS 0x0000000780c00000, 0x0000000780c00000| Untracked 
|  13|0x0000000780d00000, 0x0000000780d00000, 0x0000000780e00000|  0%| F|  |TAMS 0x0000000780d00000, 0x0000000780d00000| Untracked 
|  14|0x0000000780e00000, 0x0000000780e00000, 0x0000000780f00000|  0%| F|  |TAMS 0x0000000780e00000, 0x0000000780e00000| Untracked 
|  15|0x0000000780f00000, 0x0000000780f00000, 0x0000000781000000|  0%| F|  |TAMS 0x0000000780f00000, 0x0000000780f00000| Untracked 
|  16|0x0000000781000000, 0x0000000781000000, 0x0000000781100000|  0%| F|  |TAMS 0x0000000781000000, 0x0000000781000000| Untracked 
|  17|0x0000000781100000, 0x0000000781100000, 0x0000000781200000|  0%| F|  |TAMS 0x0000000781100000, 0x0000000781100000| Untracked 
|  18|0x0000000781200000, 0x0000000781200000, 0x0000000781300000|  0%| F|  |TAMS 0x0000000781200000, 0x0000000781200000| Untracked 
|  19|0x0000000781300000, 0x0000000781300000, 0x0000000781400000|  0%| F|  |TAMS 0x0000000781300000, 0x0000000781300000| Untracked 
|  20|0x0000000781400000, 0x0000000781400000, 0x0000000781500000|  0%| F|  |TAMS 0x0000000781400000, 0x0000000781400000| Untracked 
|  21|0x0000000781500000, 0x0000000781500000, 0x0000000781600000|  0%| F|  |TAMS 0x0000000781500000, 0x0000000781500000| Untracked 
|  22|0x0000000781600000, 0x0000000781600000, 0x0000000781700000|  0%| F|  |TAMS 0x0000000781600000, 0x0000000781600000| Untracked 
|  23|0x0000000781700000, 0x0000000781700000, 0x0000000781800000|  0%| F|  |TAMS 0x0000000781700000, 0x0000000781700000| Untracked 
|  24|0x0000000781800000, 0x0000000781800000, 0x0000000781900000|  0%| F|  |TAMS 0x0000000781800000, 0x0000000781800000| Untracked 
|  25|0x0000000781900000, 0x0000000781900000, 0x0000000781a00000|  0%| F|  |TAMS 0x0000000781900000, 0x0000000781900000| Untracked 
|  26|0x0000000781a00000, 0x0000000781a00000, 0x0000000781b00000|  0%| F|  |TAMS 0x0000000781a00000, 0x0000000781a00000| Untracked 
|  27|0x0000000781b00000, 0x0000000781b00000, 0x0000000781c00000|  0%| F|  |TAMS 0x0000000781b00000, 0x0000000781b00000| Untracked 
|  28|0x0000000781c00000, 0x0000000781c00000, 0x0000000781d00000|  0%| F|  |TAMS 0x0000000781c00000, 0x0000000781c00000| Untracked 
|  29|0x0000000781d00000, 0x0000000781d00000, 0x0000000781e00000|  0%| F|  |TAMS 0x0000000781d00000, 0x0000000781d00000| Untracked 
|  30|0x0000000781e00000, 0x0000000781e00000, 0x0000000781f00000|  0%| F|  |TAMS 0x0000000781e00000, 0x0000000781e00000| Untracked 
|  31|0x0000000781f00000, 0x0000000781f00000, 0x0000000782000000|  0%| F|  |TAMS 0x0000000781f00000, 0x0000000781f00000| Untracked 
|  32|0x0000000782000000, 0x0000000782000000, 0x0000000782100000|  0%| F|  |TAMS 0x0000000782000000, 0x0000000782000000| Untracked 
|  33|0x0000000782100000, 0x0000000782100000, 0x0000000782200000|  0%| F|  |TAMS 0x0000000782100000, 0x0000000782100000| Untracked 
|  34|0x0000000782200000, 0x0000000782200000, 0x0000000782300000|  0%| F|  |TAMS 0x0000000782200000, 0x0000000782200000| Untracked 
|  35|0x0000000782300000, 0x0000000782300000, 0x0000000782400000|  0%| F|  |TAMS 0x0000000782300000, 0x0000000782300000| Untracked 
|  36|0x0000000782400000, 0x0000000782400000, 0x0000000782500000|  0%| F|  |TAMS 0x0000000782400000, 0x0000000782400000| Untracked 
|  37|0x0000000782500000, 0x0000000782500000, 0x0000000782600000|  0%| F|  |TAMS 0x0000000782500000, 0x0000000782500000| Untracked 
|  38|0x0000000782600000, 0x0000000782600000, 0x0000000782700000|  0%| F|  |TAMS 0x0000000782600000, 0x0000000782600000| Untracked 
|  39|0x0000000782700000, 0x0000000782700000, 0x0000000782800000|  0%| F|  |TAMS 0x0000000782700000, 0x0000000782700000| Untracked 
|  40|0x0000000782800000, 0x0000000782800000, 0x0000000782900000|  0%| F|  |TAMS 0x0000000782800000, 0x0000000782800000| Untracked 
|  41|0x0000000782900000, 0x0000000782900000, 0x0000000782a00000|  0%| F|  |TAMS 0x0000000782900000, 0x0000000782900000| Untracked 
|  42|0x0000000782a00000, 0x0000000782a00000, 0x0000000782b00000|  0%| F|  |TAMS 0x0000000782a00000, 0x0000000782a00000| Untracked 
|  43|0x0000000782b00000, 0x0000000782b00000, 0x0000000782c00000|  0%| F|  |TAMS 0x0000000782b00000, 0x0000000782b00000| Untracked 
|  44|0x0000000782c00000, 0x0000000782c00000, 0x0000000782d00000|  0%| F|  |TAMS 0x0000000782c00000, 0x0000000782c00000| Untracked 
|  45|0x0000000782d00000, 0x0000000782d00000, 0x0000000782e00000|  0%| F|  |TAMS 0x0000000782d00000, 0x0000000782d00000| Untracked 
|  46|0x0000000782e00000, 0x0000000782e00000, 0x0000000782f00000|  0%| F|  |TAMS 0x0000000782e00000, 0x0000000782e00000| Untracked 
|  47|0x0000000782f00000, 0x0000000782f00000, 0x0000000783000000|  0%| F|  |TAMS 0x0000000782f00000, 0x0000000782f00000| Untracked 
|  48|0x0000000783000000, 0x0000000783000000, 0x0000000783100000|  0%| F|  |TAMS 0x0000000783000000, 0x0000000783000000| Untracked 
|  49|0x0000000783100000, 0x0000000783100000, 0x0000000783200000|  0%| F|  |TAMS 0x0000000783100000, 0x0000000783100000| Untracked 
|  50|0x0000000783200000, 0x0000000783200000, 0x0000000783300000|  0%| F|  |TAMS 0x0000000783200000, 0x0000000783200000| Untracked 
|  51|0x0000000783300000, 0x0000000783300000, 0x0000000783400000|  0%| F|  |TAMS 0x0000000783300000, 0x0000000783300000| Untracked 
|  52|0x0000000783400000, 0x0000000783400000, 0x0000000783500000|  0%| F|  |TAMS 0x0000000783400000, 0x0000000783400000| Untracked 
|  53|0x0000000783500000, 0x0000000783500000, 0x0000000783600000|  0%| F|  |TAMS 0x0000000783500000, 0x0000000783500000| Untracked 
|  54|0x0000000783600000, 0x0000000783600000, 0x0000000783700000|  0%| F|  |TAMS 0x0000000783600000, 0x0000000783600000| Untracked 
|  55|0x0000000783700000, 0x0000000783700000, 0x0000000783800000|  0%| F|  |TAMS 0x0000000783700000, 0x0000000783700000| Untracked 
|  56|0x0000000783800000, 0x0000000783800000, 0x0000000783900000|  0%| F|  |TAMS 0x0000000783800000, 0x0000000783800000| Untracked 
|  57|0x0000000783900000, 0x0000000783900000, 0x0000000783a00000|  0%| F|  |TAMS 0x0000000783900000, 0x0000000783900000| Untracked 
|  58|0x0000000783a00000, 0x0000000783a00000, 0x0000000783b00000|  0%| F|  |TAMS 0x0000000783a00000, 0x0000000783a00000| Untracked 
|  59|0x0000000783b00000, 0x0000000783b00000, 0x0000000783c00000|  0%| F|  |TAMS 0x0000000783b00000, 0x0000000783b00000| Untracked 
|  60|0x0000000783c00000, 0x0000000783c00000, 0x0000000783d00000|  0%| F|  |TAMS 0x0000000783c00000, 0x0000000783c00000| Untracked 
|  61|0x0000000783d00000, 0x0000000783d00000, 0x0000000783e00000|  0%| F|  |TAMS 0x0000000783d00000, 0x0000000783d00000| Untracked 
|  62|0x0000000783e00000, 0x0000000783e00000, 0x0000000783f00000|  0%| F|  |TAMS 0x0000000783e00000, 0x0000000783e00000| Untracked 
|  63|0x0000000783f00000, 0x0000000783f00000, 0x0000000784000000|  0%| F|  |TAMS 0x0000000783f00000, 0x0000000783f00000| Untracked 
|  64|0x0000000784000000, 0x0000000784000000, 0x0000000784100000|  0%| F|  |TAMS 0x0000000784000000, 0x0000000784000000| Untracked 
|  65|0x0000000784100000, 0x0000000784100000, 0x0000000784200000|  0%| F|  |TAMS 0x0000000784100000, 0x0000000784100000| Untracked 
|  66|0x0000000784200000, 0x0000000784200000, 0x0000000784300000|  0%| F|  |TAMS 0x0000000784200000, 0x0000000784200000| Untracked 
|  67|0x0000000784300000, 0x0000000784300000, 0x0000000784400000|  0%| F|  |TAMS 0x0000000784300000, 0x0000000784300000| Untracked 
|  68|0x0000000784400000, 0x0000000784400000, 0x0000000784500000|  0%| F|  |TAMS 0x0000000784400000, 0x0000000784400000| Untracked 
|  69|0x0000000784500000, 0x0000000784500000, 0x0000000784600000|  0%| F|  |TAMS 0x0000000784500000, 0x0000000784500000| Untracked 
|  70|0x0000000784600000, 0x0000000784600000, 0x0000000784700000|  0%| F|  |TAMS 0x0000000784600000, 0x0000000784600000| Untracked 
|  71|0x0000000784700000, 0x0000000784700000, 0x0000000784800000|  0%| F|  |TAMS 0x0000000784700000, 0x0000000784700000| Untracked 
|  72|0x0000000784800000, 0x0000000784800000, 0x0000000784900000|  0%| F|  |TAMS 0x0000000784800000, 0x0000000784800000| Untracked 
|  73|0x0000000784900000, 0x0000000784900000, 0x0000000784a00000|  0%| F|  |TAMS 0x0000000784900000, 0x0000000784900000| Untracked 
|  74|0x0000000784a00000, 0x0000000784a00000, 0x0000000784b00000|  0%| F|  |TAMS 0x0000000784a00000, 0x0000000784a00000| Untracked 
|  75|0x0000000784b00000, 0x0000000784b00000, 0x0000000784c00000|  0%| F|  |TAMS 0x0000000784b00000, 0x0000000784b00000| Untracked 
|  76|0x0000000784c00000, 0x0000000784c00000, 0x0000000784d00000|  0%| F|  |TAMS 0x0000000784c00000, 0x0000000784c00000| Untracked 
|  77|0x0000000784d00000, 0x0000000784d00000, 0x0000000784e00000|  0%| F|  |TAMS 0x0000000784d00000, 0x0000000784d00000| Untracked 
|  78|0x0000000784e00000, 0x0000000784e00000, 0x0000000784f00000|  0%| F|  |TAMS 0x0000000784e00000, 0x0000000784e00000| Untracked 
|  79|0x0000000784f00000, 0x0000000784f00000, 0x0000000785000000|  0%| F|  |TAMS 0x0000000784f00000, 0x0000000784f00000| Untracked 
|  80|0x0000000785000000, 0x0000000785000000, 0x0000000785100000|  0%| F|  |TAMS 0x0000000785000000, 0x0000000785000000| Untracked 
|  81|0x0000000785100000, 0x0000000785100000, 0x0000000785200000|  0%| F|  |TAMS 0x0000000785100000, 0x0000000785100000| Untracked 
|  82|0x0000000785200000, 0x0000000785200000, 0x0000000785300000|  0%| F|  |TAMS 0x0000000785200000, 0x0000000785200000| Untracked 
|  83|0x0000000785300000, 0x0000000785300000, 0x0000000785400000|  0%| F|  |TAMS 0x0000000785300000, 0x0000000785300000| Untracked 
|  84|0x0000000785400000, 0x0000000785400000, 0x0000000785500000|  0%| F|  |TAMS 0x0000000785400000, 0x0000000785400000| Untracked 
|  85|0x0000000785500000, 0x0000000785500000, 0x0000000785600000|  0%| F|  |TAMS 0x0000000785500000, 0x0000000785500000| Untracked 
|  86|0x0000000785600000, 0x0000000785600000, 0x0000000785700000|  0%| F|  |TAMS 0x0000000785600000, 0x0000000785600000| Untracked 
|  87|0x0000000785700000, 0x0000000785700000, 0x0000000785800000|  0%| F|  |TAMS 0x0000000785700000, 0x0000000785700000| Untracked 
|  88|0x0000000785800000, 0x0000000785800000, 0x0000000785900000|  0%| F|  |TAMS 0x0000000785800000, 0x0000000785800000| Untracked 
|  89|0x0000000785900000, 0x0000000785900000, 0x0000000785a00000|  0%| F|  |TAMS 0x0000000785900000, 0x0000000785900000| Untracked 
|  90|0x0000000785a00000, 0x0000000785a00000, 0x0000000785b00000|  0%| F|  |TAMS 0x0000000785a00000, 0x0000000785a00000| Untracked 
|  91|0x0000000785b00000, 0x0000000785b00000, 0x0000000785c00000|  0%| F|  |TAMS 0x0000000785b00000, 0x0000000785b00000| Untracked 
|  92|0x0000000785c00000, 0x0000000785c00000, 0x0000000785d00000|  0%| F|  |TAMS 0x0000000785c00000, 0x0000000785c00000| Untracked 
|  93|0x0000000785d00000, 0x0000000785d00000, 0x0000000785e00000|  0%| F|  |TAMS 0x0000000785d00000, 0x0000000785d00000| Untracked 
|  94|0x0000000785e00000, 0x0000000785e00000, 0x0000000785f00000|  0%| F|  |TAMS 0x0000000785e00000, 0x0000000785e00000| Untracked 
|  95|0x0000000785f00000, 0x0000000785f00000, 0x0000000786000000|  0%| F|  |TAMS 0x0000000785f00000, 0x0000000785f00000| Untracked 
|  96|0x0000000786000000, 0x0000000786000000, 0x0000000786100000|  0%| F|  |TAMS 0x0000000786000000, 0x0000000786000000| Untracked 
|  97|0x0000000786100000, 0x0000000786100000, 0x0000000786200000|  0%| F|  |TAMS 0x0000000786100000, 0x0000000786100000| Untracked 
|  98|0x0000000786200000, 0x0000000786200000, 0x0000000786300000|  0%| F|  |TAMS 0x0000000786200000, 0x0000000786200000| Untracked 
|  99|0x0000000786300000, 0x0000000786300000, 0x0000000786400000|  0%| F|  |TAMS 0x0000000786300000, 0x0000000786300000| Untracked 
| 100|0x0000000786400000, 0x0000000786400000, 0x0000000786500000|  0%| F|  |TAMS 0x0000000786400000, 0x0000000786400000| Untracked 
| 101|0x0000000786500000, 0x0000000786500000, 0x0000000786600000|  0%| F|  |TAMS 0x0000000786500000, 0x0000000786500000| Untracked 
| 102|0x0000000786600000, 0x0000000786600000, 0x0000000786700000|  0%| F|  |TAMS 0x0000000786600000, 0x0000000786600000| Untracked 
| 103|0x0000000786700000, 0x0000000786700000, 0x0000000786800000|  0%| F|  |TAMS 0x0000000786700000, 0x0000000786700000| Untracked 
| 104|0x0000000786800000, 0x0000000786800000, 0x0000000786900000|  0%| F|  |TAMS 0x0000000786800000, 0x0000000786800000| Untracked 
| 105|0x0000000786900000, 0x0000000786900000, 0x0000000786a00000|  0%| F|  |TAMS 0x0000000786900000, 0x0000000786900000| Untracked 
| 106|0x0000000786a00000, 0x0000000786a00000, 0x0000000786b00000|  0%| F|  |TAMS 0x0000000786a00000, 0x0000000786a00000| Untracked 
| 107|0x0000000786b00000, 0x0000000786b00000, 0x0000000786c00000|  0%| F|  |TAMS 0x0000000786b00000, 0x0000000786b00000| Untracked 
| 108|0x0000000786c00000, 0x0000000786c00000, 0x0000000786d00000|  0%| F|  |TAMS 0x0000000786c00000, 0x0000000786c00000| Untracked 
| 109|0x0000000786d00000, 0x0000000786d00000, 0x0000000786e00000|  0%| F|  |TAMS 0x0000000786d00000, 0x0000000786d00000| Untracked 
| 110|0x0000000786e00000, 0x0000000786e00000, 0x0000000786f00000|  0%| F|  |TAMS 0x0000000786e00000, 0x0000000786e00000| Untracked 
| 111|0x0000000786f00000, 0x0000000786f00000, 0x0000000787000000|  0%| F|  |TAMS 0x0000000786f00000, 0x0000000786f00000| Untracked 
| 112|0x0000000787000000, 0x0000000787000000, 0x0000000787100000|  0%| F|  |TAMS 0x0000000787000000, 0x0000000787000000| Untracked 
| 113|0x0000000787100000, 0x0000000787100000, 0x0000000787200000|  0%| F|  |TAMS 0x0000000787100000, 0x0000000787100000| Untracked 
| 114|0x0000000787200000, 0x00000007872f5c68, 0x0000000787300000| 96%| E|  |TAMS 0x0000000787200000, 0x0000000787200000| Complete 
| 115|0x0000000787300000, 0x0000000787400000, 0x0000000787400000|100%| E|CS|TAMS 0x0000000787300000, 0x0000000787300000| Complete 
| 116|0x0000000787400000, 0x0000000787500000, 0x0000000787500000|100%| E|CS|TAMS 0x0000000787400000, 0x0000000787400000| Complete 
| 117|0x0000000787500000, 0x0000000787600000, 0x0000000787600000|100%| E|CS|TAMS 0x0000000787500000, 0x0000000787500000| Complete 
| 118|0x0000000787600000, 0x0000000787700000, 0x0000000787700000|100%| E|CS|TAMS 0x0000000787600000, 0x0000000787600000| Complete 
| 119|0x0000000787700000, 0x0000000787800000, 0x0000000787800000|100%| E|CS|TAMS 0x0000000787700000, 0x0000000787700000| Complete 
| 120|0x0000000787800000, 0x0000000787900000, 0x0000000787900000|100%| E|CS|TAMS 0x0000000787800000, 0x0000000787800000| Complete 
| 121|0x0000000787900000, 0x0000000787a00000, 0x0000000787a00000|100%| E|CS|TAMS 0x0000000787900000, 0x0000000787900000| Complete 
| 122|0x0000000787a00000, 0x0000000787b00000, 0x0000000787b00000|100%| E|CS|TAMS 0x0000000787a00000, 0x0000000787a00000| Complete 
| 123|0x0000000787b00000, 0x0000000787c00000, 0x0000000787c00000|100%| E|CS|TAMS 0x0000000787b00000, 0x0000000787b00000| Complete 
| 124|0x0000000787c00000, 0x0000000787d00000, 0x0000000787d00000|100%| E|CS|TAMS 0x0000000787c00000, 0x0000000787c00000| Complete 
| 125|0x0000000787d00000, 0x0000000787e00000, 0x0000000787e00000|100%| E|CS|TAMS 0x0000000787d00000, 0x0000000787d00000| Complete 
| 126|0x0000000787e00000, 0x0000000787f00000, 0x0000000787f00000|100%| E|CS|TAMS 0x0000000787e00000, 0x0000000787e00000| Complete 
| 127|0x0000000787f00000, 0x0000000788000000, 0x0000000788000000|100%| E|CS|TAMS 0x0000000787f00000, 0x0000000787f00000| Complete 
|2046|0x00000007ffe00000, 0x00000007ffe78000, 0x00000007fff00000| 46%|OA|  |TAMS 0x00000007ffe00000, 0x00000007ffe00000| Untracked 
|2047|0x00000007fff00000, 0x00000007fff80000, 0x0000000800000000| 50%|CA|  |TAMS 0x00000007fff00000, 0x00000007fff00000| Untracked 

Card table byte_map: [0x0000000104d38000,0x0000000105138000] _byte_map_base: 0x0000000101138000

Marking Bits (Prev, Next): (CMBitMap*) 0x0000000155833010, (CMBitMap*) 0x0000000155833050
 Prev Bits: [0x000000011cd5c000, 0x000000011ed5c000)
 Next Bits: [0x000000011ed5c000, 0x0000000120d5c000)

Polling page: 0x0000000104554000

Metaspace:

Usage:
  Non-class:      3.39 MB used.
      Class:    415.14 KB used.
       Both:      3.79 MB used.

Virtual space:
  Non-class space:        8.00 MB reserved,       3.50 MB ( 44%) committed,  1 nodes.
      Class space:        1.00 GB reserved,     512.00 KB ( <1%) committed,  1 nodes.
             Both:        1.01 GB reserved,       4.00 MB ( <1%) committed. 

Chunk freelists:
   Non-Class:  2.53 MB
       Class:  3.52 MB
        Both:  6.05 MB

MaxMetaspaceSize: unlimited
CompressedClassSpaceSize: 1.00 GB
Initial GC threshold: 21.00 MB
Current GC threshold: 21.00 MB
CDS: on
MetaspaceReclaimPolicy: balanced
 - commit_granule_bytes: 65536.
 - commit_granule_words: 8192.
 - virtual_space_node_default_size: 1048576.
 - enlarge_chunks_in_place: 1.
 - new_chunks_are_fully_committed: 0.
 - uncommit_free_chunks: 1.
 - use_allocation_guard: 0.
 - handle_deallocations: 1.


Internal statistics:

num_allocs_failed_limit: 0.
num_arena_births: 76.
num_arena_deaths: 0.
num_vsnodes_births: 2.
num_vsnodes_deaths: 0.
num_space_committed: 64.
num_space_uncommitted: 0.
num_chunks_returned_to_freelist: 0.
num_chunks_taken_from_freelist: 174.
num_chunk_merges: 0.
num_chunk_splits: 107.
num_chunks_enlarged: 72.
num_purges: 0.
num_inconsistent_stats: 0.

CodeHeap 'non-profiled nmethods': size=120032Kb used=217Kb max_used=217Kb free=119814Kb
 bounds [0x0000000115824000, 0x0000000115a94000, 0x000000011cd5c000]
CodeHeap 'profiled nmethods': size=120016Kb used=1283Kb max_used=1283Kb free=118732Kb
 bounds [0x000000010e2f0000, 0x000000010e560000, 0x0000000115824000]
CodeHeap 'non-nmethods': size=5712Kb used=1181Kb max_used=1181Kb free=4530Kb
 bounds [0x000000010dd5c000, 0x000000010dfcc000, 0x000000010e2f0000]
 total_blobs=1246 nmethods=735 adapters=428
 compilation: enabled
              stopped_count=0, restarted_count=0
 full_count=0

Compilation events (20 events):
Event: 1.208 Thread 0x00000001558ae000 nmethod 712 0x000000010e411190 code [0x000000010e411340, 0x000000010e411568]
Event: 1.208 Thread 0x00000001558ae000  709       3       java.util.LinkedHashMap::newNode (23 bytes)
Event: 1.208 Thread 0x00000001558ae000 nmethod 709 0x000000010e411690 code [0x000000010e411880, 0x000000010e411cd8]
Event: 1.208 Thread 0x00000001558ae000  710       3       java.util.LinkedHashMap$Entry::<init> (10 bytes)
Event: 1.208 Thread 0x00000001558ae000 nmethod 710 0x000000010e411e90 code [0x000000010e412040, 0x000000010e412368]
Event: 1.216 Thread 0x00000001558ae000  713       3       java.util.Collections$UnmodifiableCollection$1::hasNext (10 bytes)
Event: 1.216 Thread 0x00000001558ae000 nmethod 713 0x000000010e412490 code [0x000000010e412640, 0x000000010e412898]
Event: 1.216 Thread 0x00000001558ae000  715       3       java.util.concurrent.ConcurrentHashMap$Traverser::advance (188 bytes)
Event: 1.216 Thread 0x00000001558ae000 nmethod 715 0x000000010e412990 code [0x000000010e412c00, 0x000000010e4137f8]
Event: 1.216 Thread 0x00000001558ae000  716       3       java.lang.StringBuilder::<init> (6 bytes)
Event: 1.216 Thread 0x00000001558ae000 nmethod 716 0x000000010e413a90 code [0x000000010e413c40, 0x000000010e413dd8]
Event: 1.216 Thread 0x00000001558ae000  714       3       java.util.Properties::getProperty (50 bytes)
Event: 1.216 Thread 0x00000001558ae000 nmethod 714 0x000000010e413e90 code [0x000000010e414080, 0x000000010e414648]
Event: 1.369 Thread 0x00000001558ada00  717       4       java.lang.AbstractStringBuilder::isLatin1 (19 bytes)
Event: 1.369 Thread 0x00000001558ada00 nmethod 717 0x0000000115859e90 code [0x000000011585a000, 0x000000011585a0b0]
Event: 2.097 Thread 0x00000001558ae000  718       3       jdk.internal.org.objectweb.asm.MethodWriter::visitInsn (115 bytes)
Event: 2.108 Thread 0x00000001558ae000 nmethod 718 0x000000010e414790 code [0x000000010e414980, 0x000000010e414df8]
Event: 2.108 Thread 0x00000001558ae000  719       3       jdk.internal.org.objectweb.asm.MethodVisitor::<init> (88 bytes)
Event: 2.115 Thread 0x00000001558ae000 nmethod 719 0x000000010e414f90 code [0x000000010e415240, 0x000000010e415b78]
Event: 2.115 Thread 0x00000001558ae000  720       3       jdk.internal.org.objectweb.asm.Attribute::computeAttributesSize (62 bytes)

GC Heap History (0 events):
No events

Deoptimization events (16 events):
Event: 0.069 Thread 0x0000000155809400 Uncommon trap: trap_request=0xffffff45 fr.pc=0x000000011582fccc relative=0x000000000000008c
Event: 0.069 Thread 0x0000000155809400 Uncommon trap: reason=unstable_if action=reinterpret pc=0x000000011582fccc method=java.lang.CharacterDataLatin1.isJavaIdentifierPart(I)Z @ 11 c2
Event: 0.069 Thread 0x0000000155809400 DEOPT PACKING pc=0x000000011582fccc sp=0x000000016bcbd200
Event: 0.069 Thread 0x0000000155809400 DEOPT UNPACKING pc=0x000000010dd9ad1c sp=0x000000016bcbd170 mode 2
Event: 0.156 Thread 0x0000000154841c00 Uncommon trap: trap_request=0xffffff45 fr.pc=0x0000000115834ae0 relative=0x0000000000000520
Event: 0.156 Thread 0x0000000154841c00 Uncommon trap: reason=unstable_if action=reinterpret pc=0x0000000115834ae0 method=jdk.internal.module.Checks.isJavaIdentifier(Ljava/lang/String;)Z @ 4 c2
Event: 0.156 Thread 0x0000000154841c00 DEOPT PACKING pc=0x0000000115834ae0 sp=0x000000016e4b9b00
Event: 0.157 Thread 0x0000000154841c00 DEOPT UNPACKING pc=0x000000010dd9ad1c sp=0x000000016e4b9aa0 mode 2
Event: 0.169 Thread 0x0000000154841c00 Uncommon trap: trap_request=0xffffff45 fr.pc=0x00000001158509d0 relative=0x0000000000000a10
Event: 0.169 Thread 0x0000000154841c00 Uncommon trap: reason=unstable_if action=reinterpret pc=0x00000001158509d0 method=java.util.HashMap.putVal(ILjava/lang/Object;Ljava/lang/Object;ZZ)Ljava/lang/Object; @ 193 c2
Event: 0.169 Thread 0x0000000154841c00 DEOPT PACKING pc=0x00000001158509d0 sp=0x000000016e4b97e0
Event: 0.169 Thread 0x0000000154841c00 DEOPT UNPACKING pc=0x000000010dd9ad1c sp=0x000000016e4b96c0 mode 2
Event: 1.207 Thread 0x0000000154963400 Uncommon trap: trap_request=0xffffff45 fr.pc=0x0000000115835438 relative=0x00000000000000f8
Event: 1.207 Thread 0x0000000154963400 Uncommon trap: reason=unstable_if action=reinterpret pc=0x0000000115835438 method=java.lang.StringLatin1.lastIndexOf([BI[BII)I @ 86 c2
Event: 1.207 Thread 0x0000000154963400 DEOPT PACKING pc=0x0000000115835438 sp=0x000000016e8d1870
Event: 1.207 Thread 0x0000000154963400 DEOPT UNPACKING pc=0x000000010dd9ad1c sp=0x000000016e8d17d0 mode 2

Classes unloaded (0 events):
No events

Classes redefined (0 events):
No events

Internal exceptions (7 events):
Event: 0.058 Thread 0x0000000155809400 Exception <a 'java/lang/NoSuchMethodError'{0x0000000787e5fff0}: 'void java.lang.invoke.DirectMethodHandle$Holder.invokeVirtual(java.lang.Object, java.lang.Object)'> (0x0000000787e5fff0) 
thrown [open/src/hotspot/share/interpreter/linkResolver.cpp, line 766]
Event: 0.091 Thread 0x000000015480bc00 Exception <a 'java/lang/NoSuchMethodError'{0x0000000787ceeed8}: 'java.lang.Object java.lang.invoke.DirectMethodHandle$Holder.invokeStaticInit(java.lang.Object)'> (0x0000000787ceeed8) 
thrown [open/src/hotspot/share/interpreter/linkResolver.cpp, line 766]
Event: 0.095 Thread 0x0000000155809400 Exception <a 'java/lang/NoSuchMethodError'{0x0000000787b5e940}: 'void java.lang.invoke.DirectMethodHandle$Holder.invokeStatic(java.lang.Object, java.lang.Object)'> (0x0000000787b5e940) 
thrown [open/src/hotspot/share/interpreter/linkResolver.cpp, line 766]
Event: 0.096 Thread 0x000000015480bc00 Exception <a 'java/lang/ClassNotFoundException'{0x0000000787cf9e58}: jdk/net/ExtendedSocketOptions> (0x0000000787cf9e58) 
thrown [open/src/hotspot/share/classfile/systemDictionary.cpp, line 256]
Event: 0.132 Thread 0x0000000155809400 Exception <a 'java/lang/NoSuchMethodError'{0x000000078786cf50}: 'void java.lang.invoke.DirectMethodHandle$Holder.invokeSpecial(java.lang.Object, java.lang.Object, java.lang.Object)'> (0x000000078786cf50) 
thrown [open/src/hotspot/share/interpreter/linkResolver.cpp, line 766]
Event: 0.139 Thread 0x0000000155809400 Exception <a 'java/lang/NoSuchMethodError'{0x00000007878a9528}: 'void java.lang.invoke.DirectMethodHandle$Holder.invokeStatic(java.lang.Object, java.lang.Object, java.lang.Object)'> (0x00000007878a9528) 
thrown [open/src/hotspot/share/interpreter/linkResolver.cpp, line 766]
Event: 0.616 Thread 0x0000000155809400 Exception <a 'java/lang/NoSuchMethodError'{0x00000007878c6040}: 'int java.lang.invoke.DirectMethodHandle$Holder.invokeStaticInit(java.lang.Object, java.lang.Object, java.lang.Object)'> (0x00000007878c6040) 
thrown [open/src/hotspot/share/interpreter/linkResolver.cpp, line 766]

VM Operations (10 events):
Event: 0.075 Executing VM operation: HandshakeAllThreads
Event: 0.075 Executing VM operation: HandshakeAllThreads done
Event: 0.076 Executing VM operation: HandshakeAllThreads
Event: 0.076 Executing VM operation: HandshakeAllThreads done
Event: 0.090 Executing VM operation: HandshakeAllThreads
Event: 0.090 Executing VM operation: HandshakeAllThreads done
Event: 0.166 Executing VM operation: ICBufferFull
Event: 0.166 Executing VM operation: ICBufferFull done
Event: 2.080 Executing VM operation: Cleanup
Event: 2.091 Executing VM operation: Cleanup done

Events (20 events):
Event: 1.197 loading class sun/util/locale/provider/TimeZoneNameProviderImpl done
Event: 1.197 loading class sun/util/cldr/CLDRTimeZoneNameProviderImpl done
Event: 1.199 loading class sun/util/locale/provider/BaseLocaleDataMetaInfo
Event: 1.199 loading class sun/util/locale/provider/BaseLocaleDataMetaInfo done
Event: 1.200 loading class sun/util/resources/cldr/TimeZoneNames
Event: 1.202 loading class sun/util/resources/TimeZoneNamesBundle
Event: 1.203 loading class sun/util/resources/OpenListResourceBundle
Event: 1.204 loading class sun/util/resources/OpenListResourceBundle done
Event: 1.204 loading class sun/util/resources/TimeZoneNamesBundle done
Event: 1.204 loading class sun/util/resources/cldr/TimeZoneNames done
Event: 1.204 loading class sun/util/resources/cldr/TimeZoneNames_en
Event: 1.207 loading class sun/util/resources/cldr/TimeZoneNames_en done
Event: 1.207 loading class sun/util/resources/cldr/TimeZoneNames_en_US
Event: 1.207 loading class sun/util/resources/cldr/TimeZoneNames_en_US done
Event: 1.369 Thread 0x0000000156221800 Thread added: 0x0000000156221800
Event: 1.369 Protecting memory [0x000000016e8dc000,0x000000016e8e8000] with protection modes 0
Event: 2.103 loading class java/util/concurrent/LinkedBlockingDeque$Node
Event: 2.108 loading class java/util/concurrent/LinkedBlockingDeque$Node done
Event: 2.108 Protecting memory [0x000000016e8dc000,0x000000016e8e8000] with protection modes 3
Event: 2.108 Thread 0x0000000156221800 Thread exited: 0x0000000156221800


Dynamic libraries:
0x0000000104504000 	/Users/shonn/Library/Java/JavaVirtualMachines/openjdk-17.0.2/Contents/Home/lib/libjli.dylib
0x00000001c263f000 	/usr/lib/libz.1.dylib
0x00000001c26ef000 	/usr/lib/libSystem.B.dylib
0x00000001c26e9000 	/usr/lib/system/libcache.dylib
0x00000001c26a7000 	/usr/lib/system/libcommonCrypto.dylib
0x00000001c26d0000 	/usr/lib/system/libcompiler_rt.dylib
0x00000001c26c7000 	/usr/lib/system/libcopyfile.dylib
0x00000001b7a32000 	/usr/lib/system/libcorecrypto.dylib
0x00000001b7ad7000 	/usr/lib/system/libdispatch.dylib
0x00000001b7c9f000 	/usr/lib/system/libdyld.dylib
0x00000001c26df000 	/usr/lib/system/libkeymgr.dylib
0x00000001c2689000 	/usr/lib/system/libmacho.dylib
0x00000001c1d8d000 	/usr/lib/system/libquarantine.dylib
0x00000001c26dc000 	/usr/lib/system/libremovefile.dylib
0x00000001bce2e000 	/usr/lib/system/libsystem_asl.dylib
0x00000001b79dc000 	/usr/lib/system/libsystem_blocks.dylib
0x00000001b7b5d000 	/usr/lib/system/libsystem_c.dylib
0x00000001c26d4000 	/usr/lib/system/libsystem_collections.dylib
0x00000001c124c000 	/usr/lib/system/libsystem_configuration.dylib
0x00000001c04d0000 	/usr/lib/system/libsystem_containermanager.dylib
0x00000001c23f0000 	/usr/lib/system/libsystem_coreservices.dylib
0x00000001ba3c3000 	/usr/lib/system/libsystem_darwin.dylib
0x00000001c26e0000 	/usr/lib/system/libsystem_dnssd.dylib
0x00000001b7b5a000 	/usr/lib/system/libsystem_featureflags.dylib
0x00000001b7cb4000 	/usr/lib/system/libsystem_info.dylib
0x00000001c2651000 	/usr/lib/system/libsystem_m.dylib
0x00000001b7aac000 	/usr/lib/system/libsystem_malloc.dylib
0x00000001bcdbf000 	/usr/lib/system/libsystem_networkextension.dylib
0x00000001ba817000 	/usr/lib/system/libsystem_notify.dylib
0x00000001c88f5000 	/usr/lib/system/libsystem_product_info_filter.dylib
0x00000001c1251000 	/usr/lib/system/libsystem_sandbox.dylib
0x00000001c26d9000 	/usr/lib/system/libsystem_secinit.dylib
0x00000001b7c5c000 	/usr/lib/system/libsystem_kernel.dylib
0x00000001b7cac000 	/usr/lib/system/libsystem_platform.dylib
0x00000001b7c92000 	/usr/lib/system/libsystem_pthread.dylib
0x00000001be568000 	/usr/lib/system/libsystem_symptoms.dylib
0x00000001b7a18000 	/usr/lib/system/libsystem_trace.dylib
0x00000001c26b4000 	/usr/lib/system/libunwind.dylib
0x00000001b79de000 	/usr/lib/system/libxpc.dylib
0x00000001b7c42000 	/usr/lib/libc++abi.dylib
0x00000001b7b1e000 	/usr/lib/libobjc.A.dylib
0x00000001c26bf000 	/usr/lib/liboah.dylib
0x00000001b7bde000 	/usr/lib/libc++.1.dylib
0x00000001ce2f0000 	/System/Library/Frameworks/Cocoa.framework/Versions/A/Cocoa
0x00000001ba877000 	/System/Library/Frameworks/AppKit.framework/Versions/C/AppKit
0x00000001bdda7000 	/System/Library/Frameworks/CoreData.framework/Versions/A/CoreData
0x00000001b8bd4000 	/System/Library/Frameworks/Foundation.framework/Versions/C/Foundation
0x00000001bb72b000 	/System/Library/PrivateFrameworks/UIFoundation.framework/Versions/A/UIFoundation
0x00000001c85ef000 	/System/Library/PrivateFrameworks/RemoteViewServices.framework/Versions/A/RemoteViewServices
0x00000001c0c0a000 	/System/Library/PrivateFrameworks/XCTTargetBootstrap.framework/Versions/A/XCTTargetBootstrap
0x00000001c43f0000 	/System/Library/PrivateFrameworks/InternationalSupport.framework/Versions/A/InternationalSupport
0x00000001c4479000 	/System/Library/PrivateFrameworks/UserActivity.framework/Versions/A/UserActivity
0x00000001c391e000 	/usr/lib/libspindump.dylib
0x00000001bb99b000 	/System/Library/Frameworks/UniformTypeIdentifiers.framework/Versions/A/UniformTypeIdentifiers
0x00000001bf197000 	/usr/lib/libapp_launch_measurement.dylib
0x00000001be70f000 	/System/Library/PrivateFrameworks/CoreAnalytics.framework/Versions/A/CoreAnalytics
0x00000001bf19a000 	/System/Library/PrivateFrameworks/CoreAutoLayout.framework/Versions/A/CoreAutoLayout
0x00000001c050d000 	/System/Library/Frameworks/Metal.framework/Versions/A/Metal
0x00000001c125c000 	/usr/lib/liblangid.dylib
0x00000001c0c0e000 	/System/Library/PrivateFrameworks/CoreSVG.framework/Versions/A/CoreSVG
0x00000001bce62000 	/System/Library/PrivateFrameworks/SkyLight.framework/Versions/A/SkyLight
0x00000001bd22c000 	/System/Library/Frameworks/CoreGraphics.framework/Versions/A/CoreGraphics
0x00000001c8c6c000 	/System/Library/Frameworks/Accelerate.framework/Versions/A/Accelerate
0x00000001c3392000 	/System/Library/PrivateFrameworks/IconServices.framework/Versions/A/IconServices
0x00000001c04ef000 	/System/Library/Frameworks/IOSurface.framework/Versions/A/IOSurface
0x00000001be73f000 	/usr/lib/libDiagnosticMessagesClient.dylib
0x00000001cc0b3000 	/System/Library/Frameworks/ApplicationServices.framework/Versions/A/ApplicationServices
0x00000001c0bf2000 	/System/Library/PrivateFrameworks/DFRFoundation.framework/Versions/A/DFRFoundation
0x00000001ba118000 	/usr/lib/libicucore.A.dylib
0x00000001c51f1000 	/System/Library/Frameworks/AudioToolbox.framework/Versions/A/AudioToolbox
0x00000001c43fc000 	/System/Library/PrivateFrameworks/DataDetectorsCore.framework/Versions/A/DataDetectorsCore
0x00000001da52e000 	/System/Library/PrivateFrameworks/TextInput.framework/Versions/A/TextInput
0x00000001bcdd9000 	/usr/lib/libMobileGestalt.dylib
0x00000001c08c2000 	/System/Library/Frameworks/Carbon.framework/Versions/A/Frameworks/HIToolbox.framework/Versions/A/HIToolbox
0x00000001beba0000 	/System/Library/Frameworks/QuartzCore.framework/Versions/A/QuartzCore
0x00000001b9d95000 	/System/Library/Frameworks/Security.framework/Versions/A/Security
0x00000001c862f000 	/System/Library/Frameworks/Carbon.framework/Versions/A/Frameworks/SpeechRecognition.framework/Versions/A/SpeechRecognition
0x00000001beeee000 	/System/Library/PrivateFrameworks/CoreUI.framework/Versions/A/CoreUI
0x00000001b9666000 	/System/Library/Frameworks/CoreAudio.framework/Versions/A/CoreAudio
0x00000001be833000 	/System/Library/Frameworks/DiskArbitration.framework/Versions/A/DiskArbitration
0x00000001c3d03000 	/System/Library/PrivateFrameworks/MultitouchSupport.framework/Versions/A/MultitouchSupport
0x00000001bcdd7000 	/usr/lib/libenergytrace.dylib
0x00000001ba741000 	/System/Library/Frameworks/IOKit.framework/Versions/A/IOKit
0x00000001c8a18000 	/System/Library/Frameworks/CoreServices.framework/Versions/A/CoreServices
0x00000001bf127000 	/System/Library/PrivateFrameworks/PerformanceAnalysis.framework/Versions/A/PerformanceAnalysis
0x00000002190a1000 	/System/Library/Frameworks/OpenGL.framework/Versions/A/OpenGL
0x00000001c1cad000 	/System/Library/PrivateFrameworks/MobileKeyBag.framework/Versions/A/MobileKeyBag
0x00000001bd83c000 	/System/Library/Frameworks/ColorSync.framework/Versions/A/ColorSync
0x00000001b7ce0000 	/System/Library/Frameworks/CoreFoundation.framework/Versions/A/CoreFoundation
0x00000001c0e8f000 	/System/Library/Frameworks/CoreImage.framework/Versions/A/CoreImage
0x00000001b9489000 	/System/Library/Frameworks/CoreText.framework/Versions/A/CoreText
0x00000001c0c3e000 	/System/Library/Frameworks/ImageIO.framework/Versions/A/ImageIO
0x00000001c26f5000 	/System/Library/PrivateFrameworks/SoftLinking.framework/Versions/A/SoftLinking
0x00000001bf1e4000 	/usr/lib/libxml2.2.dylib
0x00000001c298e000 	/usr/lib/libcompression.dylib
0x00000001c4349000 	/System/Library/PrivateFrameworks/TextureIO.framework/Versions/A/TextureIO
0x00000001c30ac000 	/usr/lib/libate.dylib
0x00000001c2f74000 	/usr/lib/liblzma.5.dylib
0x00000001b88c8000 	/System/Library/Frameworks/SystemConfiguration.framework/Versions/A/SystemConfiguration
0x00000001c26f1000 	/usr/lib/libfakelink.dylib
0x00000001bc906000 	/System/Library/Frameworks/CFNetwork.framework/Versions/A/CFNetwork
0x00000001c2838000 	/usr/lib/libarchive.2.dylib
0x00000001c1258000 	/System/Library/PrivateFrameworks/AppleSystemInfo.framework/Versions/A/AppleSystemInfo
0x00000001c1db8000 	/usr/lib/libbsm.0.dylib
0x00000001bbe3e000 	/usr/lib/libnetwork.dylib
0x00000001c268f000 	/usr/lib/system/libkxld.dylib
0x00000001c19cf000 	/System/Library/PrivateFrameworks/IOMobileFramebuffer.framework/Versions/A/IOMobileFramebuffer
0x0000000234e06000 	/usr/lib/libCoreEntitlements.dylib
0x00000001c23d2000 	/System/Library/PrivateFrameworks/AppleFSCompression.framework/Versions/A/AppleFSCompression
0x00000001c1da0000 	/usr/lib/libcoretls.dylib
0x00000001c2f8d000 	/usr/lib/libcoretls_cfhelpers.dylib
0x00000001c2989000 	/usr/lib/libpam.2.dylib
0x00000001be190000 	/usr/lib/libsqlite3.dylib
0x00000001c2ff5000 	/usr/lib/libxar.1.dylib
0x00000001c23e3000 	/usr/lib/libbz2.1.0.dylib
0x00000001c26f6000 	/usr/lib/libpcap.A.dylib
0x00000001be55f000 	/usr/lib/libdns_services.dylib
0x00000001c295c000 	/usr/lib/libapple_nghttp2.dylib
0x00000001c2733000 	/usr/lib/libiconv.2.dylib
0x00000001c2688000 	/usr/lib/libcharset.1.dylib
0x00000001bf163000 	/System/Library/Frameworks/CoreServices.framework/Versions/A/Frameworks/FSEvents.framework/Versions/A/FSEvents
0x00000001ba3ce000 	/System/Library/Frameworks/CoreServices.framework/Versions/A/Frameworks/CarbonCore.framework/Versions/A/CarbonCore
0x00000001be796000 	/System/Library/Frameworks/CoreServices.framework/Versions/A/Frameworks/Metadata.framework/Versions/A/Metadata
0x00000001c23f6000 	/System/Library/Frameworks/CoreServices.framework/Versions/A/Frameworks/OSServices.framework/Versions/A/OSServices
0x00000001c28be000 	/System/Library/Frameworks/CoreServices.framework/Versions/A/Frameworks/SearchKit.framework/Versions/A/SearchKit
0x00000001be4ed000 	/System/Library/Frameworks/CoreServices.framework/Versions/A/Frameworks/AE.framework/Versions/A/AE
0x00000001b8224000 	/System/Library/Frameworks/CoreServices.framework/Versions/A/Frameworks/LaunchServices.framework/Versions/A/LaunchServices
0x00000001c2f1d000 	/System/Library/Frameworks/CoreServices.framework/Versions/A/Frameworks/DictionaryServices.framework/Versions/A/DictionaryServices
0x00000001bf170000 	/System/Library/Frameworks/CoreServices.framework/Versions/A/Frameworks/SharedFileList.framework/Versions/A/SharedFileList
0x00000001c1d90000 	/usr/lib/libCheckFix.dylib
0x00000001bce46000 	/System/Library/PrivateFrameworks/TCC.framework/Versions/A/TCC
0x00000001c125e000 	/System/Library/PrivateFrameworks/CoreNLP.framework/Versions/A/CoreNLP
0x00000001be742000 	/System/Library/PrivateFrameworks/MetadataUtilities.framework/Versions/A/MetadataUtilities
0x00000001b8981000 	/usr/lib/libmecabra.dylib
0x00000001c1dc9000 	/usr/lib/libmecab.dylib
0x00000001b894d000 	/usr/lib/libCRFSuite.dylib
0x00000001c1e27000 	/usr/lib/libgermantok.dylib
0x00000001c2935000 	/usr/lib/libThaiTokenizer.dylib
0x00000001be83b000 	/System/Library/Frameworks/Accelerate.framework/Versions/A/Frameworks/vImage.framework/Versions/A/vImage
0x00000001c89ef000 	/System/Library/Frameworks/Accelerate.framework/Versions/A/Frameworks/vecLib.framework/Versions/A/vecLib
0x00000001c3039000 	/System/Library/Frameworks/Accelerate.framework/Versions/A/Frameworks/vecLib.framework/Versions/A/libvMisc.dylib
0x00000001c18d9000 	/System/Library/Frameworks/Accelerate.framework/Versions/A/Frameworks/vecLib.framework/Versions/A/libvDSP.dylib
0x00000001b85a7000 	/System/Library/Frameworks/Accelerate.framework/Versions/A/Frameworks/vecLib.framework/Versions/A/libBLAS.dylib
0x00000001c2a5d000 	/System/Library/Frameworks/Accelerate.framework/Versions/A/Frameworks/vecLib.framework/Versions/A/libLAPACK.dylib
0x00000001c1e2a000 	/System/Library/Frameworks/Accelerate.framework/Versions/A/Frameworks/vecLib.framework/Versions/A/libLinearAlgebra.dylib
0x00000001c2974000 	/System/Library/Frameworks/Accelerate.framework/Versions/A/Frameworks/vecLib.framework/Versions/A/libSparseBLAS.dylib
0x00000001c2a58000 	/System/Library/Frameworks/Accelerate.framework/Versions/A/Frameworks/vecLib.framework/Versions/A/libQuadrature.dylib
0x00000001c1355000 	/System/Library/Frameworks/Accelerate.framework/Versions/A/Frameworks/vecLib.framework/Versions/A/libBNNS.dylib
0x00000001b8865000 	/System/Library/Frameworks/Accelerate.framework/Versions/A/Frameworks/vecLib.framework/Versions/A/libSparse.dylib
0x00000001c134d000 	/System/Library/PrivateFrameworks/LinguisticData.framework/Versions/A/LinguisticData
0x00000001b881b000 	/System/Library/PrivateFrameworks/Lexicon.framework/Versions/A/Lexicon
0x00000001c3031000 	/usr/lib/libChineseTokenizer.dylib
0x00000001b8fc2000 	/System/Library/PrivateFrameworks/LanguageModeling.framework/Versions/A/LanguageModeling
0x00000001c2937000 	/System/Library/PrivateFrameworks/AppleSauce.framework/Versions/A/AppleSauce
0x00000001c19bc000 	/System/Library/PrivateFrameworks/CoreEmoji.framework/Versions/A/CoreEmoji
0x00000001c2826000 	/usr/lib/libcmph.dylib
0x00000001bf143000 	/System/Library/Frameworks/OpenDirectory.framework/Versions/A/Frameworks/CFOpenDirectory.framework/Versions/A/CFOpenDirectory
0x00000001bf133000 	/System/Library/Frameworks/OpenDirectory.framework/Versions/A/OpenDirectory
0x00000001c2f8f000 	/System/Library/PrivateFrameworks/APFS.framework/Versions/A/APFS
0x00000001c1ce8000 	/System/Library/Frameworks/SecurityFoundation.framework/Versions/A/SecurityFoundation
0x00000001c3003000 	/usr/lib/libutil.dylib
0x00000001ba703000 	/System/Library/PrivateFrameworks/CoreServicesStore.framework/Versions/A/CoreServicesStore
0x00000001c3007000 	/usr/lib/libxslt.1.dylib
0x00000001c1d7c000 	/System/Library/PrivateFrameworks/BackgroundTaskManagement.framework/Versions/A/BackgroundTaskManagement
0x00000001c426a000 	/System/Library/Frameworks/ImageIO.framework/Versions/A/Resources/libRadiance.dylib
0x00000001c4273000 	/System/Library/Frameworks/ImageIO.framework/Versions/A/Resources/libJPEG.dylib
0x00000001c41c5000 	/System/Library/Frameworks/ImageIO.framework/Versions/A/Resources/libPng.dylib
0x00000001c41e7000 	/System/Library/Frameworks/ImageIO.framework/Versions/A/Resources/libTIFF.dylib
0x00000001c42ce000 	/System/Library/Frameworks/ImageIO.framework/Versions/A/Resources/libGIF.dylib
0x00000001c3c13000 	/System/Library/Frameworks/ImageIO.framework/Versions/A/Resources/libJP2.dylib
0x00000001c3358000 	/usr/lib/libexpat.1.dylib
0x00000001c3bce000 	/System/Library/PrivateFrameworks/AppleJPEG.framework/Versions/A/AppleJPEG
0x00000001c0781000 	/System/Library/PrivateFrameworks/FontServices.framework/libFontParser.dylib
0x00000001be492000 	/System/Library/PrivateFrameworks/RunningBoardServices.framework/Versions/A/RunningBoardServices
0x00000001ce963000 	/System/Library/PrivateFrameworks/IOSurfaceAccelerator.framework/Versions/A/IOSurfaceAccelerator
0x00000001c3cff000 	/System/Library/PrivateFrameworks/WatchdogClient.framework/Versions/A/WatchdogClient
0x00000001b90c6000 	/System/Library/Frameworks/CoreDisplay.framework/Versions/A/CoreDisplay
0x00000001c066f000 	/System/Library/Frameworks/CoreMedia.framework/Versions/A/CoreMedia
0x00000001c0503000 	/System/Library/PrivateFrameworks/IOAccelerator.framework/Versions/A/IOAccelerator
0x00000001bf2d1000 	/System/Library/Frameworks/CoreVideo.framework/Versions/A/CoreVideo
0x00000001c2987000 	/System/Library/Frameworks/MetalPerformanceShaders.framework/Versions/A/MetalPerformanceShaders
0x00000001c3d3c000 	/System/Library/Frameworks/VideoToolbox.framework/Versions/A/VideoToolbox
0x00000001be3d6000 	/System/Library/PrivateFrameworks/BaseBoard.framework/Versions/A/BaseBoard
0x00000001be175000 	/System/Library/PrivateFrameworks/ProtocolBuffer.framework/Versions/A/ProtocolBuffer
0x00000001c4265000 	/System/Library/PrivateFrameworks/GPUWrangler.framework/Versions/A/GPUWrangler
0x00000001c4244000 	/System/Library/PrivateFrameworks/IOPresentment.framework/Versions/A/IOPresentment
0x00000001c426d000 	/System/Library/PrivateFrameworks/DSExternalDisplay.framework/Versions/A/DSExternalDisplay
0x0000000219094000 	/System/Library/Frameworks/OpenGL.framework/Versions/A/Libraries/libCoreFSCache.dylib
0x0000000222855000 	/System/Library/PrivateFrameworks/GPUCompiler.framework/Versions/31001/Libraries/libGPUCompilerUtils.dylib
0x00000001c42d3000 	/System/Library/PrivateFrameworks/CMCaptureCore.framework/Versions/A/CMCaptureCore
0x00000001c390c000 	/System/Library/PrivateFrameworks/AppServerSupport.framework/Versions/A/AppServerSupport
0x00000001c5aac000 	/System/Library/PrivateFrameworks/perfdata.framework/Versions/A/perfdata
0x00000001b91e6000 	/System/Library/PrivateFrameworks/AudioToolboxCore.framework/Versions/A/AudioToolboxCore
0x00000001c0647000 	/System/Library/PrivateFrameworks/caulk.framework/Versions/A/caulk
0x00000001c53a1000 	/usr/lib/libAudioStatistics.dylib
0x00000001d6ca7000 	/System/Library/PrivateFrameworks/SystemPolicy.framework/Versions/A/SystemPolicy
0x00000001c5601000 	/usr/lib/libSMC.dylib
0x00000001ce1d2000 	/System/Library/Frameworks/CoreMIDI.framework/Versions/A/CoreMIDI
0x00000001c4193000 	/usr/lib/libAudioToolboxUtility.dylib
0x00000001d30e0000 	/System/Library/PrivateFrameworks/OSAServicesClient.framework/Versions/A/OSAServicesClient
0x00000001c5ab9000 	/usr/lib/libperfcheck.dylib
0x00000001d77aa000 	/usr/lib/libmis.dylib
0x00000002190f5000 	/System/Library/Frameworks/OpenGL.framework/Versions/A/Libraries/libGLU.dylib
0x00000002190b4000 	/System/Library/Frameworks/OpenGL.framework/Versions/A/Libraries/libGFXShared.dylib
0x000000021929e000 	/System/Library/Frameworks/OpenGL.framework/Versions/A/Libraries/libGL.dylib
0x00000002190bd000 	/System/Library/Frameworks/OpenGL.framework/Versions/A/Libraries/libGLImage.dylib
0x00000002190b1000 	/System/Library/Frameworks/OpenGL.framework/Versions/A/Libraries/libCVMSPluginSupport.dylib
0x000000021909b000 	/System/Library/Frameworks/OpenGL.framework/Versions/A/Libraries/libCoreVMClient.dylib
0x00000001c11d9000 	/System/Library/Frameworks/MetalPerformanceShaders.framework/Versions/A/Frameworks/MPSCore.framework/Versions/A/MPSCore
0x00000001c2345000 	/System/Library/Frameworks/MetalPerformanceShaders.framework/Versions/A/Frameworks/MPSImage.framework/Versions/A/MPSImage
0x00000001c1e3f000 	/System/Library/Frameworks/MetalPerformanceShaders.framework/Versions/A/Frameworks/MPSNeuralNetwork.framework/Versions/A/MPSNeuralNetwork
0x00000001c227c000 	/System/Library/Frameworks/MetalPerformanceShaders.framework/Versions/A/Frameworks/MPSMatrix.framework/Versions/A/MPSMatrix
0x00000001c2057000 	/System/Library/Frameworks/MetalPerformanceShaders.framework/Versions/A/Frameworks/MPSRayIntersector.framework/Versions/A/MPSRayIntersector
0x00000001c22ad000 	/System/Library/Frameworks/MetalPerformanceShaders.framework/Versions/A/Frameworks/MPSNDArray.framework/Versions/A/MPSNDArray
0x000000021adcb000 	/System/Library/Frameworks/MetalPerformanceShaders.framework/Versions/A/Frameworks/MPSFunctions.framework/Versions/A/MPSFunctions
0x00000001b8485000 	/System/Library/PrivateFrameworks/MetalTools.framework/Versions/A/MetalTools
0x00000001c1256000 	/System/Library/PrivateFrameworks/AggregateDictionary.framework/Versions/A/AggregateDictionary
0x00000001c313e000 	/usr/lib/libIOReport.dylib
0x00000001cd1b9000 	/System/Library/PrivateFrameworks/ASEProcessing.framework/Versions/A/ASEProcessing
0x00000001c34b1000 	/System/Library/PrivateFrameworks/FaceCore.framework/Versions/A/FaceCore
0x00000001c34a3000 	/System/Library/PrivateFrameworks/GraphVisualizer.framework/Versions/A/GraphVisualizer
0x000000022276c000 	/System/Library/PrivateFrameworks/FontServices.framework/Versions/A/FontServices
0x00000001c38c6000 	/System/Library/PrivateFrameworks/OTSVG.framework/Versions/A/OTSVG
0x00000001bee9f000 	/System/Library/Frameworks/ApplicationServices.framework/Versions/A/Frameworks/ATS.framework/Versions/A/Resources/libFontRegistry.dylib
0x00000001c3915000 	/System/Library/PrivateFrameworks/FontServices.framework/libhvf.dylib
0x000000022276d000 	/System/Library/PrivateFrameworks/FontServices.framework/libXTFontStaticRegistryData.dylib
0x0000000219440000 	/System/Library/Frameworks/OpenCL.framework/Versions/A/OpenCL
0x00000001c330c000 	/System/Library/PrivateFrameworks/AppleVA.framework/Versions/A/AppleVA
0x00000001c53c9000 	/System/Library/Frameworks/ApplicationServices.framework/Versions/A/Frameworks/ATS.framework/Versions/A/ATS
0x00000001bd939000 	/System/Library/Frameworks/ApplicationServices.framework/Versions/A/Frameworks/HIServices.framework/Versions/A/HIServices
0x00000001c42dd000 	/System/Library/Frameworks/ApplicationServices.framework/Versions/A/Frameworks/PrintCore.framework/Versions/A/PrintCore
0x00000001c5754000 	/System/Library/Frameworks/ApplicationServices.framework/Versions/A/Frameworks/QD.framework/Versions/A/QD
0x00000001c574c000 	/System/Library/Frameworks/ApplicationServices.framework/Versions/A/Frameworks/ColorSyncLegacy.framework/Versions/A/ColorSyncLegacy
0x00000001c53b5000 	/System/Library/Frameworks/ApplicationServices.framework/Versions/A/Frameworks/SpeechSynthesis.framework/Versions/A/SpeechSynthesis
0x00000001c429e000 	/System/Library/Frameworks/ApplicationServices.framework/Versions/A/Frameworks/ATSUI.framework/Versions/A/ATSUI
0x00000001c56e1000 	/usr/lib/libcups.2.dylib
0x00000001c5ac7000 	/System/Library/Frameworks/Kerberos.framework/Versions/A/Kerberos
0x00000001c5ad8000 	/System/Library/Frameworks/GSS.framework/Versions/A/GSS
0x00000001c5438000 	/usr/lib/libresolv.9.dylib
0x00000001c3923000 	/System/Library/PrivateFrameworks/Heimdal.framework/Versions/A/Heimdal
0x00000001cc429000 	/System/Library/Frameworks/Kerberos.framework/Versions/A/Libraries/libHeimdalProxy.dylib
0x00000001be571000 	/System/Library/Frameworks/Network.framework/Versions/A/Network
0x00000001c3373000 	/usr/lib/libheimdal-asn1.dylib
0x00000001c5b1e000 	/System/Library/PrivateFrameworks/CommonAuth.framework/Versions/A/CommonAuth
0x00000001c532f000 	/System/Library/PrivateFrameworks/AudioSession.framework/Versions/A/AudioSession
0x00000001c3404000 	/System/Library/PrivateFrameworks/MediaExperience.framework/Versions/A/MediaExperience
0x00000001c51b7000 	/System/Library/PrivateFrameworks/AudioSession.framework/libSessionUtility.dylib
0x00000001c5760000 	/System/Library/PrivateFrameworks/AudioResourceArbitration.framework/Versions/A/AudioResourceArbitration
0x00000001c986b000 	/System/Library/PrivateFrameworks/PowerLog.framework/Versions/A/PowerLog
0x00000001c337c000 	/System/Library/PrivateFrameworks/IconFoundation.framework/Versions/A/IconFoundation
0x00000001c861b000 	/System/Library/PrivateFrameworks/SpeechRecognitionCore.framework/Versions/A/SpeechRecognitionCore
0x00000001fc0c3000 	/System/Library/CoreServices/Encodings/libSimplifiedChineseConverter.dylib
0x000000010566c000 	/Users/shonn/Library/Java/JavaVirtualMachines/openjdk-17.0.2/Contents/Home/lib/server/libjvm.dylib
0x0000000104568000 	/Users/shonn/Library/Java/JavaVirtualMachines/openjdk-17.0.2/Contents/Home/lib/libjimage.dylib
0x0000000104594000 	/Users/shonn/Library/Java/JavaVirtualMachines/openjdk-17.0.2/Contents/Home/lib/libinstrument.dylib
0x00000001045e0000 	/Users/shonn/Library/Java/JavaVirtualMachines/openjdk-17.0.2/Contents/Home/lib/libjava.dylib
0x0000000104654000 	/Users/shonn/Library/Java/JavaVirtualMachines/openjdk-17.0.2/Contents/Home/lib/libnio.dylib
0x0000000104674000 	/Users/shonn/Library/Java/JavaVirtualMachines/openjdk-17.0.2/Contents/Home/lib/libnet.dylib
0x00000001045c8000 	/Users/shonn/Library/Java/JavaVirtualMachines/openjdk-17.0.2/Contents/Home/lib/libzip.dylib
0x00000001055a0000 	/Users/shonn/.openjfx/cache/17.0.1/libprism_es2.dylib
0x00000001ba6c6000 	/System/Library/PrivateFrameworks/CoreServicesInternal.framework/Versions/A/CoreServicesInternal
0x00000002192a8000 	/System/Library/Frameworks/OpenGL.framework/Versions/A/Resources/GLEngine.bundle/GLEngine
0x000000021912f000 	/System/Library/Frameworks/OpenGL.framework/Versions/A/Libraries/libGLProgrammability.dylib
0x0000000122d5c000 	/System/Library/Extensions/AppleMetalOpenGLRenderer.bundle/Contents/MacOS/AppleMetalOpenGLRenderer
0x0000000219417000 	/System/Library/Frameworks/OpenGL.framework/Versions/A/Resources/GLRendererFloat.bundle/GLRendererFloat
0x00000002194b8000 	/System/Library/Extensions/AGXMetal13_3.bundle/Contents/MacOS/AGXMetal13_3
0x00000001d77c6000 	/System/Library/PrivateFrameworks/GPURawCounter.framework/Versions/A/GPURawCounter
0x00000001d2267000 	/System/Library/PrivateFrameworks/IOGPU.framework/Versions/A/IOGPU
0x0000000125664000 	/Users/shonn/.openjfx/cache/17.0.1/libglass.dylib
0x00000001c9abf000 	/System/Library/Frameworks/FileProvider.framework/Versions/A/FileProvider
0x00000001be33e000 	/System/Library/Frameworks/Accounts.framework/Versions/A/Accounts
0x00000001c9c3f000 	/System/Library/PrivateFrameworks/GenerationalStorage.framework/Versions/A/GenerationalStorage
0x00000001ca7f5000 	/System/Library/PrivateFrameworks/CoreSymbolication.framework/Versions/A/CoreSymbolication
0x00000001c985f000 	/System/Library/PrivateFrameworks/SymptomDiagnosticReporter.framework/Versions/A/SymptomDiagnosticReporter
0x00000001bb9af000 	/System/Library/PrivateFrameworks/DesktopServicesPriv.framework/Versions/A/DesktopServicesPriv
0x00000001ba826000 	/usr/lib/libsandbox.1.dylib
0x00000001bf35e000 	/System/Library/PrivateFrameworks/UserManagement.framework/Versions/A/UserManagement
0x00000001ca7b6000 	/System/Library/PrivateFrameworks/DebugSymbols.framework/Versions/A/DebugSymbols
0x00000001c573f000 	/System/Library/PrivateFrameworks/NetAuth.framework/Versions/A/NetAuth
0x00000001c6644000 	/System/Library/PrivateFrameworks/Sharing.framework/Versions/A/Sharing
0x00000001bf32e000 	/System/Library/PrivateFrameworks/login.framework/Versions/A/Frameworks/loginsupport.framework/Versions/A/loginsupport
0x00000001cb96d000 	/System/Library/PrivateFrameworks/Apple80211.framework/Versions/A/Apple80211
0x00000001c2429000 	/System/Library/PrivateFrameworks/AuthKit.framework/Versions/A/AuthKit
0x00000001c1abb000 	/System/Library/PrivateFrameworks/CoreUtils.framework/Versions/A/CoreUtils
0x00000001c19db000 	/System/Library/Frameworks/CoreWLAN.framework/Versions/A/CoreWLAN
0x00000001c67ae000 	/System/Library/Frameworks/IOBluetooth.framework/Versions/A/IOBluetooth
0x00000001cb9cd000 	/System/Library/PrivateFrameworks/CoreWiFi.framework/Versions/A/CoreWiFi
0x00000001ca39d000 	/System/Library/PrivateFrameworks/FrontBoardServices.framework/Versions/A/FrontBoardServices
0x00000001ca435000 	/System/Library/PrivateFrameworks/BoardServices.framework/Versions/A/BoardServices
0x00000001c1cd6000 	/System/Library/PrivateFrameworks/AssertionServices.framework/Versions/A/AssertionServices
0x00000001cbb3b000 	/System/Library/PrivateFrameworks/BackBoardServices.framework/Versions/A/BackBoardServices
0x00000001c5bb1000 	/System/Library/PrivateFrameworks/CorePhoneNumbers.framework/Versions/A/CorePhoneNumbers
0x00000001c998f000 	/System/Library/PrivateFrameworks/DiskManagement.framework/Versions/A/DiskManagement
0x00000001c9892000 	/System/Library/PrivateFrameworks/AppleIDAuthSupport.framework/Versions/A/AppleIDAuthSupport
0x000000021d094000 	/System/Library/PrivateFrameworks/AAAFoundation.framework/Versions/A/AAAFoundation
0x00000001c5b90000 	/System/Library/PrivateFrameworks/KeychainCircle.framework/Versions/A/KeychainCircle
0x00000001c995b000 	/System/Library/PrivateFrameworks/MediaKit.framework/Versions/A/MediaKit
0x00000001c989f000 	/System/Library/Frameworks/DiscRecording.framework/Versions/A/DiscRecording
0x00000001c3288000 	/usr/lib/libCoreStorage.dylib
0x00000001cbe37000 	/usr/lib/libcsfde.dylib
0x00000001c6883000 	/System/Library/PrivateFrameworks/ProtectedCloudStorage.framework/Versions/A/ProtectedCloudStorage
0x00000001cbe2f000 	/System/Library/PrivateFrameworks/EFILogin.framework/Versions/A/EFILogin
0x00000001c9c66000 	/System/Library/PrivateFrameworks/OctagonTrust.framework/Versions/A/OctagonTrust
0x00000002219b8000 	/System/Library/PrivateFrameworks/CoreUtilsExtras.framework/Versions/A/CoreUtilsExtras
0x00000001c97d5000 	/System/Library/Frameworks/CoreBluetooth.framework/Versions/A/CoreBluetooth
0x00000001cc4ae000 	/System/Library/Frameworks/AudioUnit.framework/Versions/A/AudioUnit
0x00000001c3280000 	/usr/lib/libMatch.1.dylib
0x00000001dbaa9000 	/System/Library/Frameworks/Accelerate.framework/Versions/A/Frameworks/vImage.framework/Versions/A/Libraries/libCGInterfaces.dylib
0x0000000127fdc000 	/usr/lib/libobjc-trampolines.dylib
0x0000000234f80000 	/usr/lib/libRosetta.dylib
0x00000001bf02b000 	/System/Library/PrivateFrameworks/ViewBridge.framework/Versions/A/ViewBridge


VM Arguments:
jvm_args: -javaagent:/Applications/IntelliJ IDEA CE.app/Contents/lib/idea_rt.jar=58851:/Applications/IntelliJ IDEA CE.app/Contents/bin -Dfile.encoding=UTF-8 --module-path=/Users/shonn/.m2/repository/org/openjfx/javafx-graphics/17.0.1/javafx-graphics-17.0.1-mac-aarch64.jar:/Users/shonn/SynologyDrive/Project/Clinic/target/classes:/Users/shonn/.m2/repository/org/openjfx/javafx-controls/17.0.1/javafx-controls-17.0.1-mac-aarch64.jar:/Users/shonn/.m2/repository/org/openjfx/javafx-base/17.0.1/javafx-base-17.0.1-mac-aarch64.jar:/Users/shonn/.m2/repository/org/openjfx/javafx-fxml/17.0.1/javafx-fxml-17.0.1-mac-aarch64.jar -Djdk.module.main=com.java.clinic 
java_command: com.java.clinic/com.java.clinic.ClinicApplication
java_class_path (initial): /Users/shonn/.m2/repository/org/openjfx/javafx-controls/17.0.1/javafx-controls-17.0.1.jar:/Users/shonn/.m2/repository/org/openjfx/javafx-graphics/17.0.1/javafx-graphics-17.0.1.jar:/Users/shonn/.m2/repository/org/openjfx/javafx-base/17.0.1/javafx-base-17.0.1.jar:/Users/shonn/.m2/repository/org/openjfx/javafx-fxml/17.0.1/javafx-fxml-17.0.1.jar
Launcher Type: SUN_STANDARD

[Global flags]
     intx CICompilerCount                          = 4                                         {product} {ergonomic}
     uint ConcGCThreads                            = 2                                         {product} {ergonomic}
     uint G1ConcRefinementThreads                  = 8                                         {product} {ergonomic}
   size_t G1HeapRegionSize                         = 1048576                                   {product} {ergonomic}
    uintx GCDrainStackTargetSize                   = 64                                        {product} {ergonomic}
   size_t InitialHeapSize                          = 134217728                                 {product} {ergonomic}
   size_t MarkStackSize                            = 4194304                                   {product} {ergonomic}
   size_t MaxHeapSize                              = 2147483648                                {product} {ergonomic}
   size_t MaxNewSize                               = 1287651328                                {product} {ergonomic}
   size_t MinHeapDeltaBytes                        = 1048576                                   {product} {ergonomic}
   size_t MinHeapSize                              = 8388608                                   {product} {ergonomic}
    uintx NonNMethodCodeHeapSize                   = 5839564                                {pd product} {ergonomic}
    uintx NonProfiledCodeHeapSize                  = 122909338                              {pd product} {ergonomic}
    uintx ProfiledCodeHeapSize                     = 122909338                              {pd product} {ergonomic}
    uintx ReservedCodeCacheSize                    = 251658240                              {pd product} {ergonomic}
     bool SegmentedCodeCache                       = true                                      {product} {ergonomic}
   size_t SoftMaxHeapSize                          = 2147483648                             {manageable} {ergonomic}
     bool UseCompressedClassPointers               = true                           {product lp64_product} {ergonomic}
     bool UseCompressedOops                        = true                           {product lp64_product} {ergonomic}
     bool UseG1GC                                  = true                                      {product} {ergonomic}
     bool UseNUMA                                  = false                                     {product} {ergonomic}
     bool UseNUMAInterleaving                      = false                                     {product} {ergonomic}

Logging:
Log output configuration:
 #0: stdout all=warning uptime,level,tags
 #1: stderr all=off uptime,level,tags

Environment Variables:
PATH=/opt/local/bin:/opt/local/sbin:/usr/local/bin:/usr/bin:/bin:/usr/sbin:/sbin:/opt/X11/bin
SHELL=/bin/zsh
DISPLAY=/private/tmp/com.apple.launchd.zs0kbQAHWo/org.xquartz:0
LC_CTYPE=en_US.UTF-8

Signal Handlers:
   SIGSEGV: _ZL13crash_handleriP9__siginfoPv in libjvm.dylib, mask=11100110000111110111111111111111, flags=SA_RESTART|SA_SIGINFO
    SIGBUS: _ZL13crash_handleriP9__siginfoPv in libjvm.dylib, mask=11100110000111110111111111111111, flags=SA_RESTART|SA_SIGINFO
    SIGFPE: _ZL13crash_handleriP9__siginfoPv in libjvm.dylib, mask=11100110000111110111111111111111, flags=SA_RESTART|SA_SIGINFO
   SIGPIPE: _ZL17javaSignalHandleriP9__siginfoPv in libjvm.dylib, mask=11100110000111110111111111111111, flags=SA_RESTART|SA_SIGINFO
   SIGXFSZ: _ZL17javaSignalHandleriP9__siginfoPv in libjvm.dylib, mask=11100110000111110111111111111111, flags=SA_RESTART|SA_SIGINFO
    SIGILL: _ZL13crash_handleriP9__siginfoPv in libjvm.dylib, mask=11100110000111110111111111111111, flags=SA_RESTART|SA_SIGINFO
   SIGUSR2: _ZL10SR_handleriP9__siginfoP17__darwin_ucontext in libjvm.dylib, mask=00100000000000000000000000000000, flags=SA_RESTART|SA_SIGINFO
    SIGHUP: _ZL11UserHandleriPvS_ in libjvm.dylib, mask=11100110000111110111111111111111, flags=SA_RESTART|SA_SIGINFO
    SIGINT: _ZL11UserHandleriPvS_ in libjvm.dylib, mask=11100110000111110111111111111111, flags=SA_RESTART|SA_SIGINFO
   SIGTERM: _ZL11UserHandleriPvS_ in libjvm.dylib, mask=11100110000111110111111111111111, flags=SA_RESTART|SA_SIGINFO
   SIGQUIT: _ZL11UserHandleriPvS_ in libjvm.dylib, mask=11100110000111110111111111111111, flags=SA_RESTART|SA_SIGINFO
   SIGTRAP: _ZL13crash_handleriP9__siginfoPv in libjvm.dylib, mask=11100110000111110111111111111111, flags=SA_RESTART|SA_SIGINFO


---------------  S Y S T E M  ---------------

OS:
uname: Darwin 21.2.0 Darwin Kernel Version 21.2.0: Sun Nov 28 20:29:10 PST 2021; root:xnu-8019.61.5~1/RELEASE_ARM64_T8101 arm64
OS uptime: 2 days 0:58 hours
rlimit (soft/hard): STACK 8176k/65520k , CORE 0k/infinity , NPROC 1333/2000 , NOFILE 10240/infinity , AS infinity/infinity , CPU infinity/infinity , DATA infinity/infinity , FSIZE infinity/infinity , MEMLOCK infinity/infinity , RSS infinity/infinity
load average: 3.28 2.98 2.85

CPU: total 8 (initial active 8) 0x61:0x0:0x1b588bb3:0, fp, simd, crc, lse

Memory: 16k page, physical 8388608k(123488k free), swap 4194304k(968704k free)

vm_info: OpenJDK 64-Bit Server VM (17.0.2+8-86) for bsd-aarch64 JRE (17.0.2+8-86), built on Dec  7 2021 21:45:06 by "mach5one" with clang Apple LLVM 12.0.0 (clang-1200.0.32.29)

END.
